<?xml version="1.0" encoding="UTF-8"?>
<testsuite xmlns:xsi="http://www.w3.org/2001/XMLSchema-instance" xsi:noNamespaceSchemaLocation="https://maven.apache.org/surefire/maven-failsafe-plugin/xsd/failsafe-test-report-3.0.xsd" version="3.0" name="starter.CucumberTestSuite" time="539.814" tests="137" errors="0" skipped="0" failures="0">
  <properties>
    <property name="java.specification.version" value="15"/>
    <property name="sun.cpu.isalist" value="amd64"/>
    <property name="sun.jnu.encoding" value="Cp1252"/>
    <property name="java.class.path" value="C:\Users\Simona\Desktop\RestaurantTesting\target\test-classes;C:\Users\Simona\.m2\repository\org\projectlombok\lombok\1.18.20\lombok-1.18.20.jar;C:\Users\Simona\.m2\repository\net\serenity-bdd\serenity-core\2.4.24\serenity-core-2.4.24.jar;C:\Users\Simona\.m2\repository\net\serenity-bdd\serenity-model\2.4.24\serenity-model-2.4.24.jar;C:\Users\Simona\.m2\repository\org\apache\commons\commons-text\1.9\commons-text-1.9.jar;C:\Users\Simona\.m2\repository\commons-net\commons-net\3.6\commons-net-3.6.jar;C:\Users\Simona\.m2\repository\com\google\guava\guava\30.1-jre\guava-30.1-jre.jar;C:\Users\Simona\.m2\repository\com\google\guava\failureaccess\1.0.1\failureaccess-1.0.1.jar;C:\Users\Simona\.m2\repository\com\google\guava\listenablefuture\9999.0-empty-to-avoid-conflict-with-guava\listenablefuture-9999.0-empty-to-avoid-conflict-with-guava.jar;C:\Users\Simona\.m2\repository\com\google\code\findbugs\jsr305\3.0.2\jsr305-3.0.2.jar;C:\Users\Simona\.m2\repository\org\checkerframework\checker-qual\3.5.0\checker-qual-3.5.0.jar;C:\Users\Simona\.m2\repository\com\google\errorprone\error_prone_annotations\2.3.4\error_prone_annotations-2.3.4.jar;C:\Users\Simona\.m2\repository\com\google\j2objc\j2objc-annotations\1.3\j2objc-annotations-1.3.jar;C:\Users\Simona\.m2\repository\org\slf4j\slf4j-api\1.7.30\slf4j-api-1.7.30.jar;C:\Users\Simona\.m2\repository\com\google\inject\guice\5.0.1\guice-5.0.1.jar;C:\Users\Simona\.m2\repository\javax\inject\javax.inject\1\javax.inject-1.jar;C:\Users\Simona\.m2\repository\aopalliance\aopalliance\1.0\aopalliance-1.0.jar;C:\Users\Simona\.m2\repository\org\jsoup\jsoup\1.13.1\jsoup-1.13.1.jar;C:\Users\Simona\.m2\repository\com\thoughtworks\xstream\xstream\1.4.16\xstream-1.4.16.jar;C:\Users\Simona\.m2\repository\io\github\x-stream\mxparser\1.2.1\mxparser-1.2.1.jar;C:\Users\Simona\.m2\repository\xmlpull\xmlpull\1.1.3.1\xmlpull-1.1.3.1.jar;C:\Users\Simona\.m2\repository\io\cucumber\cucumber-core\6.10.2\cucumber-core-6.10.2.jar;C:\Users\Simona\.m2\repository\io\cucumber\cucumber-gherkin\6.10.2\cucumber-gherkin-6.10.2.jar;C:\Users\Simona\.m2\repository\io\cucumber\cucumber-gherkin-messages\6.10.2\cucumber-gherkin-messages-6.10.2.jar;C:\Users\Simona\.m2\repository\io\cucumber\messages\14.0.1\messages-14.0.1.jar;C:\Users\Simona\.m2\repository\io\cucumber\tag-expressions\3.0.0\tag-expressions-3.0.0.jar;C:\Users\Simona\.m2\repository\io\cucumber\cucumber-expressions\10.3.0\cucumber-expressions-10.3.0.jar;C:\Users\Simona\.m2\repository\io\cucumber\cucumber-plugin\6.10.2\cucumber-plugin-6.10.2.jar;C:\Users\Simona\.m2\repository\io\cucumber\docstring\6.10.2\docstring-6.10.2.jar;C:\Users\Simona\.m2\repository\io\cucumber\html-formatter\12.0.0\html-formatter-12.0.0.jar;C:\Users\Simona\.m2\repository\io\cucumber\create-meta\3.0.0\create-meta-3.0.0.jar;C:\Users\Simona\.m2\repository\com\typesafe\config\1.3.1\config-1.3.1.jar;C:\Users\Simona\.m2\repository\org\imgscalr\imgscalr-lib\4.2\imgscalr-lib-4.2.jar;C:\Users\Simona\.m2\repository\org\awaitility\awaitility\4.0.3\awaitility-4.0.3.jar;C:\Users\Simona\.m2\repository\org\freemarker\freemarker\2.3.29\freemarker-2.3.29.jar;C:\Users\Simona\.m2\repository\net\sourceforge\jexcelapi\jxl\2.6.12\jxl-2.6.12.jar;C:\Users\Simona\.m2\repository\org\asciidoctor\asciidoctorj\1.5.6\asciidoctorj-1.5.6.jar;C:\Users\Simona\.m2\repository\org\jruby\jruby-complete\1.7.26\jruby-complete-1.7.26.jar;C:\Users\Simona\.m2\repository\net\bytebuddy\byte-buddy\1.10.10\byte-buddy-1.10.10.jar;C:\Users\Simona\.m2\repository\net\bytebuddy\byte-buddy-agent\1.10.10\byte-buddy-agent-1.10.10.jar;C:\Users\Simona\.m2\repository\org\objenesis\objenesis\3.1\objenesis-3.1.jar;C:\Users\Simona\.m2\repository\net\serenity-bdd\serenity-reports\2.4.24\serenity-reports-2.4.24.jar;C:\Users\Simona\.m2\repository\net\serenity-bdd\serenity-stats\2.4.24\serenity-stats-2.4.24.jar;C:\Users\Simona\.m2\repository\net\serenity-bdd\serenity-reports-configuration\2.4.24\serenity-reports-configuration-2.4.24.jar;C:\Users\Simona\.m2\repository\com\vladsch\flexmark\flexmark-all\0.34.30\flexmark-all-0.34.30.jar;C:\Users\Simona\.m2\repository\com\vladsch\flexmark\flexmark\0.34.30\flexmark-0.34.30.jar;C:\Users\Simona\.m2\repository\com\vladsch\flexmark\flexmark-ext-abbreviation\0.34.30\flexmark-ext-abbreviation-0.34.30.jar;C:\Users\Simona\.m2\repository\com\vladsch\flexmark\flexmark-ext-admonition\0.34.30\flexmark-ext-admonition-0.34.30.jar;C:\Users\Simona\.m2\repository\com\vladsch\flexmark\flexmark-ext-anchorlink\0.34.30\flexmark-ext-anchorlink-0.34.30.jar;C:\Users\Simona\.m2\repository\com\vladsch\flexmark\flexmark-ext-aside\0.34.30\flexmark-ext-aside-0.34.30.jar;C:\Users\Simona\.m2\repository\com\vladsch\flexmark\flexmark-ext-attributes\0.34.30\flexmark-ext-attributes-0.34.30.jar;C:\Users\Simona\.m2\repository\com\vladsch\flexmark\flexmark-ext-autolink\0.34.30\flexmark-ext-autolink-0.34.30.jar;C:\Users\Simona\.m2\repository\org\nibor\autolink\autolink\0.6.0\autolink-0.6.0.jar;C:\Users\Simona\.m2\repository\com\vladsch\flexmark\flexmark-ext-definition\0.34.30\flexmark-ext-definition-0.34.30.jar;C:\Users\Simona\.m2\repository\com\vladsch\flexmark\flexmark-ext-emoji\0.34.30\flexmark-ext-emoji-0.34.30.jar;C:\Users\Simona\.m2\repository\com\vladsch\flexmark\flexmark-ext-enumerated-reference\0.34.30\flexmark-ext-enumerated-reference-0.34.30.jar;C:\Users\Simona\.m2\repository\com\vladsch\flexmark\flexmark-ext-escaped-character\0.34.30\flexmark-ext-escaped-character-0.34.30.jar;C:\Users\Simona\.m2\repository\com\vladsch\flexmark\flexmark-ext-footnotes\0.34.30\flexmark-ext-footnotes-0.34.30.jar;C:\Users\Simona\.m2\repository\com\vladsch\flexmark\flexmark-ext-gfm-issues\0.34.30\flexmark-ext-gfm-issues-0.34.30.jar;C:\Users\Simona\.m2\repository\com\vladsch\flexmark\flexmark-ext-gfm-strikethrough\0.34.30\flexmark-ext-gfm-strikethrough-0.34.30.jar;C:\Users\Simona\.m2\repository\com\vladsch\flexmark\flexmark-ext-gfm-tables\0.34.30\flexmark-ext-gfm-tables-0.34.30.jar;C:\Users\Simona\.m2\repository\com\vladsch\flexmark\flexmark-ext-gfm-tasklist\0.34.30\flexmark-ext-gfm-tasklist-0.34.30.jar;C:\Users\Simona\.m2\repository\com\vladsch\flexmark\flexmark-ext-gfm-users\0.34.30\flexmark-ext-gfm-users-0.34.30.jar;C:\Users\Simona\.m2\repository\com\vladsch\flexmark\flexmark-ext-gitlab\0.34.30\flexmark-ext-gitlab-0.34.30.jar;C:\Users\Simona\.m2\repository\com\vladsch\flexmark\flexmark-ext-jekyll-front-matter\0.34.30\flexmark-ext-jekyll-front-matter-0.34.30.jar;C:\Users\Simona\.m2\repository\com\vladsch\flexmark\flexmark-ext-jekyll-tag\0.34.30\flexmark-ext-jekyll-tag-0.34.30.jar;C:\Users\Simona\.m2\repository\com\vladsch\flexmark\flexmark-ext-media-tags\0.34.30\flexmark-ext-media-tags-0.34.30.jar;C:\Users\Simona\.m2\repository\com\vladsch\flexmark\flexmark-test-util\0.34.30\flexmark-test-util-0.34.30.jar;C:\Users\Simona\.m2\repository\com\vladsch\flexmark\flexmark-ext-ins\0.34.30\flexmark-ext-ins-0.34.30.jar;C:\Users\Simona\.m2\repository\com\vladsch\flexmark\flexmark-ext-xwiki-macros\0.34.30\flexmark-ext-xwiki-macros-0.34.30.jar;C:\Users\Simona\.m2\repository\com\vladsch\flexmark\flexmark-ext-superscript\0.34.30\flexmark-ext-superscript-0.34.30.jar;C:\Users\Simona\.m2\repository\com\vladsch\flexmark\flexmark-ext-tables\0.34.30\flexmark-ext-tables-0.34.30.jar;C:\Users\Simona\.m2\repository\com\vladsch\flexmark\flexmark-ext-toc\0.34.30\flexmark-ext-toc-0.34.30.jar;C:\Users\Simona\.m2\repository\com\vladsch\flexmark\flexmark-ext-typographic\0.34.30\flexmark-ext-typographic-0.34.30.jar;C:\Users\Simona\.m2\repository\com\vladsch\flexmark\flexmark-ext-wikilink\0.34.30\flexmark-ext-wikilink-0.34.30.jar;C:\Users\Simona\.m2\repository\com\vladsch\flexmark\flexmark-ext-yaml-front-matter\0.34.30\flexmark-ext-yaml-front-matter-0.34.30.jar;C:\Users\Simona\.m2\repository\com\vladsch\flexmark\flexmark-ext-youtube-embedded\0.34.30\flexmark-ext-youtube-embedded-0.34.30.jar;C:\Users\Simona\.m2\repository\com\vladsch\flexmark\flexmark-formatter\0.34.30\flexmark-formatter-0.34.30.jar;C:\Users\Simona\.m2\repository\com\vladsch\flexmark\flexmark-html-parser\0.34.30\flexmark-html-parser-0.34.30.jar;C:\Users\Simona\.m2\repository\com\vladsch\flexmark\flexmark-jira-converter\0.34.30\flexmark-jira-converter-0.34.30.jar;C:\Users\Simona\.m2\repository\com\vladsch\flexmark\flexmark-pdf-converter\0.34.30\flexmark-pdf-converter-0.34.30.jar;C:\Users\Simona\.m2\repository\com\openhtmltopdf\openhtmltopdf-core\0.0.1-RC13\openhtmltopdf-core-0.0.1-RC13.jar;C:\Users\Simona\.m2\repository\com\openhtmltopdf\openhtmltopdf-pdfbox\0.0.1-RC13\openhtmltopdf-pdfbox-0.0.1-RC13.jar;C:\Users\Simona\.m2\repository\org\apache\pdfbox\pdfbox\2.0.8\pdfbox-2.0.8.jar;C:\Users\Simona\.m2\repository\org\apache\pdfbox\fontbox\2.0.8\fontbox-2.0.8.jar;C:\Users\Simona\.m2\repository\org\apache\pdfbox\xmpbox\2.0.8\xmpbox-2.0.8.jar;C:\Users\Simona\.m2\repository\de\rototor\pdfbox\graphics2d\0.12\graphics2d-0.12.jar;C:\Users\Simona\.m2\repository\com\openhtmltopdf\openhtmltopdf-rtl-support\0.0.1-RC13\openhtmltopdf-rtl-support-0.0.1-RC13.jar;C:\Users\Simona\.m2\repository\com\ibm\icu\icu4j\59.1\icu4j-59.1.jar;C:\Users\Simona\.m2\repository\com\openhtmltopdf\openhtmltopdf-jsoup-dom-converter\0.0.1-RC13\openhtmltopdf-jsoup-dom-converter-0.0.1-RC13.jar;C:\Users\Simona\.m2\repository\com\vladsch\flexmark\flexmark-profile-pegdown\0.34.30\flexmark-profile-pegdown-0.34.30.jar;C:\Users\Simona\.m2\repository\com\vladsch\flexmark\flexmark-util\0.34.30\flexmark-util-0.34.30.jar;C:\Users\Simona\.m2\repository\com\vladsch\flexmark\flexmark-youtrack-converter\0.34.30\flexmark-youtrack-converter-0.34.30.jar;C:\Users\Simona\.m2\repository\es\nitaur\markdown\txtmark\0.16\txtmark-0.16.jar;C:\Users\Simona\.m2\repository\net\serenity-bdd\serenity-report-resources\2.4.24\serenity-report-resources-2.4.24.jar;C:\Users\Simona\.m2\repository\com\google\code\gson\gson\2.8.6\gson-2.8.6.jar;C:\Users\Simona\.m2\repository\commons-codec\commons-codec\1.15\commons-codec-1.15.jar;C:\Users\Simona\.m2\repository\commons-io\commons-io\2.8.0\commons-io-2.8.0.jar;C:\Users\Simona\.m2\repository\org\seleniumhq\selenium\selenium-server\3.141.59\selenium-server-3.141.59.jar;C:\Users\Simona\.m2\repository\org\seleniumhq\selenium\selenium-opera-driver\3.141.59\selenium-opera-driver-3.141.59.jar;C:\Users\Simona\.m2\repository\org\seleniumhq\selenium\selenium-remote-driver\3.141.59\selenium-remote-driver-3.141.59.jar;C:\Users\Simona\.m2\repository\org\seleniumhq\selenium\selenium-safari-driver\3.141.59\selenium-safari-driver-3.141.59.jar;C:\Users\Simona\.m2\repository\com\beust\jcommander\1.72\jcommander-1.72.jar;C:\Users\Simona\.m2\repository\org\apache\commons\commons-exec\1.3\commons-exec-1.3.jar;C:\Users\Simona\.m2\repository\net\jcip\jcip-annotations\1.0\jcip-annotations-1.0.jar;C:\Users\Simona\.m2\repository\org\seleniumhq\selenium\jetty-repacked\9.4.12.v20180830\jetty-repacked-9.4.12.v20180830.jar;C:\Users\Simona\.m2\repository\com\squareup\okhttp3\okhttp\3.11.0\okhttp-3.11.0.jar;C:\Users\Simona\.m2\repository\com\squareup\okio\okio\1.14.0\okio-1.14.0.jar;C:\Users\Simona\.m2\repository\javax\servlet\javax.servlet-api\3.1.0\javax.servlet-api-3.1.0.jar;C:\Users\Simona\.m2\repository\org\yaml\snakeyaml\1.19\snakeyaml-1.19.jar;C:\Users\Simona\.m2\repository\org\seleniumhq\selenium\selenium-java\3.141.59\selenium-java-3.141.59.jar;C:\Users\Simona\.m2\repository\org\seleniumhq\selenium\selenium-api\3.141.59\selenium-api-3.141.59.jar;C:\Users\Simona\.m2\repository\org\seleniumhq\selenium\selenium-support\3.141.59\selenium-support-3.141.59.jar;C:\Users\Simona\.m2\repository\org\seleniumhq\selenium\selenium-chrome-driver\3.141.59\selenium-chrome-driver-3.141.59.jar;C:\Users\Simona\.m2\repository\org\seleniumhq\selenium\selenium-firefox-driver\3.141.59\selenium-firefox-driver-3.141.59.jar;C:\Users\Simona\.m2\repository\org\seleniumhq\selenium\selenium-edge-driver\3.141.59\selenium-edge-driver-3.141.59.jar;C:\Users\Simona\.m2\repository\org\seleniumhq\selenium\selenium-ie-driver\3.141.59\selenium-ie-driver-3.141.59.jar;C:\Users\Simona\.m2\repository\net\sourceforge\htmlunit\htmlunit\2.47.1\htmlunit-2.47.1.jar;C:\Users\Simona\.m2\repository\xalan\xalan\2.7.2\xalan-2.7.2.jar;C:\Users\Simona\.m2\repository\xalan\serializer\2.7.2\serializer-2.7.2.jar;C:\Users\Simona\.m2\repository\org\apache\httpcomponents\httpmime\4.5.13\httpmime-4.5.13.jar;C:\Users\Simona\.m2\repository\org\apache\httpcomponents\httpclient\4.5.13\httpclient-4.5.13.jar;C:\Users\Simona\.m2\repository\org\apache\httpcomponents\httpcore\4.4.13\httpcore-4.4.13.jar;C:\Users\Simona\.m2\repository\net\sourceforge\htmlunit\htmlunit-core-js\2.47.0\htmlunit-core-js-2.47.0.jar;C:\Users\Simona\.m2\repository\net\sourceforge\htmlunit\neko-htmlunit\2.47.1\neko-htmlunit-2.47.1.jar;C:\Users\Simona\.m2\repository\xerces\xercesImpl\2.12.0\xercesImpl-2.12.0.jar;C:\Users\Simona\.m2\repository\xml-apis\xml-apis\1.4.01\xml-apis-1.4.01.jar;C:\Users\Simona\.m2\repository\net\sourceforge\htmlunit\htmlunit-cssparser\1.7.0\htmlunit-cssparser-1.7.0.jar;C:\Users\Simona\.m2\repository\org\brotli\dec\0.1.2\dec-0.1.2.jar;C:\Users\Simona\.m2\repository\com\shapesecurity\salvation2\3.0.0\salvation2-3.0.0.jar;C:\Users\Simona\.m2\repository\org\eclipse\jetty\websocket\websocket-client\9.4.36.v20210114\websocket-client-9.4.36.v20210114.jar;C:\Users\Simona\.m2\repository\org\eclipse\jetty\jetty-client\9.4.36.v20210114\jetty-client-9.4.36.v20210114.jar;C:\Users\Simona\.m2\repository\org\eclipse\jetty\jetty-http\9.4.36.v20210114\jetty-http-9.4.36.v20210114.jar;C:\Users\Simona\.m2\repository\org\eclipse\jetty\jetty-util\9.4.36.v20210114\jetty-util-9.4.36.v20210114.jar;C:\Users\Simona\.m2\repository\org\eclipse\jetty\jetty-io\9.4.36.v20210114\jetty-io-9.4.36.v20210114.jar;C:\Users\Simona\.m2\repository\org\eclipse\jetty\websocket\websocket-common\9.4.36.v20210114\websocket-common-9.4.36.v20210114.jar;C:\Users\Simona\.m2\repository\org\eclipse\jetty\websocket\websocket-api\9.4.36.v20210114\websocket-api-9.4.36.v20210114.jar;C:\Users\Simona\.m2\repository\org\seleniumhq\selenium\htmlunit-driver\2.47.1\htmlunit-driver-2.47.1.jar;C:\Users\Simona\.m2\repository\com\codeborne\phantomjsdriver\1.4.4\phantomjsdriver-1.4.4.jar;C:\Users\Simona\.m2\repository\io\appium\java-client\7.5.1\java-client-7.5.1.jar;C:\Users\Simona\.m2\repository\commons-validator\commons-validator\1.7\commons-validator-1.7.jar;C:\Users\Simona\.m2\repository\commons-digester\commons-digester\2.1\commons-digester-2.1.jar;C:\Users\Simona\.m2\repository\org\aspectj\aspectjweaver\1.9.6\aspectjweaver-1.9.6.jar;C:\Users\Simona\.m2\repository\org\codehaus\groovy\groovy\3.0.8\groovy-3.0.8.jar;C:\Users\Simona\.m2\repository\net\sf\opencsv\opencsv\2.0\opencsv-2.0.jar;C:\Users\Simona\.m2\repository\commons-beanutils\commons-beanutils\1.9.4\commons-beanutils-1.9.4.jar;C:\Users\Simona\.m2\repository\org\apache\commons\commons-lang3\3.11\commons-lang3-3.11.jar;C:\Users\Simona\.m2\repository\commons-collections\commons-collections\3.2.2\commons-collections-3.2.2.jar;C:\Users\Simona\.m2\repository\org\fluentlenium\fluentlenium-core\0.10.2\fluentlenium-core-0.10.2.jar;C:\Users\Simona\.m2\repository\io\github\bonigarcia\webdrivermanager\4.4.1\webdrivermanager-4.4.1.jar;C:\Users\Simona\.m2\repository\org\apache\httpcomponents\client5\httpclient5\5.0.3\httpclient5-5.0.3.jar;C:\Users\Simona\.m2\repository\org\apache\httpcomponents\core5\httpcore5\5.0.2\httpcore5-5.0.2.jar;C:\Users\Simona\.m2\repository\org\apache\httpcomponents\core5\httpcore5-h2\5.0.2\httpcore5-h2-5.0.2.jar;C:\Users\Simona\.m2\repository\org\rauschig\jarchivelib\1.1.0\jarchivelib-1.1.0.jar;C:\Users\Simona\.m2\repository\org\apache\commons\commons-compress\1.20\commons-compress-1.20.jar;C:\Users\Simona\.m2\repository\com\jhlabs\filters\2.0.235\filters-2.0.235.jar;C:\Users\Simona\.m2\repository\com\assertthat\selenium-shutterbug\1.4\selenium-shutterbug-1.4.jar;C:\Users\Simona\.m2\repository\com\github\zafarkhaja\java-semver\0.9.0\java-semver-0.9.0.jar;C:\Users\Simona\.m2\repository\ru\yandex\qatools\ashot\ashot\1.5.4\ashot-1.5.4.jar;C:\Users\Simona\.m2\repository\com\paulhammant\ngwebdriver\1.1.5\ngwebdriver-1.1.5.jar;C:\Users\Simona\.m2\repository\joda-time\joda-time\2.8.2\joda-time-2.8.2.jar;C:\Users\Simona\.m2\repository\org\hamcrest\hamcrest\2.2\hamcrest-2.2.jar;C:\Users\Simona\.m2\repository\com\google\jimfs\jimfs\1.1\jimfs-1.1.jar;C:\Users\Simona\.m2\repository\org\mockito\mockito-core\3.3.3\mockito-core-3.3.3.jar;C:\Users\Simona\.m2\repository\javax\xml\bind\jaxb-api\2.3.1\jaxb-api-2.3.1.jar;C:\Users\Simona\.m2\repository\javax\activation\javax.activation-api\1.2.0\javax.activation-api-1.2.0.jar;C:\Users\Simona\.m2\repository\com\sun\xml\bind\jaxb-core\2.3.0.1\jaxb-core-2.3.0.1.jar;C:\Users\Simona\.m2\repository\com\sun\xml\bind\jaxb-impl\2.3.3\jaxb-impl-2.3.3.jar;C:\Users\Simona\.m2\repository\jakarta\xml\bind\jakarta.xml.bind-api\2.3.3\jakarta.xml.bind-api-2.3.3.jar;C:\Users\Simona\.m2\repository\com\sun\activation\jakarta.activation\1.2.2\jakarta.activation-1.2.2.jar;C:\Users\Simona\.m2\repository\javax\activation\activation\1.1.1\activation-1.1.1.jar;C:\Users\Simona\.m2\repository\net\serenity-bdd\serenity-cucumber6\2.4.24\serenity-cucumber6-2.4.24.jar;C:\Users\Simona\.m2\repository\io\cucumber\cucumber-java\6.10.2\cucumber-java-6.10.2.jar;C:\Users\Simona\.m2\repository\org\apiguardian\apiguardian-api\1.1.1\apiguardian-api-1.1.1.jar;C:\Users\Simona\.m2\repository\io\cucumber\cucumber-junit\6.10.2\cucumber-junit-6.10.2.jar;C:\Users\Simona\.m2\repository\io\cucumber\datatable-matchers\3.4.0\datatable-matchers-3.4.0.jar;C:\Users\Simona\.m2\repository\io\cucumber\datatable\3.4.0\datatable-3.4.0.jar;C:\Users\Simona\.m2\repository\commons-logging\commons-logging\1.2\commons-logging-1.2.jar;C:\Users\Simona\.m2\repository\org\apache\commons\commons-csv\1.5\commons-csv-1.5.jar;C:\Users\Simona\.m2\repository\net\serenity-bdd\serenity-screenplay\2.4.24\serenity-screenplay-2.4.24.jar;C:\Users\Simona\.m2\repository\net\serenity-bdd\serenity-screenplay-webdriver\2.4.24\serenity-screenplay-webdriver-2.4.24.jar;C:\Users\Simona\.m2\repository\net\serenity-bdd\serenity-ensure\2.4.24\serenity-ensure-2.4.24.jar;C:\Users\Simona\.m2\repository\net\serenity-bdd\serenity-junit\2.4.24\serenity-junit-2.4.24.jar;C:\Users\Simona\.m2\repository\org\jetbrains\kotlin\kotlin-stdlib\1.4.31\kotlin-stdlib-1.4.31.jar;C:\Users\Simona\.m2\repository\org\jetbrains\kotlin\kotlin-stdlib-common\1.4.31\kotlin-stdlib-common-1.4.31.jar;C:\Users\Simona\.m2\repository\org\jetbrains\annotations\13.0\annotations-13.0.jar;C:\Users\Simona\.m2\repository\junit\junit\4.13.1\junit-4.13.1.jar;C:\Users\Simona\.m2\repository\org\hamcrest\hamcrest-core\1.3\hamcrest-core-1.3.jar;C:\Users\Simona\.m2\repository\org\assertj\assertj-core\3.6.2\assertj-core-3.6.2.jar;"/>
    <property name="java.vm.vendor" value="Oracle Corporation"/>
    <property name="sun.arch.data.model" value="64"/>
    <property name="user.variant" value=""/>
    <property name="java.vendor.url" value="https://java.oracle.com/"/>
    <property name="user.timezone" value="Europe/Skopje"/>
    <property name="os.name" value="Windows 10"/>
    <property name="java.vm.specification.version" value="15"/>
    <property name="sun.java.launcher" value="SUN_STANDARD"/>
    <property name="user.country" value="US"/>
    <property name="sun.boot.library.path" value="C:\Users\Simona\.jdks\openjdk-15.0.2\bin"/>
    <property name="sun.java.command" value="org.apache.maven.surefire.booter.ForkedBooter C:\Users\Simona\AppData\Local\Temp\surefire18157262542673671288 2021-09-15T20-41-46_611-jvmRun1 surefire9002750686324288973tmp surefire_017613347208589862891tmp"/>
    <property name="jdk.debug" value="release"/>
    <property name="surefire.test.class.path" value="C:\Users\Simona\Desktop\RestaurantTesting\target\test-classes;C:\Users\Simona\.m2\repository\org\projectlombok\lombok\1.18.20\lombok-1.18.20.jar;C:\Users\Simona\.m2\repository\net\serenity-bdd\serenity-core\2.4.24\serenity-core-2.4.24.jar;C:\Users\Simona\.m2\repository\net\serenity-bdd\serenity-model\2.4.24\serenity-model-2.4.24.jar;C:\Users\Simona\.m2\repository\org\apache\commons\commons-text\1.9\commons-text-1.9.jar;C:\Users\Simona\.m2\repository\commons-net\commons-net\3.6\commons-net-3.6.jar;C:\Users\Simona\.m2\repository\com\google\guava\guava\30.1-jre\guava-30.1-jre.jar;C:\Users\Simona\.m2\repository\com\google\guava\failureaccess\1.0.1\failureaccess-1.0.1.jar;C:\Users\Simona\.m2\repository\com\google\guava\listenablefuture\9999.0-empty-to-avoid-conflict-with-guava\listenablefuture-9999.0-empty-to-avoid-conflict-with-guava.jar;C:\Users\Simona\.m2\repository\com\google\code\findbugs\jsr305\3.0.2\jsr305-3.0.2.jar;C:\Users\Simona\.m2\repository\org\checkerframework\checker-qual\3.5.0\checker-qual-3.5.0.jar;C:\Users\Simona\.m2\repository\com\google\errorprone\error_prone_annotations\2.3.4\error_prone_annotations-2.3.4.jar;C:\Users\Simona\.m2\repository\com\google\j2objc\j2objc-annotations\1.3\j2objc-annotations-1.3.jar;C:\Users\Simona\.m2\repository\org\slf4j\slf4j-api\1.7.30\slf4j-api-1.7.30.jar;C:\Users\Simona\.m2\repository\com\google\inject\guice\5.0.1\guice-5.0.1.jar;C:\Users\Simona\.m2\repository\javax\inject\javax.inject\1\javax.inject-1.jar;C:\Users\Simona\.m2\repository\aopalliance\aopalliance\1.0\aopalliance-1.0.jar;C:\Users\Simona\.m2\repository\org\jsoup\jsoup\1.13.1\jsoup-1.13.1.jar;C:\Users\Simona\.m2\repository\com\thoughtworks\xstream\xstream\1.4.16\xstream-1.4.16.jar;C:\Users\Simona\.m2\repository\io\github\x-stream\mxparser\1.2.1\mxparser-1.2.1.jar;C:\Users\Simona\.m2\repository\xmlpull\xmlpull\1.1.3.1\xmlpull-1.1.3.1.jar;C:\Users\Simona\.m2\repository\io\cucumber\cucumber-core\6.10.2\cucumber-core-6.10.2.jar;C:\Users\Simona\.m2\repository\io\cucumber\cucumber-gherkin\6.10.2\cucumber-gherkin-6.10.2.jar;C:\Users\Simona\.m2\repository\io\cucumber\cucumber-gherkin-messages\6.10.2\cucumber-gherkin-messages-6.10.2.jar;C:\Users\Simona\.m2\repository\io\cucumber\messages\14.0.1\messages-14.0.1.jar;C:\Users\Simona\.m2\repository\io\cucumber\tag-expressions\3.0.0\tag-expressions-3.0.0.jar;C:\Users\Simona\.m2\repository\io\cucumber\cucumber-expressions\10.3.0\cucumber-expressions-10.3.0.jar;C:\Users\Simona\.m2\repository\io\cucumber\cucumber-plugin\6.10.2\cucumber-plugin-6.10.2.jar;C:\Users\Simona\.m2\repository\io\cucumber\docstring\6.10.2\docstring-6.10.2.jar;C:\Users\Simona\.m2\repository\io\cucumber\html-formatter\12.0.0\html-formatter-12.0.0.jar;C:\Users\Simona\.m2\repository\io\cucumber\create-meta\3.0.0\create-meta-3.0.0.jar;C:\Users\Simona\.m2\repository\com\typesafe\config\1.3.1\config-1.3.1.jar;C:\Users\Simona\.m2\repository\org\imgscalr\imgscalr-lib\4.2\imgscalr-lib-4.2.jar;C:\Users\Simona\.m2\repository\org\awaitility\awaitility\4.0.3\awaitility-4.0.3.jar;C:\Users\Simona\.m2\repository\org\freemarker\freemarker\2.3.29\freemarker-2.3.29.jar;C:\Users\Simona\.m2\repository\net\sourceforge\jexcelapi\jxl\2.6.12\jxl-2.6.12.jar;C:\Users\Simona\.m2\repository\org\asciidoctor\asciidoctorj\1.5.6\asciidoctorj-1.5.6.jar;C:\Users\Simona\.m2\repository\org\jruby\jruby-complete\1.7.26\jruby-complete-1.7.26.jar;C:\Users\Simona\.m2\repository\net\bytebuddy\byte-buddy\1.10.10\byte-buddy-1.10.10.jar;C:\Users\Simona\.m2\repository\net\bytebuddy\byte-buddy-agent\1.10.10\byte-buddy-agent-1.10.10.jar;C:\Users\Simona\.m2\repository\org\objenesis\objenesis\3.1\objenesis-3.1.jar;C:\Users\Simona\.m2\repository\net\serenity-bdd\serenity-reports\2.4.24\serenity-reports-2.4.24.jar;C:\Users\Simona\.m2\repository\net\serenity-bdd\serenity-stats\2.4.24\serenity-stats-2.4.24.jar;C:\Users\Simona\.m2\repository\net\serenity-bdd\serenity-reports-configuration\2.4.24\serenity-reports-configuration-2.4.24.jar;C:\Users\Simona\.m2\repository\com\vladsch\flexmark\flexmark-all\0.34.30\flexmark-all-0.34.30.jar;C:\Users\Simona\.m2\repository\com\vladsch\flexmark\flexmark\0.34.30\flexmark-0.34.30.jar;C:\Users\Simona\.m2\repository\com\vladsch\flexmark\flexmark-ext-abbreviation\0.34.30\flexmark-ext-abbreviation-0.34.30.jar;C:\Users\Simona\.m2\repository\com\vladsch\flexmark\flexmark-ext-admonition\0.34.30\flexmark-ext-admonition-0.34.30.jar;C:\Users\Simona\.m2\repository\com\vladsch\flexmark\flexmark-ext-anchorlink\0.34.30\flexmark-ext-anchorlink-0.34.30.jar;C:\Users\Simona\.m2\repository\com\vladsch\flexmark\flexmark-ext-aside\0.34.30\flexmark-ext-aside-0.34.30.jar;C:\Users\Simona\.m2\repository\com\vladsch\flexmark\flexmark-ext-attributes\0.34.30\flexmark-ext-attributes-0.34.30.jar;C:\Users\Simona\.m2\repository\com\vladsch\flexmark\flexmark-ext-autolink\0.34.30\flexmark-ext-autolink-0.34.30.jar;C:\Users\Simona\.m2\repository\org\nibor\autolink\autolink\0.6.0\autolink-0.6.0.jar;C:\Users\Simona\.m2\repository\com\vladsch\flexmark\flexmark-ext-definition\0.34.30\flexmark-ext-definition-0.34.30.jar;C:\Users\Simona\.m2\repository\com\vladsch\flexmark\flexmark-ext-emoji\0.34.30\flexmark-ext-emoji-0.34.30.jar;C:\Users\Simona\.m2\repository\com\vladsch\flexmark\flexmark-ext-enumerated-reference\0.34.30\flexmark-ext-enumerated-reference-0.34.30.jar;C:\Users\Simona\.m2\repository\com\vladsch\flexmark\flexmark-ext-escaped-character\0.34.30\flexmark-ext-escaped-character-0.34.30.jar;C:\Users\Simona\.m2\repository\com\vladsch\flexmark\flexmark-ext-footnotes\0.34.30\flexmark-ext-footnotes-0.34.30.jar;C:\Users\Simona\.m2\repository\com\vladsch\flexmark\flexmark-ext-gfm-issues\0.34.30\flexmark-ext-gfm-issues-0.34.30.jar;C:\Users\Simona\.m2\repository\com\vladsch\flexmark\flexmark-ext-gfm-strikethrough\0.34.30\flexmark-ext-gfm-strikethrough-0.34.30.jar;C:\Users\Simona\.m2\repository\com\vladsch\flexmark\flexmark-ext-gfm-tables\0.34.30\flexmark-ext-gfm-tables-0.34.30.jar;C:\Users\Simona\.m2\repository\com\vladsch\flexmark\flexmark-ext-gfm-tasklist\0.34.30\flexmark-ext-gfm-tasklist-0.34.30.jar;C:\Users\Simona\.m2\repository\com\vladsch\flexmark\flexmark-ext-gfm-users\0.34.30\flexmark-ext-gfm-users-0.34.30.jar;C:\Users\Simona\.m2\repository\com\vladsch\flexmark\flexmark-ext-gitlab\0.34.30\flexmark-ext-gitlab-0.34.30.jar;C:\Users\Simona\.m2\repository\com\vladsch\flexmark\flexmark-ext-jekyll-front-matter\0.34.30\flexmark-ext-jekyll-front-matter-0.34.30.jar;C:\Users\Simona\.m2\repository\com\vladsch\flexmark\flexmark-ext-jekyll-tag\0.34.30\flexmark-ext-jekyll-tag-0.34.30.jar;C:\Users\Simona\.m2\repository\com\vladsch\flexmark\flexmark-ext-media-tags\0.34.30\flexmark-ext-media-tags-0.34.30.jar;C:\Users\Simona\.m2\repository\com\vladsch\flexmark\flexmark-test-util\0.34.30\flexmark-test-util-0.34.30.jar;C:\Users\Simona\.m2\repository\com\vladsch\flexmark\flexmark-ext-ins\0.34.30\flexmark-ext-ins-0.34.30.jar;C:\Users\Simona\.m2\repository\com\vladsch\flexmark\flexmark-ext-xwiki-macros\0.34.30\flexmark-ext-xwiki-macros-0.34.30.jar;C:\Users\Simona\.m2\repository\com\vladsch\flexmark\flexmark-ext-superscript\0.34.30\flexmark-ext-superscript-0.34.30.jar;C:\Users\Simona\.m2\repository\com\vladsch\flexmark\flexmark-ext-tables\0.34.30\flexmark-ext-tables-0.34.30.jar;C:\Users\Simona\.m2\repository\com\vladsch\flexmark\flexmark-ext-toc\0.34.30\flexmark-ext-toc-0.34.30.jar;C:\Users\Simona\.m2\repository\com\vladsch\flexmark\flexmark-ext-typographic\0.34.30\flexmark-ext-typographic-0.34.30.jar;C:\Users\Simona\.m2\repository\com\vladsch\flexmark\flexmark-ext-wikilink\0.34.30\flexmark-ext-wikilink-0.34.30.jar;C:\Users\Simona\.m2\repository\com\vladsch\flexmark\flexmark-ext-yaml-front-matter\0.34.30\flexmark-ext-yaml-front-matter-0.34.30.jar;C:\Users\Simona\.m2\repository\com\vladsch\flexmark\flexmark-ext-youtube-embedded\0.34.30\flexmark-ext-youtube-embedded-0.34.30.jar;C:\Users\Simona\.m2\repository\com\vladsch\flexmark\flexmark-formatter\0.34.30\flexmark-formatter-0.34.30.jar;C:\Users\Simona\.m2\repository\com\vladsch\flexmark\flexmark-html-parser\0.34.30\flexmark-html-parser-0.34.30.jar;C:\Users\Simona\.m2\repository\com\vladsch\flexmark\flexmark-jira-converter\0.34.30\flexmark-jira-converter-0.34.30.jar;C:\Users\Simona\.m2\repository\com\vladsch\flexmark\flexmark-pdf-converter\0.34.30\flexmark-pdf-converter-0.34.30.jar;C:\Users\Simona\.m2\repository\com\openhtmltopdf\openhtmltopdf-core\0.0.1-RC13\openhtmltopdf-core-0.0.1-RC13.jar;C:\Users\Simona\.m2\repository\com\openhtmltopdf\openhtmltopdf-pdfbox\0.0.1-RC13\openhtmltopdf-pdfbox-0.0.1-RC13.jar;C:\Users\Simona\.m2\repository\org\apache\pdfbox\pdfbox\2.0.8\pdfbox-2.0.8.jar;C:\Users\Simona\.m2\repository\org\apache\pdfbox\fontbox\2.0.8\fontbox-2.0.8.jar;C:\Users\Simona\.m2\repository\org\apache\pdfbox\xmpbox\2.0.8\xmpbox-2.0.8.jar;C:\Users\Simona\.m2\repository\de\rototor\pdfbox\graphics2d\0.12\graphics2d-0.12.jar;C:\Users\Simona\.m2\repository\com\openhtmltopdf\openhtmltopdf-rtl-support\0.0.1-RC13\openhtmltopdf-rtl-support-0.0.1-RC13.jar;C:\Users\Simona\.m2\repository\com\ibm\icu\icu4j\59.1\icu4j-59.1.jar;C:\Users\Simona\.m2\repository\com\openhtmltopdf\openhtmltopdf-jsoup-dom-converter\0.0.1-RC13\openhtmltopdf-jsoup-dom-converter-0.0.1-RC13.jar;C:\Users\Simona\.m2\repository\com\vladsch\flexmark\flexmark-profile-pegdown\0.34.30\flexmark-profile-pegdown-0.34.30.jar;C:\Users\Simona\.m2\repository\com\vladsch\flexmark\flexmark-util\0.34.30\flexmark-util-0.34.30.jar;C:\Users\Simona\.m2\repository\com\vladsch\flexmark\flexmark-youtrack-converter\0.34.30\flexmark-youtrack-converter-0.34.30.jar;C:\Users\Simona\.m2\repository\es\nitaur\markdown\txtmark\0.16\txtmark-0.16.jar;C:\Users\Simona\.m2\repository\net\serenity-bdd\serenity-report-resources\2.4.24\serenity-report-resources-2.4.24.jar;C:\Users\Simona\.m2\repository\com\google\code\gson\gson\2.8.6\gson-2.8.6.jar;C:\Users\Simona\.m2\repository\commons-codec\commons-codec\1.15\commons-codec-1.15.jar;C:\Users\Simona\.m2\repository\commons-io\commons-io\2.8.0\commons-io-2.8.0.jar;C:\Users\Simona\.m2\repository\org\seleniumhq\selenium\selenium-server\3.141.59\selenium-server-3.141.59.jar;C:\Users\Simona\.m2\repository\org\seleniumhq\selenium\selenium-opera-driver\3.141.59\selenium-opera-driver-3.141.59.jar;C:\Users\Simona\.m2\repository\org\seleniumhq\selenium\selenium-remote-driver\3.141.59\selenium-remote-driver-3.141.59.jar;C:\Users\Simona\.m2\repository\org\seleniumhq\selenium\selenium-safari-driver\3.141.59\selenium-safari-driver-3.141.59.jar;C:\Users\Simona\.m2\repository\com\beust\jcommander\1.72\jcommander-1.72.jar;C:\Users\Simona\.m2\repository\org\apache\commons\commons-exec\1.3\commons-exec-1.3.jar;C:\Users\Simona\.m2\repository\net\jcip\jcip-annotations\1.0\jcip-annotations-1.0.jar;C:\Users\Simona\.m2\repository\org\seleniumhq\selenium\jetty-repacked\9.4.12.v20180830\jetty-repacked-9.4.12.v20180830.jar;C:\Users\Simona\.m2\repository\com\squareup\okhttp3\okhttp\3.11.0\okhttp-3.11.0.jar;C:\Users\Simona\.m2\repository\com\squareup\okio\okio\1.14.0\okio-1.14.0.jar;C:\Users\Simona\.m2\repository\javax\servlet\javax.servlet-api\3.1.0\javax.servlet-api-3.1.0.jar;C:\Users\Simona\.m2\repository\org\yaml\snakeyaml\1.19\snakeyaml-1.19.jar;C:\Users\Simona\.m2\repository\org\seleniumhq\selenium\selenium-java\3.141.59\selenium-java-3.141.59.jar;C:\Users\Simona\.m2\repository\org\seleniumhq\selenium\selenium-api\3.141.59\selenium-api-3.141.59.jar;C:\Users\Simona\.m2\repository\org\seleniumhq\selenium\selenium-support\3.141.59\selenium-support-3.141.59.jar;C:\Users\Simona\.m2\repository\org\seleniumhq\selenium\selenium-chrome-driver\3.141.59\selenium-chrome-driver-3.141.59.jar;C:\Users\Simona\.m2\repository\org\seleniumhq\selenium\selenium-firefox-driver\3.141.59\selenium-firefox-driver-3.141.59.jar;C:\Users\Simona\.m2\repository\org\seleniumhq\selenium\selenium-edge-driver\3.141.59\selenium-edge-driver-3.141.59.jar;C:\Users\Simona\.m2\repository\org\seleniumhq\selenium\selenium-ie-driver\3.141.59\selenium-ie-driver-3.141.59.jar;C:\Users\Simona\.m2\repository\net\sourceforge\htmlunit\htmlunit\2.47.1\htmlunit-2.47.1.jar;C:\Users\Simona\.m2\repository\xalan\xalan\2.7.2\xalan-2.7.2.jar;C:\Users\Simona\.m2\repository\xalan\serializer\2.7.2\serializer-2.7.2.jar;C:\Users\Simona\.m2\repository\org\apache\httpcomponents\httpmime\4.5.13\httpmime-4.5.13.jar;C:\Users\Simona\.m2\repository\org\apache\httpcomponents\httpclient\4.5.13\httpclient-4.5.13.jar;C:\Users\Simona\.m2\repository\org\apache\httpcomponents\httpcore\4.4.13\httpcore-4.4.13.jar;C:\Users\Simona\.m2\repository\net\sourceforge\htmlunit\htmlunit-core-js\2.47.0\htmlunit-core-js-2.47.0.jar;C:\Users\Simona\.m2\repository\net\sourceforge\htmlunit\neko-htmlunit\2.47.1\neko-htmlunit-2.47.1.jar;C:\Users\Simona\.m2\repository\xerces\xercesImpl\2.12.0\xercesImpl-2.12.0.jar;C:\Users\Simona\.m2\repository\xml-apis\xml-apis\1.4.01\xml-apis-1.4.01.jar;C:\Users\Simona\.m2\repository\net\sourceforge\htmlunit\htmlunit-cssparser\1.7.0\htmlunit-cssparser-1.7.0.jar;C:\Users\Simona\.m2\repository\org\brotli\dec\0.1.2\dec-0.1.2.jar;C:\Users\Simona\.m2\repository\com\shapesecurity\salvation2\3.0.0\salvation2-3.0.0.jar;C:\Users\Simona\.m2\repository\org\eclipse\jetty\websocket\websocket-client\9.4.36.v20210114\websocket-client-9.4.36.v20210114.jar;C:\Users\Simona\.m2\repository\org\eclipse\jetty\jetty-client\9.4.36.v20210114\jetty-client-9.4.36.v20210114.jar;C:\Users\Simona\.m2\repository\org\eclipse\jetty\jetty-http\9.4.36.v20210114\jetty-http-9.4.36.v20210114.jar;C:\Users\Simona\.m2\repository\org\eclipse\jetty\jetty-util\9.4.36.v20210114\jetty-util-9.4.36.v20210114.jar;C:\Users\Simona\.m2\repository\org\eclipse\jetty\jetty-io\9.4.36.v20210114\jetty-io-9.4.36.v20210114.jar;C:\Users\Simona\.m2\repository\org\eclipse\jetty\websocket\websocket-common\9.4.36.v20210114\websocket-common-9.4.36.v20210114.jar;C:\Users\Simona\.m2\repository\org\eclipse\jetty\websocket\websocket-api\9.4.36.v20210114\websocket-api-9.4.36.v20210114.jar;C:\Users\Simona\.m2\repository\org\seleniumhq\selenium\htmlunit-driver\2.47.1\htmlunit-driver-2.47.1.jar;C:\Users\Simona\.m2\repository\com\codeborne\phantomjsdriver\1.4.4\phantomjsdriver-1.4.4.jar;C:\Users\Simona\.m2\repository\io\appium\java-client\7.5.1\java-client-7.5.1.jar;C:\Users\Simona\.m2\repository\commons-validator\commons-validator\1.7\commons-validator-1.7.jar;C:\Users\Simona\.m2\repository\commons-digester\commons-digester\2.1\commons-digester-2.1.jar;C:\Users\Simona\.m2\repository\org\aspectj\aspectjweaver\1.9.6\aspectjweaver-1.9.6.jar;C:\Users\Simona\.m2\repository\org\codehaus\groovy\groovy\3.0.8\groovy-3.0.8.jar;C:\Users\Simona\.m2\repository\net\sf\opencsv\opencsv\2.0\opencsv-2.0.jar;C:\Users\Simona\.m2\repository\commons-beanutils\commons-beanutils\1.9.4\commons-beanutils-1.9.4.jar;C:\Users\Simona\.m2\repository\org\apache\commons\commons-lang3\3.11\commons-lang3-3.11.jar;C:\Users\Simona\.m2\repository\commons-collections\commons-collections\3.2.2\commons-collections-3.2.2.jar;C:\Users\Simona\.m2\repository\org\fluentlenium\fluentlenium-core\0.10.2\fluentlenium-core-0.10.2.jar;C:\Users\Simona\.m2\repository\io\github\bonigarcia\webdrivermanager\4.4.1\webdrivermanager-4.4.1.jar;C:\Users\Simona\.m2\repository\org\apache\httpcomponents\client5\httpclient5\5.0.3\httpclient5-5.0.3.jar;C:\Users\Simona\.m2\repository\org\apache\httpcomponents\core5\httpcore5\5.0.2\httpcore5-5.0.2.jar;C:\Users\Simona\.m2\repository\org\apache\httpcomponents\core5\httpcore5-h2\5.0.2\httpcore5-h2-5.0.2.jar;C:\Users\Simona\.m2\repository\org\rauschig\jarchivelib\1.1.0\jarchivelib-1.1.0.jar;C:\Users\Simona\.m2\repository\org\apache\commons\commons-compress\1.20\commons-compress-1.20.jar;C:\Users\Simona\.m2\repository\com\jhlabs\filters\2.0.235\filters-2.0.235.jar;C:\Users\Simona\.m2\repository\com\assertthat\selenium-shutterbug\1.4\selenium-shutterbug-1.4.jar;C:\Users\Simona\.m2\repository\com\github\zafarkhaja\java-semver\0.9.0\java-semver-0.9.0.jar;C:\Users\Simona\.m2\repository\ru\yandex\qatools\ashot\ashot\1.5.4\ashot-1.5.4.jar;C:\Users\Simona\.m2\repository\com\paulhammant\ngwebdriver\1.1.5\ngwebdriver-1.1.5.jar;C:\Users\Simona\.m2\repository\joda-time\joda-time\2.8.2\joda-time-2.8.2.jar;C:\Users\Simona\.m2\repository\org\hamcrest\hamcrest\2.2\hamcrest-2.2.jar;C:\Users\Simona\.m2\repository\com\google\jimfs\jimfs\1.1\jimfs-1.1.jar;C:\Users\Simona\.m2\repository\org\mockito\mockito-core\3.3.3\mockito-core-3.3.3.jar;C:\Users\Simona\.m2\repository\javax\xml\bind\jaxb-api\2.3.1\jaxb-api-2.3.1.jar;C:\Users\Simona\.m2\repository\javax\activation\javax.activation-api\1.2.0\javax.activation-api-1.2.0.jar;C:\Users\Simona\.m2\repository\com\sun\xml\bind\jaxb-core\2.3.0.1\jaxb-core-2.3.0.1.jar;C:\Users\Simona\.m2\repository\com\sun\xml\bind\jaxb-impl\2.3.3\jaxb-impl-2.3.3.jar;C:\Users\Simona\.m2\repository\jakarta\xml\bind\jakarta.xml.bind-api\2.3.3\jakarta.xml.bind-api-2.3.3.jar;C:\Users\Simona\.m2\repository\com\sun\activation\jakarta.activation\1.2.2\jakarta.activation-1.2.2.jar;C:\Users\Simona\.m2\repository\javax\activation\activation\1.1.1\activation-1.1.1.jar;C:\Users\Simona\.m2\repository\net\serenity-bdd\serenity-cucumber6\2.4.24\serenity-cucumber6-2.4.24.jar;C:\Users\Simona\.m2\repository\io\cucumber\cucumber-java\6.10.2\cucumber-java-6.10.2.jar;C:\Users\Simona\.m2\repository\org\apiguardian\apiguardian-api\1.1.1\apiguardian-api-1.1.1.jar;C:\Users\Simona\.m2\repository\io\cucumber\cucumber-junit\6.10.2\cucumber-junit-6.10.2.jar;C:\Users\Simona\.m2\repository\io\cucumber\datatable-matchers\3.4.0\datatable-matchers-3.4.0.jar;C:\Users\Simona\.m2\repository\io\cucumber\datatable\3.4.0\datatable-3.4.0.jar;C:\Users\Simona\.m2\repository\commons-logging\commons-logging\1.2\commons-logging-1.2.jar;C:\Users\Simona\.m2\repository\org\apache\commons\commons-csv\1.5\commons-csv-1.5.jar;C:\Users\Simona\.m2\repository\net\serenity-bdd\serenity-screenplay\2.4.24\serenity-screenplay-2.4.24.jar;C:\Users\Simona\.m2\repository\net\serenity-bdd\serenity-screenplay-webdriver\2.4.24\serenity-screenplay-webdriver-2.4.24.jar;C:\Users\Simona\.m2\repository\net\serenity-bdd\serenity-ensure\2.4.24\serenity-ensure-2.4.24.jar;C:\Users\Simona\.m2\repository\net\serenity-bdd\serenity-junit\2.4.24\serenity-junit-2.4.24.jar;C:\Users\Simona\.m2\repository\org\jetbrains\kotlin\kotlin-stdlib\1.4.31\kotlin-stdlib-1.4.31.jar;C:\Users\Simona\.m2\repository\org\jetbrains\kotlin\kotlin-stdlib-common\1.4.31\kotlin-stdlib-common-1.4.31.jar;C:\Users\Simona\.m2\repository\org\jetbrains\annotations\13.0\annotations-13.0.jar;C:\Users\Simona\.m2\repository\junit\junit\4.13.1\junit-4.13.1.jar;C:\Users\Simona\.m2\repository\org\hamcrest\hamcrest-core\1.3\hamcrest-core-1.3.jar;C:\Users\Simona\.m2\repository\org\assertj\assertj-core\3.6.2\assertj-core-3.6.2.jar;"/>
    <property name="sun.cpu.endian" value="little"/>
    <property name="user.home" value="C:\Users\Simona"/>
    <property name="user.language" value="en"/>
    <property name="java.specification.vendor" value="Oracle Corporation"/>
    <property name="jdk.module.path" value="C:\Users\Simona\Desktop\RestaurantTesting\target\RestaurantTesting-1.0-SNAPSHOT.jar"/>
    <property name="java.version.date" value="2021-01-19"/>
    <property name="java.home" value="C:\Users\Simona\.jdks\openjdk-15.0.2"/>
    <property name="file.separator" value="\"/>
    <property name="basedir" value="C:\Users\Simona\Desktop\RestaurantTesting"/>
    <property name="java.vm.compressedOopsMode" value="32-bit"/>
    <property name="line.separator" value="&#10;"/>
    <property name="java.vm.specification.vendor" value="Oracle Corporation"/>
    <property name="java.specification.name" value="Java Platform API Specification"/>
    <property name="surefire.real.class.path" value="C:\Users\Simona\.m2\repository\org\apache\maven\surefire\surefire-booter\3.0.0-M5\surefire-booter-3.0.0-M5.jar;C:\Users\Simona\.m2\repository\org\apache\maven\surefire\surefire-api\3.0.0-M5\surefire-api-3.0.0-M5.jar;C:\Users\Simona\.m2\repository\org\apache\maven\surefire\surefire-logger-api\3.0.0-M5\surefire-logger-api-3.0.0-M5.jar;C:\Users\Simona\.m2\repository\org\apache\maven\surefire\surefire-shared-utils\3.0.0-M4\surefire-shared-utils-3.0.0-M4.jar;C:\Users\Simona\.m2\repository\org\apache\maven\surefire\surefire-extensions-spi\3.0.0-M5\surefire-extensions-spi-3.0.0-M5.jar;C:\Users\Simona\Desktop\RestaurantTesting\target\test-classes;C:\Users\Simona\.m2\repository\org\projectlombok\lombok\1.18.20\lombok-1.18.20.jar;C:\Users\Simona\.m2\repository\net\serenity-bdd\serenity-core\2.4.24\serenity-core-2.4.24.jar;C:\Users\Simona\.m2\repository\net\serenity-bdd\serenity-model\2.4.24\serenity-model-2.4.24.jar;C:\Users\Simona\.m2\repository\org\apache\commons\commons-text\1.9\commons-text-1.9.jar;C:\Users\Simona\.m2\repository\commons-net\commons-net\3.6\commons-net-3.6.jar;C:\Users\Simona\.m2\repository\com\google\guava\guava\30.1-jre\guava-30.1-jre.jar;C:\Users\Simona\.m2\repository\com\google\guava\failureaccess\1.0.1\failureaccess-1.0.1.jar;C:\Users\Simona\.m2\repository\com\google\guava\listenablefuture\9999.0-empty-to-avoid-conflict-with-guava\listenablefuture-9999.0-empty-to-avoid-conflict-with-guava.jar;C:\Users\Simona\.m2\repository\com\google\code\findbugs\jsr305\3.0.2\jsr305-3.0.2.jar;C:\Users\Simona\.m2\repository\org\checkerframework\checker-qual\3.5.0\checker-qual-3.5.0.jar;C:\Users\Simona\.m2\repository\com\google\errorprone\error_prone_annotations\2.3.4\error_prone_annotations-2.3.4.jar;C:\Users\Simona\.m2\repository\com\google\j2objc\j2objc-annotations\1.3\j2objc-annotations-1.3.jar;C:\Users\Simona\.m2\repository\org\slf4j\slf4j-api\1.7.30\slf4j-api-1.7.30.jar;C:\Users\Simona\.m2\repository\com\google\inject\guice\5.0.1\guice-5.0.1.jar;C:\Users\Simona\.m2\repository\javax\inject\javax.inject\1\javax.inject-1.jar;C:\Users\Simona\.m2\repository\aopalliance\aopalliance\1.0\aopalliance-1.0.jar;C:\Users\Simona\.m2\repository\org\jsoup\jsoup\1.13.1\jsoup-1.13.1.jar;C:\Users\Simona\.m2\repository\com\thoughtworks\xstream\xstream\1.4.16\xstream-1.4.16.jar;C:\Users\Simona\.m2\repository\io\github\x-stream\mxparser\1.2.1\mxparser-1.2.1.jar;C:\Users\Simona\.m2\repository\xmlpull\xmlpull\1.1.3.1\xmlpull-1.1.3.1.jar;C:\Users\Simona\.m2\repository\io\cucumber\cucumber-core\6.10.2\cucumber-core-6.10.2.jar;C:\Users\Simona\.m2\repository\io\cucumber\cucumber-gherkin\6.10.2\cucumber-gherkin-6.10.2.jar;C:\Users\Simona\.m2\repository\io\cucumber\cucumber-gherkin-messages\6.10.2\cucumber-gherkin-messages-6.10.2.jar;C:\Users\Simona\.m2\repository\io\cucumber\messages\14.0.1\messages-14.0.1.jar;C:\Users\Simona\.m2\repository\io\cucumber\tag-expressions\3.0.0\tag-expressions-3.0.0.jar;C:\Users\Simona\.m2\repository\io\cucumber\cucumber-expressions\10.3.0\cucumber-expressions-10.3.0.jar;C:\Users\Simona\.m2\repository\io\cucumber\cucumber-plugin\6.10.2\cucumber-plugin-6.10.2.jar;C:\Users\Simona\.m2\repository\io\cucumber\docstring\6.10.2\docstring-6.10.2.jar;C:\Users\Simona\.m2\repository\io\cucumber\html-formatter\12.0.0\html-formatter-12.0.0.jar;C:\Users\Simona\.m2\repository\io\cucumber\create-meta\3.0.0\create-meta-3.0.0.jar;C:\Users\Simona\.m2\repository\com\typesafe\config\1.3.1\config-1.3.1.jar;C:\Users\Simona\.m2\repository\org\imgscalr\imgscalr-lib\4.2\imgscalr-lib-4.2.jar;C:\Users\Simona\.m2\repository\org\awaitility\awaitility\4.0.3\awaitility-4.0.3.jar;C:\Users\Simona\.m2\repository\org\freemarker\freemarker\2.3.29\freemarker-2.3.29.jar;C:\Users\Simona\.m2\repository\net\sourceforge\jexcelapi\jxl\2.6.12\jxl-2.6.12.jar;C:\Users\Simona\.m2\repository\org\asciidoctor\asciidoctorj\1.5.6\asciidoctorj-1.5.6.jar;C:\Users\Simona\.m2\repository\org\jruby\jruby-complete\1.7.26\jruby-complete-1.7.26.jar;C:\Users\Simona\.m2\repository\net\bytebuddy\byte-buddy\1.10.10\byte-buddy-1.10.10.jar;C:\Users\Simona\.m2\repository\net\bytebuddy\byte-buddy-agent\1.10.10\byte-buddy-agent-1.10.10.jar;C:\Users\Simona\.m2\repository\org\objenesis\objenesis\3.1\objenesis-3.1.jar;C:\Users\Simona\.m2\repository\net\serenity-bdd\serenity-reports\2.4.24\serenity-reports-2.4.24.jar;C:\Users\Simona\.m2\repository\net\serenity-bdd\serenity-stats\2.4.24\serenity-stats-2.4.24.jar;C:\Users\Simona\.m2\repository\net\serenity-bdd\serenity-reports-configuration\2.4.24\serenity-reports-configuration-2.4.24.jar;C:\Users\Simona\.m2\repository\com\vladsch\flexmark\flexmark-all\0.34.30\flexmark-all-0.34.30.jar;C:\Users\Simona\.m2\repository\com\vladsch\flexmark\flexmark\0.34.30\flexmark-0.34.30.jar;C:\Users\Simona\.m2\repository\com\vladsch\flexmark\flexmark-ext-abbreviation\0.34.30\flexmark-ext-abbreviation-0.34.30.jar;C:\Users\Simona\.m2\repository\com\vladsch\flexmark\flexmark-ext-admonition\0.34.30\flexmark-ext-admonition-0.34.30.jar;C:\Users\Simona\.m2\repository\com\vladsch\flexmark\flexmark-ext-anchorlink\0.34.30\flexmark-ext-anchorlink-0.34.30.jar;C:\Users\Simona\.m2\repository\com\vladsch\flexmark\flexmark-ext-aside\0.34.30\flexmark-ext-aside-0.34.30.jar;C:\Users\Simona\.m2\repository\com\vladsch\flexmark\flexmark-ext-attributes\0.34.30\flexmark-ext-attributes-0.34.30.jar;C:\Users\Simona\.m2\repository\com\vladsch\flexmark\flexmark-ext-autolink\0.34.30\flexmark-ext-autolink-0.34.30.jar;C:\Users\Simona\.m2\repository\org\nibor\autolink\autolink\0.6.0\autolink-0.6.0.jar;C:\Users\Simona\.m2\repository\com\vladsch\flexmark\flexmark-ext-definition\0.34.30\flexmark-ext-definition-0.34.30.jar;C:\Users\Simona\.m2\repository\com\vladsch\flexmark\flexmark-ext-emoji\0.34.30\flexmark-ext-emoji-0.34.30.jar;C:\Users\Simona\.m2\repository\com\vladsch\flexmark\flexmark-ext-enumerated-reference\0.34.30\flexmark-ext-enumerated-reference-0.34.30.jar;C:\Users\Simona\.m2\repository\com\vladsch\flexmark\flexmark-ext-escaped-character\0.34.30\flexmark-ext-escaped-character-0.34.30.jar;C:\Users\Simona\.m2\repository\com\vladsch\flexmark\flexmark-ext-footnotes\0.34.30\flexmark-ext-footnotes-0.34.30.jar;C:\Users\Simona\.m2\repository\com\vladsch\flexmark\flexmark-ext-gfm-issues\0.34.30\flexmark-ext-gfm-issues-0.34.30.jar;C:\Users\Simona\.m2\repository\com\vladsch\flexmark\flexmark-ext-gfm-strikethrough\0.34.30\flexmark-ext-gfm-strikethrough-0.34.30.jar;C:\Users\Simona\.m2\repository\com\vladsch\flexmark\flexmark-ext-gfm-tables\0.34.30\flexmark-ext-gfm-tables-0.34.30.jar;C:\Users\Simona\.m2\repository\com\vladsch\flexmark\flexmark-ext-gfm-tasklist\0.34.30\flexmark-ext-gfm-tasklist-0.34.30.jar;C:\Users\Simona\.m2\repository\com\vladsch\flexmark\flexmark-ext-gfm-users\0.34.30\flexmark-ext-gfm-users-0.34.30.jar;C:\Users\Simona\.m2\repository\com\vladsch\flexmark\flexmark-ext-gitlab\0.34.30\flexmark-ext-gitlab-0.34.30.jar;C:\Users\Simona\.m2\repository\com\vladsch\flexmark\flexmark-ext-jekyll-front-matter\0.34.30\flexmark-ext-jekyll-front-matter-0.34.30.jar;C:\Users\Simona\.m2\repository\com\vladsch\flexmark\flexmark-ext-jekyll-tag\0.34.30\flexmark-ext-jekyll-tag-0.34.30.jar;C:\Users\Simona\.m2\repository\com\vladsch\flexmark\flexmark-ext-media-tags\0.34.30\flexmark-ext-media-tags-0.34.30.jar;C:\Users\Simona\.m2\repository\com\vladsch\flexmark\flexmark-test-util\0.34.30\flexmark-test-util-0.34.30.jar;C:\Users\Simona\.m2\repository\com\vladsch\flexmark\flexmark-ext-ins\0.34.30\flexmark-ext-ins-0.34.30.jar;C:\Users\Simona\.m2\repository\com\vladsch\flexmark\flexmark-ext-xwiki-macros\0.34.30\flexmark-ext-xwiki-macros-0.34.30.jar;C:\Users\Simona\.m2\repository\com\vladsch\flexmark\flexmark-ext-superscript\0.34.30\flexmark-ext-superscript-0.34.30.jar;C:\Users\Simona\.m2\repository\com\vladsch\flexmark\flexmark-ext-tables\0.34.30\flexmark-ext-tables-0.34.30.jar;C:\Users\Simona\.m2\repository\com\vladsch\flexmark\flexmark-ext-toc\0.34.30\flexmark-ext-toc-0.34.30.jar;C:\Users\Simona\.m2\repository\com\vladsch\flexmark\flexmark-ext-typographic\0.34.30\flexmark-ext-typographic-0.34.30.jar;C:\Users\Simona\.m2\repository\com\vladsch\flexmark\flexmark-ext-wikilink\0.34.30\flexmark-ext-wikilink-0.34.30.jar;C:\Users\Simona\.m2\repository\com\vladsch\flexmark\flexmark-ext-yaml-front-matter\0.34.30\flexmark-ext-yaml-front-matter-0.34.30.jar;C:\Users\Simona\.m2\repository\com\vladsch\flexmark\flexmark-ext-youtube-embedded\0.34.30\flexmark-ext-youtube-embedded-0.34.30.jar;C:\Users\Simona\.m2\repository\com\vladsch\flexmark\flexmark-formatter\0.34.30\flexmark-formatter-0.34.30.jar;C:\Users\Simona\.m2\repository\com\vladsch\flexmark\flexmark-html-parser\0.34.30\flexmark-html-parser-0.34.30.jar;C:\Users\Simona\.m2\repository\com\vladsch\flexmark\flexmark-jira-converter\0.34.30\flexmark-jira-converter-0.34.30.jar;C:\Users\Simona\.m2\repository\com\vladsch\flexmark\flexmark-pdf-converter\0.34.30\flexmark-pdf-converter-0.34.30.jar;C:\Users\Simona\.m2\repository\com\openhtmltopdf\openhtmltopdf-core\0.0.1-RC13\openhtmltopdf-core-0.0.1-RC13.jar;C:\Users\Simona\.m2\repository\com\openhtmltopdf\openhtmltopdf-pdfbox\0.0.1-RC13\openhtmltopdf-pdfbox-0.0.1-RC13.jar;C:\Users\Simona\.m2\repository\org\apache\pdfbox\pdfbox\2.0.8\pdfbox-2.0.8.jar;C:\Users\Simona\.m2\repository\org\apache\pdfbox\fontbox\2.0.8\fontbox-2.0.8.jar;C:\Users\Simona\.m2\repository\org\apache\pdfbox\xmpbox\2.0.8\xmpbox-2.0.8.jar;C:\Users\Simona\.m2\repository\de\rototor\pdfbox\graphics2d\0.12\graphics2d-0.12.jar;C:\Users\Simona\.m2\repository\com\openhtmltopdf\openhtmltopdf-rtl-support\0.0.1-RC13\openhtmltopdf-rtl-support-0.0.1-RC13.jar;C:\Users\Simona\.m2\repository\com\ibm\icu\icu4j\59.1\icu4j-59.1.jar;C:\Users\Simona\.m2\repository\com\openhtmltopdf\openhtmltopdf-jsoup-dom-converter\0.0.1-RC13\openhtmltopdf-jsoup-dom-converter-0.0.1-RC13.jar;C:\Users\Simona\.m2\repository\com\vladsch\flexmark\flexmark-profile-pegdown\0.34.30\flexmark-profile-pegdown-0.34.30.jar;C:\Users\Simona\.m2\repository\com\vladsch\flexmark\flexmark-util\0.34.30\flexmark-util-0.34.30.jar;C:\Users\Simona\.m2\repository\com\vladsch\flexmark\flexmark-youtrack-converter\0.34.30\flexmark-youtrack-converter-0.34.30.jar;C:\Users\Simona\.m2\repository\es\nitaur\markdown\txtmark\0.16\txtmark-0.16.jar;C:\Users\Simona\.m2\repository\net\serenity-bdd\serenity-report-resources\2.4.24\serenity-report-resources-2.4.24.jar;C:\Users\Simona\.m2\repository\com\google\code\gson\gson\2.8.6\gson-2.8.6.jar;C:\Users\Simona\.m2\repository\commons-codec\commons-codec\1.15\commons-codec-1.15.jar;C:\Users\Simona\.m2\repository\commons-io\commons-io\2.8.0\commons-io-2.8.0.jar;C:\Users\Simona\.m2\repository\org\seleniumhq\selenium\selenium-server\3.141.59\selenium-server-3.141.59.jar;C:\Users\Simona\.m2\repository\org\seleniumhq\selenium\selenium-opera-driver\3.141.59\selenium-opera-driver-3.141.59.jar;C:\Users\Simona\.m2\repository\org\seleniumhq\selenium\selenium-remote-driver\3.141.59\selenium-remote-driver-3.141.59.jar;C:\Users\Simona\.m2\repository\org\seleniumhq\selenium\selenium-safari-driver\3.141.59\selenium-safari-driver-3.141.59.jar;C:\Users\Simona\.m2\repository\com\beust\jcommander\1.72\jcommander-1.72.jar;C:\Users\Simona\.m2\repository\org\apache\commons\commons-exec\1.3\commons-exec-1.3.jar;C:\Users\Simona\.m2\repository\net\jcip\jcip-annotations\1.0\jcip-annotations-1.0.jar;C:\Users\Simona\.m2\repository\org\seleniumhq\selenium\jetty-repacked\9.4.12.v20180830\jetty-repacked-9.4.12.v20180830.jar;C:\Users\Simona\.m2\repository\com\squareup\okhttp3\okhttp\3.11.0\okhttp-3.11.0.jar;C:\Users\Simona\.m2\repository\com\squareup\okio\okio\1.14.0\okio-1.14.0.jar;C:\Users\Simona\.m2\repository\javax\servlet\javax.servlet-api\3.1.0\javax.servlet-api-3.1.0.jar;C:\Users\Simona\.m2\repository\org\yaml\snakeyaml\1.19\snakeyaml-1.19.jar;C:\Users\Simona\.m2\repository\org\seleniumhq\selenium\selenium-java\3.141.59\selenium-java-3.141.59.jar;C:\Users\Simona\.m2\repository\org\seleniumhq\selenium\selenium-api\3.141.59\selenium-api-3.141.59.jar;C:\Users\Simona\.m2\repository\org\seleniumhq\selenium\selenium-support\3.141.59\selenium-support-3.141.59.jar;C:\Users\Simona\.m2\repository\org\seleniumhq\selenium\selenium-chrome-driver\3.141.59\selenium-chrome-driver-3.141.59.jar;C:\Users\Simona\.m2\repository\org\seleniumhq\selenium\selenium-firefox-driver\3.141.59\selenium-firefox-driver-3.141.59.jar;C:\Users\Simona\.m2\repository\org\seleniumhq\selenium\selenium-edge-driver\3.141.59\selenium-edge-driver-3.141.59.jar;C:\Users\Simona\.m2\repository\org\seleniumhq\selenium\selenium-ie-driver\3.141.59\selenium-ie-driver-3.141.59.jar;C:\Users\Simona\.m2\repository\net\sourceforge\htmlunit\htmlunit\2.47.1\htmlunit-2.47.1.jar;C:\Users\Simona\.m2\repository\xalan\xalan\2.7.2\xalan-2.7.2.jar;C:\Users\Simona\.m2\repository\xalan\serializer\2.7.2\serializer-2.7.2.jar;C:\Users\Simona\.m2\repository\org\apache\httpcomponents\httpmime\4.5.13\httpmime-4.5.13.jar;C:\Users\Simona\.m2\repository\org\apache\httpcomponents\httpclient\4.5.13\httpclient-4.5.13.jar;C:\Users\Simona\.m2\repository\org\apache\httpcomponents\httpcore\4.4.13\httpcore-4.4.13.jar;C:\Users\Simona\.m2\repository\net\sourceforge\htmlunit\htmlunit-core-js\2.47.0\htmlunit-core-js-2.47.0.jar;C:\Users\Simona\.m2\repository\net\sourceforge\htmlunit\neko-htmlunit\2.47.1\neko-htmlunit-2.47.1.jar;C:\Users\Simona\.m2\repository\xerces\xercesImpl\2.12.0\xercesImpl-2.12.0.jar;C:\Users\Simona\.m2\repository\xml-apis\xml-apis\1.4.01\xml-apis-1.4.01.jar;C:\Users\Simona\.m2\repository\net\sourceforge\htmlunit\htmlunit-cssparser\1.7.0\htmlunit-cssparser-1.7.0.jar;C:\Users\Simona\.m2\repository\org\brotli\dec\0.1.2\dec-0.1.2.jar;C:\Users\Simona\.m2\repository\com\shapesecurity\salvation2\3.0.0\salvation2-3.0.0.jar;C:\Users\Simona\.m2\repository\org\eclipse\jetty\websocket\websocket-client\9.4.36.v20210114\websocket-client-9.4.36.v20210114.jar;C:\Users\Simona\.m2\repository\org\eclipse\jetty\jetty-client\9.4.36.v20210114\jetty-client-9.4.36.v20210114.jar;C:\Users\Simona\.m2\repository\org\eclipse\jetty\jetty-http\9.4.36.v20210114\jetty-http-9.4.36.v20210114.jar;C:\Users\Simona\.m2\repository\org\eclipse\jetty\jetty-util\9.4.36.v20210114\jetty-util-9.4.36.v20210114.jar;C:\Users\Simona\.m2\repository\org\eclipse\jetty\jetty-io\9.4.36.v20210114\jetty-io-9.4.36.v20210114.jar;C:\Users\Simona\.m2\repository\org\eclipse\jetty\websocket\websocket-common\9.4.36.v20210114\websocket-common-9.4.36.v20210114.jar;C:\Users\Simona\.m2\repository\org\eclipse\jetty\websocket\websocket-api\9.4.36.v20210114\websocket-api-9.4.36.v20210114.jar;C:\Users\Simona\.m2\repository\org\seleniumhq\selenium\htmlunit-driver\2.47.1\htmlunit-driver-2.47.1.jar;C:\Users\Simona\.m2\repository\com\codeborne\phantomjsdriver\1.4.4\phantomjsdriver-1.4.4.jar;C:\Users\Simona\.m2\repository\io\appium\java-client\7.5.1\java-client-7.5.1.jar;C:\Users\Simona\.m2\repository\commons-validator\commons-validator\1.7\commons-validator-1.7.jar;C:\Users\Simona\.m2\repository\commons-digester\commons-digester\2.1\commons-digester-2.1.jar;C:\Users\Simona\.m2\repository\org\aspectj\aspectjweaver\1.9.6\aspectjweaver-1.9.6.jar;C:\Users\Simona\.m2\repository\org\codehaus\groovy\groovy\3.0.8\groovy-3.0.8.jar;C:\Users\Simona\.m2\repository\net\sf\opencsv\opencsv\2.0\opencsv-2.0.jar;C:\Users\Simona\.m2\repository\commons-beanutils\commons-beanutils\1.9.4\commons-beanutils-1.9.4.jar;C:\Users\Simona\.m2\repository\org\apache\commons\commons-lang3\3.11\commons-lang3-3.11.jar;C:\Users\Simona\.m2\repository\commons-collections\commons-collections\3.2.2\commons-collections-3.2.2.jar;C:\Users\Simona\.m2\repository\org\fluentlenium\fluentlenium-core\0.10.2\fluentlenium-core-0.10.2.jar;C:\Users\Simona\.m2\repository\io\github\bonigarcia\webdrivermanager\4.4.1\webdrivermanager-4.4.1.jar;C:\Users\Simona\.m2\repository\org\apache\httpcomponents\client5\httpclient5\5.0.3\httpclient5-5.0.3.jar;C:\Users\Simona\.m2\repository\org\apache\httpcomponents\core5\httpcore5\5.0.2\httpcore5-5.0.2.jar;C:\Users\Simona\.m2\repository\org\apache\httpcomponents\core5\httpcore5-h2\5.0.2\httpcore5-h2-5.0.2.jar;C:\Users\Simona\.m2\repository\org\rauschig\jarchivelib\1.1.0\jarchivelib-1.1.0.jar;C:\Users\Simona\.m2\repository\org\apache\commons\commons-compress\1.20\commons-compress-1.20.jar;C:\Users\Simona\.m2\repository\com\jhlabs\filters\2.0.235\filters-2.0.235.jar;C:\Users\Simona\.m2\repository\com\assertthat\selenium-shutterbug\1.4\selenium-shutterbug-1.4.jar;C:\Users\Simona\.m2\repository\com\github\zafarkhaja\java-semver\0.9.0\java-semver-0.9.0.jar;C:\Users\Simona\.m2\repository\ru\yandex\qatools\ashot\ashot\1.5.4\ashot-1.5.4.jar;C:\Users\Simona\.m2\repository\com\paulhammant\ngwebdriver\1.1.5\ngwebdriver-1.1.5.jar;C:\Users\Simona\.m2\repository\joda-time\joda-time\2.8.2\joda-time-2.8.2.jar;C:\Users\Simona\.m2\repository\org\hamcrest\hamcrest\2.2\hamcrest-2.2.jar;C:\Users\Simona\.m2\repository\com\google\jimfs\jimfs\1.1\jimfs-1.1.jar;C:\Users\Simona\.m2\repository\org\mockito\mockito-core\3.3.3\mockito-core-3.3.3.jar;C:\Users\Simona\.m2\repository\javax\xml\bind\jaxb-api\2.3.1\jaxb-api-2.3.1.jar;C:\Users\Simona\.m2\repository\javax\activation\javax.activation-api\1.2.0\javax.activation-api-1.2.0.jar;C:\Users\Simona\.m2\repository\com\sun\xml\bind\jaxb-core\2.3.0.1\jaxb-core-2.3.0.1.jar;C:\Users\Simona\.m2\repository\com\sun\xml\bind\jaxb-impl\2.3.3\jaxb-impl-2.3.3.jar;C:\Users\Simona\.m2\repository\jakarta\xml\bind\jakarta.xml.bind-api\2.3.3\jakarta.xml.bind-api-2.3.3.jar;C:\Users\Simona\.m2\repository\com\sun\activation\jakarta.activation\1.2.2\jakarta.activation-1.2.2.jar;C:\Users\Simona\.m2\repository\javax\activation\activation\1.1.1\activation-1.1.1.jar;C:\Users\Simona\.m2\repository\net\serenity-bdd\serenity-cucumber6\2.4.24\serenity-cucumber6-2.4.24.jar;C:\Users\Simona\.m2\repository\io\cucumber\cucumber-java\6.10.2\cucumber-java-6.10.2.jar;C:\Users\Simona\.m2\repository\org\apiguardian\apiguardian-api\1.1.1\apiguardian-api-1.1.1.jar;C:\Users\Simona\.m2\repository\io\cucumber\cucumber-junit\6.10.2\cucumber-junit-6.10.2.jar;C:\Users\Simona\.m2\repository\io\cucumber\datatable-matchers\3.4.0\datatable-matchers-3.4.0.jar;C:\Users\Simona\.m2\repository\io\cucumber\datatable\3.4.0\datatable-3.4.0.jar;C:\Users\Simona\.m2\repository\commons-logging\commons-logging\1.2\commons-logging-1.2.jar;C:\Users\Simona\.m2\repository\org\apache\commons\commons-csv\1.5\commons-csv-1.5.jar;C:\Users\Simona\.m2\repository\net\serenity-bdd\serenity-screenplay\2.4.24\serenity-screenplay-2.4.24.jar;C:\Users\Simona\.m2\repository\net\serenity-bdd\serenity-screenplay-webdriver\2.4.24\serenity-screenplay-webdriver-2.4.24.jar;C:\Users\Simona\.m2\repository\net\serenity-bdd\serenity-ensure\2.4.24\serenity-ensure-2.4.24.jar;C:\Users\Simona\.m2\repository\net\serenity-bdd\serenity-junit\2.4.24\serenity-junit-2.4.24.jar;C:\Users\Simona\.m2\repository\org\jetbrains\kotlin\kotlin-stdlib\1.4.31\kotlin-stdlib-1.4.31.jar;C:\Users\Simona\.m2\repository\org\jetbrains\kotlin\kotlin-stdlib-common\1.4.31\kotlin-stdlib-common-1.4.31.jar;C:\Users\Simona\.m2\repository\org\jetbrains\annotations\13.0\annotations-13.0.jar;C:\Users\Simona\.m2\repository\junit\junit\4.13.1\junit-4.13.1.jar;C:\Users\Simona\.m2\repository\org\hamcrest\hamcrest-core\1.3\hamcrest-core-1.3.jar;C:\Users\Simona\.m2\repository\org\assertj\assertj-core\3.6.2\assertj-core-3.6.2.jar;C:\Users\Simona\.m2\repository\org\apache\maven\surefire\surefire-junit4\3.0.0-M5\surefire-junit4-3.0.0-M5.jar;C:\Users\Simona\.m2\repository\org\apache\maven\surefire\common-java5\3.0.0-M5\common-java5-3.0.0-M5.jar;C:\Users\Simona\.m2\repository\org\apache\maven\surefire\common-junit3\3.0.0-M5\common-junit3-3.0.0-M5.jar;C:\Users\Simona\.m2\repository\org\apache\maven\surefire\common-junit4\3.0.0-M5\common-junit4-3.0.0-M5.jar"/>
    <property name="user.script" value=""/>
    <property name="sun.management.compiler" value="HotSpot 64-Bit Tiered Compilers"/>
    <property name="java.runtime.version" value="15.0.2+7-27"/>
    <property name="user.name" value="Simona"/>
    <property name="path.separator" value=";"/>
    <property name="os.version" value="10.0"/>
    <property name="java.runtime.name" value="OpenJDK Runtime Environment"/>
    <property name="file.encoding" value="Cp1252"/>
    <property name="webdriver.base.url" value=""/>
    <property name="java.vm.name" value="OpenJDK 64-Bit Server VM"/>
    <property name="localRepository" value="C:\Users\Simona\.m2\repository"/>
    <property name="java.vendor.url.bug" value="https://bugreport.java.com/bugreport/"/>
    <property name="java.io.tmpdir" value="C:\Users\Simona\AppData\Local\Temp\"/>
    <property name="idea.version" value="2021.2"/>
    <property name="java.version" value="15.0.2"/>
    <property name="user.dir" value="C:\Users\Simona\Desktop\RestaurantTesting"/>
    <property name="os.arch" value="amd64"/>
    <property name="java.vm.specification.name" value="Java Virtual Machine Specification"/>
    <property name="sun.os.patch.level" value=""/>
    <property name="java.library.path" value="C:\Users\Simona\.jdks\openjdk-15.0.2\bin;C:\Windows\Sun\Java\bin;C:\Windows\system32;C:\Windows;C:\Program Files\ImageMagick-7.1.0-Q16-HDRI;C:\Program Files (x86)\Common Files\Oracle\Java\javapath;C:\Windows\system32;C:\Windows;C:\Windows\System32\Wbem;C:\Windows\System32\WindowsPowerShell\v1.0\;C:\Windows\System32\OpenSSH\;C:\Program Files\Microsoft SQL Server\130\Tools\Binn\;C:\Program Files\Microsoft SQL Server\Client SDK\ODBC\170\Tools\Binn\;C:\Program Files\Git\cmd;C:\Users\Simona\Desktop\osmosis\bin;C:\Users\Simona\Desktop\osm2pgsql\osm2pgsql-bin;C:\Program Files\PostgreSQL\13\bin;C:\Program Files\nodejs\;C:\Program Files\dotnet\;C:\Program Files (x86)\Microsoft SQL Server\150\DTS\Binn\;C:\Program Files\Azure Data Studio\bin;C:\Program Files (x86)\Microsoft SQL Server\150\Tools\Binn\;C:\Program Files\Microsoft SQL Server\150\Tools\Binn\;C:\Program Files\Microsoft SQL Server\150\DTS\Binn\;C:\Users\Simona\AppData\Local\Microsoft\WindowsApps;C:\Users\Simona\AppData\Roaming\npm;C:\Users\Simona\AppData\Local\GitHubDesktop\bin;C:\Users\Simona\.dotnet\tools;C:\Program Files\Azure Data Studio\bin;."/>
    <property name="java.vm.info" value="mixed mode"/>
    <property name="java.vendor" value="Oracle Corporation"/>
    <property name="java.vm.version" value="15.0.2+7-27"/>
    <property name="sun.io.unicode.encoding" value="UnicodeLittle"/>
    <property name="java.class.version" value="59.0"/>
  </properties>
  <testcase name="Delivery user is logged in and navigates to delivery page" classname="User with role delivery should view delivery items that are to be delivered," time="5.729">
    <system-out><![CDATA[
Scenario: Delivery user is logged in and navigates to delivery page &amp#27;[90m# src/test/resources/features/delivery/001deliveries.feature:4&amp#27;[0m
  &amp#27;[32mGiven &amp#27;[0m&amp#27;[32m&amp#27;[0m&amp#27;[32m&amp#27;[1mDelivery&amp#27;[0m&amp#27;[32m user tries to log in&amp#27;[0m                               &amp#27;[90m# starter.stepdefinitions.delivery.DeliveriesStepDefinition.checkIfLoggedIn(net.serenitybdd.screenplay.Actor)&amp#27;[0m
  &amp#27;[32mWhen &amp#27;[0m&amp#27;[32m&amp#27;[0m&amp#27;[32m&amp#27;[1mDelivery&amp#27;[0m&amp#27;[32m clicks on Deliveries button&amp#27;[0m                         &amp#27;[90m# starter.stepdefinitions.delivery.DeliveriesStepDefinition.deliveryClicksOnDeliveryButton(net.serenitybdd.screenplay.Actor)&amp#27;[0m
  &amp#27;[32mThen &amp#27;[0m&amp#27;[32mDeliveries page should be displayed&amp#27;[0m                          &amp#27;[90m# starter.stepdefinitions.delivery.DeliveriesStepDefinition.deliveriesPageIsDisplayed()&amp#27;[0m
]]></system-out>
    <system-err><![CDATA[SLF4J: Failed to load class "org.slf4j.impl.StaticLoggerBinder".
SLF4J: Defaulting to no-operation (NOP) logger implementation
SLF4J: See http://www.slf4j.org/codes.html#StaticLoggerBinder for further details.
Starting ChromeDriver 93.0.4577.63 (ff5c0da2ec0adeaed5550e6c7e98417dac77d98a-refs/branch-heads/4577@{#1135}) on port 43514
Only local connections are allowed.
Please see https://chromedriver.chromium.org/security-considerations for suggestions on keeping ChromeDriver safe.
ChromeDriver was started successfully.
Sep 15, 2021 8:41:51 PM org.openqa.selenium.remote.ProtocolHandshake createSession
INFO: Detected dialect: W3C
]]></system-err>
  </testcase>
  <testcase name="Delivery user is logged in and is on delivery page. There should be 2 deliveries (rows) in the table" classname="User with role delivery should view delivery items that are to be delivered," time="3.599">
    <system-out><![CDATA[
Scenario: Delivery user is logged in and is on delivery page. There should be 2 deliveries (rows) in the table &amp#27;[90m# src/test/resources/features/delivery/001deliveries.feature:9&amp#27;[0m
  &amp#27;[32mGiven &amp#27;[0m&amp#27;[32m&amp#27;[0m&amp#27;[32m&amp#27;[1mDelivery&amp#27;[0m&amp#27;[32m user tries to log in&amp#27;[0m                                                                          &amp#27;[90m# starter.stepdefinitions.delivery.DeliveriesStepDefinition.checkIfLoggedIn(net.serenitybdd.screenplay.Actor)&amp#27;[0m
  &amp#27;[32mWhen &amp#27;[0m&amp#27;[32m&amp#27;[0m&amp#27;[32m&amp#27;[1mDelivery&amp#27;[0m&amp#27;[32m user is on deliveries page&amp#27;[0m                                                                     &amp#27;[90m# starter.stepdefinitions.delivery.DeliveriesStepDefinition.deliveryUserOnDeliveryPage(net.serenitybdd.screenplay.Actor)&amp#27;[0m
  &amp#27;[32mThen &amp#27;[0m&amp#27;[32m&amp#27;[0m&amp#27;[32m&amp#27;[1mDelivery&amp#27;[0m&amp#27;[32m sees &amp#27;[0m&amp#27;[32m&amp#27;[1m2&amp#27;[0m&amp#27;[32m deliveries in the table&amp#27;[0m                                                                 &amp#27;[90m# starter.stepdefinitions.delivery.DeliveriesStepDefinition.countDeliveryRowsInTable(net.serenitybdd.screenplay.Actor,int)&amp#27;[0m
]]></system-out>
    <system-err><![CDATA[Starting ChromeDriver 93.0.4577.63 (ff5c0da2ec0adeaed5550e6c7e98417dac77d98a-refs/branch-heads/4577@{#1135}) on port 15480
Only local connections are allowed.
Please see https://chromedriver.chromium.org/security-considerations for suggestions on keeping ChromeDriver safe.
ChromeDriver was started successfully.
Sep 15, 2021 8:41:55 PM org.openqa.selenium.remote.ProtocolHandshake createSession
INFO: Detected dialect: W3C
]]></system-err>
  </testcase>
  <testcase name="Delivery user is logged in. For each delivery, there should be displayed" classname="User with role delivery should view delivery items that are to be delivered," time="3.633">
    <system-out><![CDATA[
Scenario: Delivery user is logged in. For each delivery, there should be displayed &amp#27;[90m# src/test/resources/features/delivery/001deliveries.feature:14&amp#27;[0m
  &amp#27;[32mGiven &amp#27;[0m&amp#27;[32m&amp#27;[0m&amp#27;[32m&amp#27;[1mDelivery&amp#27;[0m&amp#27;[32m user tries to log in&amp#27;[0m                                              &amp#27;[90m# starter.stepdefinitions.delivery.DeliveriesStepDefinition.checkIfLoggedIn(net.serenitybdd.screenplay.Actor)&amp#27;[0m
  &amp#27;[32mWhen &amp#27;[0m&amp#27;[32m&amp#27;[0m&amp#27;[32m&amp#27;[1mDelivery&amp#27;[0m&amp#27;[32m user is on deliveries page&amp#27;[0m                                         &amp#27;[90m# starter.stepdefinitions.delivery.DeliveriesStepDefinition.deliveryUserOnDeliveryPage(net.serenitybdd.screenplay.Actor)&amp#27;[0m
  &amp#27;[32mThen &amp#27;[0m&amp#27;[32m&amp#27;[0m&amp#27;[32m&amp#27;[1mDelivery&amp#27;[0m&amp#27;[32m user should see above data&amp#27;[0m                                         &amp#27;[90m# starter.stepdefinitions.delivery.DeliveriesStepDefinition.checkIfDataIsDisplayed(net.serenitybdd.screenplay.Actor)&amp#27;[0m
]]></system-out>
    <system-err><![CDATA[Starting ChromeDriver 93.0.4577.63 (ff5c0da2ec0adeaed5550e6c7e98417dac77d98a-refs/branch-heads/4577@{#1135}) on port 26164
Only local connections are allowed.
Please see https://chromedriver.chromium.org/security-considerations for suggestions on keeping ChromeDriver safe.
ChromeDriver was started successfully.
Sep 15, 2021 8:41:59 PM org.openqa.selenium.remote.ProtocolHandshake createSession
INFO: Detected dialect: W3C
]]></system-err>
  </testcase>
  <testcase name="When a delivery user is logged in and views the list of deliveries and clicks on Delivered for Customer2 address," classname="User with role delivery should view delivery items that are to be delivered," time="3.978">
    <system-out><![CDATA[
Scenario: When a delivery user is logged in and views the list of deliveries and clicks on Delivered for Customer2 address, &amp#27;[90m# src/test/resources/features/delivery/001deliveries.feature:22&amp#27;[0m
  &amp#27;[32mGiven &amp#27;[0m&amp#27;[32m&amp#27;[0m&amp#27;[32m&amp#27;[1mDelivery&amp#27;[0m&amp#27;[32m user tries to log in&amp#27;[0m                                                                                       &amp#27;[90m# starter.stepdefinitions.delivery.DeliveriesStepDefinition.checkIfLoggedIn(net.serenitybdd.screenplay.Actor)&amp#27;[0m
  &amp#27;[32mAnd &amp#27;[0m&amp#27;[32m&amp#27;[0m&amp#27;[32m&amp#27;[1mDelivery&amp#27;[0m&amp#27;[32m user is on deliveries page&amp#27;[0m                                                                                   &amp#27;[90m# starter.stepdefinitions.delivery.DeliveriesStepDefinition.deliveryUserOnDeliveryPage(net.serenitybdd.screenplay.Actor)&amp#27;[0m
  &amp#27;[32mWhen &amp#27;[0m&amp#27;[32m&amp#27;[0m&amp#27;[32m&amp#27;[1mDelivery&amp#27;[0m&amp#27;[32m user clicks on Delivered button for delivery with id 2&amp#27;[0m                                                      &amp#27;[90m# starter.stepdefinitions.delivery.DeliveriesStepDefinition.clickOnDeliveryButton(net.serenitybdd.screenplay.Actor)&amp#27;[0m
  &amp#27;[32mThen &amp#27;[0m&amp#27;[32m&amp#27;[0m&amp#27;[32m&amp#27;[1mDelivery&amp#27;[0m&amp#27;[32m should see that delivery with id 2 should be removed from the table&amp#27;[0m                                         &amp#27;[90m# starter.stepdefinitions.delivery.DeliveriesStepDefinition.removeDelivery(net.serenitybdd.screenplay.Actor)&amp#27;[0m
]]></system-out>
    <system-err><![CDATA[Starting ChromeDriver 93.0.4577.63 (ff5c0da2ec0adeaed5550e6c7e98417dac77d98a-refs/branch-heads/4577@{#1135}) on port 23144
Only local connections are allowed.
Please see https://chromedriver.chromium.org/security-considerations for suggestions on keeping ChromeDriver safe.
ChromeDriver was started successfully.
Sep 15, 2021 8:42:03 PM org.openqa.selenium.remote.ProtocolHandshake createSession
INFO: Detected dialect: W3C
]]></system-err>
  </testcase>
  <testcase name="Delivery user is logged in and is on the delivery page after clicking delivery" classname="User with role delivery should view delivery items that are to be delivered," time="3.454">
    <system-out><![CDATA[
Scenario: Delivery user is logged in and is on the delivery page after clicking delivery &amp#27;[90m# src/test/resources/features/delivery/001deliveries.feature:29&amp#27;[0m
  &amp#27;[32mGiven &amp#27;[0m&amp#27;[32m&amp#27;[0m&amp#27;[32m&amp#27;[1mDelivery&amp#27;[0m&amp#27;[32m user tries to log in&amp#27;[0m                                                    &amp#27;[90m# starter.stepdefinitions.delivery.DeliveriesStepDefinition.checkIfLoggedIn(net.serenitybdd.screenplay.Actor)&amp#27;[0m
  &amp#27;[32mWhen &amp#27;[0m&amp#27;[32m&amp#27;[0m&amp#27;[32m&amp#27;[1mDelivery&amp#27;[0m&amp#27;[32m user is on deliveries page&amp#27;[0m                                               &amp#27;[90m# starter.stepdefinitions.delivery.DeliveriesStepDefinition.deliveryUserOnDeliveryPage(net.serenitybdd.screenplay.Actor)&amp#27;[0m
  &amp#27;[32mThen &amp#27;[0m&amp#27;[32m&amp#27;[0m&amp#27;[32m&amp#27;[1mDelivery&amp#27;[0m&amp#27;[32m sees &amp#27;[0m&amp#27;[32m&amp#27;[1m1&amp#27;[0m&amp#27;[32m deliveries in the table&amp#27;[0m                                           &amp#27;[90m# starter.stepdefinitions.delivery.DeliveriesStepDefinition.countDeliveryRowsInTable(net.serenitybdd.screenplay.Actor,int)&amp#27;[0m
]]></system-out>
    <system-err><![CDATA[Starting ChromeDriver 93.0.4577.63 (ff5c0da2ec0adeaed5550e6c7e98417dac77d98a-refs/branch-heads/4577@{#1135}) on port 44177
Only local connections are allowed.
Please see https://chromedriver.chromium.org/security-considerations for suggestions on keeping ChromeDriver safe.
ChromeDriver was started successfully.
Sep 15, 2021 8:42:07 PM org.openqa.selenium.remote.ProtocolHandshake createSession
INFO: Detected dialect: W3C
]]></system-err>
  </testcase>
  <testcase name="Admin user is logged in and navigates to ingredients page" classname="User with role admin is logged in and manipulates with ingredients" time="3.673">
    <system-out><![CDATA[
Scenario: Admin user is logged in and navigates to ingredients page &amp#27;[90m# src/test/resources/features/ingredients/002ingredients.feature:3&amp#27;[0m
  &amp#27;[32mGiven &amp#27;[0m&amp#27;[32m&amp#27;[0m&amp#27;[32m&amp#27;[1mAdmin&amp#27;[0m&amp#27;[32m user, ROLE_ADMIN, tries to login&amp#27;[0m                      &amp#27;[90m# starter.stepdefinitions.ingredients.IngredientsStepDefinition.loginAdminUser(net.serenitybdd.screenplay.Actor)&amp#27;[0m
  &amp#27;[32mWhen &amp#27;[0m&amp#27;[32m&amp#27;[0m&amp#27;[32m&amp#27;[1mAdmin&amp#27;[0m&amp#27;[32m user opens profile page&amp#27;[0m                                &amp#27;[90m# starter.stepdefinitions.ingredients.IngredientsStepDefinition.openProfilePage(net.serenitybdd.screenplay.Actor)&amp#27;[0m
  &amp#27;[32mAnd &amp#27;[0m&amp#27;[32m&amp#27;[0m&amp#27;[32m&amp#27;[1mAdmin&amp#27;[0m&amp#27;[32m user clicks on ingredients button&amp#27;[0m                       &amp#27;[90m# starter.stepdefinitions.ingredients.IngredientsStepDefinition.adminClicksOnIngredientButton(net.serenitybdd.screenplay.Actor)&amp#27;[0m
  &amp#27;[32mThen &amp#27;[0m&amp#27;[32m&amp#27;[0m&amp#27;[32m&amp#27;[1mAdmin&amp#27;[0m&amp#27;[32m should be redirected to ingredients page&amp#27;[0m               &amp#27;[90m# starter.stepdefinitions.ingredients.IngredientsStepDefinition.actorIsRedirectedToIngredientsPage(net.serenitybdd.screenplay.Actor)&amp#27;[0m
]]></system-out>
    <system-err><![CDATA[Starting ChromeDriver 93.0.4577.63 (ff5c0da2ec0adeaed5550e6c7e98417dac77d98a-refs/branch-heads/4577@{#1135}) on port 25489
Only local connections are allowed.
Please see https://chromedriver.chromium.org/security-considerations for suggestions on keeping ChromeDriver safe.
ChromeDriver was started successfully.
Sep 15, 2021 8:42:10 PM org.openqa.selenium.remote.ProtocolHandshake createSession
INFO: Detected dialect: W3C
]]></system-err>
  </testcase>
  <testcase name="Admin user is logged in and views the list of ingredients, there should be 33 rows" classname="User with role admin is logged in and manipulates with ingredients" time="5.644">
    <system-out><![CDATA[
Scenario: Admin user is logged in and views the list of ingredients, there should be 33 rows &amp#27;[90m# src/test/resources/features/ingredients/002ingredients.feature:9&amp#27;[0m
  &amp#27;[32mGiven &amp#27;[0m&amp#27;[32m&amp#27;[0m&amp#27;[32m&amp#27;[1mAdmin&amp#27;[0m&amp#27;[32m user, ROLE_ADMIN, tries to login&amp#27;[0m                                               &amp#27;[90m# starter.stepdefinitions.ingredients.IngredientsStepDefinition.loginAdminUser(net.serenitybdd.screenplay.Actor)&amp#27;[0m
  &amp#27;[32mWhen &amp#27;[0m&amp#27;[32m&amp#27;[0m&amp#27;[32m&amp#27;[1mAdmin&amp#27;[0m&amp#27;[32m user is on ingredients page&amp#27;[0m                                                     &amp#27;[90m# starter.stepdefinitions.ingredients.IngredientsStepDefinition.adminInOnIngredientsPage(net.serenitybdd.screenplay.Actor)&amp#27;[0m
  &amp#27;[32mThen &amp#27;[0m&amp#27;[32m&amp#27;[0m&amp#27;[32m&amp#27;[1mAdmin&amp#27;[0m&amp#27;[32m user should see table with ingredients with &amp#27;[0m&amp#27;[32m&amp#27;[1m33&amp#27;[0m&amp#27;[32m rows&amp#27;[0m                             &amp#27;[90m# starter.stepdefinitions.ingredients.IngredientsStepDefinition.checkNumberOfRowsInTable(net.serenitybdd.screenplay.Actor,int)&amp#27;[0m
]]></system-out>
    <system-err><![CDATA[Starting ChromeDriver 93.0.4577.63 (ff5c0da2ec0adeaed5550e6c7e98417dac77d98a-refs/branch-heads/4577@{#1135}) on port 40312
Only local connections are allowed.
Please see https://chromedriver.chromium.org/security-considerations for suggestions on keeping ChromeDriver safe.
ChromeDriver was started successfully.
Sep 15, 2021 8:42:14 PM org.openqa.selenium.remote.ProtocolHandshake createSession
INFO: Detected dialect: W3C
]]></system-err>
  </testcase>
  <testcase name="Admin user is logged in and opens the form for adding new ingredient" classname="User with role admin is logged in and manipulates with ingredients" time="3.712">
    <system-out><![CDATA[
Scenario: Admin user is logged in and opens the form for adding new ingredient &amp#27;[90m# src/test/resources/features/ingredients/002ingredients.feature:14&amp#27;[0m
  &amp#27;[32mGiven &amp#27;[0m&amp#27;[32m&amp#27;[0m&amp#27;[32m&amp#27;[1mAdmin&amp#27;[0m&amp#27;[32m user, ROLE_ADMIN, tries to login&amp#27;[0m                                 &amp#27;[90m# starter.stepdefinitions.ingredients.IngredientsStepDefinition.loginAdminUser(net.serenitybdd.screenplay.Actor)&amp#27;[0m
  &amp#27;[32mAnd &amp#27;[0m&amp#27;[32m&amp#27;[0m&amp#27;[32m&amp#27;[1mAdmin&amp#27;[0m&amp#27;[32m user is on ingredients page&amp#27;[0m                                        &amp#27;[90m# starter.stepdefinitions.ingredients.IngredientsStepDefinition.adminInOnIngredientsPage(net.serenitybdd.screenplay.Actor)&amp#27;[0m
  &amp#27;[32mWhen &amp#27;[0m&amp#27;[32m&amp#27;[0m&amp#27;[32m&amp#27;[1mAdmin&amp#27;[0m&amp#27;[32m user clicks on add new ingredient button&amp#27;[0m                          &amp#27;[90m# starter.stepdefinitions.ingredients.IngredientsStepDefinition.adminClicksOnAddNewIngredient(net.serenitybdd.screenplay.Actor)&amp#27;[0m
  &amp#27;[32mThen &amp#27;[0m&amp#27;[32m&amp#27;[0m&amp#27;[32m&amp#27;[1mAdmin&amp#27;[0m&amp#27;[32m user should be redirected to add new ingredient page&amp#27;[0m              &amp#27;[90m# starter.stepdefinitions.ingredients.IngredientsStepDefinition.adminIsRedirectedToAddNewIngredient(net.serenitybdd.screenplay.Actor)&amp#27;[0m
]]></system-out>
    <system-err><![CDATA[Starting ChromeDriver 93.0.4577.63 (ff5c0da2ec0adeaed5550e6c7e98417dac77d98a-refs/branch-heads/4577@{#1135}) on port 43717
Only local connections are allowed.
Please see https://chromedriver.chromium.org/security-considerations for suggestions on keeping ChromeDriver safe.
ChromeDriver was started successfully.
Sep 15, 2021 8:42:19 PM org.openqa.selenium.remote.ProtocolHandshake createSession
INFO: Detected dialect: W3C
]]></system-err>
  </testcase>
  <testcase name="Admin user is logged in and adds new ingredient with name Ice cream and quantity 52, 34 rows" classname="User with role admin is logged in and manipulates with ingredients" time="5.78">
    <system-out><![CDATA[
Scenario: Admin user is logged in and adds new ingredient with name Ice cream and quantity 52, 34 rows &amp#27;[90m# src/test/resources/features/ingredients/002ingredients.feature:20&amp#27;[0m
  &amp#27;[32mGiven &amp#27;[0m&amp#27;[32m&amp#27;[0m&amp#27;[32m&amp#27;[1mAdmin&amp#27;[0m&amp#27;[32m user, ROLE_ADMIN, tries to login&amp#27;[0m                                                         &amp#27;[90m# starter.stepdefinitions.ingredients.IngredientsStepDefinition.loginAdminUser(net.serenitybdd.screenplay.Actor)&amp#27;[0m
  &amp#27;[32mAnd &amp#27;[0m&amp#27;[32m&amp#27;[0m&amp#27;[32m&amp#27;[1mAdmin&amp#27;[0m&amp#27;[32m user is on add ingredient page&amp#27;[0m                                                             &amp#27;[90m# starter.stepdefinitions.ingredients.IngredientsStepDefinition.adminIsOnAddPage(net.serenitybdd.screenplay.Actor)&amp#27;[0m
  &amp#27;[32mWhen &amp#27;[0m&amp#27;[32m&amp#27;[0m&amp#27;[32m&amp#27;[1mAdmin&amp#27;[0m&amp#27;[32m user enters &amp#27;[0m&amp#27;[32m&amp#27;[1m"Ice cream"&amp#27;[0m&amp#27;[32m and &amp#27;[0m&amp#27;[32m&amp#27;[1m"52"&amp#27;[0m&amp#27;[32m for ingredient and clicks submit&amp#27;[0m                         &amp#27;[90m# starter.stepdefinitions.ingredients.IngredientsStepDefinition.enterNameAndQuantity(net.serenitybdd.screenplay.Actor,java.lang.String,java.lang.String)&amp#27;[0m
  &amp#27;[32mThen &amp#27;[0m&amp#27;[32m&amp#27;[0m&amp#27;[32m&amp#27;[1mAdmin&amp#27;[0m&amp#27;[32m user should see table with ingredients with &amp#27;[0m&amp#27;[32m&amp#27;[1m34&amp#27;[0m&amp#27;[32m rows&amp#27;[0m                                       &amp#27;[90m# starter.stepdefinitions.ingredients.IngredientsStepDefinition.checkNumberOfRowsInTable(net.serenitybdd.screenplay.Actor,int)&amp#27;[0m
]]></system-out>
    <system-err><![CDATA[Starting ChromeDriver 93.0.4577.63 (ff5c0da2ec0adeaed5550e6c7e98417dac77d98a-refs/branch-heads/4577@{#1135}) on port 11879
Only local connections are allowed.
Please see https://chromedriver.chromium.org/security-considerations for suggestions on keeping ChromeDriver safe.
ChromeDriver was started successfully.
Sep 15, 2021 8:42:23 PM org.openqa.selenium.remote.ProtocolHandshake createSession
INFO: Detected dialect: W3C
]]></system-err>
  </testcase>
  <testcase name="Admin user is logged in and opens the form for editing Fish ingredient, so name field should" classname="User with role admin is logged in and manipulates with ingredients" time="3.711">
    <system-out><![CDATA[
Scenario: Admin user is logged in and opens the form for editing Fish ingredient, so name field should &amp#27;[90m# src/test/resources/features/ingredients/002ingredients.feature:26&amp#27;[0m
  &amp#27;[32mGiven &amp#27;[0m&amp#27;[32m&amp#27;[0m&amp#27;[32m&amp#27;[1mAdmin&amp#27;[0m&amp#27;[32m user, ROLE_ADMIN, tries to login&amp#27;[0m                                                         &amp#27;[90m# starter.stepdefinitions.ingredients.IngredientsStepDefinition.loginAdminUser(net.serenitybdd.screenplay.Actor)&amp#27;[0m
  &amp#27;[32mAnd &amp#27;[0m&amp#27;[32m&amp#27;[0m&amp#27;[32m&amp#27;[1mAdmin&amp#27;[0m&amp#27;[32m user is on ingredients page&amp#27;[0m                                                                &amp#27;[90m# starter.stepdefinitions.ingredients.IngredientsStepDefinition.adminInOnIngredientsPage(net.serenitybdd.screenplay.Actor)&amp#27;[0m
  &amp#27;[32mWhen &amp#27;[0m&amp#27;[32m&amp#27;[0m&amp#27;[32m&amp#27;[1mAdmin&amp#27;[0m&amp#27;[32m clicks on Edit button for Fish with id 30&amp#27;[0m                                                 &amp#27;[90m# starter.stepdefinitions.ingredients.IngredientsStepDefinition.adminClicksEditButton(net.serenitybdd.screenplay.Actor)&amp#27;[0m
  &amp#27;[32mThen &amp#27;[0m&amp#27;[32m&amp#27;[0m&amp#27;[32m&amp#27;[1mAdmin&amp#27;[0m&amp#27;[32m should be redirected to Edit page for ingredient&amp#27;[0m                                          &amp#27;[90m# starter.stepdefinitions.ingredients.IngredientsStepDefinition.adminIsRedirectedToEditPage(net.serenitybdd.screenplay.Actor)&amp#27;[0m
  &amp#27;[32mAnd &amp#27;[0m&amp#27;[32m&amp#27;[0m&amp#27;[32m&amp#27;[1mAdmin&amp#27;[0m&amp#27;[32m should see that name field has value &amp#27;[0m&amp#27;[32m&amp#27;[1m"Fish"&amp#27;[0m&amp#27;[32m and quantity field has value &amp#27;[0m&amp#27;[32m&amp#27;[1m"23"&amp#27;[0m              &amp#27;[90m# starter.stepdefinitions.ingredients.IngredientsStepDefinition.adminShouldSeeValuesBeforeEdit(net.serenitybdd.screenplay.Actor,java.lang.String,java.lang.String)&amp#27;[0m
]]></system-out>
    <system-err><![CDATA[Starting ChromeDriver 93.0.4577.63 (ff5c0da2ec0adeaed5550e6c7e98417dac77d98a-refs/branch-heads/4577@{#1135}) on port 24638
Only local connections are allowed.
Please see https://chromedriver.chromium.org/security-considerations for suggestions on keeping ChromeDriver safe.
ChromeDriver was started successfully.
Sep 15, 2021 8:42:29 PM org.openqa.selenium.remote.ProtocolHandshake createSession
INFO: Detected dialect: W3C
]]></system-err>
  </testcase>
  <testcase name="Admin user is logged in and edits Fish ingredient with name EditedFish" classname="User with role admin is logged in and manipulates with ingredients" time="3.842">
    <system-out><![CDATA[
Scenario: Admin user is logged in and edits Fish ingredient with name EditedFish     &amp#27;[90m# src/test/resources/features/ingredients/002ingredients.feature:34&amp#27;[0m
  &amp#27;[32mGiven &amp#27;[0m&amp#27;[32m&amp#27;[0m&amp#27;[32m&amp#27;[1mAdmin&amp#27;[0m&amp#27;[32m user, ROLE_ADMIN, tries to login&amp#27;[0m                                       &amp#27;[90m# starter.stepdefinitions.ingredients.IngredientsStepDefinition.loginAdminUser(net.serenitybdd.screenplay.Actor)&amp#27;[0m
  &amp#27;[32mAnd &amp#27;[0m&amp#27;[32m&amp#27;[0m&amp#27;[32m&amp#27;[1mAdmin&amp#27;[0m&amp#27;[32m user is on ingredients page&amp#27;[0m                                              &amp#27;[90m# starter.stepdefinitions.ingredients.IngredientsStepDefinition.adminInOnIngredientsPage(net.serenitybdd.screenplay.Actor)&amp#27;[0m
  &amp#27;[32mAnd &amp#27;[0m&amp#27;[32m&amp#27;[0m&amp#27;[32m&amp#27;[1mAdmin&amp#27;[0m&amp#27;[32m clicks on Edit button for Fish with id 30&amp#27;[0m                                &amp#27;[90m# starter.stepdefinitions.ingredients.IngredientsStepDefinition.adminClicksEditButton(net.serenitybdd.screenplay.Actor)&amp#27;[0m
  &amp#27;[32mWhen &amp#27;[0m&amp#27;[32m&amp#27;[0m&amp#27;[32m&amp#27;[1mAdmin&amp#27;[0m&amp#27;[32m enters &amp#27;[0m&amp#27;[32m&amp#27;[1m"EditedFish"&amp#27;[0m&amp#27;[32m in name field for edit ingredient and clicks submit&amp#27;[0m &amp#27;[90m# starter.stepdefinitions.ingredients.IngredientsStepDefinition.adminEntersEditedName(net.serenitybdd.screenplay.Actor,java.lang.String)&amp#27;[0m
  &amp#27;[32mThen &amp#27;[0m&amp#27;[32m&amp#27;[0m&amp#27;[32m&amp#27;[1mAdmin&amp#27;[0m&amp#27;[32m should be redirected to ingredients page&amp#27;[0m                                &amp#27;[90m# starter.stepdefinitions.ingredients.IngredientsStepDefinition.actorIsRedirectedToIngredientsPage(net.serenitybdd.screenplay.Actor)&amp#27;[0m
  &amp#27;[32mAnd &amp#27;[0m&amp#27;[32m&amp#27;[0m&amp#27;[32m&amp#27;[1mAdmin&amp#27;[0m&amp#27;[32m should see row with name column &amp#27;[0m&amp#27;[32m&amp#27;[1m"EditedFish"&amp#27;[0m&amp#27;[32m and quantity &amp#27;[0m&amp#27;[32m&amp#27;[1m"23"&amp#27;[0m           &amp#27;[90m# starter.stepdefinitions.ingredients.IngredientsStepDefinition.adminSeesQuantityFieldForFish(net.serenitybdd.screenplay.Actor,java.lang.String,java.lang.String)&amp#27;[0m
]]></system-out>
    <system-err><![CDATA[Starting ChromeDriver 93.0.4577.63 (ff5c0da2ec0adeaed5550e6c7e98417dac77d98a-refs/branch-heads/4577@{#1135}) on port 27850
Only local connections are allowed.
Please see https://chromedriver.chromium.org/security-considerations for suggestions on keeping ChromeDriver safe.
ChromeDriver was started successfully.
Sep 15, 2021 8:42:33 PM org.openqa.selenium.remote.ProtocolHandshake createSession
INFO: Detected dialect: W3C
]]></system-err>
  </testcase>
  <testcase name="Admin user is logged in and edits Fish ingredient with quantity 55" classname="User with role admin is logged in and manipulates with ingredients" time="3.87">
    <system-out><![CDATA[
Scenario: Admin user is logged in and edits Fish ingredient with quantity 55     &amp#27;[90m# src/test/resources/features/ingredients/002ingredients.feature:42&amp#27;[0m
  &amp#27;[32mGiven &amp#27;[0m&amp#27;[32m&amp#27;[0m&amp#27;[32m&amp#27;[1mAdmin&amp#27;[0m&amp#27;[32m user, ROLE_ADMIN, tries to login&amp#27;[0m                                   &amp#27;[90m# starter.stepdefinitions.ingredients.IngredientsStepDefinition.loginAdminUser(net.serenitybdd.screenplay.Actor)&amp#27;[0m
  &amp#27;[32mAnd &amp#27;[0m&amp#27;[32m&amp#27;[0m&amp#27;[32m&amp#27;[1mAdmin&amp#27;[0m&amp#27;[32m user is on ingredients page&amp#27;[0m                                          &amp#27;[90m# starter.stepdefinitions.ingredients.IngredientsStepDefinition.adminInOnIngredientsPage(net.serenitybdd.screenplay.Actor)&amp#27;[0m
  &amp#27;[32mAnd &amp#27;[0m&amp#27;[32m&amp#27;[0m&amp#27;[32m&amp#27;[1mAdmin&amp#27;[0m&amp#27;[32m clicks on Edit button for Fish with id 30&amp#27;[0m                            &amp#27;[90m# starter.stepdefinitions.ingredients.IngredientsStepDefinition.adminClicksEditButton(net.serenitybdd.screenplay.Actor)&amp#27;[0m
  &amp#27;[32mWhen &amp#27;[0m&amp#27;[32m&amp#27;[0m&amp#27;[32m&amp#27;[1mAdmin&amp#27;[0m&amp#27;[32m enters &amp#27;[0m&amp#27;[32m&amp#27;[1m"55"&amp#27;[0m&amp#27;[32m in quantity field for edit ingredient and clicks submit&amp#27;[0m &amp#27;[90m# starter.stepdefinitions.ingredients.IngredientsStepDefinition.adminEnterEditedQuantity(net.serenitybdd.screenplay.Actor,java.lang.String)&amp#27;[0m
  &amp#27;[32mThen &amp#27;[0m&amp#27;[32m&amp#27;[0m&amp#27;[32m&amp#27;[1mAdmin&amp#27;[0m&amp#27;[32m should be redirected to ingredients page&amp#27;[0m                            &amp#27;[90m# starter.stepdefinitions.ingredients.IngredientsStepDefinition.actorIsRedirectedToIngredientsPage(net.serenitybdd.screenplay.Actor)&amp#27;[0m
  &amp#27;[32mAnd &amp#27;[0m&amp#27;[32m&amp#27;[0m&amp#27;[32m&amp#27;[1mAdmin&amp#27;[0m&amp#27;[32m should see row with name column &amp#27;[0m&amp#27;[32m&amp#27;[1m"EditedFish"&amp#27;[0m&amp#27;[32m and quantity &amp#27;[0m&amp#27;[32m&amp#27;[1m"55"&amp#27;[0m       &amp#27;[90m# starter.stepdefinitions.ingredients.IngredientsStepDefinition.adminSeesQuantityFieldForFish(net.serenitybdd.screenplay.Actor,java.lang.String,java.lang.String)&amp#27;[0m
]]></system-out>
    <system-err><![CDATA[Starting ChromeDriver 93.0.4577.63 (ff5c0da2ec0adeaed5550e6c7e98417dac77d98a-refs/branch-heads/4577@{#1135}) on port 2212
Only local connections are allowed.
Please see https://chromedriver.chromium.org/security-considerations for suggestions on keeping ChromeDriver safe.
ChromeDriver was started successfully.
Sep 15, 2021 8:42:36 PM org.openqa.selenium.remote.ProtocolHandshake createSession
INFO: Detected dialect: W3C
]]></system-err>
  </testcase>
  <testcase name="Admin user is logged in deletes Carrot ingredient with id 11, 33 rows" classname="User with role admin is logged in and manipulates with ingredients" time="7.607">
    <system-out><![CDATA[
Scenario: Admin user is logged in deletes Carrot ingredient with id 11, 33 rows &amp#27;[90m# src/test/resources/features/ingredients/002ingredients.feature:50&amp#27;[0m
  &amp#27;[32mGiven &amp#27;[0m&amp#27;[32m&amp#27;[0m&amp#27;[32m&amp#27;[1mAdmin&amp#27;[0m&amp#27;[32m user, ROLE_ADMIN, tries to login&amp#27;[0m                                  &amp#27;[90m# starter.stepdefinitions.ingredients.IngredientsStepDefinition.loginAdminUser(net.serenitybdd.screenplay.Actor)&amp#27;[0m
  &amp#27;[32mAnd &amp#27;[0m&amp#27;[32m&amp#27;[0m&amp#27;[32m&amp#27;[1mAdmin&amp#27;[0m&amp#27;[32m user is on ingredients page&amp#27;[0m                                         &amp#27;[90m# starter.stepdefinitions.ingredients.IngredientsStepDefinition.adminInOnIngredientsPage(net.serenitybdd.screenplay.Actor)&amp#27;[0m
  &amp#27;[32mWhen &amp#27;[0m&amp#27;[32m&amp#27;[0m&amp#27;[32m&amp#27;[1mAdmin&amp#27;[0m&amp#27;[32m clicks on Delete button for Carrot ingredient with id 11&amp#27;[0m           &amp#27;[90m# starter.stepdefinitions.ingredients.IngredientsStepDefinition.actorDeletesCarrotIngredient(net.serenitybdd.screenplay.Actor)&amp#27;[0m
  &amp#27;[32mThen &amp#27;[0m&amp#27;[32m&amp#27;[0m&amp#27;[32m&amp#27;[1mAdmin&amp#27;[0m&amp#27;[32m user should see table with ingredients with &amp#27;[0m&amp#27;[32m&amp#27;[1m33&amp#27;[0m&amp#27;[32m rows&amp#27;[0m                &amp#27;[90m# starter.stepdefinitions.ingredients.IngredientsStepDefinition.checkNumberOfRowsInTable(net.serenitybdd.screenplay.Actor,int)&amp#27;[0m
]]></system-out>
    <system-err><![CDATA[Starting ChromeDriver 93.0.4577.63 (ff5c0da2ec0adeaed5550e6c7e98417dac77d98a-refs/branch-heads/4577@{#1135}) on port 35640
Only local connections are allowed.
Please see https://chromedriver.chromium.org/security-considerations for suggestions on keeping ChromeDriver safe.
ChromeDriver was started successfully.
Sep 15, 2021 8:42:40 PM org.openqa.selenium.remote.ProtocolHandshake createSession
INFO: Detected dialect: W3C
]]></system-err>
  </testcase>
  <testcase name="Admin user is logged in and navigates to meal categories page" classname="User with role admin is logged in and manipulates with meal categories" time="3.611">
    <system-out><![CDATA[
Scenario: Admin user is logged in and navigates to meal categories page &amp#27;[90m# src/test/resources/features/mealCategories/003mealCategories.feature:3&amp#27;[0m
  &amp#27;[32mGiven &amp#27;[0m&amp#27;[32m&amp#27;[0m&amp#27;[32m&amp#27;[1mAdmin&amp#27;[0m&amp#27;[32m user, ROLE_ADMIN, tries to login&amp#27;[0m                          &amp#27;[90m# starter.stepdefinitions.ingredients.IngredientsStepDefinition.loginAdminUser(net.serenitybdd.screenplay.Actor)&amp#27;[0m
  &amp#27;[32mWhen &amp#27;[0m&amp#27;[32m&amp#27;[0m&amp#27;[32m&amp#27;[1mAdmin&amp#27;[0m&amp#27;[32m user opens profile page&amp#27;[0m                                    &amp#27;[90m# starter.stepdefinitions.ingredients.IngredientsStepDefinition.openProfilePage(net.serenitybdd.screenplay.Actor)&amp#27;[0m
  &amp#27;[32mAnd &amp#27;[0m&amp#27;[32m&amp#27;[0m&amp#27;[32m&amp#27;[1mAdmin&amp#27;[0m&amp#27;[32m user clicks on meal categories button&amp#27;[0m                       &amp#27;[90m# starter.stepdefinitions.mealCategories.MealCategoriesStepDefinition.adminClicksOnMealCategoriesButton(net.serenitybdd.screenplay.Actor)&amp#27;[0m
  &amp#27;[32mThen &amp#27;[0m&amp#27;[32m&amp#27;[0m&amp#27;[32m&amp#27;[1mAdmin&amp#27;[0m&amp#27;[32m should be redirected to meal categories page&amp#27;[0m               &amp#27;[90m# starter.stepdefinitions.mealCategories.MealCategoriesStepDefinition.adminIsRedirectedToMealCategoriesPage(net.serenitybdd.screenplay.Actor)&amp#27;[0m
]]></system-out>
    <system-err><![CDATA[Starting ChromeDriver 93.0.4577.63 (ff5c0da2ec0adeaed5550e6c7e98417dac77d98a-refs/branch-heads/4577@{#1135}) on port 32643
Only local connections are allowed.
Please see https://chromedriver.chromium.org/security-considerations for suggestions on keeping ChromeDriver safe.
ChromeDriver was started successfully.
Sep 15, 2021 8:42:48 PM org.openqa.selenium.remote.ProtocolHandshake createSession
INFO: Detected dialect: W3C
]]></system-err>
  </testcase>
  <testcase name="Admin user is logged in and views the list of meal categories, there should be 11 rows" classname="User with role admin is logged in and manipulates with meal categories" time="4.732">
    <system-out><![CDATA[
Scenario: Admin user is logged in and views the list of meal categories, there should be 11 rows &amp#27;[90m# src/test/resources/features/mealCategories/003mealCategories.feature:9&amp#27;[0m
  &amp#27;[32mGiven &amp#27;[0m&amp#27;[32m&amp#27;[0m&amp#27;[32m&amp#27;[1mAdmin&amp#27;[0m&amp#27;[32m user, ROLE_ADMIN, tries to login&amp#27;[0m                                                   &amp#27;[90m# starter.stepdefinitions.ingredients.IngredientsStepDefinition.loginAdminUser(net.serenitybdd.screenplay.Actor)&amp#27;[0m
  &amp#27;[32mWhen &amp#27;[0m&amp#27;[32m&amp#27;[0m&amp#27;[32m&amp#27;[1mAdmin&amp#27;[0m&amp#27;[32m user is on meal categories page&amp#27;[0m                                                     &amp#27;[90m# starter.stepdefinitions.mealCategories.MealCategoriesStepDefinition.adminIsOnMealCategoriesPage(net.serenitybdd.screenplay.Actor)&amp#27;[0m
  &amp#27;[32mThen &amp#27;[0m&amp#27;[32m&amp#27;[0m&amp#27;[32m&amp#27;[1mAdmin&amp#27;[0m&amp#27;[32m user should see table with meal categories with &amp#27;[0m&amp#27;[32m&amp#27;[1m11&amp#27;[0m&amp#27;[32m rows&amp#27;[0m                             &amp#27;[90m# starter.stepdefinitions.mealCategories.MealCategoriesStepDefinition.checkNumberOfRows(net.serenitybdd.screenplay.Actor,int)&amp#27;[0m
]]></system-out>
    <system-err><![CDATA[Starting ChromeDriver 93.0.4577.63 (ff5c0da2ec0adeaed5550e6c7e98417dac77d98a-refs/branch-heads/4577@{#1135}) on port 19680
Only local connections are allowed.
Please see https://chromedriver.chromium.org/security-considerations for suggestions on keeping ChromeDriver safe.
ChromeDriver was started successfully.
Sep 15, 2021 8:42:51 PM org.openqa.selenium.remote.ProtocolHandshake createSession
INFO: Detected dialect: W3C
]]></system-err>
  </testcase>
  <testcase name="Admin user is logged in and open the form for adding new meal category" classname="User with role admin is logged in and manipulates with meal categories" time="5.914">
    <system-out><![CDATA[
Scenario: Admin user is logged in and open the form for adding new meal category &amp#27;[90m# src/test/resources/features/mealCategories/003mealCategories.feature:14&amp#27;[0m
  &amp#27;[32mGiven &amp#27;[0m&amp#27;[32m&amp#27;[0m&amp#27;[32m&amp#27;[1mAdmin&amp#27;[0m&amp#27;[32m user, ROLE_ADMIN, tries to login&amp#27;[0m                                   &amp#27;[90m# starter.stepdefinitions.ingredients.IngredientsStepDefinition.loginAdminUser(net.serenitybdd.screenplay.Actor)&amp#27;[0m
  &amp#27;[32mAnd &amp#27;[0m&amp#27;[32m&amp#27;[0m&amp#27;[32m&amp#27;[1mAdmin&amp#27;[0m&amp#27;[32m user is on meal categories page&amp#27;[0m                                      &amp#27;[90m# starter.stepdefinitions.mealCategories.MealCategoriesStepDefinition.adminIsOnMealCategoriesPage(net.serenitybdd.screenplay.Actor)&amp#27;[0m
  &amp#27;[32mWhen &amp#27;[0m&amp#27;[32m&amp#27;[0m&amp#27;[32m&amp#27;[1mAdmin&amp#27;[0m&amp#27;[32m user clicks on add new meal category button&amp#27;[0m                         &amp#27;[90m# starter.stepdefinitions.mealCategories.MealCategoriesStepDefinition.adminClicksOnAddNewMealCategories(net.serenitybdd.screenplay.Actor)&amp#27;[0m
  &amp#27;[32mThen &amp#27;[0m&amp#27;[32m&amp#27;[0m&amp#27;[32m&amp#27;[1mAdmin&amp#27;[0m&amp#27;[32m user should be redirected to add new meal category page&amp#27;[0m             &amp#27;[90m# starter.stepdefinitions.mealCategories.MealCategoriesStepDefinition.adminIsRedirectedToAddNewMealCategory(net.serenitybdd.screenplay.Actor)&amp#27;[0m
]]></system-out>
    <system-err><![CDATA[Starting ChromeDriver 93.0.4577.63 (ff5c0da2ec0adeaed5550e6c7e98417dac77d98a-refs/branch-heads/4577@{#1135}) on port 40081
Only local connections are allowed.
Please see https://chromedriver.chromium.org/security-considerations for suggestions on keeping ChromeDriver safe.
ChromeDriver was started successfully.
Sep 15, 2021 8:42:56 PM org.openqa.selenium.remote.ProtocolHandshake createSession
INFO: Detected dialect: W3C
]]></system-err>
  </testcase>
  <testcase name="Admin user is logged in and adds new meal category with Name testCategory" classname="User with role admin is logged in and manipulates with meal categories" time="5.781">
    <system-out><![CDATA[
Scenario: Admin user is logged in and adds new meal category with Name testCategory                                                           &amp#27;[90m# src/test/resources/features/mealCategories/003mealCategories.feature:20&amp#27;[0m
  &amp#27;[32mGiven &amp#27;[0m&amp#27;[32m&amp#27;[0m&amp#27;[32m&amp#27;[1mAdmin&amp#27;[0m&amp#27;[32m user, ROLE_ADMIN, tries to login&amp#27;[0m                                                                                                &amp#27;[90m# starter.stepdefinitions.ingredients.IngredientsStepDefinition.loginAdminUser(net.serenitybdd.screenplay.Actor)&amp#27;[0m
  &amp#27;[32mAnd &amp#27;[0m&amp#27;[32m&amp#27;[0m&amp#27;[32m&amp#27;[1mAdmin&amp#27;[0m&amp#27;[32m user is on add new meal category page&amp#27;[0m                                                                                             &amp#27;[90m# starter.stepdefinitions.mealCategories.MealCategoriesStepDefinition.adminIsOnAddNewMealCategoryPage(net.serenitybdd.screenplay.Actor)&amp#27;[0m
  &amp#27;[32mWhen &amp#27;[0m&amp#27;[32m&amp#27;[0m&amp#27;[32m&amp#27;[1mAdmin&amp#27;[0m&amp#27;[32m user enters &amp#27;[0m&amp#27;[32m&amp#27;[1m"testCategory"&amp#27;[0m&amp#27;[32m and &amp#27;[0m&amp#27;[32m&amp#27;[1m"https://www.fitfatherproject.com/wp-content/uploads/2017/09/meal-prep-400.jpg"&amp#27;[0m&amp#27;[32m for meal category&amp#27;[0m &amp#27;[90m# starter.stepdefinitions.mealCategories.MealCategoriesStepDefinition.adminEntersValuesForMealCategory(net.serenitybdd.screenplay.Actor,java.lang.String,java.lang.String)&amp#27;[0m
  &amp#27;[32mThen &amp#27;[0m&amp#27;[32m&amp#27;[0m&amp#27;[32m&amp#27;[1mAdmin&amp#27;[0m&amp#27;[32m user should see table with meal categories with &amp#27;[0m&amp#27;[32m&amp#27;[1m12&amp#27;[0m&amp#27;[32m rows&amp#27;[0m                                                                          &amp#27;[90m# starter.stepdefinitions.mealCategories.MealCategoriesStepDefinition.checkNumberOfRows(net.serenitybdd.screenplay.Actor,int)&amp#27;[0m
]]></system-out>
    <system-err><![CDATA[Starting ChromeDriver 93.0.4577.63 (ff5c0da2ec0adeaed5550e6c7e98417dac77d98a-refs/branch-heads/4577@{#1135}) on port 38473
Only local connections are allowed.
Please see https://chromedriver.chromium.org/security-considerations for suggestions on keeping ChromeDriver safe.
ChromeDriver was started successfully.
Sep 15, 2021 8:43:02 PM org.openqa.selenium.remote.ProtocolHandshake createSession
INFO: Detected dialect: W3C
]]></system-err>
  </testcase>
  <testcase name="Admin user is logged in and opens the form for editing meal category &quot;Meal category for edit&quot;" classname="User with role admin is logged in and manipulates with meal categories" time="4.98">
    <system-out><![CDATA[
Scenario: Admin user is logged in and opens the form for editing meal category "Meal category for edit"                                                                         &amp#27;[90m# src/test/resources/features/mealCategories/003mealCategories.feature:27&amp#27;[0m
  &amp#27;[32mGiven &amp#27;[0m&amp#27;[32m&amp#27;[0m&amp#27;[32m&amp#27;[1mAdmin&amp#27;[0m&amp#27;[32m user, ROLE_ADMIN, tries to login&amp#27;[0m                                                                                                                                  &amp#27;[90m# starter.stepdefinitions.ingredients.IngredientsStepDefinition.loginAdminUser(net.serenitybdd.screenplay.Actor)&amp#27;[0m
  &amp#27;[32mAnd &amp#27;[0m&amp#27;[32m&amp#27;[0m&amp#27;[32m&amp#27;[1mAdmin&amp#27;[0m&amp#27;[32m user is on meal categories page&amp#27;[0m                                                                                                                                     &amp#27;[90m# starter.stepdefinitions.mealCategories.MealCategoriesStepDefinition.adminIsOnMealCategoriesPage(net.serenitybdd.screenplay.Actor)&amp#27;[0m
  &amp#27;[32mWhen &amp#27;[0m&amp#27;[32m&amp#27;[0m&amp#27;[32m&amp#27;[1mAdmin&amp#27;[0m&amp#27;[32m clicks on Edit button for Meal category for edit with id 10&amp#27;[0m                                                                                                        &amp#27;[90m# starter.stepdefinitions.mealCategories.MealCategoriesStepDefinition.adminClicksOnEditButton(net.serenitybdd.screenplay.Actor)&amp#27;[0m
  &amp#27;[32mThen &amp#27;[0m&amp#27;[32m&amp#27;[0m&amp#27;[32m&amp#27;[1mAdmin&amp#27;[0m&amp#27;[32m should be redirected to Edit page for meal category&amp#27;[0m                                                                                                                &amp#27;[90m# starter.stepdefinitions.mealCategories.MealCategoriesStepDefinition.adminIsRedirectedToEditPage(net.serenitybdd.screenplay.Actor)&amp#27;[0m
  &amp#27;[32mAnd &amp#27;[0m&amp#27;[32m&amp#27;[0m&amp#27;[32m&amp#27;[1mAdmin&amp#27;[0m&amp#27;[32m should see that name field has value &amp#27;[0m&amp#27;[32m&amp#27;[1m"Meal category for edit"&amp#27;[0m&amp#27;[32m and imageUrl has value &amp#27;[0m&amp#27;[32m&amp#27;[1m"https://i.pinimg.com/originals/c9/c2/b1/c9c2b12a2b325f0080a1f328a0963341.jpg"&amp#27;[0m &amp#27;[90m# starter.stepdefinitions.mealCategories.MealCategoriesStepDefinition.adminShouldSeeExistingValues(net.serenitybdd.screenplay.Actor,java.lang.String,java.lang.String)&amp#27;[0m
]]></system-out>
    <system-err><![CDATA[Starting ChromeDriver 93.0.4577.63 (ff5c0da2ec0adeaed5550e6c7e98417dac77d98a-refs/branch-heads/4577@{#1135}) on port 30485
Only local connections are allowed.
Please see https://chromedriver.chromium.org/security-considerations for suggestions on keeping ChromeDriver safe.
ChromeDriver was started successfully.
Sep 15, 2021 8:43:08 PM org.openqa.selenium.remote.ProtocolHandshake createSession
INFO: Detected dialect: W3C
]]></system-err>
  </testcase>
  <testcase name="Admin user is logged in and edits Meal category for edit meal category with name EditedMealCategory" classname="User with role admin is logged in and manipulates with meal categories" time="5.925">
    <system-out><![CDATA[
Scenario: Admin user is logged in and edits Meal category for edit meal category with name EditedMealCategory &amp#27;[90m# src/test/resources/features/mealCategories/003mealCategories.feature:36&amp#27;[0m
  &amp#27;[32mGiven &amp#27;[0m&amp#27;[32m&amp#27;[0m&amp#27;[32m&amp#27;[1mAdmin&amp#27;[0m&amp#27;[32m user, ROLE_ADMIN, tries to login&amp#27;[0m                                                                &amp#27;[90m# starter.stepdefinitions.ingredients.IngredientsStepDefinition.loginAdminUser(net.serenitybdd.screenplay.Actor)&amp#27;[0m
  &amp#27;[32mAnd &amp#27;[0m&amp#27;[32m&amp#27;[0m&amp#27;[32m&amp#27;[1mAdmin&amp#27;[0m&amp#27;[32m user is on meal categories page&amp#27;[0m                                                                   &amp#27;[90m# starter.stepdefinitions.mealCategories.MealCategoriesStepDefinition.adminIsOnMealCategoriesPage(net.serenitybdd.screenplay.Actor)&amp#27;[0m
  &amp#27;[32mAnd &amp#27;[0m&amp#27;[32m&amp#27;[0m&amp#27;[32m&amp#27;[1mAdmin&amp#27;[0m&amp#27;[32m clicks on Edit button for Meal category for edit with id 10&amp#27;[0m                                       &amp#27;[90m# starter.stepdefinitions.mealCategories.MealCategoriesStepDefinition.adminClicksOnEditButton(net.serenitybdd.screenplay.Actor)&amp#27;[0m
  &amp#27;[32mWhen &amp#27;[0m&amp#27;[32m&amp#27;[0m&amp#27;[32m&amp#27;[1mAdmin&amp#27;[0m&amp#27;[32m enters &amp#27;[0m&amp#27;[32m&amp#27;[1m"EditedMealCategory"&amp#27;[0m&amp#27;[32m in name field for edit meal category&amp#27;[0m                                 &amp#27;[90m# starter.stepdefinitions.mealCategories.MealCategoriesStepDefinition.adminEntersEditedName(net.serenitybdd.screenplay.Actor,java.lang.String)&amp#27;[0m
  &amp#27;[32mThen &amp#27;[0m&amp#27;[32m&amp#27;[0m&amp#27;[32m&amp#27;[1mAdmin&amp#27;[0m&amp#27;[32m should be redirected to meal categories page&amp#27;[0m                                                     &amp#27;[90m# starter.stepdefinitions.mealCategories.MealCategoriesStepDefinition.adminIsRedirectedToMealCategoriesPage(net.serenitybdd.screenplay.Actor)&amp#27;[0m
]]></system-out>
    <system-err><![CDATA[Starting ChromeDriver 93.0.4577.63 (ff5c0da2ec0adeaed5550e6c7e98417dac77d98a-refs/branch-heads/4577@{#1135}) on port 41898
Only local connections are allowed.
Please see https://chromedriver.chromium.org/security-considerations for suggestions on keeping ChromeDriver safe.
ChromeDriver was started successfully.
Sep 15, 2021 8:43:13 PM org.openqa.selenium.remote.ProtocolHandshake createSession
INFO: Detected dialect: W3C
]]></system-err>
  </testcase>
  <testcase name="Admin user is logged in and edits Meal category for edit meal category with imageUrl https://www.fitfatherproject.com/wp-content/uploads/2017/09/meal-prep-400.jpg" classname="User with role admin is logged in and manipulates with meal categories" time="5.542">
    <system-out><![CDATA[
Scenario: Admin user is logged in and edits Meal category for edit meal category with imageUrl https://www.fitfatherproject.com/wp-content/uploads/2017/09/meal-prep-400.jpg &amp#27;[90m# src/test/resources/features/mealCategories/003mealCategories.feature:43&amp#27;[0m
  &amp#27;[32mGiven &amp#27;[0m&amp#27;[32m&amp#27;[0m&amp#27;[32m&amp#27;[1mAdmin&amp#27;[0m&amp#27;[32m user, ROLE_ADMIN, tries to login&amp#27;[0m                                                                                                                               &amp#27;[90m# starter.stepdefinitions.ingredients.IngredientsStepDefinition.loginAdminUser(net.serenitybdd.screenplay.Actor)&amp#27;[0m
  &amp#27;[32mAnd &amp#27;[0m&amp#27;[32m&amp#27;[0m&amp#27;[32m&amp#27;[1mAdmin&amp#27;[0m&amp#27;[32m user is on meal categories page&amp#27;[0m                                                                                                                                  &amp#27;[90m# starter.stepdefinitions.mealCategories.MealCategoriesStepDefinition.adminIsOnMealCategoriesPage(net.serenitybdd.screenplay.Actor)&amp#27;[0m
  &amp#27;[32mAnd &amp#27;[0m&amp#27;[32m&amp#27;[0m&amp#27;[32m&amp#27;[1mAdmin&amp#27;[0m&amp#27;[32m clicks on Edit button for Meal category for edit with id 10&amp#27;[0m                                                                                                      &amp#27;[90m# starter.stepdefinitions.mealCategories.MealCategoriesStepDefinition.adminClicksOnEditButton(net.serenitybdd.screenplay.Actor)&amp#27;[0m
  &amp#27;[32mWhen &amp#27;[0m&amp#27;[32m&amp#27;[0m&amp#27;[32m&amp#27;[1mAdmin&amp#27;[0m&amp#27;[32m enters &amp#27;[0m&amp#27;[32m&amp#27;[1m"https://www.fitfatherproject.com/wp-content/uploads/2017/09/meal-prep-400.jpg"&amp#27;[0m&amp#27;[32m in imageUrl field for edit meal category&amp#27;[0m                                 &amp#27;[90m# starter.stepdefinitions.mealCategories.MealCategoriesStepDefinition.adminEditsImageUrl(net.serenitybdd.screenplay.Actor,java.lang.String)&amp#27;[0m
  &amp#27;[32mThen &amp#27;[0m&amp#27;[32m&amp#27;[0m&amp#27;[32m&amp#27;[1mAdmin&amp#27;[0m&amp#27;[32m should be redirected to meal categories page&amp#27;[0m                                                                                                                    &amp#27;[90m# starter.stepdefinitions.mealCategories.MealCategoriesStepDefinition.adminIsRedirectedToMealCategoriesPage(net.serenitybdd.screenplay.Actor)&amp#27;[0m
]]></system-out>
    <system-err><![CDATA[Starting ChromeDriver 93.0.4577.63 (ff5c0da2ec0adeaed5550e6c7e98417dac77d98a-refs/branch-heads/4577@{#1135}) on port 44394
Only local connections are allowed.
Please see https://chromedriver.chromium.org/security-considerations for suggestions on keeping ChromeDriver safe.
ChromeDriver was started successfully.
Sep 15, 2021 8:43:19 PM org.openqa.selenium.remote.ProtocolHandshake createSession
INFO: Detected dialect: W3C
]]></system-err>
  </testcase>
  <testcase name="Admin user is logged in deletes &quot;Meal category for delete&quot; meal category" classname="User with role admin is logged in and manipulates with meal categories" time="9.855">
    <system-out><![CDATA[
Scenario: Admin user is logged in deletes "Meal category for delete" meal category &amp#27;[90m# src/test/resources/features/mealCategories/003mealCategories.feature:50&amp#27;[0m
  &amp#27;[32mGiven &amp#27;[0m&amp#27;[32m&amp#27;[0m&amp#27;[32m&amp#27;[1mAdmin&amp#27;[0m&amp#27;[32m user, ROLE_ADMIN, tries to login&amp#27;[0m                                     &amp#27;[90m# starter.stepdefinitions.ingredients.IngredientsStepDefinition.loginAdminUser(net.serenitybdd.screenplay.Actor)&amp#27;[0m
  &amp#27;[32mAnd &amp#27;[0m&amp#27;[32m&amp#27;[0m&amp#27;[32m&amp#27;[1mAdmin&amp#27;[0m&amp#27;[32m user is on meal categories page&amp#27;[0m                                        &amp#27;[90m# starter.stepdefinitions.mealCategories.MealCategoriesStepDefinition.adminIsOnMealCategoriesPage(net.serenitybdd.screenplay.Actor)&amp#27;[0m
  &amp#27;[32mWhen &amp#27;[0m&amp#27;[32m&amp#27;[0m&amp#27;[32m&amp#27;[1mAdmin&amp#27;[0m&amp#27;[32m clicks on Delete button for Meal category for delete with id 11&amp#27;[0m       &amp#27;[90m# starter.stepdefinitions.mealCategories.MealCategoriesStepDefinition.adminDeletesMealCategory(net.serenitybdd.screenplay.Actor)&amp#27;[0m
  &amp#27;[32mThen &amp#27;[0m&amp#27;[32m&amp#27;[0m&amp#27;[32m&amp#27;[1mAdmin&amp#27;[0m&amp#27;[32m user should see table with meal categories with &amp#27;[0m&amp#27;[32m&amp#27;[1m11&amp#27;[0m&amp#27;[32m rows&amp#27;[0m               &amp#27;[90m# starter.stepdefinitions.mealCategories.MealCategoriesStepDefinition.checkNumberOfRows(net.serenitybdd.screenplay.Actor,int)&amp#27;[0m
]]></system-out>
    <system-err><![CDATA[Starting ChromeDriver 93.0.4577.63 (ff5c0da2ec0adeaed5550e6c7e98417dac77d98a-refs/branch-heads/4577@{#1135}) on port 35003
Only local connections are allowed.
Please see https://chromedriver.chromium.org/security-considerations for suggestions on keeping ChromeDriver safe.
ChromeDriver was started successfully.
Sep 15, 2021 8:43:24 PM org.openqa.selenium.remote.ProtocolHandshake createSession
INFO: Detected dialect: W3C
]]></system-err>
  </testcase>
  <testcase name="Customer is on Meal2 details page" classname="Customer can view details about selected meal" time="3.631">
    <system-out><![CDATA[
Scenario: Customer is on Meal2 details page                      &amp#27;[90m# src/test/resources/features/menu/004meal.feature:3&amp#27;[0m
  &amp#27;[32mGiven &amp#27;[0m&amp#27;[32m&amp#27;[0m&amp#27;[32m&amp#27;[1mCustomer2&amp#27;[0m&amp#27;[32m user, ROLE_CUSTOMER, tries to login&amp#27;[0m            &amp#27;[90m# starter.stepdefinitions.menu.MealStepDefinitions.customer2UserTriesToLogin(net.serenitybdd.screenplay.Actor)&amp#27;[0m
  &amp#27;[32mAnd &amp#27;[0m&amp#27;[32m&amp#27;[0m&amp#27;[32m&amp#27;[1mCustomer2&amp#27;[0m&amp#27;[32m user is on menu page&amp#27;[0m                             &amp#27;[90m# starter.stepdefinitions.menu.MealStepDefinitions.customerIsOnMenuPage(net.serenitybdd.screenplay.Actor)&amp#27;[0m
  &amp#27;[32mWhen &amp#27;[0m&amp#27;[32m&amp#27;[0m&amp#27;[32m&amp#27;[1mCustomer2&amp#27;[0m&amp#27;[32m user clicks on meal with name Meal2&amp#27;[0m             &amp#27;[90m# starter.stepdefinitions.menu.MealStepDefinitions.customerClicksOnMeal2(net.serenitybdd.screenplay.Actor)&amp#27;[0m
  &amp#27;[32mThen &amp#27;[0m&amp#27;[32m&amp#27;[0m&amp#27;[32m&amp#27;[1mCustomer2&amp#27;[0m&amp#27;[32m user should be redirected to Meal2 details page&amp#27;[0m &amp#27;[90m# starter.stepdefinitions.menu.MealStepDefinitions.customerIsOnMeal2DetailsPage(net.serenitybdd.screenplay.Actor)&amp#27;[0m
]]></system-out>
    <system-err><![CDATA[Starting ChromeDriver 93.0.4577.63 (ff5c0da2ec0adeaed5550e6c7e98417dac77d98a-refs/branch-heads/4577@{#1135}) on port 38218
Only local connections are allowed.
Please see https://chromedriver.chromium.org/security-considerations for suggestions on keeping ChromeDriver safe.
ChromeDriver was started successfully.
Sep 15, 2021 8:43:34 PM org.openqa.selenium.remote.ProtocolHandshake createSession
INFO: Detected dialect: W3C
]]></system-err>
  </testcase>
  <testcase name="Customer is on Meal2 details page, so there should be Meal2 as meal name, Meal2 description as meal description" classname="Customer can view details about selected meal" time="3.786">
    <system-out><![CDATA[
Scenario: Customer is on Meal2 details page, so there should be Meal2 as meal name, Meal2 description as meal description  &amp#27;[90m# src/test/resources/features/menu/004meal.feature:10&amp#27;[0m
  &amp#27;[32mGiven &amp#27;[0m&amp#27;[32m&amp#27;[0m&amp#27;[32m&amp#27;[1mCustomer2&amp#27;[0m&amp#27;[32m user, ROLE_CUSTOMER, tries to login&amp#27;[0m                                                                      &amp#27;[90m# starter.stepdefinitions.menu.MealStepDefinitions.customer2UserTriesToLogin(net.serenitybdd.screenplay.Actor)&amp#27;[0m
  &amp#27;[32mAnd &amp#27;[0m&amp#27;[32m&amp#27;[0m&amp#27;[32m&amp#27;[1mCustomer2&amp#27;[0m&amp#27;[32m user is on menu page&amp#27;[0m                                                                                       &amp#27;[90m# starter.stepdefinitions.menu.MealStepDefinitions.customerIsOnMenuPage(net.serenitybdd.screenplay.Actor)&amp#27;[0m
  &amp#27;[32mWhen &amp#27;[0m&amp#27;[32m&amp#27;[0m&amp#27;[32m&amp#27;[1mCustomer2&amp#27;[0m&amp#27;[32m user clicks on meal with name Meal2&amp#27;[0m                                                                       &amp#27;[90m# starter.stepdefinitions.menu.MealStepDefinitions.customerClicksOnMeal2(net.serenitybdd.screenplay.Actor)&amp#27;[0m
  &amp#27;[32mThen &amp#27;[0m&amp#27;[32m&amp#27;[0m&amp#27;[32m&amp#27;[1mCustomer2&amp#27;[0m&amp#27;[32m user should be redirected to Meal2 details page&amp#27;[0m                                                           &amp#27;[90m# starter.stepdefinitions.menu.MealStepDefinitions.customerIsOnMeal2DetailsPage(net.serenitybdd.screenplay.Actor)&amp#27;[0m
  &amp#27;[32mAnd &amp#27;[0m&amp#27;[32m&amp#27;[0m&amp#27;[32m&amp#27;[1mCustomer2&amp#27;[0m&amp#27;[32m user should see name &amp#27;[0m&amp#27;[32m&amp#27;[1m"Meal2"&amp#27;[0m&amp#27;[32m description &amp#27;[0m&amp#27;[32m&amp#27;[1m"Meal2 description"&amp#27;[0m&amp#27;[32m price &amp#27;[0m&amp#27;[32m&amp#27;[1m"10 $"&amp#27;[0m&amp#27;[32m ingredients &amp#27;[0m&amp#27;[32m&amp#27;[1m"Waffle,Apple,Honey"&amp#27;[0m &amp#27;[90m# starter.stepdefinitions.menu.MealStepDefinitions.customerChecksMealData(net.serenitybdd.screenplay.Actor,java.lang.String,java.lang.String,java.lang.String,java.lang.String)&amp#27;[0m
]]></system-out>
    <system-err><![CDATA[Starting ChromeDriver 93.0.4577.63 (ff5c0da2ec0adeaed5550e6c7e98417dac77d98a-refs/branch-heads/4577@{#1135}) on port 2375
Only local connections are allowed.
Please see https://chromedriver.chromium.org/security-considerations for suggestions on keeping ChromeDriver safe.
ChromeDriver was started successfully.
Sep 15, 2021 8:43:38 PM org.openqa.selenium.remote.ProtocolHandshake createSession
INFO: Detected dialect: W3C
]]></system-err>
  </testcase>
  <testcase name="Customer is on Meal2 details page and he click 1 times on plus button, value of input should be 2" classname="Customer can view details about selected meal" time="3.774">
    <system-out><![CDATA[
Scenario: Customer is on Meal2 details page and he click 1 times on plus button, value of input should be 2 &amp#27;[90m# src/test/resources/features/menu/004meal.feature:18&amp#27;[0m
  &amp#27;[32mGiven &amp#27;[0m&amp#27;[32m&amp#27;[0m&amp#27;[32m&amp#27;[1mCustomer2&amp#27;[0m&amp#27;[32m user, ROLE_CUSTOMER, tries to login&amp#27;[0m                                                       &amp#27;[90m# starter.stepdefinitions.menu.MealStepDefinitions.customer2UserTriesToLogin(net.serenitybdd.screenplay.Actor)&amp#27;[0m
  &amp#27;[32mAnd &amp#27;[0m&amp#27;[32m&amp#27;[0m&amp#27;[32m&amp#27;[1mCustomer2&amp#27;[0m&amp#27;[32m user is on menu page&amp#27;[0m                                                                        &amp#27;[90m# starter.stepdefinitions.menu.MealStepDefinitions.customerIsOnMenuPage(net.serenitybdd.screenplay.Actor)&amp#27;[0m
  &amp#27;[32mAnd &amp#27;[0m&amp#27;[32m&amp#27;[0m&amp#27;[32m&amp#27;[1mCustomer2&amp#27;[0m&amp#27;[32m user clicks on meal with name Meal2&amp#27;[0m                                                         &amp#27;[90m# starter.stepdefinitions.menu.MealStepDefinitions.customerClicksOnMeal2(net.serenitybdd.screenplay.Actor)&amp#27;[0m
  &amp#27;[32mWhen &amp#27;[0m&amp#27;[32m&amp#27;[0m&amp#27;[32m&amp#27;[1mCustomer2&amp#27;[0m&amp#27;[32m user clicks &amp#27;[0m&amp#27;[32m&amp#27;[1m1&amp#27;[0m&amp#27;[32m times on plus button for Meal2&amp#27;[0m                                               &amp#27;[90m# starter.stepdefinitions.menu.MealStepDefinitions.customerClicksOnPlusButton(net.serenitybdd.screenplay.Actor,int)&amp#27;[0m
  &amp#27;[32mThen &amp#27;[0m&amp#27;[32m&amp#27;[0m&amp#27;[32m&amp#27;[1mCustomer2&amp#27;[0m&amp#27;[32m user should see that the value of input for Meal2 is &amp#27;[0m&amp#27;[32m&amp#27;[1m"2"&amp#27;[0m                                   &amp#27;[90m# starter.stepdefinitions.menu.MealStepDefinitions.customerChecksValue(net.serenitybdd.screenplay.Actor,java.lang.String)&amp#27;[0m
]]></system-out>
    <system-err><![CDATA[Starting ChromeDriver 93.0.4577.63 (ff5c0da2ec0adeaed5550e6c7e98417dac77d98a-refs/branch-heads/4577@{#1135}) on port 42909
Only local connections are allowed.
Please see https://chromedriver.chromium.org/security-considerations for suggestions on keeping ChromeDriver safe.
ChromeDriver was started successfully.
Sep 15, 2021 8:43:42 PM org.openqa.selenium.remote.ProtocolHandshake createSession
INFO: Detected dialect: W3C
]]></system-err>
  </testcase>
  <testcase name="Customer is on Meal2 details page and he clicks 10 times on plus button, but value of input should stay 7" classname="Customer can view details about selected meal" time="4.05">
    <system-out><![CDATA[
Scenario: Customer is on Meal2 details page and he clicks 10 times on plus button, but value of input should stay 7 &amp#27;[90m# src/test/resources/features/menu/004meal.feature:25&amp#27;[0m
  &amp#27;[32mGiven &amp#27;[0m&amp#27;[32m&amp#27;[0m&amp#27;[32m&amp#27;[1mCustomer2&amp#27;[0m&amp#27;[32m user, ROLE_CUSTOMER, tries to login&amp#27;[0m                                                               &amp#27;[90m# starter.stepdefinitions.menu.MealStepDefinitions.customer2UserTriesToLogin(net.serenitybdd.screenplay.Actor)&amp#27;[0m
  &amp#27;[32mAnd &amp#27;[0m&amp#27;[32m&amp#27;[0m&amp#27;[32m&amp#27;[1mCustomer2&amp#27;[0m&amp#27;[32m user is on menu page&amp#27;[0m                                                                                &amp#27;[90m# starter.stepdefinitions.menu.MealStepDefinitions.customerIsOnMenuPage(net.serenitybdd.screenplay.Actor)&amp#27;[0m
  &amp#27;[32mAnd &amp#27;[0m&amp#27;[32m&amp#27;[0m&amp#27;[32m&amp#27;[1mCustomer2&amp#27;[0m&amp#27;[32m user clicks on meal with name Meal2&amp#27;[0m                                                                 &amp#27;[90m# starter.stepdefinitions.menu.MealStepDefinitions.customerClicksOnMeal2(net.serenitybdd.screenplay.Actor)&amp#27;[0m
  &amp#27;[32mWhen &amp#27;[0m&amp#27;[32m&amp#27;[0m&amp#27;[32m&amp#27;[1mCustomer2&amp#27;[0m&amp#27;[32m user clicks &amp#27;[0m&amp#27;[32m&amp#27;[1m10&amp#27;[0m&amp#27;[32m times on plus button for Meal2&amp#27;[0m                                                      &amp#27;[90m# starter.stepdefinitions.menu.MealStepDefinitions.customerClicksOnPlusButton(net.serenitybdd.screenplay.Actor,int)&amp#27;[0m
  &amp#27;[32mThen &amp#27;[0m&amp#27;[32m&amp#27;[0m&amp#27;[32m&amp#27;[1mCustomer2&amp#27;[0m&amp#27;[32m user should see that the value of input for Meal2 is &amp#27;[0m&amp#27;[32m&amp#27;[1m"7"&amp#27;[0m                                           &amp#27;[90m# starter.stepdefinitions.menu.MealStepDefinitions.customerChecksValue(net.serenitybdd.screenplay.Actor,java.lang.String)&amp#27;[0m
]]></system-out>
    <system-err><![CDATA[Starting ChromeDriver 93.0.4577.63 (ff5c0da2ec0adeaed5550e6c7e98417dac77d98a-refs/branch-heads/4577@{#1135}) on port 37749
Only local connections are allowed.
Please see https://chromedriver.chromium.org/security-considerations for suggestions on keeping ChromeDriver safe.
ChromeDriver was started successfully.
Sep 15, 2021 8:43:45 PM org.openqa.selenium.remote.ProtocolHandshake createSession
INFO: Detected dialect: W3C
]]></system-err>
  </testcase>
  <testcase name="Customer is on Meal2 details page, the quantity is 3 so he clicks once on minus button and quantity should be 2" classname="Customer can view details about selected meal" time="3.87">
    <system-out><![CDATA[
Scenario: Customer is on Meal2 details page, the quantity is 3 so he clicks once on minus button and quantity should be 2 &amp#27;[90m# src/test/resources/features/menu/004meal.feature:32&amp#27;[0m
  &amp#27;[32mGiven &amp#27;[0m&amp#27;[32m&amp#27;[0m&amp#27;[32m&amp#27;[1mCustomer2&amp#27;[0m&amp#27;[32m user, ROLE_CUSTOMER, tries to login&amp#27;[0m                                                                     &amp#27;[90m# starter.stepdefinitions.menu.MealStepDefinitions.customer2UserTriesToLogin(net.serenitybdd.screenplay.Actor)&amp#27;[0m
  &amp#27;[32mAnd &amp#27;[0m&amp#27;[32m&amp#27;[0m&amp#27;[32m&amp#27;[1mCustomer2&amp#27;[0m&amp#27;[32m user is on menu page&amp#27;[0m                                                                                      &amp#27;[90m# starter.stepdefinitions.menu.MealStepDefinitions.customerIsOnMenuPage(net.serenitybdd.screenplay.Actor)&amp#27;[0m
  &amp#27;[32mAnd &amp#27;[0m&amp#27;[32m&amp#27;[0m&amp#27;[32m&amp#27;[1mCustomer2&amp#27;[0m&amp#27;[32m user clicks on meal with name Meal2&amp#27;[0m                                                                       &amp#27;[90m# starter.stepdefinitions.menu.MealStepDefinitions.customerClicksOnMeal2(net.serenitybdd.screenplay.Actor)&amp#27;[0m
  &amp#27;[32mAnd &amp#27;[0m&amp#27;[32m&amp#27;[0m&amp#27;[32m&amp#27;[1mCustomer2&amp#27;[0m&amp#27;[32m should see that the value of quantity field for Meal2 is set to &amp#27;[0m&amp#27;[32m&amp#27;[1m"3"&amp#27;[0m                                       &amp#27;[90m# starter.stepdefinitions.menu.MealStepDefinitions.setValueOfQuantity(net.serenitybdd.screenplay.Actor,java.lang.String)&amp#27;[0m
  &amp#27;[32mWhen &amp#27;[0m&amp#27;[32m&amp#27;[0m&amp#27;[32m&amp#27;[1mCustomer2&amp#27;[0m&amp#27;[32m user clicks &amp#27;[0m&amp#27;[32m&amp#27;[1m1&amp#27;[0m&amp#27;[32m times on minus button for Meal2&amp#27;[0m                                                            &amp#27;[90m# starter.stepdefinitions.menu.MealStepDefinitions.customerClicksOnMinusButton(net.serenitybdd.screenplay.Actor,int)&amp#27;[0m
  &amp#27;[32mThen &amp#27;[0m&amp#27;[32m&amp#27;[0m&amp#27;[32m&amp#27;[1mCustomer2&amp#27;[0m&amp#27;[32m user should see that the value of input for Meal2 is &amp#27;[0m&amp#27;[32m&amp#27;[1m"2"&amp#27;[0m                                                 &amp#27;[90m# starter.stepdefinitions.menu.MealStepDefinitions.customerChecksValue(net.serenitybdd.screenplay.Actor,java.lang.String)&amp#27;[0m
]]></system-out>
    <system-err><![CDATA[Starting ChromeDriver 93.0.4577.63 (ff5c0da2ec0adeaed5550e6c7e98417dac77d98a-refs/branch-heads/4577@{#1135}) on port 13850
Only local connections are allowed.
Please see https://chromedriver.chromium.org/security-considerations for suggestions on keeping ChromeDriver safe.
ChromeDriver was started successfully.
Sep 15, 2021 8:43:49 PM org.openqa.selenium.remote.ProtocolHandshake createSession
INFO: Detected dialect: W3C
]]></system-err>
  </testcase>
  <testcase name="Customer is on Meal2 details page, the quantity is 5 so he clicks 7 times on minus button but quantity should be 1" classname="Customer can view details about selected meal" time="4.238">
    <system-out><![CDATA[
Scenario: Customer is on Meal2 details page, the quantity is 5 so he clicks 7 times on minus button but quantity should be 1 &amp#27;[90m# src/test/resources/features/menu/004meal.feature:40&amp#27;[0m
  &amp#27;[32mGiven &amp#27;[0m&amp#27;[32m&amp#27;[0m&amp#27;[32m&amp#27;[1mCustomer2&amp#27;[0m&amp#27;[32m user, ROLE_CUSTOMER, tries to login&amp#27;[0m                                                                        &amp#27;[90m# starter.stepdefinitions.menu.MealStepDefinitions.customer2UserTriesToLogin(net.serenitybdd.screenplay.Actor)&amp#27;[0m
  &amp#27;[32mAnd &amp#27;[0m&amp#27;[32m&amp#27;[0m&amp#27;[32m&amp#27;[1mCustomer2&amp#27;[0m&amp#27;[32m user is on menu page&amp#27;[0m                                                                                         &amp#27;[90m# starter.stepdefinitions.menu.MealStepDefinitions.customerIsOnMenuPage(net.serenitybdd.screenplay.Actor)&amp#27;[0m
  &amp#27;[32mAnd &amp#27;[0m&amp#27;[32m&amp#27;[0m&amp#27;[32m&amp#27;[1mCustomer2&amp#27;[0m&amp#27;[32m user clicks on meal with name Meal2&amp#27;[0m                                                                          &amp#27;[90m# starter.stepdefinitions.menu.MealStepDefinitions.customerClicksOnMeal2(net.serenitybdd.screenplay.Actor)&amp#27;[0m
  &amp#27;[32mAnd &amp#27;[0m&amp#27;[32m&amp#27;[0m&amp#27;[32m&amp#27;[1mCustomer2&amp#27;[0m&amp#27;[32m should see that the value of quantity field for Meal2 is set to &amp#27;[0m&amp#27;[32m&amp#27;[1m"5"&amp#27;[0m                                          &amp#27;[90m# starter.stepdefinitions.menu.MealStepDefinitions.setValueOfQuantity(net.serenitybdd.screenplay.Actor,java.lang.String)&amp#27;[0m
  &amp#27;[32mWhen &amp#27;[0m&amp#27;[32m&amp#27;[0m&amp#27;[32m&amp#27;[1mCustomer2&amp#27;[0m&amp#27;[32m user clicks &amp#27;[0m&amp#27;[32m&amp#27;[1m7&amp#27;[0m&amp#27;[32m times on minus button for Meal2&amp#27;[0m                                                               &amp#27;[90m# starter.stepdefinitions.menu.MealStepDefinitions.customerClicksOnMinusButton(net.serenitybdd.screenplay.Actor,int)&amp#27;[0m
  &amp#27;[32mThen &amp#27;[0m&amp#27;[32m&amp#27;[0m&amp#27;[32m&amp#27;[1mCustomer2&amp#27;[0m&amp#27;[32m user should see that the value of input for Meal2 is &amp#27;[0m&amp#27;[32m&amp#27;[1m"1"&amp#27;[0m                                                    &amp#27;[90m# starter.stepdefinitions.menu.MealStepDefinitions.customerChecksValue(net.serenitybdd.screenplay.Actor,java.lang.String)&amp#27;[0m
]]></system-out>
    <system-err><![CDATA[Starting ChromeDriver 93.0.4577.63 (ff5c0da2ec0adeaed5550e6c7e98417dac77d98a-refs/branch-heads/4577@{#1135}) on port 32848
Only local connections are allowed.
Please see https://chromedriver.chromium.org/security-considerations for suggestions on keeping ChromeDriver safe.
ChromeDriver was started successfully.
Sep 15, 2021 8:43:53 PM org.openqa.selenium.remote.ProtocolHandshake createSession
INFO: Detected dialect: W3C
]]></system-err>
  </testcase>
  <testcase name="Customer is on Meal2 details page, after the details for meal there should be list of 4 most ordered meals" classname="Customer can view details about selected meal" time="3.648">
    <system-out><![CDATA[
Scenario: Customer is on Meal2 details page, after the details for meal there should be list of 4 most ordered meals &amp#27;[90m# src/test/resources/features/menu/004meal.feature:48&amp#27;[0m
  &amp#27;[32mGiven &amp#27;[0m&amp#27;[32m&amp#27;[0m&amp#27;[32m&amp#27;[1mCustomer2&amp#27;[0m&amp#27;[32m user, ROLE_CUSTOMER, tries to login&amp#27;[0m                                                                &amp#27;[90m# starter.stepdefinitions.menu.MealStepDefinitions.customer2UserTriesToLogin(net.serenitybdd.screenplay.Actor)&amp#27;[0m
  &amp#27;[32mAnd &amp#27;[0m&amp#27;[32m&amp#27;[0m&amp#27;[32m&amp#27;[1mCustomer2&amp#27;[0m&amp#27;[32m user is on menu page&amp#27;[0m                                                                                 &amp#27;[90m# starter.stepdefinitions.menu.MealStepDefinitions.customerIsOnMenuPage(net.serenitybdd.screenplay.Actor)&amp#27;[0m
  &amp#27;[32mWhen &amp#27;[0m&amp#27;[32m&amp#27;[0m&amp#27;[32m&amp#27;[1mCustomer2&amp#27;[0m&amp#27;[32m user clicks on meal with name Meal2&amp#27;[0m                                                                 &amp#27;[90m# starter.stepdefinitions.menu.MealStepDefinitions.customerClicksOnMeal2(net.serenitybdd.screenplay.Actor)&amp#27;[0m
  &amp#27;[32mThen &amp#27;[0m&amp#27;[32m&amp#27;[0m&amp#27;[32m&amp#27;[1mCustomer2&amp#27;[0m&amp#27;[32m should see table with &amp#27;[0m&amp#27;[32m&amp#27;[1m4&amp#27;[0m&amp#27;[32m meals on bottom of page&amp#27;[0m                                                     &amp#27;[90m# starter.stepdefinitions.menu.MealStepDefinitions.customerShouldSeeMostOrderedMeals(net.serenitybdd.screenplay.Actor,int)&amp#27;[0m
]]></system-out>
    <system-err><![CDATA[Starting ChromeDriver 93.0.4577.63 (ff5c0da2ec0adeaed5550e6c7e98417dac77d98a-refs/branch-heads/4577@{#1135}) on port 9360
Only local connections are allowed.
Please see https://chromedriver.chromium.org/security-considerations for suggestions on keeping ChromeDriver safe.
ChromeDriver was started successfully.
Sep 15, 2021 8:43:58 PM org.openqa.selenium.remote.ProtocolHandshake createSession
INFO: Detected dialect: W3C
]]></system-err>
  </testcase>
  <testcase name="Customer is on Meal2 details page, the list of 4 most ordered meals is &quot;Meal2, Meal7, Meal8, Meal9&quot;" classname="Customer can view details about selected meal" time="4.783">
    <system-out><![CDATA[
Scenario: Customer is on Meal2 details page, the list of 4 most ordered meals is "Meal2, Meal7, Meal8, Meal9" &amp#27;[90m# src/test/resources/features/menu/004meal.feature:54&amp#27;[0m
  &amp#27;[32mGiven &amp#27;[0m&amp#27;[32m&amp#27;[0m&amp#27;[32m&amp#27;[1mCustomer2&amp#27;[0m&amp#27;[32m user, ROLE_CUSTOMER, tries to login&amp#27;[0m                                                         &amp#27;[90m# starter.stepdefinitions.menu.MealStepDefinitions.customer2UserTriesToLogin(net.serenitybdd.screenplay.Actor)&amp#27;[0m
  &amp#27;[32mAnd &amp#27;[0m&amp#27;[32m&amp#27;[0m&amp#27;[32m&amp#27;[1mCustomer2&amp#27;[0m&amp#27;[32m user is on menu page&amp#27;[0m                                                                          &amp#27;[90m# starter.stepdefinitions.menu.MealStepDefinitions.customerIsOnMenuPage(net.serenitybdd.screenplay.Actor)&amp#27;[0m
  &amp#27;[32mWhen &amp#27;[0m&amp#27;[32m&amp#27;[0m&amp#27;[32m&amp#27;[1mCustomer2&amp#27;[0m&amp#27;[32m user clicks on meal with name Meal2&amp#27;[0m                                                          &amp#27;[90m# starter.stepdefinitions.menu.MealStepDefinitions.customerClicksOnMeal2(net.serenitybdd.screenplay.Actor)&amp#27;[0m
  &amp#27;[32mThen &amp#27;[0m&amp#27;[32m&amp#27;[0m&amp#27;[32m&amp#27;[1mCustomer2&amp#27;[0m&amp#27;[32m should see table with &amp#27;[0m&amp#27;[32m&amp#27;[1m4&amp#27;[0m&amp#27;[32m meals on bottom of page&amp#27;[0m                                              &amp#27;[90m# starter.stepdefinitions.menu.MealStepDefinitions.customerShouldSeeMostOrderedMeals(net.serenitybdd.screenplay.Actor,int)&amp#27;[0m
  &amp#27;[32mAnd &amp#27;[0m&amp#27;[32m&amp#27;[0m&amp#27;[32m&amp#27;[1mCustomer2&amp#27;[0m&amp#27;[32m should see meals names &amp#27;[0m&amp#27;[32m&amp#27;[1m"Meal2,Meal7,Meal8,Meal9"&amp#27;[0m                                              &amp#27;[90m# starter.stepdefinitions.menu.MealStepDefinitions.customerSeesNamesOfMostOrderedMeals(net.serenitybdd.screenplay.Actor,java.lang.String)&amp#27;[0m
]]></system-out>
    <system-err><![CDATA[Starting ChromeDriver 93.0.4577.63 (ff5c0da2ec0adeaed5550e6c7e98417dac77d98a-refs/branch-heads/4577@{#1135}) on port 49004
Only local connections are allowed.
Please see https://chromedriver.chromium.org/security-considerations for suggestions on keeping ChromeDriver safe.
ChromeDriver was started successfully.
Sep 15, 2021 8:44:01 PM org.openqa.selenium.remote.ProtocolHandshake createSession
INFO: Detected dialect: W3C
]]></system-err>
  </testcase>
  <testcase name="Customer is on Meal2 details page, he clicks 4 times on plus button for Meal2 and then Add, meal should be in" classname="Customer can view details about selected meal" time="6.119">
    <system-out><![CDATA[
Scenario: Customer is on Meal2 details page, he clicks 4 times on plus button for Meal2 and then Add, meal should be in &amp#27;[90m# src/test/resources/features/menu/004meal.feature:61&amp#27;[0m
  &amp#27;[32mGiven &amp#27;[0m&amp#27;[32m&amp#27;[0m&amp#27;[32m&amp#27;[1mCustomer2&amp#27;[0m&amp#27;[32m user, ROLE_CUSTOMER, tries to login&amp#27;[0m                                                                   &amp#27;[90m# starter.stepdefinitions.menu.MealStepDefinitions.customer2UserTriesToLogin(net.serenitybdd.screenplay.Actor)&amp#27;[0m
  &amp#27;[32mAnd &amp#27;[0m&amp#27;[32m&amp#27;[0m&amp#27;[32m&amp#27;[1mCustomer2&amp#27;[0m&amp#27;[32m user is on menu page&amp#27;[0m                                                                                    &amp#27;[90m# starter.stepdefinitions.menu.MealStepDefinitions.customerIsOnMenuPage(net.serenitybdd.screenplay.Actor)&amp#27;[0m
  &amp#27;[32mAnd &amp#27;[0m&amp#27;[32m&amp#27;[0m&amp#27;[32m&amp#27;[1mCustomer2&amp#27;[0m&amp#27;[32m user clicks on meal with name Meal2&amp#27;[0m                                                                     &amp#27;[90m# starter.stepdefinitions.menu.MealStepDefinitions.customerClicksOnMeal2(net.serenitybdd.screenplay.Actor)&amp#27;[0m
  &amp#27;[32mAnd &amp#27;[0m&amp#27;[32m&amp#27;[0m&amp#27;[32m&amp#27;[1mCustomer2&amp#27;[0m&amp#27;[32m user clicks &amp#27;[0m&amp#27;[32m&amp#27;[1m4&amp#27;[0m&amp#27;[32m times on plus button for Meal2&amp#27;[0m                                                            &amp#27;[90m# starter.stepdefinitions.menu.MealStepDefinitions.customerClicksOnPlusButton(net.serenitybdd.screenplay.Actor,int)&amp#27;[0m
  &amp#27;[32mWhen &amp#27;[0m&amp#27;[32m&amp#27;[0m&amp#27;[32m&amp#27;[1mCustomer2&amp#27;[0m&amp#27;[32m clicks on Add button from details page for Meal2&amp#27;[0m                                                       &amp#27;[90m# starter.stepdefinitions.menu.MealStepDefinitions.customerClicksOnAddButtonForMeal2(net.serenitybdd.screenplay.Actor)&amp#27;[0m
  &amp#27;[32mThen &amp#27;[0m&amp#27;[32m&amp#27;[0m&amp#27;[32m&amp#27;[1mCustomer2&amp#27;[0m&amp#27;[32m should have &amp#27;[0m&amp#27;[32m&amp#27;[1m"Meal2"&amp#27;[0m&amp#27;[32m in shopping cart with quantity &amp#27;[0m&amp#27;[32m&amp#27;[1m"5"&amp#27;[0m                                                 &amp#27;[90m# starter.stepdefinitions.menu.MealStepDefinitions.customerHasItemsInShoppingCart(net.serenitybdd.screenplay.Actor,java.lang.String,java.lang.String)&amp#27;[0m
]]></system-out>
    <system-err><![CDATA[Starting ChromeDriver 93.0.4577.63 (ff5c0da2ec0adeaed5550e6c7e98417dac77d98a-refs/branch-heads/4577@{#1135}) on port 45907
Only local connections are allowed.
Please see https://chromedriver.chromium.org/security-considerations for suggestions on keeping ChromeDriver safe.
ChromeDriver was started successfully.
Sep 15, 2021 8:44:06 PM org.openqa.selenium.remote.ProtocolHandshake createSession
INFO: Detected dialect: W3C
]]></system-err>
  </testcase>
  <testcase name="Customer is on Meal2 details page, clicks 2 times on plus button for Meal as most ordered product and then on Add." classname="Customer can view details about selected meal" time="6.062">
    <system-out><![CDATA[
Scenario: Customer is on Meal2 details page, clicks 2 times on plus button for Meal as most ordered product and then on Add. &amp#27;[90m# src/test/resources/features/menu/004meal.feature:70&amp#27;[0m
  &amp#27;[32mGiven &amp#27;[0m&amp#27;[32m&amp#27;[0m&amp#27;[32m&amp#27;[1mCustomer2&amp#27;[0m&amp#27;[32m user, ROLE_CUSTOMER, tries to login&amp#27;[0m                                                                        &amp#27;[90m# starter.stepdefinitions.menu.MealStepDefinitions.customer2UserTriesToLogin(net.serenitybdd.screenplay.Actor)&amp#27;[0m
  &amp#27;[32mAnd &amp#27;[0m&amp#27;[32m&amp#27;[0m&amp#27;[32m&amp#27;[1mCustomer2&amp#27;[0m&amp#27;[32m user is on menu page&amp#27;[0m                                                                                         &amp#27;[90m# starter.stepdefinitions.menu.MealStepDefinitions.customerIsOnMenuPage(net.serenitybdd.screenplay.Actor)&amp#27;[0m
  &amp#27;[32mAnd &amp#27;[0m&amp#27;[32m&amp#27;[0m&amp#27;[32m&amp#27;[1mCustomer2&amp#27;[0m&amp#27;[32m user clicks on meal with name Meal2&amp#27;[0m                                                                          &amp#27;[90m# starter.stepdefinitions.menu.MealStepDefinitions.customerClicksOnMeal2(net.serenitybdd.screenplay.Actor)&amp#27;[0m
  &amp#27;[32mAnd &amp#27;[0m&amp#27;[32m&amp#27;[0m&amp#27;[32m&amp#27;[1mCustomer2&amp#27;[0m&amp#27;[32m user clicks &amp#27;[0m&amp#27;[32m&amp#27;[1m2&amp#27;[0m&amp#27;[32m times on plus button for Meal7&amp#27;[0m                                                                 &amp#27;[90m# starter.stepdefinitions.menu.MealStepDefinitions.customerClicksOnPlusButtonForMeal7(net.serenitybdd.screenplay.Actor,int)&amp#27;[0m
  &amp#27;[32mWhen &amp#27;[0m&amp#27;[32m&amp#27;[0m&amp#27;[32m&amp#27;[1mCustomer2&amp#27;[0m&amp#27;[32m clicks on Add button from details page for Meal7&amp#27;[0m                                                            &amp#27;[90m# starter.stepdefinitions.menu.MealStepDefinitions.customerClicksOnAddButtonForMeal1(net.serenitybdd.screenplay.Actor)&amp#27;[0m
  &amp#27;[32mThen &amp#27;[0m&amp#27;[32m&amp#27;[0m&amp#27;[32m&amp#27;[1mCustomer2&amp#27;[0m&amp#27;[32m should have &amp#27;[0m&amp#27;[32m&amp#27;[1m"Meal7"&amp#27;[0m&amp#27;[32m in shopping cart with quantity &amp#27;[0m&amp#27;[32m&amp#27;[1m"3"&amp#27;[0m                                                      &amp#27;[90m# starter.stepdefinitions.menu.MealStepDefinitions.customerHasItemsInShoppingCart(net.serenitybdd.screenplay.Actor,java.lang.String,java.lang.String)&amp#27;[0m
]]></system-out>
    <system-err><![CDATA[Starting ChromeDriver 93.0.4577.63 (ff5c0da2ec0adeaed5550e6c7e98417dac77d98a-refs/branch-heads/4577@{#1135}) on port 20460
Only local connections are allowed.
Please see https://chromedriver.chromium.org/security-considerations for suggestions on keeping ChromeDriver safe.
ChromeDriver was started successfully.
Sep 15, 2021 8:44:12 PM org.openqa.selenium.remote.ProtocolHandshake createSession
INFO: Detected dialect: W3C
]]></system-err>
  </testcase>
  <testcase name="Customer user clicks the menu button from header, and list of meals should be displayed" classname="Every user can view the menu, a list of available meals" time="3.524">
    <system-out><![CDATA[
Scenario: Customer user clicks the menu button from header, and list of meals should be displayed &amp#27;[90m# src/test/resources/features/menu/005menu.feature:3&amp#27;[0m
  &amp#27;[32mGiven &amp#27;[0m&amp#27;[32m&amp#27;[0m&amp#27;[32m&amp#27;[1mCustomer2&amp#27;[0m&amp#27;[32m user, ROLE_CUSTOMER, tries to login&amp#27;[0m                                             &amp#27;[90m# starter.stepdefinitions.menu.MealStepDefinitions.customer2UserTriesToLogin(net.serenitybdd.screenplay.Actor)&amp#27;[0m
  &amp#27;[32mWhen &amp#27;[0m&amp#27;[32m&amp#27;[0m&amp#27;[32m&amp#27;[1mCustomer2&amp#27;[0m&amp#27;[32m user clicks on menu button&amp#27;[0m                                                       &amp#27;[90m# starter.stepdefinitions.menu.MenuStepDefinitions.customerClicksMenuButton(net.serenitybdd.screenplay.Actor)&amp#27;[0m
  &amp#27;[32mThen &amp#27;[0m&amp#27;[32m&amp#27;[0m&amp#27;[32m&amp#27;[1mCustomer2&amp#27;[0m&amp#27;[32m should be redirected to menu page&amp#27;[0m                                                &amp#27;[90m# starter.stepdefinitions.menu.MenuStepDefinitions.customerIsRedirectedToMenuPage(net.serenitybdd.screenplay.Actor)&amp#27;[0m
]]></system-out>
    <system-err><![CDATA[Starting ChromeDriver 93.0.4577.63 (ff5c0da2ec0adeaed5550e6c7e98417dac77d98a-refs/branch-heads/4577@{#1135}) on port 17682
Only local connections are allowed.
Please see https://chromedriver.chromium.org/security-considerations for suggestions on keeping ChromeDriver safe.
ChromeDriver was started successfully.
Sep 15, 2021 8:44:18 PM org.openqa.selenium.remote.ProtocolHandshake createSession
INFO: Detected dialect: W3C
]]></system-err>
  </testcase>
  <testcase name="Customer is on menu page, on each page there should be 12 meals" classname="Every user can view the menu, a list of available meals" time="6.654">
    <system-out><![CDATA[
Scenario: Customer is on menu page, on each page there should be 12 meals &amp#27;[90m# src/test/resources/features/menu/005menu.feature:8&amp#27;[0m
  &amp#27;[32mGiven &amp#27;[0m&amp#27;[32m&amp#27;[0m&amp#27;[32m&amp#27;[1mCustomer2&amp#27;[0m&amp#27;[32m user, ROLE_CUSTOMER, tries to login&amp#27;[0m                     &amp#27;[90m# starter.stepdefinitions.menu.MealStepDefinitions.customer2UserTriesToLogin(net.serenitybdd.screenplay.Actor)&amp#27;[0m
  &amp#27;[32mWhen &amp#27;[0m&amp#27;[32m&amp#27;[0m&amp#27;[32m&amp#27;[1mCustomer2&amp#27;[0m&amp#27;[32m user is on menu page&amp#27;[0m                                     &amp#27;[90m# starter.stepdefinitions.menu.MealStepDefinitions.customerIsOnMenuPage(net.serenitybdd.screenplay.Actor)&amp#27;[0m
  &amp#27;[32mThen &amp#27;[0m&amp#27;[32m&amp#27;[0m&amp#27;[32m&amp#27;[1mCustomer2&amp#27;[0m&amp#27;[32m user should see &amp#27;[0m&amp#27;[32m&amp#27;[1m12&amp#27;[0m&amp#27;[32m meals on menu page&amp#27;[0m                    &amp#27;[90m# starter.stepdefinitions.menu.MenuStepDefinitions.customerShouldSeeNumberOfItems(net.serenitybdd.screenplay.Actor,int)&amp#27;[0m
]]></system-out>
    <system-err><![CDATA[Starting ChromeDriver 93.0.4577.63 (ff5c0da2ec0adeaed5550e6c7e98417dac77d98a-refs/branch-heads/4577@{#1135}) on port 30087
Only local connections are allowed.
Please see https://chromedriver.chromium.org/security-considerations for suggestions on keeping ChromeDriver safe.
ChromeDriver was started successfully.
Sep 15, 2021 8:44:22 PM org.openqa.selenium.remote.ProtocolHandshake createSession
INFO: Detected dialect: W3C
]]></system-err>
  </testcase>
  <testcase name="Customer clicks on meal category Sandwich from menu page, so there should be 1 meal with name Meal10 and price 10" classname="Every user can view the menu, a list of available meals" time="8.804">
    <system-out><![CDATA[
Scenario: Customer clicks on meal category Sandwich from menu page, so there should be 1 meal with name Meal10 and price 10 &amp#27;[90m# src/test/resources/features/menu/005menu.feature:13&amp#27;[0m
  &amp#27;[32mGiven &amp#27;[0m&amp#27;[32m&amp#27;[0m&amp#27;[32m&amp#27;[1mCustomer2&amp#27;[0m&amp#27;[32m user, ROLE_CUSTOMER, tries to login&amp#27;[0m                                                                       &amp#27;[90m# starter.stepdefinitions.menu.MealStepDefinitions.customer2UserTriesToLogin(net.serenitybdd.screenplay.Actor)&amp#27;[0m
  &amp#27;[32mWhen &amp#27;[0m&amp#27;[32m&amp#27;[0m&amp#27;[32m&amp#27;[1mCustomer2&amp#27;[0m&amp#27;[32m user is on menu page&amp#27;[0m                                                                                       &amp#27;[90m# starter.stepdefinitions.menu.MealStepDefinitions.customerIsOnMenuPage(net.serenitybdd.screenplay.Actor)&amp#27;[0m
  &amp#27;[32mAnd &amp#27;[0m&amp#27;[32m&amp#27;[0m&amp#27;[32m&amp#27;[1mCustomer2&amp#27;[0m&amp#27;[32m user clicks on meal category Sandwich&amp#27;[0m                                                                       &amp#27;[90m# starter.stepdefinitions.menu.MenuStepDefinitions.customerUserClicksOnSandwich(net.serenitybdd.screenplay.Actor)&amp#27;[0m
  &amp#27;[32mThen &amp#27;[0m&amp#27;[32m&amp#27;[0m&amp#27;[32m&amp#27;[1mCustomer2&amp#27;[0m&amp#27;[32m user should see &amp#27;[0m&amp#27;[32m&amp#27;[1m1&amp#27;[0m&amp#27;[32m meals on menu page&amp#27;[0m                                                                       &amp#27;[90m# starter.stepdefinitions.menu.MenuStepDefinitions.customerShouldSeeNumberOfItems(net.serenitybdd.screenplay.Actor,int)&amp#27;[0m
  &amp#27;[32mAnd &amp#27;[0m&amp#27;[32m&amp#27;[0m&amp#27;[32m&amp#27;[1mCustomer2&amp#27;[0m&amp#27;[32m user should see meals with names &amp#27;[0m&amp#27;[32m&amp#27;[1m"Meal10"&amp#27;[0m                                                                   &amp#27;[90m# starter.stepdefinitions.menu.MenuStepDefinitions.customerShouldSeeMealsFromCategory(net.serenitybdd.screenplay.Actor,java.lang.String)&amp#27;[0m
]]></system-out>
    <system-err><![CDATA[Starting ChromeDriver 93.0.4577.63 (ff5c0da2ec0adeaed5550e6c7e98417dac77d98a-refs/branch-heads/4577@{#1135}) on port 3666
Only local connections are allowed.
Please see https://chromedriver.chromium.org/security-considerations for suggestions on keeping ChromeDriver safe.
ChromeDriver was started successfully.
Sep 15, 2021 8:44:28 PM org.openqa.selenium.remote.ProtocolHandshake createSession
INFO: Detected dialect: W3C
]]></system-err>
  </testcase>
  <testcase name="Customer is on menu page. By clicking on plus button for Meal3, value of the input field should be 2" classname="Every user can view the menu, a list of available meals" time="3.71">
    <system-out><![CDATA[
Scenario: Customer is on menu page. By clicking on plus button for Meal3, value of the input field should be 2 &amp#27;[90m# src/test/resources/features/menu/005menu.feature:20&amp#27;[0m
  &amp#27;[32mGiven &amp#27;[0m&amp#27;[32m&amp#27;[0m&amp#27;[32m&amp#27;[1mCustomer2&amp#27;[0m&amp#27;[32m user, ROLE_CUSTOMER, tries to login&amp#27;[0m                                                          &amp#27;[90m# starter.stepdefinitions.menu.MealStepDefinitions.customer2UserTriesToLogin(net.serenitybdd.screenplay.Actor)&amp#27;[0m
  &amp#27;[32mAnd &amp#27;[0m&amp#27;[32m&amp#27;[0m&amp#27;[32m&amp#27;[1mCustomer2&amp#27;[0m&amp#27;[32m user is on menu page&amp#27;[0m                                                                           &amp#27;[90m# starter.stepdefinitions.menu.MealStepDefinitions.customerIsOnMenuPage(net.serenitybdd.screenplay.Actor)&amp#27;[0m
  &amp#27;[32mWhen &amp#27;[0m&amp#27;[32m&amp#27;[0m&amp#27;[32m&amp#27;[1mCustomer2&amp#27;[0m&amp#27;[32m user clicks &amp#27;[0m&amp#27;[32m&amp#27;[1m1&amp#27;[0m&amp#27;[32m times on plus button for Meal3&amp#27;[0m                                                  &amp#27;[90m# starter.stepdefinitions.menu.MenuStepDefinitions.customerClicksOnPlusButton(net.serenitybdd.screenplay.Actor,int)&amp#27;[0m
  &amp#27;[32mThen &amp#27;[0m&amp#27;[32m&amp#27;[0m&amp#27;[32m&amp#27;[1mCustomer2&amp#27;[0m&amp#27;[32m user should see that the value of input for Meal3 is &amp#27;[0m&amp#27;[32m&amp#27;[1m"2"&amp#27;[0m                                      &amp#27;[90m# starter.stepdefinitions.menu.MenuStepDefinitions.customerShouldSeeValueForQuantity(net.serenitybdd.screenplay.Actor,java.lang.String)&amp#27;[0m
]]></system-out>
    <system-err><![CDATA[Starting ChromeDriver 93.0.4577.63 (ff5c0da2ec0adeaed5550e6c7e98417dac77d98a-refs/branch-heads/4577@{#1135}) on port 22972
Only local connections are allowed.
Please see https://chromedriver.chromium.org/security-considerations for suggestions on keeping ChromeDriver safe.
ChromeDriver was started successfully.
Sep 15, 2021 8:44:37 PM org.openqa.selenium.remote.ProtocolHandshake createSession
INFO: Detected dialect: W3C
]]></system-err>
  </testcase>
  <testcase name="Customer is on menu page  and he clicks 10 times on plus button for Meal3, but value of input should stay 7" classname="Every user can view the menu, a list of available meals" time="3.846">
    <system-out><![CDATA[
Scenario: Customer is on menu page  and he clicks 10 times on plus button for Meal3, but value of input should stay 7 &amp#27;[90m# src/test/resources/features/menu/005menu.feature:26&amp#27;[0m
  &amp#27;[32mGiven &amp#27;[0m&amp#27;[32m&amp#27;[0m&amp#27;[32m&amp#27;[1mCustomer2&amp#27;[0m&amp#27;[32m user, ROLE_CUSTOMER, tries to login&amp#27;[0m                                                                 &amp#27;[90m# starter.stepdefinitions.menu.MealStepDefinitions.customer2UserTriesToLogin(net.serenitybdd.screenplay.Actor)&amp#27;[0m
  &amp#27;[32mAnd &amp#27;[0m&amp#27;[32m&amp#27;[0m&amp#27;[32m&amp#27;[1mCustomer2&amp#27;[0m&amp#27;[32m user is on menu page&amp#27;[0m                                                                                  &amp#27;[90m# starter.stepdefinitions.menu.MealStepDefinitions.customerIsOnMenuPage(net.serenitybdd.screenplay.Actor)&amp#27;[0m
  &amp#27;[32mWhen &amp#27;[0m&amp#27;[32m&amp#27;[0m&amp#27;[32m&amp#27;[1mCustomer2&amp#27;[0m&amp#27;[32m user clicks &amp#27;[0m&amp#27;[32m&amp#27;[1m10&amp#27;[0m&amp#27;[32m times on plus button for Meal3&amp#27;[0m                                                        &amp#27;[90m# starter.stepdefinitions.menu.MenuStepDefinitions.customerClicksOnPlusButton(net.serenitybdd.screenplay.Actor,int)&amp#27;[0m
  &amp#27;[32mThen &amp#27;[0m&amp#27;[32m&amp#27;[0m&amp#27;[32m&amp#27;[1mCustomer2&amp#27;[0m&amp#27;[32m user should see that the value of input for Meal3 is &amp#27;[0m&amp#27;[32m&amp#27;[1m"7"&amp#27;[0m                                             &amp#27;[90m# starter.stepdefinitions.menu.MenuStepDefinitions.customerShouldSeeValueForQuantity(net.serenitybdd.screenplay.Actor,java.lang.String)&amp#27;[0m
]]></system-out>
    <system-err><![CDATA[Starting ChromeDriver 93.0.4577.63 (ff5c0da2ec0adeaed5550e6c7e98417dac77d98a-refs/branch-heads/4577@{#1135}) on port 9221
Only local connections are allowed.
Please see https://chromedriver.chromium.org/security-considerations for suggestions on keeping ChromeDriver safe.
ChromeDriver was started successfully.
Sep 15, 2021 8:44:41 PM org.openqa.selenium.remote.ProtocolHandshake createSession
INFO: Detected dialect: W3C
]]></system-err>
  </testcase>
  <testcase name="Customer is on menu page. Input field for quantity for Meal 3 is 3, so he clicks on minus button and the new value for" classname="Every user can view the menu, a list of available meals" time="3.689">
    <system-out><![CDATA[
Scenario: Customer is on menu page. Input field for quantity for Meal 3 is 3, so he clicks on minus button and the new value for &amp#27;[90m# src/test/resources/features/menu/005menu.feature:32&amp#27;[0m
  &amp#27;[32mGiven &amp#27;[0m&amp#27;[32m&amp#27;[0m&amp#27;[32m&amp#27;[1mCustomer2&amp#27;[0m&amp#27;[32m user, ROLE_CUSTOMER, tries to login&amp#27;[0m                                                                            &amp#27;[90m# starter.stepdefinitions.menu.MealStepDefinitions.customer2UserTriesToLogin(net.serenitybdd.screenplay.Actor)&amp#27;[0m
  &amp#27;[32mAnd &amp#27;[0m&amp#27;[32m&amp#27;[0m&amp#27;[32m&amp#27;[1mCustomer2&amp#27;[0m&amp#27;[32m user is on menu page&amp#27;[0m                                                                                             &amp#27;[90m# starter.stepdefinitions.menu.MealStepDefinitions.customerIsOnMenuPage(net.serenitybdd.screenplay.Actor)&amp#27;[0m
  &amp#27;[32mAnd &amp#27;[0m&amp#27;[32m&amp#27;[0m&amp#27;[32m&amp#27;[1mCustomer2&amp#27;[0m&amp#27;[32m should see that the value of quantity field for Meal3 is set to &amp#27;[0m&amp#27;[32m&amp#27;[1m"3"&amp#27;[0m                                              &amp#27;[90m# starter.stepdefinitions.menu.MenuStepDefinitions.customerShouldSeeSetUpValue(net.serenitybdd.screenplay.Actor,java.lang.String)&amp#27;[0m
  &amp#27;[32mWhen &amp#27;[0m&amp#27;[32m&amp#27;[0m&amp#27;[32m&amp#27;[1mCustomer2&amp#27;[0m&amp#27;[32m user clicks &amp#27;[0m&amp#27;[32m&amp#27;[1m1&amp#27;[0m&amp#27;[32m times on minus button for Meal3&amp#27;[0m                                                                   &amp#27;[90m# starter.stepdefinitions.menu.MenuStepDefinitions.customerClicksOnMinusButton(net.serenitybdd.screenplay.Actor,int)&amp#27;[0m
  &amp#27;[32mThen &amp#27;[0m&amp#27;[32m&amp#27;[0m&amp#27;[32m&amp#27;[1mCustomer2&amp#27;[0m&amp#27;[32m user should see that the value of input for Meal3 is &amp#27;[0m&amp#27;[32m&amp#27;[1m"2"&amp#27;[0m                                                        &amp#27;[90m# starter.stepdefinitions.menu.MenuStepDefinitions.customerShouldSeeValueForQuantity(net.serenitybdd.screenplay.Actor,java.lang.String)&amp#27;[0m
]]></system-out>
    <system-err><![CDATA[Starting ChromeDriver 93.0.4577.63 (ff5c0da2ec0adeaed5550e6c7e98417dac77d98a-refs/branch-heads/4577@{#1135}) on port 41212
Only local connections are allowed.
Please see https://chromedriver.chromium.org/security-considerations for suggestions on keeping ChromeDriver safe.
ChromeDriver was started successfully.
Sep 15, 2021 8:44:45 PM org.openqa.selenium.remote.ProtocolHandshake createSession
INFO: Detected dialect: W3C
]]></system-err>
  </testcase>
  <testcase name="Customer is on menu page. Input field for quantity for Meal 3 is 2, so he clicks minus 2 times," classname="Every user can view the menu, a list of available meals" time="4.063">
    <system-out><![CDATA[
Scenario: Customer is on menu page. Input field for quantity for Meal 3 is 2, so he clicks minus 2 times, &amp#27;[90m# src/test/resources/features/menu/005menu.feature:40&amp#27;[0m
  &amp#27;[32mGiven &amp#27;[0m&amp#27;[32m&amp#27;[0m&amp#27;[32m&amp#27;[1mCustomer2&amp#27;[0m&amp#27;[32m user, ROLE_CUSTOMER, tries to login&amp#27;[0m                                                     &amp#27;[90m# starter.stepdefinitions.menu.MealStepDefinitions.customer2UserTriesToLogin(net.serenitybdd.screenplay.Actor)&amp#27;[0m
  &amp#27;[32mAnd &amp#27;[0m&amp#27;[32m&amp#27;[0m&amp#27;[32m&amp#27;[1mCustomer2&amp#27;[0m&amp#27;[32m user is on menu page&amp#27;[0m                                                                      &amp#27;[90m# starter.stepdefinitions.menu.MealStepDefinitions.customerIsOnMenuPage(net.serenitybdd.screenplay.Actor)&amp#27;[0m
  &amp#27;[32mAnd &amp#27;[0m&amp#27;[32m&amp#27;[0m&amp#27;[32m&amp#27;[1mCustomer2&amp#27;[0m&amp#27;[32m should see that the value of quantity field for Meal3 is set to &amp#27;[0m&amp#27;[32m&amp#27;[1m"2"&amp#27;[0m                       &amp#27;[90m# starter.stepdefinitions.menu.MenuStepDefinitions.customerShouldSeeSetUpValue(net.serenitybdd.screenplay.Actor,java.lang.String)&amp#27;[0m
  &amp#27;[32mWhen &amp#27;[0m&amp#27;[32m&amp#27;[0m&amp#27;[32m&amp#27;[1mCustomer2&amp#27;[0m&amp#27;[32m user clicks &amp#27;[0m&amp#27;[32m&amp#27;[1m2&amp#27;[0m&amp#27;[32m times on minus button for Meal3&amp#27;[0m                                            &amp#27;[90m# starter.stepdefinitions.menu.MenuStepDefinitions.customerClicksOnMinusButton(net.serenitybdd.screenplay.Actor,int)&amp#27;[0m
  &amp#27;[32mThen &amp#27;[0m&amp#27;[32m&amp#27;[0m&amp#27;[32m&amp#27;[1mCustomer2&amp#27;[0m&amp#27;[32m user should see that the value of input for Meal3 is &amp#27;[0m&amp#27;[32m&amp#27;[1m"1"&amp#27;[0m                                 &amp#27;[90m# starter.stepdefinitions.menu.MenuStepDefinitions.customerShouldSeeValueForQuantity(net.serenitybdd.screenplay.Actor,java.lang.String)&amp#27;[0m
]]></system-out>
    <system-err><![CDATA[Starting ChromeDriver 93.0.4577.63 (ff5c0da2ec0adeaed5550e6c7e98417dac77d98a-refs/branch-heads/4577@{#1135}) on port 36464
Only local connections are allowed.
Please see https://chromedriver.chromium.org/security-considerations for suggestions on keeping ChromeDriver safe.
ChromeDriver was started successfully.
Sep 15, 2021 8:44:48 PM org.openqa.selenium.remote.ProtocolHandshake createSession
INFO: Detected dialect: W3C
]]></system-err>
  </testcase>
  <testcase name="Customer is on menu page and click 3 times on plus button for Meal3. Then he clicks on Add. Meal3 should be in" classname="Every user can view the menu, a list of available meals" time="6.022">
    <system-out><![CDATA[
Scenario: Customer is on menu page and click 3 times on plus button for Meal3. Then he clicks on Add. Meal3 should be in &amp#27;[90m# src/test/resources/features/menu/005menu.feature:48&amp#27;[0m
  &amp#27;[32mGiven &amp#27;[0m&amp#27;[32m&amp#27;[0m&amp#27;[32m&amp#27;[1mCustomer2&amp#27;[0m&amp#27;[32m user, ROLE_CUSTOMER, tries to login&amp#27;[0m                                                                    &amp#27;[90m# starter.stepdefinitions.menu.MealStepDefinitions.customer2UserTriesToLogin(net.serenitybdd.screenplay.Actor)&amp#27;[0m
  &amp#27;[32mAnd &amp#27;[0m&amp#27;[32m&amp#27;[0m&amp#27;[32m&amp#27;[1mCustomer2&amp#27;[0m&amp#27;[32m user is on menu page&amp#27;[0m                                                                                     &amp#27;[90m# starter.stepdefinitions.menu.MealStepDefinitions.customerIsOnMenuPage(net.serenitybdd.screenplay.Actor)&amp#27;[0m
  &amp#27;[32mAnd &amp#27;[0m&amp#27;[32m&amp#27;[0m&amp#27;[32m&amp#27;[1mCustomer2&amp#27;[0m&amp#27;[32m user clicks &amp#27;[0m&amp#27;[32m&amp#27;[1m3&amp#27;[0m&amp#27;[32m times on plus button for Meal3&amp#27;[0m                                                             &amp#27;[90m# starter.stepdefinitions.menu.MenuStepDefinitions.customerClicksOnPlusButton(net.serenitybdd.screenplay.Actor,int)&amp#27;[0m
  &amp#27;[32mWhen &amp#27;[0m&amp#27;[32m&amp#27;[0m&amp#27;[32m&amp#27;[1mCustomer2&amp#27;[0m&amp#27;[32m user clicks on Add from menu page for Meal3&amp#27;[0m                                                             &amp#27;[90m# starter.stepdefinitions.menu.MenuStepDefinitions.customerClicksOnAddButton(net.serenitybdd.screenplay.Actor)&amp#27;[0m
  &amp#27;[32mThen &amp#27;[0m&amp#27;[32m&amp#27;[0m&amp#27;[32m&amp#27;[1mCustomer2&amp#27;[0m&amp#27;[32m should have &amp#27;[0m&amp#27;[32m&amp#27;[1m"Meal3"&amp#27;[0m&amp#27;[32m in shopping cart with quantity &amp#27;[0m&amp#27;[32m&amp#27;[1m"4"&amp#27;[0m                                                  &amp#27;[90m# starter.stepdefinitions.menu.MealStepDefinitions.customerHasItemsInShoppingCart(net.serenitybdd.screenplay.Actor,java.lang.String,java.lang.String)&amp#27;[0m
]]></system-out>
    <system-err><![CDATA[Starting ChromeDriver 93.0.4577.63 (ff5c0da2ec0adeaed5550e6c7e98417dac77d98a-refs/branch-heads/4577@{#1135}) on port 48170
Only local connections are allowed.
Please see https://chromedriver.chromium.org/security-considerations for suggestions on keeping ChromeDriver safe.
ChromeDriver was started successfully.
Sep 15, 2021 8:44:52 PM org.openqa.selenium.remote.ProtocolHandshake createSession
INFO: Detected dialect: W3C
]]></system-err>
  </testcase>
  <testcase name="Admin user is logged in and opens the form for adding new meal" classname="Admin is logged in and views the menu, list of meals" time="3.791">
    <system-out><![CDATA[
Scenario: Admin user is logged in and opens the form for adding new meal &amp#27;[90m# src/test/resources/features/menu/006menuAdmin.feature:3&amp#27;[0m
  &amp#27;[32mGiven &amp#27;[0m&amp#27;[32m&amp#27;[0m&amp#27;[32m&amp#27;[1mAdmin&amp#27;[0m&amp#27;[32m user, ROLE_ADMIN, tries to login&amp#27;[0m                           &amp#27;[90m# starter.stepdefinitions.ingredients.IngredientsStepDefinition.loginAdminUser(net.serenitybdd.screenplay.Actor)&amp#27;[0m
  &amp#27;[32mAnd &amp#27;[0m&amp#27;[32m&amp#27;[0m&amp#27;[32m&amp#27;[1mAdmin&amp#27;[0m&amp#27;[32m user is on menu page&amp#27;[0m                                         &amp#27;[90m# starter.stepdefinitions.menu.MealStepDefinitions.customerIsOnMenuPage(net.serenitybdd.screenplay.Actor)&amp#27;[0m
  &amp#27;[32mWhen &amp#27;[0m&amp#27;[32m&amp#27;[0m&amp#27;[32m&amp#27;[1mAdmin&amp#27;[0m&amp#27;[32m user clicks on add new meal button&amp#27;[0m                          &amp#27;[90m# starter.stepdefinitions.menu.MenuAdminStepDefinitions.adminClicksOnAddNewMeal(net.serenitybdd.screenplay.Actor)&amp#27;[0m
  &amp#27;[32mThen &amp#27;[0m&amp#27;[32m&amp#27;[0m&amp#27;[32m&amp#27;[1mAdmin&amp#27;[0m&amp#27;[32m user should be redirected to add new meal&amp#27;[0m                   &amp#27;[90m# starter.stepdefinitions.menu.MenuAdminStepDefinitions.adminShouldBeRedirectedToAddNewMeal(net.serenitybdd.screenplay.Actor)&amp#27;[0m
]]></system-out>
    <system-err><![CDATA[Starting ChromeDriver 93.0.4577.63 (ff5c0da2ec0adeaed5550e6c7e98417dac77d98a-refs/branch-heads/4577@{#1135}) on port 37697
Only local connections are allowed.
Please see https://chromedriver.chromium.org/security-considerations for suggestions on keeping ChromeDriver safe.
ChromeDriver was started successfully.
Sep 15, 2021 8:44:59 PM org.openqa.selenium.remote.ProtocolHandshake createSession
INFO: Detected dialect: W3C
]]></system-err>
  </testcase>
  <testcase name="Admin user is logged in and add new meal" classname="Admin is logged in and views the menu, list of meals" time="7.442">
    <system-out><![CDATA[
Scenario: Admin user is logged in and add new meal                                                                                                                                                                                &amp#27;[90m# src/test/resources/features/menu/006menuAdmin.feature:9&amp#27;[0m
  &amp#27;[32mGiven &amp#27;[0m&amp#27;[32m&amp#27;[0m&amp#27;[32m&amp#27;[1mAdmin&amp#27;[0m&amp#27;[32m user, ROLE_ADMIN, tries to login&amp#27;[0m                                                                                                                                                                                    &amp#27;[90m# starter.stepdefinitions.ingredients.IngredientsStepDefinition.loginAdminUser(net.serenitybdd.screenplay.Actor)&amp#27;[0m
  &amp#27;[32mAnd &amp#27;[0m&amp#27;[32m&amp#27;[0m&amp#27;[32m&amp#27;[1mAdmin&amp#27;[0m&amp#27;[32m user is on add meal to menu page&amp#27;[0m                                                                                                                                                                                      &amp#27;[90m# starter.stepdefinitions.menu.MenuAdminStepDefinitions.adminIsNavigatedToAddMealPage(net.serenitybdd.screenplay.Actor)&amp#27;[0m
  &amp#27;[32mWhen &amp#27;[0m&amp#27;[32m&amp#27;[0m&amp#27;[32m&amp#27;[1mAdmin&amp#27;[0m&amp#27;[32m enters name &amp#27;[0m&amp#27;[32m&amp#27;[1m"Add meal"&amp#27;[0m&amp#27;[32m description &amp#27;[0m&amp#27;[32m&amp#27;[1m"Add meal description"&amp#27;[0m&amp#27;[32m price &amp#27;[0m&amp#27;[32m&amp#27;[1m"100"&amp#27;[0m&amp#27;[32m category &amp#27;[0m&amp#27;[32m&amp#27;[1m"Main meal"&amp#27;[0m&amp#27;[32m imageUrl &amp#27;[0m&amp#27;[32m&amp#27;[1m"https://i.pinimg.com/474x/99/c6/71/99c6716be635fdb4c28cdfce5f15adb6.jpg"&amp#27;[0m&amp#27;[32m ingredients &amp#27;[0m&amp#27;[32m&amp#27;[1m"Lettuce,Chicken,Croutons"&amp#27;[0m &amp#27;[90m# starter.stepdefinitions.menu.MenuAdminStepDefinitions.adminAddsNewMeal(net.serenitybdd.screenplay.Actor,java.lang.String,java.lang.String,java.lang.String,java.lang.String,java.lang.String,java.lang.String)&amp#27;[0m
  &amp#27;[32mThen &amp#27;[0m&amp#27;[32m&amp#27;[0m&amp#27;[32m&amp#27;[1mAdmin&amp#27;[0m&amp#27;[32m user should see &amp#27;[0m&amp#27;[32m&amp#27;[1m13&amp#27;[0m&amp#27;[32m meals on menu page&amp#27;[0m                                                                                                                                                                                &amp#27;[90m# starter.stepdefinitions.menu.MenuStepDefinitions.customerShouldSeeNumberOfItems(net.serenitybdd.screenplay.Actor,int)&amp#27;[0m
]]></system-out>
    <system-err><![CDATA[Starting ChromeDriver 93.0.4577.63 (ff5c0da2ec0adeaed5550e6c7e98417dac77d98a-refs/branch-heads/4577@{#1135}) on port 43338
Only local connections are allowed.
Please see https://chromedriver.chromium.org/security-considerations for suggestions on keeping ChromeDriver safe.
ChromeDriver was started successfully.
Sep 15, 2021 8:45:02 PM org.openqa.selenium.remote.ProtocolHandshake createSession
INFO: Detected dialect: W3C
]]></system-err>
  </testcase>
  <testcase name="Admin wants to edit meal named Meal for edit so edit form should be displayed" classname="Admin is logged in and views the menu, list of meals" time="6.122">
    <system-out><![CDATA[
Scenario: Admin wants to edit meal named Meal for edit so edit form should be displayed                                                                                                                                                                                                    &amp#27;[90m# src/test/resources/features/menu/006menuAdmin.feature:15&amp#27;[0m
  &amp#27;[32mGiven &amp#27;[0m&amp#27;[32m&amp#27;[0m&amp#27;[32m&amp#27;[1mAdmin&amp#27;[0m&amp#27;[32m user, ROLE_ADMIN, tries to login&amp#27;[0m                                                                                                                                                                                                                                             &amp#27;[90m# starter.stepdefinitions.ingredients.IngredientsStepDefinition.loginAdminUser(net.serenitybdd.screenplay.Actor)&amp#27;[0m
  &amp#27;[32mAnd &amp#27;[0m&amp#27;[32m&amp#27;[0m&amp#27;[32m&amp#27;[1mAdmin&amp#27;[0m&amp#27;[32m user is on menu page&amp#27;[0m                                                                                                                                                                                                                                                           &amp#27;[90m# starter.stepdefinitions.menu.MealStepDefinitions.customerIsOnMenuPage(net.serenitybdd.screenplay.Actor)&amp#27;[0m
  &amp#27;[32mWhen &amp#27;[0m&amp#27;[32m&amp#27;[0m&amp#27;[32m&amp#27;[1mAdmin&amp#27;[0m&amp#27;[32m clicks on Edit button for Meal for edit with id 2&amp#27;[0m                                                                                                                                                                                                                             &amp#27;[90m# starter.stepdefinitions.menu.MenuAdminStepDefinitions.adminClicksOnEditMeal(net.serenitybdd.screenplay.Actor)&amp#27;[0m
  &amp#27;[32mThen &amp#27;[0m&amp#27;[32m&amp#27;[0m&amp#27;[32m&amp#27;[1mAdmin&amp#27;[0m&amp#27;[32m should be redirected to Edit page for meal with id 2&amp#27;[0m                                                                                                                                                                                                                          &amp#27;[90m# starter.stepdefinitions.menu.MenuAdminStepDefinitions.redirectAdminToEditMealPage(net.serenitybdd.screenplay.Actor)&amp#27;[0m
  &amp#27;[32mAnd &amp#27;[0m&amp#27;[32m&amp#27;[0m&amp#27;[32m&amp#27;[1mAdmin&amp#27;[0m&amp#27;[32m should see that name is &amp#27;[0m&amp#27;[32m&amp#27;[1m"Meal for edit"&amp#27;[0m&amp#27;[32m description is &amp#27;[0m&amp#27;[32m&amp#27;[1m"Meal for edit description"&amp#27;[0m&amp#27;[32m price is &amp#27;[0m&amp#27;[32m&amp#27;[1m"122"&amp#27;[0m&amp#27;[32m category is &amp#27;[0m&amp#27;[32m&amp#27;[1m"Salad"&amp#27;[0m&amp#27;[32m imageUrl is &amp#27;[0m&amp#27;[32m&amp#27;[1m"https://food-guide.canada.ca/sites/default/files/styles/square_400_x_400/public/2020-12/CFGPlate-crop400x400.jpg"&amp#27;[0m&amp#27;[32m and ingredients &amp#27;[0m&amp#27;[32m&amp#27;[1m"5,6,7,8"&amp#27;[0m &amp#27;[90m# starter.stepdefinitions.menu.MenuAdminStepDefinitions.adminShouldSeeExistingValues(net.serenitybdd.screenplay.Actor,java.lang.String,java.lang.String,java.lang.String,java.lang.String,java.lang.String,java.lang.String)&amp#27;[0m
]]></system-out>
    <system-err><![CDATA[Starting ChromeDriver 93.0.4577.63 (ff5c0da2ec0adeaed5550e6c7e98417dac77d98a-refs/branch-heads/4577@{#1135}) on port 17991
Only local connections are allowed.
Please see https://chromedriver.chromium.org/security-considerations for suggestions on keeping ChromeDriver safe.
ChromeDriver was started successfully.
Sep 15, 2021 8:45:10 PM org.openqa.selenium.remote.ProtocolHandshake createSession
INFO: Detected dialect: W3C
]]></system-err>
  </testcase>
  <testcase name="Admin wants to edit meal named Meal for edit with new name Edited meal" classname="Admin is logged in and views the menu, list of meals" time="6.177">
    <system-out><![CDATA[
Scenario: Admin wants to edit meal named Meal for edit with new name Edited meal &amp#27;[90m# src/test/resources/features/menu/006menuAdmin.feature:25&amp#27;[0m
  &amp#27;[32mGiven &amp#27;[0m&amp#27;[32m&amp#27;[0m&amp#27;[32m&amp#27;[1mAdmin&amp#27;[0m&amp#27;[32m user, ROLE_ADMIN, tries to login&amp#27;[0m                                   &amp#27;[90m# starter.stepdefinitions.ingredients.IngredientsStepDefinition.loginAdminUser(net.serenitybdd.screenplay.Actor)&amp#27;[0m
  &amp#27;[32mAnd &amp#27;[0m&amp#27;[32m&amp#27;[0m&amp#27;[32m&amp#27;[1mAdmin&amp#27;[0m&amp#27;[32m user is on menu page&amp#27;[0m                                                 &amp#27;[90m# starter.stepdefinitions.menu.MealStepDefinitions.customerIsOnMenuPage(net.serenitybdd.screenplay.Actor)&amp#27;[0m
  &amp#27;[32mAnd &amp#27;[0m&amp#27;[32m&amp#27;[0m&amp#27;[32m&amp#27;[1mAdmin&amp#27;[0m&amp#27;[32m clicks on Edit button for Meal for edit with id 2&amp#27;[0m                    &amp#27;[90m# starter.stepdefinitions.menu.MenuAdminStepDefinitions.adminClicksOnEditMeal(net.serenitybdd.screenplay.Actor)&amp#27;[0m
  &amp#27;[32mWhen &amp#27;[0m&amp#27;[32m&amp#27;[0m&amp#27;[32m&amp#27;[1mAdmin&amp#27;[0m&amp#27;[32m enters &amp#27;[0m&amp#27;[32m&amp#27;[1m"Edited meal"&amp#27;[0m&amp#27;[32m in name field for edit meal&amp#27;[0m                    &amp#27;[90m# starter.stepdefinitions.menu.MenuAdminStepDefinitions.actorEditsMealName(net.serenitybdd.screenplay.Actor,java.lang.String)&amp#27;[0m
  &amp#27;[32mThen &amp#27;[0m&amp#27;[32m&amp#27;[0m&amp#27;[32m&amp#27;[1mAdmin&amp#27;[0m&amp#27;[32m should be redirected to menu page&amp#27;[0m                                   &amp#27;[90m# starter.stepdefinitions.menu.MenuStepDefinitions.customerIsRedirectedToMenuPage(net.serenitybdd.screenplay.Actor)&amp#27;[0m
]]></system-out>
    <system-err><![CDATA[Starting ChromeDriver 93.0.4577.63 (ff5c0da2ec0adeaed5550e6c7e98417dac77d98a-refs/branch-heads/4577@{#1135}) on port 40002
Only local connections are allowed.
Please see https://chromedriver.chromium.org/security-considerations for suggestions on keeping ChromeDriver safe.
ChromeDriver was started successfully.
Sep 15, 2021 8:45:16 PM org.openqa.selenium.remote.ProtocolHandshake createSession
INFO: Detected dialect: W3C
]]></system-err>
  </testcase>
  <testcase name="Admin wants to edit meal named Meal for edit with new description Edited meal description" classname="Admin is logged in and views the menu, list of meals" time="6.272">
    <system-out><![CDATA[
Scenario: Admin wants to edit meal named Meal for edit with new description Edited meal description &amp#27;[90m# src/test/resources/features/menu/006menuAdmin.feature:32&amp#27;[0m
  &amp#27;[32mGiven &amp#27;[0m&amp#27;[32m&amp#27;[0m&amp#27;[32m&amp#27;[1mAdmin&amp#27;[0m&amp#27;[32m user, ROLE_ADMIN, tries to login&amp#27;[0m                                                      &amp#27;[90m# starter.stepdefinitions.ingredients.IngredientsStepDefinition.loginAdminUser(net.serenitybdd.screenplay.Actor)&amp#27;[0m
  &amp#27;[32mAnd &amp#27;[0m&amp#27;[32m&amp#27;[0m&amp#27;[32m&amp#27;[1mAdmin&amp#27;[0m&amp#27;[32m user is on menu page&amp#27;[0m                                                                    &amp#27;[90m# starter.stepdefinitions.menu.MealStepDefinitions.customerIsOnMenuPage(net.serenitybdd.screenplay.Actor)&amp#27;[0m
  &amp#27;[32mAnd &amp#27;[0m&amp#27;[32m&amp#27;[0m&amp#27;[32m&amp#27;[1mAdmin&amp#27;[0m&amp#27;[32m clicks on Edit button for Meal for edit with id 2&amp#27;[0m                                       &amp#27;[90m# starter.stepdefinitions.menu.MenuAdminStepDefinitions.adminClicksOnEditMeal(net.serenitybdd.screenplay.Actor)&amp#27;[0m
  &amp#27;[32mWhen &amp#27;[0m&amp#27;[32m&amp#27;[0m&amp#27;[32m&amp#27;[1mAdmin&amp#27;[0m&amp#27;[32m enters &amp#27;[0m&amp#27;[32m&amp#27;[1m"Edited meal description"&amp#27;[0m&amp#27;[32m in description field for edit meal&amp#27;[0m                    &amp#27;[90m# starter.stepdefinitions.menu.MenuAdminStepDefinitions.actorEditsMealDescription(net.serenitybdd.screenplay.Actor,java.lang.String)&amp#27;[0m
  &amp#27;[32mThen &amp#27;[0m&amp#27;[32m&amp#27;[0m&amp#27;[32m&amp#27;[1mAdmin&amp#27;[0m&amp#27;[32m should be redirected to menu page&amp#27;[0m                                                      &amp#27;[90m# starter.stepdefinitions.menu.MenuStepDefinitions.customerIsRedirectedToMenuPage(net.serenitybdd.screenplay.Actor)&amp#27;[0m
]]></system-out>
    <system-err><![CDATA[Starting ChromeDriver 93.0.4577.63 (ff5c0da2ec0adeaed5550e6c7e98417dac77d98a-refs/branch-heads/4577@{#1135}) on port 28875
Only local connections are allowed.
Please see https://chromedriver.chromium.org/security-considerations for suggestions on keeping ChromeDriver safe.
ChromeDriver was started successfully.
Sep 15, 2021 8:45:22 PM org.openqa.selenium.remote.ProtocolHandshake createSession
INFO: Detected dialect: W3C
]]></system-err>
  </testcase>
  <testcase name="Admin wants to edit meal named Meal for edit with new price 35" classname="Admin is logged in and views the menu, list of meals" time="6.146">
    <system-out><![CDATA[
Scenario: Admin wants to edit meal named Meal for edit with new price 35 &amp#27;[90m# src/test/resources/features/menu/006menuAdmin.feature:39&amp#27;[0m
  &amp#27;[32mGiven &amp#27;[0m&amp#27;[32m&amp#27;[0m&amp#27;[32m&amp#27;[1mAdmin&amp#27;[0m&amp#27;[32m user, ROLE_ADMIN, tries to login&amp#27;[0m                           &amp#27;[90m# starter.stepdefinitions.ingredients.IngredientsStepDefinition.loginAdminUser(net.serenitybdd.screenplay.Actor)&amp#27;[0m
  &amp#27;[32mAnd &amp#27;[0m&amp#27;[32m&amp#27;[0m&amp#27;[32m&amp#27;[1mAdmin&amp#27;[0m&amp#27;[32m user is on menu page&amp#27;[0m                                         &amp#27;[90m# starter.stepdefinitions.menu.MealStepDefinitions.customerIsOnMenuPage(net.serenitybdd.screenplay.Actor)&amp#27;[0m
  &amp#27;[32mAnd &amp#27;[0m&amp#27;[32m&amp#27;[0m&amp#27;[32m&amp#27;[1mAdmin&amp#27;[0m&amp#27;[32m clicks on Edit button for Meal for edit with id 2&amp#27;[0m            &amp#27;[90m# starter.stepdefinitions.menu.MenuAdminStepDefinitions.adminClicksOnEditMeal(net.serenitybdd.screenplay.Actor)&amp#27;[0m
  &amp#27;[32mWhen &amp#27;[0m&amp#27;[32m&amp#27;[0m&amp#27;[32m&amp#27;[1mAdmin&amp#27;[0m&amp#27;[32m enters &amp#27;[0m&amp#27;[32m&amp#27;[1m"35"&amp#27;[0m&amp#27;[32m in price field for edit meal&amp#27;[0m                    &amp#27;[90m# starter.stepdefinitions.menu.MenuAdminStepDefinitions.actorsEditsMealPrice(net.serenitybdd.screenplay.Actor,java.lang.String)&amp#27;[0m
  &amp#27;[32mThen &amp#27;[0m&amp#27;[32m&amp#27;[0m&amp#27;[32m&amp#27;[1mAdmin&amp#27;[0m&amp#27;[32m should be redirected to menu page&amp#27;[0m                           &amp#27;[90m# starter.stepdefinitions.menu.MenuStepDefinitions.customerIsRedirectedToMenuPage(net.serenitybdd.screenplay.Actor)&amp#27;[0m
]]></system-out>
    <system-err><![CDATA[Starting ChromeDriver 93.0.4577.63 (ff5c0da2ec0adeaed5550e6c7e98417dac77d98a-refs/branch-heads/4577@{#1135}) on port 5682
Only local connections are allowed.
Please see https://chromedriver.chromium.org/security-considerations for suggestions on keeping ChromeDriver safe.
ChromeDriver was started successfully.
Sep 15, 2021 8:45:28 PM org.openqa.selenium.remote.ProtocolHandshake createSession
INFO: Detected dialect: W3C
]]></system-err>
  </testcase>
  <testcase name="Admin wants to edit meal named Meal for edit with new category Pizza" classname="Admin is logged in and views the menu, list of meals" time="6.124">
    <system-out><![CDATA[
Scenario: Admin wants to edit meal named Meal for edit with new category Pizza &amp#27;[90m# src/test/resources/features/menu/006menuAdmin.feature:46&amp#27;[0m
  &amp#27;[32mGiven &amp#27;[0m&amp#27;[32m&amp#27;[0m&amp#27;[32m&amp#27;[1mAdmin&amp#27;[0m&amp#27;[32m user, ROLE_ADMIN, tries to login&amp#27;[0m                                 &amp#27;[90m# starter.stepdefinitions.ingredients.IngredientsStepDefinition.loginAdminUser(net.serenitybdd.screenplay.Actor)&amp#27;[0m
  &amp#27;[32mAnd &amp#27;[0m&amp#27;[32m&amp#27;[0m&amp#27;[32m&amp#27;[1mAdmin&amp#27;[0m&amp#27;[32m user is on menu page&amp#27;[0m                                               &amp#27;[90m# starter.stepdefinitions.menu.MealStepDefinitions.customerIsOnMenuPage(net.serenitybdd.screenplay.Actor)&amp#27;[0m
  &amp#27;[32mAnd &amp#27;[0m&amp#27;[32m&amp#27;[0m&amp#27;[32m&amp#27;[1mAdmin&amp#27;[0m&amp#27;[32m clicks on Edit button for Meal for edit with id 2&amp#27;[0m                  &amp#27;[90m# starter.stepdefinitions.menu.MenuAdminStepDefinitions.adminClicksOnEditMeal(net.serenitybdd.screenplay.Actor)&amp#27;[0m
  &amp#27;[32mWhen &amp#27;[0m&amp#27;[32m&amp#27;[0m&amp#27;[32m&amp#27;[1mAdmin&amp#27;[0m&amp#27;[32m enters &amp#27;[0m&amp#27;[32m&amp#27;[1m"Pizza"&amp#27;[0m&amp#27;[32m in category field for edit meal&amp#27;[0m                    &amp#27;[90m# starter.stepdefinitions.menu.MenuAdminStepDefinitions.actorsEditsMealCategory(net.serenitybdd.screenplay.Actor,java.lang.String)&amp#27;[0m
  &amp#27;[32mThen &amp#27;[0m&amp#27;[32m&amp#27;[0m&amp#27;[32m&amp#27;[1mAdmin&amp#27;[0m&amp#27;[32m should be redirected to menu page&amp#27;[0m                                 &amp#27;[90m# starter.stepdefinitions.menu.MenuStepDefinitions.customerIsRedirectedToMenuPage(net.serenitybdd.screenplay.Actor)&amp#27;[0m
]]></system-out>
    <system-err><![CDATA[Starting ChromeDriver 93.0.4577.63 (ff5c0da2ec0adeaed5550e6c7e98417dac77d98a-refs/branch-heads/4577@{#1135}) on port 15756
Only local connections are allowed.
Please see https://chromedriver.chromium.org/security-considerations for suggestions on keeping ChromeDriver safe.
ChromeDriver was started successfully.
Sep 15, 2021 8:45:34 PM org.openqa.selenium.remote.ProtocolHandshake createSession
INFO: Detected dialect: W3C
]]></system-err>
  </testcase>
  <testcase name="Admin wants to edit meal named Meal for edit with new name imageUrl:https://storcpdkenticomedia.blob.core.windows.net/media/recipemanagementsystem/media/recipe-media-files/recipes/retail/desktopimages/15534.jpg?ext=.jpg" classname="Admin is logged in and views the menu, list of meals" time="6.405">
    <system-out><![CDATA[
Scenario: Admin wants to edit meal named Meal for edit with new name imageUrl:https://storcpdkenticomedia.blob.core.windows.net/media/recipemanagementsystem/media/recipe-media-files/recipes/retail/desktopimages/15534.jpg?ext=.jpg &amp#27;[90m# src/test/resources/features/menu/006menuAdmin.feature:53&amp#27;[0m
  &amp#27;[32mGiven &amp#27;[0m&amp#27;[32m&amp#27;[0m&amp#27;[32m&amp#27;[1mAdmin&amp#27;[0m&amp#27;[32m user, ROLE_ADMIN, tries to login&amp#27;[0m                                                                                                                                                                                        &amp#27;[90m# starter.stepdefinitions.ingredients.IngredientsStepDefinition.loginAdminUser(net.serenitybdd.screenplay.Actor)&amp#27;[0m
  &amp#27;[32mAnd &amp#27;[0m&amp#27;[32m&amp#27;[0m&amp#27;[32m&amp#27;[1mAdmin&amp#27;[0m&amp#27;[32m user is on menu page&amp#27;[0m                                                                                                                                                                                                      &amp#27;[90m# starter.stepdefinitions.menu.MealStepDefinitions.customerIsOnMenuPage(net.serenitybdd.screenplay.Actor)&amp#27;[0m
  &amp#27;[32mAnd &amp#27;[0m&amp#27;[32m&amp#27;[0m&amp#27;[32m&amp#27;[1mAdmin&amp#27;[0m&amp#27;[32m clicks on Edit button for Meal for edit with id 2&amp#27;[0m                                                                                                                                                                         &amp#27;[90m# starter.stepdefinitions.menu.MenuAdminStepDefinitions.adminClicksOnEditMeal(net.serenitybdd.screenplay.Actor)&amp#27;[0m
  &amp#27;[32mWhen &amp#27;[0m&amp#27;[32m&amp#27;[0m&amp#27;[32m&amp#27;[1mAdmin&amp#27;[0m&amp#27;[32m enters &amp#27;[0m&amp#27;[32m&amp#27;[1m"https://storcpdkenticomedia.blob.core.windows.net/media/recipemanagementsystem/media/recipe-media-files/recipes/retail/desktopimages/15534.jpg?ext=.jpg"&amp#27;[0m&amp#27;[32m in imageUrl field for edit meal&amp#27;[0m                         &amp#27;[90m# starter.stepdefinitions.menu.MenuAdminStepDefinitions.adminEditsImageUrl(net.serenitybdd.screenplay.Actor,java.lang.String)&amp#27;[0m
  &amp#27;[32mThen &amp#27;[0m&amp#27;[32m&amp#27;[0m&amp#27;[32m&amp#27;[1mAdmin&amp#27;[0m&amp#27;[32m should be redirected to menu page&amp#27;[0m                                                                                                                                                                                        &amp#27;[90m# starter.stepdefinitions.menu.MenuStepDefinitions.customerIsRedirectedToMenuPage(net.serenitybdd.screenplay.Actor)&amp#27;[0m
]]></system-out>
    <system-err><![CDATA[Starting ChromeDriver 93.0.4577.63 (ff5c0da2ec0adeaed5550e6c7e98417dac77d98a-refs/branch-heads/4577@{#1135}) on port 45472
Only local connections are allowed.
Please see https://chromedriver.chromium.org/security-considerations for suggestions on keeping ChromeDriver safe.
ChromeDriver was started successfully.
Sep 15, 2021 8:45:41 PM org.openqa.selenium.remote.ProtocolHandshake createSession
INFO: Detected dialect: W3C
]]></system-err>
  </testcase>
  <testcase name="Admin wants to edit Ingredients: Bacon, Pancake,Ketchup" classname="Admin is logged in and views the menu, list of meals" time="6.05">
    <system-out><![CDATA[
Scenario: Admin wants to edit Ingredients: Bacon, Pancake,Ketchup                       &amp#27;[90m# src/test/resources/features/menu/006menuAdmin.feature:60&amp#27;[0m
  &amp#27;[32mGiven &amp#27;[0m&amp#27;[32m&amp#27;[0m&amp#27;[32m&amp#27;[1mAdmin&amp#27;[0m&amp#27;[32m user, ROLE_ADMIN, tries to login&amp#27;[0m                                          &amp#27;[90m# starter.stepdefinitions.ingredients.IngredientsStepDefinition.loginAdminUser(net.serenitybdd.screenplay.Actor)&amp#27;[0m
  &amp#27;[32mAnd &amp#27;[0m&amp#27;[32m&amp#27;[0m&amp#27;[32m&amp#27;[1mAdmin&amp#27;[0m&amp#27;[32m user is on menu page&amp#27;[0m                                                        &amp#27;[90m# starter.stepdefinitions.menu.MealStepDefinitions.customerIsOnMenuPage(net.serenitybdd.screenplay.Actor)&amp#27;[0m
  &amp#27;[32mAnd &amp#27;[0m&amp#27;[32m&amp#27;[0m&amp#27;[32m&amp#27;[1mAdmin&amp#27;[0m&amp#27;[32m clicks on Edit button for Meal for edit with id 2&amp#27;[0m                           &amp#27;[90m# starter.stepdefinitions.menu.MenuAdminStepDefinitions.adminClicksOnEditMeal(net.serenitybdd.screenplay.Actor)&amp#27;[0m
  &amp#27;[32mWhen &amp#27;[0m&amp#27;[32m&amp#27;[0m&amp#27;[32m&amp#27;[1mAdmin&amp#27;[0m&amp#27;[32m enters &amp#27;[0m&amp#27;[32m&amp#27;[1m"Chicken,Croutons,Corn,Cucumber"&amp#27;[0m&amp#27;[32m in ingredients field for edit meal&amp#27;[0m &amp#27;[90m# starter.stepdefinitions.menu.MenuAdminStepDefinitions.actorEditsIngredientsList(net.serenitybdd.screenplay.Actor,java.lang.String)&amp#27;[0m
  &amp#27;[32mThen &amp#27;[0m&amp#27;[32m&amp#27;[0m&amp#27;[32m&amp#27;[1mAdmin&amp#27;[0m&amp#27;[32m should be redirected to menu page&amp#27;[0m                                          &amp#27;[90m# starter.stepdefinitions.menu.MenuStepDefinitions.customerIsRedirectedToMenuPage(net.serenitybdd.screenplay.Actor)&amp#27;[0m
]]></system-out>
    <system-err><![CDATA[Starting ChromeDriver 93.0.4577.63 (ff5c0da2ec0adeaed5550e6c7e98417dac77d98a-refs/branch-heads/4577@{#1135}) on port 3054
Only local connections are allowed.
Please see https://chromedriver.chromium.org/security-considerations for suggestions on keeping ChromeDriver safe.
ChromeDriver was started successfully.
Sep 15, 2021 8:45:47 PM org.openqa.selenium.remote.ProtocolHandshake createSession
INFO: Detected dialect: W3C
]]></system-err>
  </testcase>
  <testcase name="Admin want to delete Meal for delete by clicking on delete button after meal" classname="Admin is logged in and views the menu, list of meals" time="6.861">
    <system-out><![CDATA[
Scenario: Admin want to delete Meal for delete by clicking on delete button after meal &amp#27;[90m# src/test/resources/features/menu/006menuAdmin.feature:67&amp#27;[0m
  &amp#27;[32mGiven &amp#27;[0m&amp#27;[32m&amp#27;[0m&amp#27;[32m&amp#27;[1mAdmin&amp#27;[0m&amp#27;[32m user, ROLE_ADMIN, tries to login&amp#27;[0m                                         &amp#27;[90m# starter.stepdefinitions.ingredients.IngredientsStepDefinition.loginAdminUser(net.serenitybdd.screenplay.Actor)&amp#27;[0m
  &amp#27;[32mAnd &amp#27;[0m&amp#27;[32m&amp#27;[0m&amp#27;[32m&amp#27;[1mAdmin&amp#27;[0m&amp#27;[32m user is on menu page&amp#27;[0m                                                       &amp#27;[90m# starter.stepdefinitions.menu.MealStepDefinitions.customerIsOnMenuPage(net.serenitybdd.screenplay.Actor)&amp#27;[0m
  &amp#27;[32mWhen &amp#27;[0m&amp#27;[32m&amp#27;[0m&amp#27;[32m&amp#27;[1mAdmin&amp#27;[0m&amp#27;[32m clicks on Delete button for Meal for delete with id 1&amp#27;[0m                     &amp#27;[90m# starter.stepdefinitions.menu.MenuAdminStepDefinitions.adminDeletesMeal(net.serenitybdd.screenplay.Actor)&amp#27;[0m
  &amp#27;[32mThen &amp#27;[0m&amp#27;[32m&amp#27;[0m&amp#27;[32m&amp#27;[1mAdmin&amp#27;[0m&amp#27;[32m user should see &amp#27;[0m&amp#27;[32m&amp#27;[1m12&amp#27;[0m&amp#27;[32m meals on menu page&amp#27;[0m                                     &amp#27;[90m# starter.stepdefinitions.menu.MenuStepDefinitions.customerShouldSeeNumberOfItems(net.serenitybdd.screenplay.Actor,int)&amp#27;[0m
]]></system-out>
    <system-err><![CDATA[Starting ChromeDriver 93.0.4577.63 (ff5c0da2ec0adeaed5550e6c7e98417dac77d98a-refs/branch-heads/4577@{#1135}) on port 8254
Only local connections are allowed.
Please see https://chromedriver.chromium.org/security-considerations for suggestions on keeping ChromeDriver safe.
ChromeDriver was started successfully.
Sep 15, 2021 8:45:53 PM org.openqa.selenium.remote.ProtocolHandshake createSession
INFO: Detected dialect: W3C
]]></system-err>
  </testcase>
  <testcase name="Employee is logged in and clicks on processing orders button on home page. Processing order page is displayed" classname="Employee is logged and and views processing order and start preparing meals. After preparation of meals for order" time="3.423">
    <system-out><![CDATA[
Scenario: Employee is logged in and clicks on processing orders button on home page. Processing order page is displayed &amp#27;[90m# src/test/resources/features/orders/007orders.feature:4&amp#27;[0m
  &amp#27;[32mGiven &amp#27;[0m&amp#27;[32m&amp#27;[0m&amp#27;[32m&amp#27;[1mEmployee&amp#27;[0m&amp#27;[32m user, ROLE_EMPLOYEE, tries to login&amp#27;[0m                                                                    &amp#27;[90m# starter.stepdefinitions.orders.OrdersStepDefinition.employeeUserTriesToLogin(net.serenitybdd.screenplay.Actor)&amp#27;[0m
  &amp#27;[32mWhen &amp#27;[0m&amp#27;[32m&amp#27;[0m&amp#27;[32m&amp#27;[1mEmployee&amp#27;[0m&amp#27;[32m user clicks on Processing orders button&amp#27;[0m                                                                 &amp#27;[90m# starter.stepdefinitions.orders.OrdersStepDefinition.employeeUserClicksOnProcessingOrders(net.serenitybdd.screenplay.Actor)&amp#27;[0m
  &amp#27;[32mThen &amp#27;[0m&amp#27;[32m&amp#27;[0m&amp#27;[32m&amp#27;[1mEmployee&amp#27;[0m&amp#27;[32m user should be redirected to processing orders page&amp#27;[0m                                                     &amp#27;[90m# starter.stepdefinitions.orders.OrdersStepDefinition.employeeUserShouldBeRedirectedToProcessingOrdersPage(net.serenitybdd.screenplay.Actor)&amp#27;[0m
]]></system-out>
    <system-err><![CDATA[Starting ChromeDriver 93.0.4577.63 (ff5c0da2ec0adeaed5550e6c7e98417dac77d98a-refs/branch-heads/4577@{#1135}) on port 29029
Only local connections are allowed.
Please see https://chromedriver.chromium.org/security-considerations for suggestions on keeping ChromeDriver safe.
ChromeDriver was started successfully.
Sep 15, 2021 8:46:00 PM org.openqa.selenium.remote.ProtocolHandshake createSession
INFO: Detected dialect: W3C
]]></system-err>
  </testcase>
  <testcase name="Employee user is logged in and is on processing orders page. There should be 2 processing orders" classname="Employee is logged and and views processing order and start preparing meals. After preparation of meals for order" time="3.441">
    <system-out><![CDATA[
Scenario: Employee user is logged in and is on processing orders page. There should be 2 processing orders &amp#27;[90m# src/test/resources/features/orders/007orders.feature:9&amp#27;[0m
  &amp#27;[32mGiven &amp#27;[0m&amp#27;[32m&amp#27;[0m&amp#27;[32m&amp#27;[1mEmployee&amp#27;[0m&amp#27;[32m user, ROLE_EMPLOYEE, tries to login&amp#27;[0m                                                       &amp#27;[90m# starter.stepdefinitions.orders.OrdersStepDefinition.employeeUserTriesToLogin(net.serenitybdd.screenplay.Actor)&amp#27;[0m
  &amp#27;[32mWhen &amp#27;[0m&amp#27;[32m&amp#27;[0m&amp#27;[32m&amp#27;[1mEmployee&amp#27;[0m&amp#27;[32m user is on processing orders page&amp#27;[0m                                                          &amp#27;[90m# starter.stepdefinitions.orders.OrdersStepDefinition.employeeUserIsOnProcessingOrdersPage(net.serenitybdd.screenplay.Actor)&amp#27;[0m
  &amp#27;[32mThen &amp#27;[0m&amp#27;[32m&amp#27;[0m&amp#27;[32m&amp#27;[1mEmployee&amp#27;[0m&amp#27;[32m user sees &amp#27;[0m&amp#27;[32m&amp#27;[1m3&amp#27;[0m&amp#27;[32m rows in the processing order table&amp#27;[0m                                             &amp#27;[90m# starter.stepdefinitions.orders.OrdersStepDefinition.employeeSeesNumberOfRows(net.serenitybdd.screenplay.Actor,int)&amp#27;[0m
]]></system-out>
    <system-err><![CDATA[Starting ChromeDriver 93.0.4577.63 (ff5c0da2ec0adeaed5550e6c7e98417dac77d98a-refs/branch-heads/4577@{#1135}) on port 35847
Only local connections are allowed.
Please see https://chromedriver.chromium.org/security-considerations for suggestions on keeping ChromeDriver safe.
ChromeDriver was started successfully.
Sep 15, 2021 8:46:03 PM org.openqa.selenium.remote.ProtocolHandshake createSession
INFO: Detected dialect: W3C
]]></system-err>
  </testcase>
  <testcase name="Employee is on processing order page, displayed data is:" classname="Employee is logged and and views processing order and start preparing meals. After preparation of meals for order" time="3.588">
    <system-out><![CDATA[
Scenario: Employee is on processing order page, displayed data is:       &amp#27;[90m# src/test/resources/features/orders/007orders.feature:14&amp#27;[0m
  &amp#27;[32mGiven &amp#27;[0m&amp#27;[32m&amp#27;[0m&amp#27;[32m&amp#27;[1mEmployee&amp#27;[0m&amp#27;[32m user, ROLE_EMPLOYEE, tries to login&amp#27;[0m                     &amp#27;[90m# starter.stepdefinitions.orders.OrdersStepDefinition.employeeUserTriesToLogin(net.serenitybdd.screenplay.Actor)&amp#27;[0m
  &amp#27;[32mWhen &amp#27;[0m&amp#27;[32m&amp#27;[0m&amp#27;[32m&amp#27;[1mEmployee&amp#27;[0m&amp#27;[32m user is on processing orders page&amp#27;[0m                        &amp#27;[90m# starter.stepdefinitions.orders.OrdersStepDefinition.employeeUserIsOnProcessingOrdersPage(net.serenitybdd.screenplay.Actor)&amp#27;[0m
  &amp#27;[32mThen &amp#27;[0m&amp#27;[32m&amp#27;[0m&amp#27;[32m&amp#27;[1mEmployee&amp#27;[0m&amp#27;[32m user should see above rows in the processing order table&amp#27;[0m &amp#27;[90m# starter.stepdefinitions.orders.OrdersStepDefinition.employeeViewsProcessingOrderData(net.serenitybdd.screenplay.Actor)&amp#27;[0m
]]></system-out>
    <system-err><![CDATA[Starting ChromeDriver 93.0.4577.63 (ff5c0da2ec0adeaed5550e6c7e98417dac77d98a-refs/branch-heads/4577@{#1135}) on port 39300
Only local connections are allowed.
Please see https://chromedriver.chromium.org/security-considerations for suggestions on keeping ChromeDriver safe.
ChromeDriver was started successfully.
Sep 15, 2021 8:46:07 PM org.openqa.selenium.remote.ProtocolHandshake createSession
INFO: Detected dialect: W3C
]]></system-err>
  </testcase>
  <testcase name="Employee is on processing order page and clicks on ready for delivery button for customer1@test.com order," classname="Employee is logged and and views processing order and start preparing meals. After preparation of meals for order" time="5.662">
    <system-out><![CDATA[
Scenario: Employee is on processing order page and clicks on ready for delivery button for customer1@test.com order, &amp#27;[90m# src/test/resources/features/orders/007orders.feature:27&amp#27;[0m
  &amp#27;[32mGiven &amp#27;[0m&amp#27;[32m&amp#27;[0m&amp#27;[32m&amp#27;[1mEmployee&amp#27;[0m&amp#27;[32m user, ROLE_EMPLOYEE, tries to login&amp#27;[0m                                                                 &amp#27;[90m# starter.stepdefinitions.orders.OrdersStepDefinition.employeeUserTriesToLogin(net.serenitybdd.screenplay.Actor)&amp#27;[0m
  &amp#27;[32mAnd &amp#27;[0m&amp#27;[32m&amp#27;[0m&amp#27;[32m&amp#27;[1mEmployee&amp#27;[0m&amp#27;[32m user is on processing orders page&amp#27;[0m                                                                     &amp#27;[90m# starter.stepdefinitions.orders.OrdersStepDefinition.employeeUserIsOnProcessingOrdersPage(net.serenitybdd.screenplay.Actor)&amp#27;[0m
  &amp#27;[32mWhen &amp#27;[0m&amp#27;[32m&amp#27;[0m&amp#27;[32m&amp#27;[1mEmployee&amp#27;[0m&amp#27;[32m user clicks on Ready for delivery button for order with id 8&amp#27;[0m                                         &amp#27;[90m# starter.stepdefinitions.orders.OrdersStepDefinition.employeeClicksOnReadyForDelivery(net.serenitybdd.screenplay.Actor)&amp#27;[0m
  &amp#27;[32mThen &amp#27;[0m&amp#27;[32m&amp#27;[0m&amp#27;[32m&amp#27;[1mEmployee&amp#27;[0m&amp#27;[32m user should see that the order with id 8 was removed from the table&amp#27;[0m                                  &amp#27;[90m# starter.stepdefinitions.orders.OrdersStepDefinition.employeeShouldNotSeeInfoAboutRemovedRow(net.serenitybdd.screenplay.Actor)&amp#27;[0m
]]></system-out>
    <system-err><![CDATA[Starting ChromeDriver 93.0.4577.63 (ff5c0da2ec0adeaed5550e6c7e98417dac77d98a-refs/branch-heads/4577@{#1135}) on port 2537
Only local connections are allowed.
Please see https://chromedriver.chromium.org/security-considerations for suggestions on keeping ChromeDriver safe.
ChromeDriver was started successfully.
Sep 15, 2021 8:46:10 PM org.openqa.selenium.remote.ProtocolHandshake createSession
INFO: Detected dialect: W3C
]]></system-err>
  </testcase>
  <testcase name="Employee user is logged in and is on processing order page after clicking on ready for delivery button" classname="Employee is logged and and views processing order and start preparing meals. After preparation of meals for order" time="3.439">
    <system-out><![CDATA[
Scenario: Employee user is logged in and is on processing order page after clicking on ready for delivery button &amp#27;[90m# src/test/resources/features/orders/007orders.feature:34&amp#27;[0m
  &amp#27;[32mGiven &amp#27;[0m&amp#27;[32m&amp#27;[0m&amp#27;[32m&amp#27;[1mEmployee&amp#27;[0m&amp#27;[32m user, ROLE_EMPLOYEE, tries to login&amp#27;[0m                                                             &amp#27;[90m# starter.stepdefinitions.orders.OrdersStepDefinition.employeeUserTriesToLogin(net.serenitybdd.screenplay.Actor)&amp#27;[0m
  &amp#27;[32mWhen &amp#27;[0m&amp#27;[32m&amp#27;[0m&amp#27;[32m&amp#27;[1mEmployee&amp#27;[0m&amp#27;[32m user is on processing orders page&amp#27;[0m                                                                &amp#27;[90m# starter.stepdefinitions.orders.OrdersStepDefinition.employeeUserIsOnProcessingOrdersPage(net.serenitybdd.screenplay.Actor)&amp#27;[0m
  &amp#27;[32mThen &amp#27;[0m&amp#27;[32m&amp#27;[0m&amp#27;[32m&amp#27;[1mEmployee&amp#27;[0m&amp#27;[32m user sees &amp#27;[0m&amp#27;[32m&amp#27;[1m2&amp#27;[0m&amp#27;[32m rows in the processing order table&amp#27;[0m                                                   &amp#27;[90m# starter.stepdefinitions.orders.OrdersStepDefinition.employeeSeesNumberOfRows(net.serenitybdd.screenplay.Actor,int)&amp#27;[0m
]]></system-out>
    <system-err><![CDATA[Starting ChromeDriver 93.0.4577.63 (ff5c0da2ec0adeaed5550e6c7e98417dac77d98a-refs/branch-heads/4577@{#1135}) on port 4293
Only local connections are allowed.
Please see https://chromedriver.chromium.org/security-considerations for suggestions on keeping ChromeDriver safe.
ChromeDriver was started successfully.
Sep 15, 2021 8:46:16 PM org.openqa.selenium.remote.ProtocolHandshake createSession
INFO: Detected dialect: W3C
]]></system-err>
  </testcase>
  <testcase name="Delivery user is on deliveries page and should see records about customer1@test.com order." classname="Employee is logged and and views processing order and start preparing meals. After preparation of meals for order" time="3.401">
    <system-out><![CDATA[
Scenario: Delivery user is on deliveries page and should see records about customer1@test.com order. &amp#27;[90m# src/test/resources/features/orders/007orders.feature:39&amp#27;[0m
  &amp#27;[32mGiven &amp#27;[0m&amp#27;[32m&amp#27;[0m&amp#27;[32m&amp#27;[1mDelivery&amp#27;[0m&amp#27;[32m user tries to log in&amp#27;[0m                                                                &amp#27;[90m# starter.stepdefinitions.delivery.DeliveriesStepDefinition.checkIfLoggedIn(net.serenitybdd.screenplay.Actor)&amp#27;[0m
  &amp#27;[32mWhen &amp#27;[0m&amp#27;[32m&amp#27;[0m&amp#27;[32m&amp#27;[1mDelivery&amp#27;[0m&amp#27;[32m user is on deliveries page&amp#27;[0m                                                           &amp#27;[90m# starter.stepdefinitions.delivery.DeliveriesStepDefinition.deliveryUserOnDeliveryPage(net.serenitybdd.screenplay.Actor)&amp#27;[0m
  &amp#27;[32mThen &amp#27;[0m&amp#27;[32m&amp#27;[0m&amp#27;[32m&amp#27;[1mDelivery&amp#27;[0m&amp#27;[32m sees &amp#27;[0m&amp#27;[32m&amp#27;[1m2&amp#27;[0m&amp#27;[32m deliveries in the table&amp#27;[0m                                                       &amp#27;[90m# starter.stepdefinitions.delivery.DeliveriesStepDefinition.countDeliveryRowsInTable(net.serenitybdd.screenplay.Actor,int)&amp#27;[0m
]]></system-out>
    <system-err><![CDATA[Starting ChromeDriver 93.0.4577.63 (ff5c0da2ec0adeaed5550e6c7e98417dac77d98a-refs/branch-heads/4577@{#1135}) on port 42891
Only local connections are allowed.
Please see https://chromedriver.chromium.org/security-considerations for suggestions on keeping ChromeDriver safe.
ChromeDriver was started successfully.
Sep 15, 2021 8:46:19 PM org.openqa.selenium.remote.ProtocolHandshake createSession
INFO: Detected dialect: W3C
]]></system-err>
  </testcase>
  <testcase name="Customer1 clicks on Shopping cart button on home page and is redirected to Shopping cart page" classname="We have Customer1 who does not have items in shopping cart" time="3.343">
    <system-out><![CDATA[
Scenario: Customer1 clicks on Shopping cart button on home page and is redirected to Shopping cart page &amp#27;[90m# src/test/resources/features/shoppingCart/008EmptyShoppingCart.feature:3&amp#27;[0m
  &amp#27;[32mGiven &amp#27;[0m&amp#27;[32m&amp#27;[0m&amp#27;[32m&amp#27;[1mCustomer1&amp#27;[0m&amp#27;[32m user, ROLE_CUSTOMER1, tries to login&amp#27;[0m                                                  &amp#27;[90m# starter.stepdefinitions.shoppingCart.EmptyShoppingCartStepDefinition.customer1IsLoggedIN(net.serenitybdd.screenplay.Actor)&amp#27;[0m
  &amp#27;[32mWhen &amp#27;[0m&amp#27;[32m&amp#27;[0m&amp#27;[32m&amp#27;[1mCustomer1&amp#27;[0m&amp#27;[32m user clicks on shopping cart button&amp#27;[0m                                                    &amp#27;[90m# starter.stepdefinitions.shoppingCart.EmptyShoppingCartStepDefinition.customerClicksOnShoppingCartButton(net.serenitybdd.screenplay.Actor)&amp#27;[0m
  &amp#27;[32mThen &amp#27;[0m&amp#27;[32m&amp#27;[0m&amp#27;[32m&amp#27;[1mCustomer1&amp#27;[0m&amp#27;[32m user should be redirected to shopping cart page&amp#27;[0m                                        &amp#27;[90m# starter.stepdefinitions.shoppingCart.EmptyShoppingCartStepDefinition.customerShouldBeRedirectedToShoppingCartPage(net.serenitybdd.screenplay.Actor)&amp#27;[0m
]]></system-out>
    <system-err><![CDATA[Starting ChromeDriver 93.0.4577.63 (ff5c0da2ec0adeaed5550e6c7e98417dac77d98a-refs/branch-heads/4577@{#1135}) on port 48946
Only local connections are allowed.
Please see https://chromedriver.chromium.org/security-considerations for suggestions on keeping ChromeDriver safe.
ChromeDriver was started successfully.
Sep 15, 2021 8:46:23 PM org.openqa.selenium.remote.ProtocolHandshake createSession
INFO: Detected dialect: W3C
]]></system-err>
  </testcase>
  <testcase name="Customer1 is on Shopping cart page and information about empty shopping cart is displayed" classname="We have Customer1 who does not have items in shopping cart" time="3.371">
    <system-out><![CDATA[
Scenario: Customer1 is on Shopping cart page and information about empty shopping cart is displayed &amp#27;[90m# src/test/resources/features/shoppingCart/008EmptyShoppingCart.feature:8&amp#27;[0m
  &amp#27;[32mGiven &amp#27;[0m&amp#27;[32m&amp#27;[0m&amp#27;[32m&amp#27;[1mCustomer1&amp#27;[0m&amp#27;[32m user, ROLE_CUSTOMER1, tries to login&amp#27;[0m                                              &amp#27;[90m# starter.stepdefinitions.shoppingCart.EmptyShoppingCartStepDefinition.customer1IsLoggedIN(net.serenitybdd.screenplay.Actor)&amp#27;[0m
  &amp#27;[32mWhen &amp#27;[0m&amp#27;[32m&amp#27;[0m&amp#27;[32m&amp#27;[1mCustomer1&amp#27;[0m&amp#27;[32m user is on shopping cart page&amp#27;[0m                                                      &amp#27;[90m# starter.stepdefinitions.shoppingCart.EmptyShoppingCartStepDefinition.customerIsOnShoppingCartPage(net.serenitybdd.screenplay.Actor)&amp#27;[0m
  &amp#27;[32mThen &amp#27;[0m&amp#27;[32m&amp#27;[0m&amp#27;[32m&amp#27;[1mCustomer1&amp#27;[0m&amp#27;[32m user should see information about empty shopping cart&amp#27;[0m                              &amp#27;[90m# starter.stepdefinitions.shoppingCart.EmptyShoppingCartStepDefinition.customerShouldSeeInfoAboutEmptyShoppingCart(net.serenitybdd.screenplay.Actor)&amp#27;[0m
]]></system-out>
    <system-err><![CDATA[Starting ChromeDriver 93.0.4577.63 (ff5c0da2ec0adeaed5550e6c7e98417dac77d98a-refs/branch-heads/4577@{#1135}) on port 16666
Only local connections are allowed.
Please see https://chromedriver.chromium.org/security-considerations for suggestions on keeping ChromeDriver safe.
ChromeDriver was started successfully.
Sep 15, 2021 8:46:26 PM org.openqa.selenium.remote.ProtocolHandshake createSession
INFO: Detected dialect: W3C
]]></system-err>
  </testcase>
  <testcase name="Customer1 is on Shopping cart page and button for back to menu page is displayed, but checkout button is not shown" classname="We have Customer1 who does not have items in shopping cart" time="5.381">
    <system-out><![CDATA[
Scenario: Customer1 is on Shopping cart page and button for back to menu page is displayed, but checkout button is not shown &amp#27;[90m# src/test/resources/features/shoppingCart/008EmptyShoppingCart.feature:13&amp#27;[0m
  &amp#27;[32mGiven &amp#27;[0m&amp#27;[32m&amp#27;[0m&amp#27;[32m&amp#27;[1mCustomer1&amp#27;[0m&amp#27;[32m user, ROLE_CUSTOMER1, tries to login&amp#27;[0m                                                                       &amp#27;[90m# starter.stepdefinitions.shoppingCart.EmptyShoppingCartStepDefinition.customer1IsLoggedIN(net.serenitybdd.screenplay.Actor)&amp#27;[0m
  &amp#27;[32mWhen &amp#27;[0m&amp#27;[32m&amp#27;[0m&amp#27;[32m&amp#27;[1mCustomer1&amp#27;[0m&amp#27;[32m user is on shopping cart page&amp#27;[0m                                                                               &amp#27;[90m# starter.stepdefinitions.shoppingCart.EmptyShoppingCartStepDefinition.customerIsOnShoppingCartPage(net.serenitybdd.screenplay.Actor)&amp#27;[0m
  &amp#27;[32mThen &amp#27;[0m&amp#27;[32m&amp#27;[0m&amp#27;[32m&amp#27;[1mCustomer1&amp#27;[0m&amp#27;[32m user should see back to menu button, but not checkout button&amp#27;[0m                                                &amp#27;[90m# starter.stepdefinitions.shoppingCart.EmptyShoppingCartStepDefinition.customerShouldSeeBackToMenuButNotCheckOutButton(net.serenitybdd.screenplay.Actor)&amp#27;[0m
]]></system-out>
    <system-err><![CDATA[Starting ChromeDriver 93.0.4577.63 (ff5c0da2ec0adeaed5550e6c7e98417dac77d98a-refs/branch-heads/4577@{#1135}) on port 48873
Only local connections are allowed.
Please see https://chromedriver.chromium.org/security-considerations for suggestions on keeping ChromeDriver safe.
ChromeDriver was started successfully.
Sep 15, 2021 8:46:30 PM org.openqa.selenium.remote.ProtocolHandshake createSession
INFO: Detected dialect: W3C
]]></system-err>
  </testcase>
  <testcase name="Customer1 is on Shopping cart page and clicks button for back to menu page so he should be redirected to Menu page" classname="We have Customer1 who does not have items in shopping cart" time="3.441">
    <system-out><![CDATA[
Scenario: Customer1 is on Shopping cart page and clicks button for back to menu page so he should be redirected to Menu page &amp#27;[90m# src/test/resources/features/shoppingCart/008EmptyShoppingCart.feature:18&amp#27;[0m
  &amp#27;[32mGiven &amp#27;[0m&amp#27;[32m&amp#27;[0m&amp#27;[32m&amp#27;[1mCustomer1&amp#27;[0m&amp#27;[32m user, ROLE_CUSTOMER1, tries to login&amp#27;[0m                                                                       &amp#27;[90m# starter.stepdefinitions.shoppingCart.EmptyShoppingCartStepDefinition.customer1IsLoggedIN(net.serenitybdd.screenplay.Actor)&amp#27;[0m
  &amp#27;[32mAnd &amp#27;[0m&amp#27;[32m&amp#27;[0m&amp#27;[32m&amp#27;[1mCustomer1&amp#27;[0m&amp#27;[32m user is on shopping cart page&amp#27;[0m                                                                                &amp#27;[90m# starter.stepdefinitions.shoppingCart.EmptyShoppingCartStepDefinition.customerIsOnShoppingCartPage(net.serenitybdd.screenplay.Actor)&amp#27;[0m
  &amp#27;[32mWhen &amp#27;[0m&amp#27;[32m&amp#27;[0m&amp#27;[32m&amp#27;[1mCustomer1&amp#27;[0m&amp#27;[32m user clicks on button for back to menu&amp#27;[0m                                                                      &amp#27;[90m# starter.stepdefinitions.shoppingCart.EmptyShoppingCartStepDefinition.customerClicksOnBackToMenuButton(net.serenitybdd.screenplay.Actor)&amp#27;[0m
  &amp#27;[32mThen &amp#27;[0m&amp#27;[32m&amp#27;[0m&amp#27;[32m&amp#27;[1mCustomer1&amp#27;[0m&amp#27;[32m should be redirected to menu page&amp#27;[0m                                                                           &amp#27;[90m# starter.stepdefinitions.menu.MenuStepDefinitions.customerIsRedirectedToMenuPage(net.serenitybdd.screenplay.Actor)&amp#27;[0m
]]></system-out>
    <system-err><![CDATA[Starting ChromeDriver 93.0.4577.63 (ff5c0da2ec0adeaed5550e6c7e98417dac77d98a-refs/branch-heads/4577@{#1135}) on port 11648
Only local connections are allowed.
Please see https://chromedriver.chromium.org/security-considerations for suggestions on keeping ChromeDriver safe.
ChromeDriver was started successfully.
Sep 15, 2021 8:46:35 PM org.openqa.selenium.remote.ProtocolHandshake createSession
INFO: Detected dialect: W3C
]]></system-err>
  </testcase>
  <testcase name="Customer1 is on menu page, selects Meal4 with quantity 1 and adds it to shopping cart." classname="We have Customer1 who does not have items in shopping cart" time="6.269">
    <system-out><![CDATA[
Scenario: Customer1 is on menu page, selects Meal4 with quantity 1 and adds it to shopping cart. &amp#27;[90m# src/test/resources/features/shoppingCart/008EmptyShoppingCart.feature:24&amp#27;[0m
  &amp#27;[32mGiven &amp#27;[0m&amp#27;[32m&amp#27;[0m&amp#27;[32m&amp#27;[1mCustomer1&amp#27;[0m&amp#27;[32m user, ROLE_CUSTOMER1, tries to login&amp#27;[0m                                           &amp#27;[90m# starter.stepdefinitions.shoppingCart.EmptyShoppingCartStepDefinition.customer1IsLoggedIN(net.serenitybdd.screenplay.Actor)&amp#27;[0m
  &amp#27;[32mAnd &amp#27;[0m&amp#27;[32m&amp#27;[0m&amp#27;[32m&amp#27;[1mCustomer1&amp#27;[0m&amp#27;[32m user is on menu page&amp#27;[0m                                                             &amp#27;[90m# starter.stepdefinitions.menu.MealStepDefinitions.customerIsOnMenuPage(net.serenitybdd.screenplay.Actor)&amp#27;[0m
  &amp#27;[32mWhen &amp#27;[0m&amp#27;[32m&amp#27;[0m&amp#27;[32m&amp#27;[1mCustomer1&amp#27;[0m&amp#27;[32m user clicks on Add from menu page for Meal4&amp#27;[0m                                     &amp#27;[90m# starter.stepdefinitions.shoppingCart.EmptyShoppingCartStepDefinition.customerClickOnAddButton(net.serenitybdd.screenplay.Actor)&amp#27;[0m
  &amp#27;[32mThen &amp#27;[0m&amp#27;[32m&amp#27;[0m&amp#27;[32m&amp#27;[1mCustomer1&amp#27;[0m&amp#27;[32m should have &amp#27;[0m&amp#27;[32m&amp#27;[1m"Meal4"&amp#27;[0m&amp#27;[32m in shopping cart with quantity &amp#27;[0m&amp#27;[32m&amp#27;[1m"1"&amp#27;[0m                          &amp#27;[90m# starter.stepdefinitions.menu.MealStepDefinitions.customerHasItemsInShoppingCart(net.serenitybdd.screenplay.Actor,java.lang.String,java.lang.String)&amp#27;[0m
]]></system-out>
    <system-err><![CDATA[Starting ChromeDriver 93.0.4577.63 (ff5c0da2ec0adeaed5550e6c7e98417dac77d98a-refs/branch-heads/4577@{#1135}) on port 35834
Only local connections are allowed.
Please see https://chromedriver.chromium.org/security-considerations for suggestions on keeping ChromeDriver safe.
ChromeDriver was started successfully.
Sep 15, 2021 8:46:38 PM org.openqa.selenium.remote.ProtocolHandshake createSession
INFO: Detected dialect: W3C
]]></system-err>
  </testcase>
  <testcase name="Customer1 is on shopping cart and clicks on Check out. He is redirected on Checkout page" classname="We have Customer1 who does not have items in shopping cart" time="3.462">
    <system-out><![CDATA[
Scenario: Customer1 is on shopping cart and clicks on Check out. He is redirected on Checkout page &amp#27;[90m# src/test/resources/features/shoppingCart/008EmptyShoppingCart.feature:30&amp#27;[0m
  &amp#27;[32mGiven &amp#27;[0m&amp#27;[32m&amp#27;[0m&amp#27;[32m&amp#27;[1mCustomer1&amp#27;[0m&amp#27;[32m user, ROLE_CUSTOMER1, tries to login&amp#27;[0m                                             &amp#27;[90m# starter.stepdefinitions.shoppingCart.EmptyShoppingCartStepDefinition.customer1IsLoggedIN(net.serenitybdd.screenplay.Actor)&amp#27;[0m
  &amp#27;[32mAnd &amp#27;[0m&amp#27;[32m&amp#27;[0m&amp#27;[32m&amp#27;[1mCustomer1&amp#27;[0m&amp#27;[32m user is on shopping cart page&amp#27;[0m                                                      &amp#27;[90m# starter.stepdefinitions.shoppingCart.EmptyShoppingCartStepDefinition.customerIsOnShoppingCartPage(net.serenitybdd.screenplay.Actor)&amp#27;[0m
  &amp#27;[32mWhen &amp#27;[0m&amp#27;[32m&amp#27;[0m&amp#27;[32m&amp#27;[1mCustomer1&amp#27;[0m&amp#27;[32m user clicks on checkout button&amp#27;[0m                                                    &amp#27;[90m# starter.stepdefinitions.shoppingCart.EmptyShoppingCartStepDefinition.customerClicksOnCheckoutButton(net.serenitybdd.screenplay.Actor)&amp#27;[0m
  &amp#27;[32mThen &amp#27;[0m&amp#27;[32m&amp#27;[0m&amp#27;[32m&amp#27;[1mCustomer1&amp#27;[0m&amp#27;[32m user should be redirected to checkout page&amp#27;[0m                                        &amp#27;[90m# starter.stepdefinitions.shoppingCart.EmptyShoppingCartStepDefinition.customerIsRedirectedToCheckoutPage(net.serenitybdd.screenplay.Actor)&amp#27;[0m
]]></system-out>
    <system-err><![CDATA[Starting ChromeDriver 93.0.4577.63 (ff5c0da2ec0adeaed5550e6c7e98417dac77d98a-refs/branch-heads/4577@{#1135}) on port 37732
Only local connections are allowed.
Please see https://chromedriver.chromium.org/security-considerations for suggestions on keeping ChromeDriver safe.
ChromeDriver was started successfully.
Sep 15, 2021 8:46:45 PM org.openqa.selenium.remote.ProtocolHandshake createSession
INFO: Detected dialect: W3C
]]></system-err>
  </testcase>
  <testcase name="Customer1 is on Checkout page where total is 12, delivery fee is 20 and total is 32$" classname="We have Customer1 who does not have items in shopping cart" time="5.233">
    <system-out><![CDATA[
Scenario: Customer1 is on Checkout page where total is 12, delivery fee is 20 and total is 32$   &amp#27;[90m# src/test/resources/features/shoppingCart/008EmptyShoppingCart.feature:36&amp#27;[0m
  &amp#27;[32mGiven &amp#27;[0m&amp#27;[32m&amp#27;[0m&amp#27;[32m&amp#27;[1mCustomer1&amp#27;[0m&amp#27;[32m user, ROLE_CUSTOMER1, tries to login&amp#27;[0m                                           &amp#27;[90m# starter.stepdefinitions.shoppingCart.EmptyShoppingCartStepDefinition.customer1IsLoggedIN(net.serenitybdd.screenplay.Actor)&amp#27;[0m
  &amp#27;[32mWhen &amp#27;[0m&amp#27;[32m&amp#27;[0m&amp#27;[32m&amp#27;[1mCustomer1&amp#27;[0m&amp#27;[32m user is on checkout page&amp#27;[0m                                                        &amp#27;[90m# starter.stepdefinitions.shoppingCart.EmptyShoppingCartStepDefinition.customerIsOnCheckOutPage(net.serenitybdd.screenplay.Actor)&amp#27;[0m
  &amp#27;[32mThen &amp#27;[0m&amp#27;[32m&amp#27;[0m&amp#27;[32m&amp#27;[1mCustomer1&amp#27;[0m&amp#27;[32m user should see total &amp#27;[0m&amp#27;[32m&amp#27;[1m"12 $"&amp#27;[0m&amp#27;[32m delivery fee &amp#27;[0m&amp#27;[32m&amp#27;[1m"20 $"&amp#27;[0m&amp#27;[32m and total with delivery &amp#27;[0m&amp#27;[32m&amp#27;[1m"32 $"&amp#27;[0m &amp#27;[90m# starter.stepdefinitions.shoppingCart.EmptyShoppingCartStepDefinition.customerShouldSeeDataAboutOrder(net.serenitybdd.screenplay.Actor,java.lang.String,java.lang.String,java.lang.String)&amp#27;[0m
]]></system-out>
    <system-err><![CDATA[Starting ChromeDriver 93.0.4577.63 (ff5c0da2ec0adeaed5550e6c7e98417dac77d98a-refs/branch-heads/4577@{#1135}) on port 9270
Only local connections are allowed.
Please see https://chromedriver.chromium.org/security-considerations for suggestions on keeping ChromeDriver safe.
ChromeDriver was started successfully.
Sep 15, 2021 8:46:48 PM org.openqa.selenium.remote.ProtocolHandshake createSession
INFO: Detected dialect: W3C
]]></system-err>
  </testcase>
  <testcase name="Customer1 is on Checkout page and clicks on Cancel order, he should be redirected to Menu and should have empty shopping cart" classname="We have Customer1 who does not have items in shopping cart" time="4.915">
    <system-out><![CDATA[
Scenario: Customer1 is on Checkout page and clicks on Cancel order, he should be redirected to Menu and should have empty shopping cart &amp#27;[90m# src/test/resources/features/shoppingCart/008EmptyShoppingCart.feature:41&amp#27;[0m
  &amp#27;[32mGiven &amp#27;[0m&amp#27;[32m&amp#27;[0m&amp#27;[32m&amp#27;[1mCustomer1&amp#27;[0m&amp#27;[32m user, ROLE_CUSTOMER1, tries to login&amp#27;[0m                                                                                  &amp#27;[90m# starter.stepdefinitions.shoppingCart.EmptyShoppingCartStepDefinition.customer1IsLoggedIN(net.serenitybdd.screenplay.Actor)&amp#27;[0m
  &amp#27;[32mAnd &amp#27;[0m&amp#27;[32m&amp#27;[0m&amp#27;[32m&amp#27;[1mCustomer1&amp#27;[0m&amp#27;[32m user is on checkout page&amp#27;[0m                                                                                                &amp#27;[90m# starter.stepdefinitions.shoppingCart.EmptyShoppingCartStepDefinition.customerIsOnCheckOutPage(net.serenitybdd.screenplay.Actor)&amp#27;[0m
  &amp#27;[32mWhen &amp#27;[0m&amp#27;[32m&amp#27;[0m&amp#27;[32m&amp#27;[1mCustomer1&amp#27;[0m&amp#27;[32m user clicks on cancel order button&amp#27;[0m                                                                                     &amp#27;[90m# starter.stepdefinitions.shoppingCart.EmptyShoppingCartStepDefinition.customerClicksOnCancelOrder(net.serenitybdd.screenplay.Actor)&amp#27;[0m
  &amp#27;[32mThen &amp#27;[0m&amp#27;[32m&amp#27;[0m&amp#27;[32m&amp#27;[1mCustomer1&amp#27;[0m&amp#27;[32m should be redirected to menu page&amp#27;[0m                                                                                      &amp#27;[90m# starter.stepdefinitions.menu.MenuStepDefinitions.customerIsRedirectedToMenuPage(net.serenitybdd.screenplay.Actor)&amp#27;[0m
]]></system-out>
    <system-err><![CDATA[Starting ChromeDriver 93.0.4577.63 (ff5c0da2ec0adeaed5550e6c7e98417dac77d98a-refs/branch-heads/4577@{#1135}) on port 5007
Only local connections are allowed.
Please see https://chromedriver.chromium.org/security-considerations for suggestions on keeping ChromeDriver safe.
ChromeDriver was started successfully.
Sep 15, 2021 8:46:53 PM org.openqa.selenium.remote.ProtocolHandshake createSession
INFO: Detected dialect: W3C
]]></system-err>
  </testcase>
  <testcase name="Customer1 has canceled his order, and once he opens his shopping cart he should see empty shopping cart" classname="We have Customer1 who does not have items in shopping cart" time="4.299">
    <system-out><![CDATA[
Scenario: Customer1 has canceled his order, and once he opens his shopping cart he should see empty shopping cart &amp#27;[90m# src/test/resources/features/shoppingCart/008EmptyShoppingCart.feature:47&amp#27;[0m
  &amp#27;[32mGiven &amp#27;[0m&amp#27;[32m&amp#27;[0m&amp#27;[32m&amp#27;[1mCustomer1&amp#27;[0m&amp#27;[32m user, ROLE_CUSTOMER1, tries to login&amp#27;[0m                                                            &amp#27;[90m# starter.stepdefinitions.shoppingCart.EmptyShoppingCartStepDefinition.customer1IsLoggedIN(net.serenitybdd.screenplay.Actor)&amp#27;[0m
  &amp#27;[32mAnd &amp#27;[0m&amp#27;[32m&amp#27;[0m&amp#27;[32m&amp#27;[1mCustomer1&amp#27;[0m&amp#27;[32m user is on menu page&amp#27;[0m                                                                              &amp#27;[90m# starter.stepdefinitions.menu.MealStepDefinitions.customerIsOnMenuPage(net.serenitybdd.screenplay.Actor)&amp#27;[0m
  &amp#27;[32mWhen &amp#27;[0m&amp#27;[32m&amp#27;[0m&amp#27;[32m&amp#27;[1mCustomer1&amp#27;[0m&amp#27;[32m user is on shopping cart page&amp#27;[0m                                                                    &amp#27;[90m# starter.stepdefinitions.shoppingCart.EmptyShoppingCartStepDefinition.customerIsOnShoppingCartPage(net.serenitybdd.screenplay.Actor)&amp#27;[0m
  &amp#27;[32mThen &amp#27;[0m&amp#27;[32m&amp#27;[0m&amp#27;[32m&amp#27;[1mCustomer1&amp#27;[0m&amp#27;[32m user should see information about empty shopping cart&amp#27;[0m                                            &amp#27;[90m# starter.stepdefinitions.shoppingCart.EmptyShoppingCartStepDefinition.customerShouldSeeInfoAboutEmptyShoppingCart(net.serenitybdd.screenplay.Actor)&amp#27;[0m
]]></system-out>
    <system-err><![CDATA[Starting ChromeDriver 93.0.4577.63 (ff5c0da2ec0adeaed5550e6c7e98417dac77d98a-refs/branch-heads/4577@{#1135}) on port 47956
Only local connections are allowed.
Please see https://chromedriver.chromium.org/security-considerations for suggestions on keeping ChromeDriver safe.
ChromeDriver was started successfully.
Sep 15, 2021 8:46:58 PM org.openqa.selenium.remote.ProtocolHandshake createSession
INFO: Detected dialect: W3C
]]></system-err>
  </testcase>
  <testcase name="Customer2 is on Shopping cart page and there should be 5 order items," classname="Customer2 adds meals in shopping cart and can manipulate with the" time="3.459">
    <system-out><![CDATA[
Scenario: Customer2 is on Shopping cart page and there should be 5 order items, &amp#27;[90m# src/test/resources/features/shoppingCart/009shoppingCart.feature:3&amp#27;[0m
  &amp#27;[32mGiven &amp#27;[0m&amp#27;[32m&amp#27;[0m&amp#27;[32m&amp#27;[1mCustomer2&amp#27;[0m&amp#27;[32m user, ROLE_CUSTOMER, tries to login&amp#27;[0m                           &amp#27;[90m# starter.stepdefinitions.menu.MealStepDefinitions.customer2UserTriesToLogin(net.serenitybdd.screenplay.Actor)&amp#27;[0m
  &amp#27;[32mWhen &amp#27;[0m&amp#27;[32m&amp#27;[0m&amp#27;[32m&amp#27;[1mCustomer2&amp#27;[0m&amp#27;[32m user is on shopping cart page&amp#27;[0m                                  &amp#27;[90m# starter.stepdefinitions.shoppingCart.EmptyShoppingCartStepDefinition.customerIsOnShoppingCartPage(net.serenitybdd.screenplay.Actor)&amp#27;[0m
  &amp#27;[32mThen &amp#27;[0m&amp#27;[32m&amp#27;[0m&amp#27;[32m&amp#27;[1mCustomer2&amp#27;[0m&amp#27;[32m user should see table with &amp#27;[0m&amp#27;[32m&amp#27;[1m5&amp#27;[0m&amp#27;[32m ordered items&amp#27;[0m                     &amp#27;[90m# starter.stepdefinitions.shoppingCart.ShoppingCartStepDefinition.customerShouldSeeTableWithNumberOfRowsOfOrderedItems(net.serenitybdd.screenplay.Actor,int)&amp#27;[0m
]]></system-out>
    <system-err><![CDATA[Starting ChromeDriver 93.0.4577.63 (ff5c0da2ec0adeaed5550e6c7e98417dac77d98a-refs/branch-heads/4577@{#1135}) on port 20239
Only local connections are allowed.
Please see https://chromedriver.chromium.org/security-considerations for suggestions on keeping ChromeDriver safe.
ChromeDriver was started successfully.
Sep 15, 2021 8:47:03 PM org.openqa.selenium.remote.ProtocolHandshake createSession
INFO: Detected dialect: W3C
]]></system-err>
  </testcase>
  <testcase name="Customer2 is on Shopping cart page and there should be 5 order items with below data," classname="Customer2 adds meals in shopping cart and can manipulate with the" time="3.738">
    <system-out><![CDATA[
Scenario: Customer2 is on Shopping cart page and there should be 5 order items with below data, &amp#27;[90m# src/test/resources/features/shoppingCart/009shoppingCart.feature:8&amp#27;[0m
  &amp#27;[32mGiven &amp#27;[0m&amp#27;[32m&amp#27;[0m&amp#27;[32m&amp#27;[1mCustomer2&amp#27;[0m&amp#27;[32m user, ROLE_CUSTOMER, tries to login&amp#27;[0m                                           &amp#27;[90m# starter.stepdefinitions.menu.MealStepDefinitions.customer2UserTriesToLogin(net.serenitybdd.screenplay.Actor)&amp#27;[0m
  &amp#27;[32mWhen &amp#27;[0m&amp#27;[32m&amp#27;[0m&amp#27;[32m&amp#27;[1mCustomer2&amp#27;[0m&amp#27;[32m user is on shopping cart page&amp#27;[0m                                                  &amp#27;[90m# starter.stepdefinitions.shoppingCart.EmptyShoppingCartStepDefinition.customerIsOnShoppingCartPage(net.serenitybdd.screenplay.Actor)&amp#27;[0m
  &amp#27;[32mThen &amp#27;[0m&amp#27;[32m&amp#27;[0m&amp#27;[32m&amp#27;[1mCustomer2&amp#27;[0m&amp#27;[32m user should see above data about ordered items&amp#27;[0m                                 &amp#27;[90m# starter.stepdefinitions.shoppingCart.ShoppingCartStepDefinition.customerShouldSeeDataInShoppingCart(net.serenitybdd.screenplay.Actor)&amp#27;[0m
]]></system-out>
    <system-err><![CDATA[Starting ChromeDriver 93.0.4577.63 (ff5c0da2ec0adeaed5550e6c7e98417dac77d98a-refs/branch-heads/4577@{#1135}) on port 33167
Only local connections are allowed.
Please see https://chromedriver.chromium.org/security-considerations for suggestions on keeping ChromeDriver safe.
ChromeDriver was started successfully.
Sep 15, 2021 8:47:06 PM org.openqa.selenium.remote.ProtocolHandshake createSession
INFO: Detected dialect: W3C
]]></system-err>
  </testcase>
  <testcase name="Customer2 is on Shopping cart page and clicks on the delete button next to Meal6 (order item with id 7), total=380" classname="Customer2 adds meals in shopping cart and can manipulate with the" time="3.49">
    <system-out><![CDATA[
Scenario: Customer2 is on Shopping cart page and clicks on the delete button next to Meal6 (order item with id 7), total=380 &amp#27;[90m# src/test/resources/features/shoppingCart/009shoppingCart.feature:21&amp#27;[0m
  &amp#27;[32mGiven &amp#27;[0m&amp#27;[32m&amp#27;[0m&amp#27;[32m&amp#27;[1mCustomer2&amp#27;[0m&amp#27;[32m user, ROLE_CUSTOMER, tries to login&amp#27;[0m                                                                        &amp#27;[90m# starter.stepdefinitions.menu.MealStepDefinitions.customer2UserTriesToLogin(net.serenitybdd.screenplay.Actor)&amp#27;[0m
  &amp#27;[32mAnd &amp#27;[0m&amp#27;[32m&amp#27;[0m&amp#27;[32m&amp#27;[1mCustomer2&amp#27;[0m&amp#27;[32m user is on shopping cart page&amp#27;[0m                                                                                &amp#27;[90m# starter.stepdefinitions.shoppingCart.EmptyShoppingCartStepDefinition.customerIsOnShoppingCartPage(net.serenitybdd.screenplay.Actor)&amp#27;[0m
  &amp#27;[32mWhen &amp#27;[0m&amp#27;[32m&amp#27;[0m&amp#27;[32m&amp#27;[1mCustomer2&amp#27;[0m&amp#27;[32m user clicks on delete button for Meal6, order item id 7&amp#27;[0m                                                     &amp#27;[90m# starter.stepdefinitions.shoppingCart.ShoppingCartStepDefinition.customerClicksOnDeleteButtonForMeal6(net.serenitybdd.screenplay.Actor)&amp#27;[0m
  &amp#27;[32mThen &amp#27;[0m&amp#27;[32m&amp#27;[0m&amp#27;[32m&amp#27;[1mCustomer2&amp#27;[0m&amp#27;[32m user should see that total is &amp#27;[0m&amp#27;[32m&amp#27;[1m"373"&amp#27;[0m                                                                         &amp#27;[90m# starter.stepdefinitions.shoppingCart.ShoppingCartStepDefinition.customerChecksTotal(net.serenitybdd.screenplay.Actor,java.lang.String)&amp#27;[0m
]]></system-out>
    <system-err><![CDATA[Starting ChromeDriver 93.0.4577.63 (ff5c0da2ec0adeaed5550e6c7e98417dac77d98a-refs/branch-heads/4577@{#1135}) on port 31577
Only local connections are allowed.
Please see https://chromedriver.chromium.org/security-considerations for suggestions on keeping ChromeDriver safe.
ChromeDriver was started successfully.
Sep 15, 2021 8:47:10 PM org.openqa.selenium.remote.ProtocolHandshake createSession
INFO: Detected dialect: W3C
]]></system-err>
  </testcase>
  <testcase name="Customer2 clicks on continue shopping button and he is redirected to menu page" classname="Customer2 adds meals in shopping cart and can manipulate with the" time="3.706">
    <system-out><![CDATA[
Scenario: Customer2 clicks on continue shopping button and he is redirected to menu page &amp#27;[90m# src/test/resources/features/shoppingCart/009shoppingCart.feature:27&amp#27;[0m
  &amp#27;[32mGiven &amp#27;[0m&amp#27;[32m&amp#27;[0m&amp#27;[32m&amp#27;[1mCustomer2&amp#27;[0m&amp#27;[32m user, ROLE_CUSTOMER, tries to login&amp#27;[0m                                    &amp#27;[90m# starter.stepdefinitions.menu.MealStepDefinitions.customer2UserTriesToLogin(net.serenitybdd.screenplay.Actor)&amp#27;[0m
  &amp#27;[32mAnd &amp#27;[0m&amp#27;[32m&amp#27;[0m&amp#27;[32m&amp#27;[1mCustomer2&amp#27;[0m&amp#27;[32m user is on shopping cart page&amp#27;[0m                                            &amp#27;[90m# starter.stepdefinitions.shoppingCart.EmptyShoppingCartStepDefinition.customerIsOnShoppingCartPage(net.serenitybdd.screenplay.Actor)&amp#27;[0m
  &amp#27;[32mWhen &amp#27;[0m&amp#27;[32m&amp#27;[0m&amp#27;[32m&amp#27;[1mCustomer2&amp#27;[0m&amp#27;[32m user clicks on continue shopping button&amp#27;[0m                                 &amp#27;[90m# starter.stepdefinitions.shoppingCart.ShoppingCartStepDefinition.customerClicksOnContinueShopping(net.serenitybdd.screenplay.Actor)&amp#27;[0m
  &amp#27;[32mThen &amp#27;[0m&amp#27;[32m&amp#27;[0m&amp#27;[32m&amp#27;[1mCustomer2&amp#27;[0m&amp#27;[32m should be redirected to menu page&amp#27;[0m                                       &amp#27;[90m# starter.stepdefinitions.menu.MenuStepDefinitions.customerIsRedirectedToMenuPage(net.serenitybdd.screenplay.Actor)&amp#27;[0m
]]></system-out>
    <system-err><![CDATA[Starting ChromeDriver 93.0.4577.63 (ff5c0da2ec0adeaed5550e6c7e98417dac77d98a-refs/branch-heads/4577@{#1135}) on port 39728
Only local connections are allowed.
Please see https://chromedriver.chromium.org/security-considerations for suggestions on keeping ChromeDriver safe.
ChromeDriver was started successfully.
Sep 15, 2021 8:47:13 PM org.openqa.selenium.remote.ProtocolHandshake createSession
INFO: Detected dialect: W3C
]]></system-err>
  </testcase>
  <testcase name="Customer2 is on shopping cart page and clicks on check out button, and he is redirected to /checkOut page" classname="Customer2 adds meals in shopping cart and can manipulate with the" time="3.398">
    <system-out><![CDATA[
Scenario: Customer2 is on shopping cart page and clicks on check out button, and he is redirected to /checkOut page &amp#27;[90m# src/test/resources/features/shoppingCart/009shoppingCart.feature:33&amp#27;[0m
  &amp#27;[32mGiven &amp#27;[0m&amp#27;[32m&amp#27;[0m&amp#27;[32m&amp#27;[1mCustomer2&amp#27;[0m&amp#27;[32m user, ROLE_CUSTOMER, tries to login&amp#27;[0m                                                               &amp#27;[90m# starter.stepdefinitions.menu.MealStepDefinitions.customer2UserTriesToLogin(net.serenitybdd.screenplay.Actor)&amp#27;[0m
  &amp#27;[32mAnd &amp#27;[0m&amp#27;[32m&amp#27;[0m&amp#27;[32m&amp#27;[1mCustomer2&amp#27;[0m&amp#27;[32m user is on shopping cart page&amp#27;[0m                                                                       &amp#27;[90m# starter.stepdefinitions.shoppingCart.EmptyShoppingCartStepDefinition.customerIsOnShoppingCartPage(net.serenitybdd.screenplay.Actor)&amp#27;[0m
  &amp#27;[32mWhen &amp#27;[0m&amp#27;[32m&amp#27;[0m&amp#27;[32m&amp#27;[1mCustomer2&amp#27;[0m&amp#27;[32m user clicks on checkout button&amp#27;[0m                                                                     &amp#27;[90m# starter.stepdefinitions.shoppingCart.EmptyShoppingCartStepDefinition.customerClicksOnCheckoutButton(net.serenitybdd.screenplay.Actor)&amp#27;[0m
  &amp#27;[32mThen &amp#27;[0m&amp#27;[32m&amp#27;[0m&amp#27;[32m&amp#27;[1mCustomer2&amp#27;[0m&amp#27;[32m user should be redirected to checkout page&amp#27;[0m                                                         &amp#27;[90m# starter.stepdefinitions.shoppingCart.EmptyShoppingCartStepDefinition.customerIsRedirectedToCheckoutPage(net.serenitybdd.screenplay.Actor)&amp#27;[0m
]]></system-out>
    <system-err><![CDATA[Starting ChromeDriver 93.0.4577.63 (ff5c0da2ec0adeaed5550e6c7e98417dac77d98a-refs/branch-heads/4577@{#1135}) on port 1369
Only local connections are allowed.
Please see https://chromedriver.chromium.org/security-considerations for suggestions on keeping ChromeDriver safe.
ChromeDriver was started successfully.
Sep 15, 2021 8:47:17 PM org.openqa.selenium.remote.ProtocolHandshake createSession
INFO: Detected dialect: W3C
]]></system-err>
  </testcase>
  <testcase name="Customer2 is on checkout page and total is 380, delivery fee 0 and total with delivery is 380" classname="Customer2 adds meals in shopping cart and can manipulate with the" time="4.884">
    <system-out><![CDATA[
Scenario: Customer2 is on checkout page and total is 380, delivery fee 0 and total with delivery is 380 &amp#27;[90m# src/test/resources/features/shoppingCart/009shoppingCart.feature:39&amp#27;[0m
  &amp#27;[32mGiven &amp#27;[0m&amp#27;[32m&amp#27;[0m&amp#27;[32m&amp#27;[1mCustomer2&amp#27;[0m&amp#27;[32m user, ROLE_CUSTOMER, tries to login&amp#27;[0m                                                   &amp#27;[90m# starter.stepdefinitions.menu.MealStepDefinitions.customer2UserTriesToLogin(net.serenitybdd.screenplay.Actor)&amp#27;[0m
  &amp#27;[32mWhen &amp#27;[0m&amp#27;[32m&amp#27;[0m&amp#27;[32m&amp#27;[1mCustomer2&amp#27;[0m&amp#27;[32m user is on checkout page&amp#27;[0m                                                               &amp#27;[90m# starter.stepdefinitions.shoppingCart.EmptyShoppingCartStepDefinition.customerIsOnCheckOutPage(net.serenitybdd.screenplay.Actor)&amp#27;[0m
  &amp#27;[32mThen &amp#27;[0m&amp#27;[32m&amp#27;[0m&amp#27;[32m&amp#27;[1mCustomer2&amp#27;[0m&amp#27;[32m user should see total &amp#27;[0m&amp#27;[32m&amp#27;[1m"373 $"&amp#27;[0m&amp#27;[32m delivery fee &amp#27;[0m&amp#27;[32m&amp#27;[1m"0 $"&amp#27;[0m&amp#27;[32m and total with delivery &amp#27;[0m&amp#27;[32m&amp#27;[1m"373 $"&amp#27;[0m       &amp#27;[90m# starter.stepdefinitions.shoppingCart.EmptyShoppingCartStepDefinition.customerShouldSeeDataAboutOrder(net.serenitybdd.screenplay.Actor,java.lang.String,java.lang.String,java.lang.String)&amp#27;[0m
]]></system-out>
    <system-err><![CDATA[Starting ChromeDriver 93.0.4577.63 (ff5c0da2ec0adeaed5550e6c7e98417dac77d98a-refs/branch-heads/4577@{#1135}) on port 1114
Only local connections are allowed.
Please see https://chromedriver.chromium.org/security-considerations for suggestions on keeping ChromeDriver safe.
ChromeDriver was started successfully.
Sep 15, 2021 8:47:20 PM org.openqa.selenium.remote.ProtocolHandshake createSession
INFO: Detected dialect: W3C
]]></system-err>
  </testcase>
  <testcase name="Non-logged in user, accesses different pages #1" classname="Users with different roles should see different pages" time="0.016">
    <system-out><![CDATA[
Scenario Outline: Non-logged in user, accesses different pages &amp#27;[90m# src/test/resources/features/userManagement/010authorization.feature:9&amp#27;[0m
  &amp#27;[32mGiven &amp#27;[0m&amp#27;[32mWe have a user that is not logged in&amp#27;[0m                   &amp#27;[90m# starter.stepdefinitions.userManagement.AuthorizationStepsDefinition.openHomePage()&amp#27;[0m
  &amp#27;[32mWhen &amp#27;[0m&amp#27;[32mHe tries to open &amp#27;[0m&amp#27;[32m&amp#27;[1m"/mealCategories/add"&amp#27;[0m                  &amp#27;[90m# starter.stepdefinitions.userManagement.AuthorizationStepsDefinition.openUrlLocation(java.lang.String)&amp#27;[0m
  &amp#27;[32mThen &amp#27;[0m&amp#27;[32mInformation about unauthorized access should be shown&amp#27;[0m   &amp#27;[90m# starter.stepdefinitions.userManagement.AuthorizationStepsDefinition.unauthorizedAccessShouldBeShown()&amp#27;[0m
]]></system-out>
  </testcase>
  <testcase name="Non-logged in user, accesses different pages #2" classname="Users with different roles should see different pages" time="0.016">
    <system-out><![CDATA[
Scenario Outline: Non-logged in user, accesses different pages &amp#27;[90m# src/test/resources/features/userManagement/010authorization.feature:10&amp#27;[0m
  &amp#27;[32mGiven &amp#27;[0m&amp#27;[32mWe have a user that is not logged in&amp#27;[0m                   &amp#27;[90m# starter.stepdefinitions.userManagement.AuthorizationStepsDefinition.openHomePage()&amp#27;[0m
  &amp#27;[32mWhen &amp#27;[0m&amp#27;[32mHe tries to open &amp#27;[0m&amp#27;[32m&amp#27;[1m"/mealCategories/edit/5"&amp#27;[0m               &amp#27;[90m# starter.stepdefinitions.userManagement.AuthorizationStepsDefinition.openUrlLocation(java.lang.String)&amp#27;[0m
  &amp#27;[32mThen &amp#27;[0m&amp#27;[32mInformation about unauthorized access should be shown&amp#27;[0m   &amp#27;[90m# starter.stepdefinitions.userManagement.AuthorizationStepsDefinition.unauthorizedAccessShouldBeShown()&amp#27;[0m
]]></system-out>
  </testcase>
  <testcase name="Non-logged in user, accesses different pages #3" classname="Users with different roles should see different pages" time="0">
    <system-out><![CDATA[
Scenario Outline: Non-logged in user, accesses different pages &amp#27;[90m# src/test/resources/features/userManagement/010authorization.feature:11&amp#27;[0m
  &amp#27;[32mGiven &amp#27;[0m&amp#27;[32mWe have a user that is not logged in&amp#27;[0m                   &amp#27;[90m# starter.stepdefinitions.userManagement.AuthorizationStepsDefinition.openHomePage()&amp#27;[0m
  &amp#27;[32mWhen &amp#27;[0m&amp#27;[32mHe tries to open &amp#27;[0m&amp#27;[32m&amp#27;[1m"/mealCategories"&amp#27;[0m                      &amp#27;[90m# starter.stepdefinitions.userManagement.AuthorizationStepsDefinition.openUrlLocation(java.lang.String)&amp#27;[0m
  &amp#27;[32mThen &amp#27;[0m&amp#27;[32mInformation about unauthorized access should be shown&amp#27;[0m   &amp#27;[90m# starter.stepdefinitions.userManagement.AuthorizationStepsDefinition.unauthorizedAccessShouldBeShown()&amp#27;[0m
]]></system-out>
  </testcase>
  <testcase name="Non-logged in user, accesses different pages #4" classname="Users with different roles should see different pages" time="0.015">
    <system-out><![CDATA[
Scenario Outline: Non-logged in user, accesses different pages &amp#27;[90m# src/test/resources/features/userManagement/010authorization.feature:12&amp#27;[0m
  &amp#27;[32mGiven &amp#27;[0m&amp#27;[32mWe have a user that is not logged in&amp#27;[0m                   &amp#27;[90m# starter.stepdefinitions.userManagement.AuthorizationStepsDefinition.openHomePage()&amp#27;[0m
  &amp#27;[32mWhen &amp#27;[0m&amp#27;[32mHe tries to open &amp#27;[0m&amp#27;[32m&amp#27;[1m"/ingredients/add"&amp#27;[0m                     &amp#27;[90m# starter.stepdefinitions.userManagement.AuthorizationStepsDefinition.openUrlLocation(java.lang.String)&amp#27;[0m
  &amp#27;[32mThen &amp#27;[0m&amp#27;[32mInformation about unauthorized access should be shown&amp#27;[0m   &amp#27;[90m# starter.stepdefinitions.userManagement.AuthorizationStepsDefinition.unauthorizedAccessShouldBeShown()&amp#27;[0m
]]></system-out>
  </testcase>
  <testcase name="Non-logged in user, accesses different pages #5" classname="Users with different roles should see different pages" time="0.016">
    <system-out><![CDATA[
Scenario Outline: Non-logged in user, accesses different pages &amp#27;[90m# src/test/resources/features/userManagement/010authorization.feature:13&amp#27;[0m
  &amp#27;[32mGiven &amp#27;[0m&amp#27;[32mWe have a user that is not logged in&amp#27;[0m                   &amp#27;[90m# starter.stepdefinitions.userManagement.AuthorizationStepsDefinition.openHomePage()&amp#27;[0m
  &amp#27;[32mWhen &amp#27;[0m&amp#27;[32mHe tries to open &amp#27;[0m&amp#27;[32m&amp#27;[1m"/ingredients/edit/5"&amp#27;[0m                  &amp#27;[90m# starter.stepdefinitions.userManagement.AuthorizationStepsDefinition.openUrlLocation(java.lang.String)&amp#27;[0m
  &amp#27;[32mThen &amp#27;[0m&amp#27;[32mInformation about unauthorized access should be shown&amp#27;[0m   &amp#27;[90m# starter.stepdefinitions.userManagement.AuthorizationStepsDefinition.unauthorizedAccessShouldBeShown()&amp#27;[0m
]]></system-out>
  </testcase>
  <testcase name="Non-logged in user, accesses different pages #6" classname="Users with different roles should see different pages" time="0">
    <system-out><![CDATA[
Scenario Outline: Non-logged in user, accesses different pages &amp#27;[90m# src/test/resources/features/userManagement/010authorization.feature:14&amp#27;[0m
  &amp#27;[32mGiven &amp#27;[0m&amp#27;[32mWe have a user that is not logged in&amp#27;[0m                   &amp#27;[90m# starter.stepdefinitions.userManagement.AuthorizationStepsDefinition.openHomePage()&amp#27;[0m
  &amp#27;[32mWhen &amp#27;[0m&amp#27;[32mHe tries to open &amp#27;[0m&amp#27;[32m&amp#27;[1m"/ingredients"&amp#27;[0m                         &amp#27;[90m# starter.stepdefinitions.userManagement.AuthorizationStepsDefinition.openUrlLocation(java.lang.String)&amp#27;[0m
  &amp#27;[32mThen &amp#27;[0m&amp#27;[32mInformation about unauthorized access should be shown&amp#27;[0m   &amp#27;[90m# starter.stepdefinitions.userManagement.AuthorizationStepsDefinition.unauthorizedAccessShouldBeShown()&amp#27;[0m
]]></system-out>
  </testcase>
  <testcase name="Non-logged in user, accesses different pages #7" classname="Users with different roles should see different pages" time="0.015">
    <system-out><![CDATA[
Scenario Outline: Non-logged in user, accesses different pages &amp#27;[90m# src/test/resources/features/userManagement/010authorization.feature:15&amp#27;[0m
  &amp#27;[32mGiven &amp#27;[0m&amp#27;[32mWe have a user that is not logged in&amp#27;[0m                   &amp#27;[90m# starter.stepdefinitions.userManagement.AuthorizationStepsDefinition.openHomePage()&amp#27;[0m
  &amp#27;[32mWhen &amp#27;[0m&amp#27;[32mHe tries to open &amp#27;[0m&amp#27;[32m&amp#27;[1m"/meal/add"&amp#27;[0m                            &amp#27;[90m# starter.stepdefinitions.userManagement.AuthorizationStepsDefinition.openUrlLocation(java.lang.String)&amp#27;[0m
  &amp#27;[32mThen &amp#27;[0m&amp#27;[32mInformation about unauthorized access should be shown&amp#27;[0m   &amp#27;[90m# starter.stepdefinitions.userManagement.AuthorizationStepsDefinition.unauthorizedAccessShouldBeShown()&amp#27;[0m
]]></system-out>
  </testcase>
  <testcase name="Non-logged in user, accesses different pages #8" classname="Users with different roles should see different pages" time="0.016">
    <system-out><![CDATA[
Scenario Outline: Non-logged in user, accesses different pages &amp#27;[90m# src/test/resources/features/userManagement/010authorization.feature:16&amp#27;[0m
  &amp#27;[32mGiven &amp#27;[0m&amp#27;[32mWe have a user that is not logged in&amp#27;[0m                   &amp#27;[90m# starter.stepdefinitions.userManagement.AuthorizationStepsDefinition.openHomePage()&amp#27;[0m
  &amp#27;[32mWhen &amp#27;[0m&amp#27;[32mHe tries to open &amp#27;[0m&amp#27;[32m&amp#27;[1m"/meal/edit/5"&amp#27;[0m                         &amp#27;[90m# starter.stepdefinitions.userManagement.AuthorizationStepsDefinition.openUrlLocation(java.lang.String)&amp#27;[0m
  &amp#27;[32mThen &amp#27;[0m&amp#27;[32mInformation about unauthorized access should be shown&amp#27;[0m   &amp#27;[90m# starter.stepdefinitions.userManagement.AuthorizationStepsDefinition.unauthorizedAccessShouldBeShown()&amp#27;[0m
]]></system-out>
  </testcase>
  <testcase name="Non-logged in user, accesses different pages #9" classname="Users with different roles should see different pages" time="0">
    <system-out><![CDATA[
Scenario Outline: Non-logged in user, accesses different pages &amp#27;[90m# src/test/resources/features/userManagement/010authorization.feature:17&amp#27;[0m
  &amp#27;[32mGiven &amp#27;[0m&amp#27;[32mWe have a user that is not logged in&amp#27;[0m                   &amp#27;[90m# starter.stepdefinitions.userManagement.AuthorizationStepsDefinition.openHomePage()&amp#27;[0m
  &amp#27;[32mWhen &amp#27;[0m&amp#27;[32mHe tries to open &amp#27;[0m&amp#27;[32m&amp#27;[1m"/deliveries"&amp#27;[0m                          &amp#27;[90m# starter.stepdefinitions.userManagement.AuthorizationStepsDefinition.openUrlLocation(java.lang.String)&amp#27;[0m
  &amp#27;[32mThen &amp#27;[0m&amp#27;[32mInformation about unauthorized access should be shown&amp#27;[0m   &amp#27;[90m# starter.stepdefinitions.userManagement.AuthorizationStepsDefinition.unauthorizedAccessShouldBeShown()&amp#27;[0m
]]></system-out>
  </testcase>
  <testcase name="Non-logged in user, accesses different pages #10" classname="Users with different roles should see different pages" time="0.016">
    <system-out><![CDATA[
Scenario Outline: Non-logged in user, accesses different pages &amp#27;[90m# src/test/resources/features/userManagement/010authorization.feature:18&amp#27;[0m
  &amp#27;[32mGiven &amp#27;[0m&amp#27;[32mWe have a user that is not logged in&amp#27;[0m                   &amp#27;[90m# starter.stepdefinitions.userManagement.AuthorizationStepsDefinition.openHomePage()&amp#27;[0m
  &amp#27;[32mWhen &amp#27;[0m&amp#27;[32mHe tries to open &amp#27;[0m&amp#27;[32m&amp#27;[1m"/checkOut"&amp#27;[0m                            &amp#27;[90m# starter.stepdefinitions.userManagement.AuthorizationStepsDefinition.openUrlLocation(java.lang.String)&amp#27;[0m
  &amp#27;[32mThen &amp#27;[0m&amp#27;[32mInformation about unauthorized access should be shown&amp#27;[0m   &amp#27;[90m# starter.stepdefinitions.userManagement.AuthorizationStepsDefinition.unauthorizedAccessShouldBeShown()&amp#27;[0m
]]></system-out>
  </testcase>
  <testcase name="Non-logged in user, accesses different pages #11" classname="Users with different roles should see different pages" time="0.015">
    <system-out><![CDATA[
Scenario Outline: Non-logged in user, accesses different pages &amp#27;[90m# src/test/resources/features/userManagement/010authorization.feature:19&amp#27;[0m
  &amp#27;[32mGiven &amp#27;[0m&amp#27;[32mWe have a user that is not logged in&amp#27;[0m                   &amp#27;[90m# starter.stepdefinitions.userManagement.AuthorizationStepsDefinition.openHomePage()&amp#27;[0m
  &amp#27;[32mWhen &amp#27;[0m&amp#27;[32mHe tries to open &amp#27;[0m&amp#27;[32m&amp#27;[1m"/shoppingCart"&amp#27;[0m                        &amp#27;[90m# starter.stepdefinitions.userManagement.AuthorizationStepsDefinition.openUrlLocation(java.lang.String)&amp#27;[0m
  &amp#27;[32mThen &amp#27;[0m&amp#27;[32mInformation about unauthorized access should be shown&amp#27;[0m   &amp#27;[90m# starter.stepdefinitions.userManagement.AuthorizationStepsDefinition.unauthorizedAccessShouldBeShown()&amp#27;[0m
]]></system-out>
  </testcase>
  <testcase name="Non-logged in user, accesses different pages #12" classname="Users with different roles should see different pages" time="0.016">
    <system-out><![CDATA[
Scenario Outline: Non-logged in user, accesses different pages &amp#27;[90m# src/test/resources/features/userManagement/010authorization.feature:20&amp#27;[0m
  &amp#27;[32mGiven &amp#27;[0m&amp#27;[32mWe have a user that is not logged in&amp#27;[0m                   &amp#27;[90m# starter.stepdefinitions.userManagement.AuthorizationStepsDefinition.openHomePage()&amp#27;[0m
  &amp#27;[32mWhen &amp#27;[0m&amp#27;[32mHe tries to open &amp#27;[0m&amp#27;[32m&amp#27;[1m"/orders/processing"&amp#27;[0m                   &amp#27;[90m# starter.stepdefinitions.userManagement.AuthorizationStepsDefinition.openUrlLocation(java.lang.String)&amp#27;[0m
  &amp#27;[32mThen &amp#27;[0m&amp#27;[32mInformation about unauthorized access should be shown&amp#27;[0m   &amp#27;[90m# starter.stepdefinitions.userManagement.AuthorizationStepsDefinition.unauthorizedAccessShouldBeShown()&amp#27;[0m
]]></system-out>
  </testcase>
  <testcase name="Non-logged in user, accesses different pages #13" classname="Users with different roles should see different pages" time="0">
    <system-out><![CDATA[
Scenario Outline: Non-logged in user, accesses different pages &amp#27;[90m# src/test/resources/features/userManagement/010authorization.feature:21&amp#27;[0m
  &amp#27;[32mGiven &amp#27;[0m&amp#27;[32mWe have a user that is not logged in&amp#27;[0m                   &amp#27;[90m# starter.stepdefinitions.userManagement.AuthorizationStepsDefinition.openHomePage()&amp#27;[0m
  &amp#27;[32mWhen &amp#27;[0m&amp#27;[32mHe tries to open &amp#27;[0m&amp#27;[32m&amp#27;[1m"/profile"&amp#27;[0m                             &amp#27;[90m# starter.stepdefinitions.userManagement.AuthorizationStepsDefinition.openUrlLocation(java.lang.String)&amp#27;[0m
  &amp#27;[32mThen &amp#27;[0m&amp#27;[32mInformation about unauthorized access should be shown&amp#27;[0m   &amp#27;[90m# starter.stepdefinitions.userManagement.AuthorizationStepsDefinition.unauthorizedAccessShouldBeShown()&amp#27;[0m
]]></system-out>
  </testcase>
  <testcase name="Non-logged in user - shown buttons" classname="Users with different roles should see different pages" time="4.271">
    <system-out><![CDATA[
Scenario: Non-logged in user - shown buttons                                                    &amp#27;[90m# src/test/resources/features/userManagement/010authorization.feature:23&amp#27;[0m
  &amp#27;[32mGiven &amp#27;[0m&amp#27;[32mWe have a user that is not logged in&amp#27;[0m                                                    &amp#27;[90m# starter.stepdefinitions.userManagement.AuthorizationStepsDefinition.openHomePage()&amp#27;[0m
  &amp#27;[32mWhen &amp#27;[0m&amp#27;[32m&amp#27;[0m&amp#27;[32m&amp#27;[1mHe&amp#27;[0m&amp#27;[32m opens home page&amp#27;[0m                                                                       &amp#27;[90m# starter.stepdefinitions.userManagement.AuthorizationStepsDefinition.UnauthorizedUserOpensHomePage(net.serenitybdd.screenplay.Actor)&amp#27;[0m
  &amp#27;[32mThen &amp#27;[0m&amp#27;[32mShopping cart,deliveries,processingOrders,profile,logout buttons should not be displayed&amp#27;[0m &amp#27;[90m# starter.stepdefinitions.userManagement.AuthorizationStepsDefinition.UnauthorizedUserButtons()&amp#27;[0m
]]></system-out>
    <system-err><![CDATA[Starting ChromeDriver 93.0.4577.63 (ff5c0da2ec0adeaed5550e6c7e98417dac77d98a-refs/branch-heads/4577@{#1135}) on port 28363
Only local connections are allowed.
Please see https://chromedriver.chromium.org/security-considerations for suggestions on keeping ChromeDriver safe.
ChromeDriver was started successfully.
Sep 15, 2021 8:47:25 PM org.openqa.selenium.remote.ProtocolHandshake createSession
INFO: Detected dialect: W3C
]]></system-err>
  </testcase>
  <testcase name="User with role DELIVERY, accesses different pages #1" classname="Users with different roles should see different pages" time="3.051">
    <system-out><![CDATA[
Scenario Outline: User with role DELIVERY, accesses different pages &amp#27;[90m# src/test/resources/features/userManagement/010authorization.feature:34&amp#27;[0m
  &amp#27;[32mGiven &amp#27;[0m&amp#27;[32m&amp#27;[0m&amp#27;[32m&amp#27;[1mDelivery&amp#27;[0m&amp#27;[32m user is logged in&amp#27;[0m                                  &amp#27;[90m# starter.stepdefinitions.userManagement.AuthorizationStepsDefinition.deliveryUserIsLoggedIn(net.serenitybdd.screenplay.Actor)&amp#27;[0m
  &amp#27;[32mWhen &amp#27;[0m&amp#27;[32m&amp#27;[0m&amp#27;[32m&amp#27;[1mDelivery&amp#27;[0m&amp#27;[32m tries to access &amp#27;[0m&amp#27;[32m&amp#27;[1m"/mealCategories/add"&amp#27;[0m               &amp#27;[90m# starter.stepdefinitions.userManagement.AuthorizationStepsDefinition.openUrls(net.serenitybdd.screenplay.Actor,java.lang.String)&amp#27;[0m
  &amp#27;[32mThen &amp#27;[0m&amp#27;[32mInformation about unauthorized access should be shown&amp#27;[0m        &amp#27;[90m# starter.stepdefinitions.userManagement.AuthorizationStepsDefinition.unauthorizedAccessShouldBeShown()&amp#27;[0m
]]></system-out>
    <system-err><![CDATA[Starting ChromeDriver 93.0.4577.63 (ff5c0da2ec0adeaed5550e6c7e98417dac77d98a-refs/branch-heads/4577@{#1135}) on port 38901
Only local connections are allowed.
Please see https://chromedriver.chromium.org/security-considerations for suggestions on keeping ChromeDriver safe.
ChromeDriver was started successfully.
Sep 15, 2021 8:47:30 PM org.openqa.selenium.remote.ProtocolHandshake createSession
INFO: Detected dialect: W3C
]]></system-err>
  </testcase>
  <testcase name="User with role DELIVERY, accesses different pages #2" classname="Users with different roles should see different pages" time="3.036">
    <system-out><![CDATA[
Scenario Outline: User with role DELIVERY, accesses different pages &amp#27;[90m# src/test/resources/features/userManagement/010authorization.feature:35&amp#27;[0m
  &amp#27;[32mGiven &amp#27;[0m&amp#27;[32m&amp#27;[0m&amp#27;[32m&amp#27;[1mDelivery&amp#27;[0m&amp#27;[32m user is logged in&amp#27;[0m                                  &amp#27;[90m# starter.stepdefinitions.userManagement.AuthorizationStepsDefinition.deliveryUserIsLoggedIn(net.serenitybdd.screenplay.Actor)&amp#27;[0m
  &amp#27;[32mWhen &amp#27;[0m&amp#27;[32m&amp#27;[0m&amp#27;[32m&amp#27;[1mDelivery&amp#27;[0m&amp#27;[32m tries to access &amp#27;[0m&amp#27;[32m&amp#27;[1m"/mealCategories/edit/5"&amp#27;[0m            &amp#27;[90m# starter.stepdefinitions.userManagement.AuthorizationStepsDefinition.openUrls(net.serenitybdd.screenplay.Actor,java.lang.String)&amp#27;[0m
  &amp#27;[32mThen &amp#27;[0m&amp#27;[32mInformation about unauthorized access should be shown&amp#27;[0m        &amp#27;[90m# starter.stepdefinitions.userManagement.AuthorizationStepsDefinition.unauthorizedAccessShouldBeShown()&amp#27;[0m
]]></system-out>
    <system-err><![CDATA[Starting ChromeDriver 93.0.4577.63 (ff5c0da2ec0adeaed5550e6c7e98417dac77d98a-refs/branch-heads/4577@{#1135}) on port 43335
Only local connections are allowed.
Please see https://chromedriver.chromium.org/security-considerations for suggestions on keeping ChromeDriver safe.
ChromeDriver was started successfully.
Sep 15, 2021 8:47:33 PM org.openqa.selenium.remote.ProtocolHandshake createSession
INFO: Detected dialect: W3C
]]></system-err>
  </testcase>
  <testcase name="User with role DELIVERY, accesses different pages #3" classname="Users with different roles should see different pages" time="3.078">
    <system-out><![CDATA[
Scenario Outline: User with role DELIVERY, accesses different pages &amp#27;[90m# src/test/resources/features/userManagement/010authorization.feature:36&amp#27;[0m
  &amp#27;[32mGiven &amp#27;[0m&amp#27;[32m&amp#27;[0m&amp#27;[32m&amp#27;[1mDelivery&amp#27;[0m&amp#27;[32m user is logged in&amp#27;[0m                                  &amp#27;[90m# starter.stepdefinitions.userManagement.AuthorizationStepsDefinition.deliveryUserIsLoggedIn(net.serenitybdd.screenplay.Actor)&amp#27;[0m
  &amp#27;[32mWhen &amp#27;[0m&amp#27;[32m&amp#27;[0m&amp#27;[32m&amp#27;[1mDelivery&amp#27;[0m&amp#27;[32m tries to access &amp#27;[0m&amp#27;[32m&amp#27;[1m"/mealCategories"&amp#27;[0m                   &amp#27;[90m# starter.stepdefinitions.userManagement.AuthorizationStepsDefinition.openUrls(net.serenitybdd.screenplay.Actor,java.lang.String)&amp#27;[0m
  &amp#27;[32mThen &amp#27;[0m&amp#27;[32mInformation about unauthorized access should be shown&amp#27;[0m        &amp#27;[90m# starter.stepdefinitions.userManagement.AuthorizationStepsDefinition.unauthorizedAccessShouldBeShown()&amp#27;[0m
]]></system-out>
    <system-err><![CDATA[Starting ChromeDriver 93.0.4577.63 (ff5c0da2ec0adeaed5550e6c7e98417dac77d98a-refs/branch-heads/4577@{#1135}) on port 16791
Only local connections are allowed.
Please see https://chromedriver.chromium.org/security-considerations for suggestions on keeping ChromeDriver safe.
ChromeDriver was started successfully.
Sep 15, 2021 8:47:36 PM org.openqa.selenium.remote.ProtocolHandshake createSession
INFO: Detected dialect: W3C
]]></system-err>
  </testcase>
  <testcase name="User with role DELIVERY, accesses different pages #4" classname="Users with different roles should see different pages" time="3.064">
    <system-out><![CDATA[
Scenario Outline: User with role DELIVERY, accesses different pages &amp#27;[90m# src/test/resources/features/userManagement/010authorization.feature:37&amp#27;[0m
  &amp#27;[32mGiven &amp#27;[0m&amp#27;[32m&amp#27;[0m&amp#27;[32m&amp#27;[1mDelivery&amp#27;[0m&amp#27;[32m user is logged in&amp#27;[0m                                  &amp#27;[90m# starter.stepdefinitions.userManagement.AuthorizationStepsDefinition.deliveryUserIsLoggedIn(net.serenitybdd.screenplay.Actor)&amp#27;[0m
  &amp#27;[32mWhen &amp#27;[0m&amp#27;[32m&amp#27;[0m&amp#27;[32m&amp#27;[1mDelivery&amp#27;[0m&amp#27;[32m tries to access &amp#27;[0m&amp#27;[32m&amp#27;[1m"/ingredients/add"&amp#27;[0m                  &amp#27;[90m# starter.stepdefinitions.userManagement.AuthorizationStepsDefinition.openUrls(net.serenitybdd.screenplay.Actor,java.lang.String)&amp#27;[0m
  &amp#27;[32mThen &amp#27;[0m&amp#27;[32mInformation about unauthorized access should be shown&amp#27;[0m        &amp#27;[90m# starter.stepdefinitions.userManagement.AuthorizationStepsDefinition.unauthorizedAccessShouldBeShown()&amp#27;[0m
]]></system-out>
    <system-err><![CDATA[Starting ChromeDriver 93.0.4577.63 (ff5c0da2ec0adeaed5550e6c7e98417dac77d98a-refs/branch-heads/4577@{#1135}) on port 10051
Only local connections are allowed.
Please see https://chromedriver.chromium.org/security-considerations for suggestions on keeping ChromeDriver safe.
ChromeDriver was started successfully.
Sep 15, 2021 8:47:39 PM org.openqa.selenium.remote.ProtocolHandshake createSession
INFO: Detected dialect: W3C
]]></system-err>
  </testcase>
  <testcase name="User with role DELIVERY, accesses different pages #5" classname="Users with different roles should see different pages" time="3.045">
    <system-out><![CDATA[
Scenario Outline: User with role DELIVERY, accesses different pages &amp#27;[90m# src/test/resources/features/userManagement/010authorization.feature:38&amp#27;[0m
  &amp#27;[32mGiven &amp#27;[0m&amp#27;[32m&amp#27;[0m&amp#27;[32m&amp#27;[1mDelivery&amp#27;[0m&amp#27;[32m user is logged in&amp#27;[0m                                  &amp#27;[90m# starter.stepdefinitions.userManagement.AuthorizationStepsDefinition.deliveryUserIsLoggedIn(net.serenitybdd.screenplay.Actor)&amp#27;[0m
  &amp#27;[32mWhen &amp#27;[0m&amp#27;[32m&amp#27;[0m&amp#27;[32m&amp#27;[1mDelivery&amp#27;[0m&amp#27;[32m tries to access &amp#27;[0m&amp#27;[32m&amp#27;[1m"/ingredients/edit/5"&amp#27;[0m               &amp#27;[90m# starter.stepdefinitions.userManagement.AuthorizationStepsDefinition.openUrls(net.serenitybdd.screenplay.Actor,java.lang.String)&amp#27;[0m
  &amp#27;[32mThen &amp#27;[0m&amp#27;[32mInformation about unauthorized access should be shown&amp#27;[0m        &amp#27;[90m# starter.stepdefinitions.userManagement.AuthorizationStepsDefinition.unauthorizedAccessShouldBeShown()&amp#27;[0m
]]></system-out>
    <system-err><![CDATA[Starting ChromeDriver 93.0.4577.63 (ff5c0da2ec0adeaed5550e6c7e98417dac77d98a-refs/branch-heads/4577@{#1135}) on port 20021
Only local connections are allowed.
Please see https://chromedriver.chromium.org/security-considerations for suggestions on keeping ChromeDriver safe.
ChromeDriver was started successfully.
Sep 15, 2021 8:47:42 PM org.openqa.selenium.remote.ProtocolHandshake createSession
INFO: Detected dialect: W3C
]]></system-err>
  </testcase>
  <testcase name="User with role DELIVERY, accesses different pages #6" classname="Users with different roles should see different pages" time="3.054">
    <system-out><![CDATA[
Scenario Outline: User with role DELIVERY, accesses different pages &amp#27;[90m# src/test/resources/features/userManagement/010authorization.feature:39&amp#27;[0m
  &amp#27;[32mGiven &amp#27;[0m&amp#27;[32m&amp#27;[0m&amp#27;[32m&amp#27;[1mDelivery&amp#27;[0m&amp#27;[32m user is logged in&amp#27;[0m                                  &amp#27;[90m# starter.stepdefinitions.userManagement.AuthorizationStepsDefinition.deliveryUserIsLoggedIn(net.serenitybdd.screenplay.Actor)&amp#27;[0m
  &amp#27;[32mWhen &amp#27;[0m&amp#27;[32m&amp#27;[0m&amp#27;[32m&amp#27;[1mDelivery&amp#27;[0m&amp#27;[32m tries to access &amp#27;[0m&amp#27;[32m&amp#27;[1m"/ingredients"&amp#27;[0m                      &amp#27;[90m# starter.stepdefinitions.userManagement.AuthorizationStepsDefinition.openUrls(net.serenitybdd.screenplay.Actor,java.lang.String)&amp#27;[0m
  &amp#27;[32mThen &amp#27;[0m&amp#27;[32mInformation about unauthorized access should be shown&amp#27;[0m        &amp#27;[90m# starter.stepdefinitions.userManagement.AuthorizationStepsDefinition.unauthorizedAccessShouldBeShown()&amp#27;[0m
]]></system-out>
    <system-err><![CDATA[Starting ChromeDriver 93.0.4577.63 (ff5c0da2ec0adeaed5550e6c7e98417dac77d98a-refs/branch-heads/4577@{#1135}) on port 46677
Only local connections are allowed.
Please see https://chromedriver.chromium.org/security-considerations for suggestions on keeping ChromeDriver safe.
ChromeDriver was started successfully.
Sep 15, 2021 8:47:45 PM org.openqa.selenium.remote.ProtocolHandshake createSession
INFO: Detected dialect: W3C
]]></system-err>
  </testcase>
  <testcase name="User with role DELIVERY, accesses different pages #7" classname="Users with different roles should see different pages" time="3.129">
    <system-out><![CDATA[
Scenario Outline: User with role DELIVERY, accesses different pages &amp#27;[90m# src/test/resources/features/userManagement/010authorization.feature:40&amp#27;[0m
  &amp#27;[32mGiven &amp#27;[0m&amp#27;[32m&amp#27;[0m&amp#27;[32m&amp#27;[1mDelivery&amp#27;[0m&amp#27;[32m user is logged in&amp#27;[0m                                  &amp#27;[90m# starter.stepdefinitions.userManagement.AuthorizationStepsDefinition.deliveryUserIsLoggedIn(net.serenitybdd.screenplay.Actor)&amp#27;[0m
  &amp#27;[32mWhen &amp#27;[0m&amp#27;[32m&amp#27;[0m&amp#27;[32m&amp#27;[1mDelivery&amp#27;[0m&amp#27;[32m tries to access &amp#27;[0m&amp#27;[32m&amp#27;[1m"/meal/add"&amp#27;[0m                         &amp#27;[90m# starter.stepdefinitions.userManagement.AuthorizationStepsDefinition.openUrls(net.serenitybdd.screenplay.Actor,java.lang.String)&amp#27;[0m
  &amp#27;[32mThen &amp#27;[0m&amp#27;[32mInformation about unauthorized access should be shown&amp#27;[0m        &amp#27;[90m# starter.stepdefinitions.userManagement.AuthorizationStepsDefinition.unauthorizedAccessShouldBeShown()&amp#27;[0m
]]></system-out>
    <system-err><![CDATA[Starting ChromeDriver 93.0.4577.63 (ff5c0da2ec0adeaed5550e6c7e98417dac77d98a-refs/branch-heads/4577@{#1135}) on port 38427
Only local connections are allowed.
Please see https://chromedriver.chromium.org/security-considerations for suggestions on keeping ChromeDriver safe.
ChromeDriver was started successfully.
Sep 15, 2021 8:47:48 PM org.openqa.selenium.remote.ProtocolHandshake createSession
INFO: Detected dialect: W3C
]]></system-err>
  </testcase>
  <testcase name="User with role DELIVERY, accesses different pages #8" classname="Users with different roles should see different pages" time="3.395">
    <system-out><![CDATA[
Scenario Outline: User with role DELIVERY, accesses different pages &amp#27;[90m# src/test/resources/features/userManagement/010authorization.feature:41&amp#27;[0m
  &amp#27;[32mGiven &amp#27;[0m&amp#27;[32m&amp#27;[0m&amp#27;[32m&amp#27;[1mDelivery&amp#27;[0m&amp#27;[32m user is logged in&amp#27;[0m                                  &amp#27;[90m# starter.stepdefinitions.userManagement.AuthorizationStepsDefinition.deliveryUserIsLoggedIn(net.serenitybdd.screenplay.Actor)&amp#27;[0m
  &amp#27;[32mWhen &amp#27;[0m&amp#27;[32m&amp#27;[0m&amp#27;[32m&amp#27;[1mDelivery&amp#27;[0m&amp#27;[32m tries to access &amp#27;[0m&amp#27;[32m&amp#27;[1m"/meal/edit/5"&amp#27;[0m                      &amp#27;[90m# starter.stepdefinitions.userManagement.AuthorizationStepsDefinition.openUrls(net.serenitybdd.screenplay.Actor,java.lang.String)&amp#27;[0m
  &amp#27;[32mThen &amp#27;[0m&amp#27;[32mInformation about unauthorized access should be shown&amp#27;[0m        &amp#27;[90m# starter.stepdefinitions.userManagement.AuthorizationStepsDefinition.unauthorizedAccessShouldBeShown()&amp#27;[0m
]]></system-out>
    <system-err><![CDATA[Starting ChromeDriver 93.0.4577.63 (ff5c0da2ec0adeaed5550e6c7e98417dac77d98a-refs/branch-heads/4577@{#1135}) on port 19555
Only local connections are allowed.
Please see https://chromedriver.chromium.org/security-considerations for suggestions on keeping ChromeDriver safe.
ChromeDriver was started successfully.
Sep 15, 2021 8:47:51 PM org.openqa.selenium.remote.ProtocolHandshake createSession
INFO: Detected dialect: W3C
]]></system-err>
  </testcase>
  <testcase name="User with role DELIVERY, accesses different pages #9" classname="Users with different roles should see different pages" time="3.365">
    <system-out><![CDATA[
Scenario Outline: User with role DELIVERY, accesses different pages &amp#27;[90m# src/test/resources/features/userManagement/010authorization.feature:42&amp#27;[0m
  &amp#27;[32mGiven &amp#27;[0m&amp#27;[32m&amp#27;[0m&amp#27;[32m&amp#27;[1mDelivery&amp#27;[0m&amp#27;[32m user is logged in&amp#27;[0m                                  &amp#27;[90m# starter.stepdefinitions.userManagement.AuthorizationStepsDefinition.deliveryUserIsLoggedIn(net.serenitybdd.screenplay.Actor)&amp#27;[0m
  &amp#27;[32mWhen &amp#27;[0m&amp#27;[32m&amp#27;[0m&amp#27;[32m&amp#27;[1mDelivery&amp#27;[0m&amp#27;[32m tries to access &amp#27;[0m&amp#27;[32m&amp#27;[1m"/orders/processing"&amp#27;[0m                &amp#27;[90m# starter.stepdefinitions.userManagement.AuthorizationStepsDefinition.openUrls(net.serenitybdd.screenplay.Actor,java.lang.String)&amp#27;[0m
  &amp#27;[32mThen &amp#27;[0m&amp#27;[32mInformation about unauthorized access should be shown&amp#27;[0m        &amp#27;[90m# starter.stepdefinitions.userManagement.AuthorizationStepsDefinition.unauthorizedAccessShouldBeShown()&amp#27;[0m
]]></system-out>
    <system-err><![CDATA[Starting ChromeDriver 93.0.4577.63 (ff5c0da2ec0adeaed5550e6c7e98417dac77d98a-refs/branch-heads/4577@{#1135}) on port 9557
Only local connections are allowed.
Please see https://chromedriver.chromium.org/security-considerations for suggestions on keeping ChromeDriver safe.
ChromeDriver was started successfully.
Sep 15, 2021 8:47:54 PM org.openqa.selenium.remote.ProtocolHandshake createSession
INFO: Detected dialect: W3C
]]></system-err>
  </testcase>
  <testcase name="Logged in delivery - shown buttons" classname="Users with different roles should see different pages" time="7.317">
    <system-out><![CDATA[
Scenario: Logged in delivery - shown buttons            &amp#27;[90m# src/test/resources/features/userManagement/010authorization.feature:44&amp#27;[0m
  &amp#27;[32mGiven &amp#27;[0m&amp#27;[32m&amp#27;[0m&amp#27;[32m&amp#27;[1mDelivery&amp#27;[0m&amp#27;[32m user is logged in&amp#27;[0m                      &amp#27;[90m# starter.stepdefinitions.userManagement.AuthorizationStepsDefinition.deliveryUserIsLoggedIn(net.serenitybdd.screenplay.Actor)&amp#27;[0m
  &amp#27;[32mWhen &amp#27;[0m&amp#27;[32m&amp#27;[0m&amp#27;[32m&amp#27;[1mHe&amp#27;[0m&amp#27;[32m opens home page&amp#27;[0m                               &amp#27;[90m# starter.stepdefinitions.userManagement.AuthorizationStepsDefinition.UnauthorizedUserOpensHomePage(net.serenitybdd.screenplay.Actor)&amp#27;[0m
  &amp#27;[32mThen &amp#27;[0m&amp#27;[32mProcessing orders button should not be displayed&amp#27;[0m &amp#27;[90m# starter.stepdefinitions.userManagement.AuthorizationStepsDefinition.deliveryUserShownButtons()&amp#27;[0m
]]></system-out>
    <system-err><![CDATA[Starting ChromeDriver 93.0.4577.63 (ff5c0da2ec0adeaed5550e6c7e98417dac77d98a-refs/branch-heads/4577@{#1135}) on port 34077
Only local connections are allowed.
Please see https://chromedriver.chromium.org/security-considerations for suggestions on keeping ChromeDriver safe.
ChromeDriver was started successfully.
Sep 15, 2021 8:47:58 PM org.openqa.selenium.remote.ProtocolHandshake createSession
INFO: Detected dialect: W3C
Starting ChromeDriver 93.0.4577.63 (ff5c0da2ec0adeaed5550e6c7e98417dac77d98a-refs/branch-heads/4577@{#1135}) on port 11032
Only local connections are allowed.
Please see https://chromedriver.chromium.org/security-considerations for suggestions on keeping ChromeDriver safe.
ChromeDriver was started successfully.
Sep 15, 2021 8:48:00 PM org.openqa.selenium.remote.ProtocolHandshake createSession
INFO: Detected dialect: W3C
]]></system-err>
  </testcase>
  <testcase name="User with role EMPLOYEE, accesses different pages #1" classname="Users with different roles should see different pages" time="3.349">
    <system-out><![CDATA[
Scenario Outline: User with role EMPLOYEE, accesses different pages &amp#27;[90m# src/test/resources/features/userManagement/010authorization.feature:55&amp#27;[0m
  &amp#27;[32mGiven &amp#27;[0m&amp#27;[32m&amp#27;[0m&amp#27;[32m&amp#27;[1mEmployee&amp#27;[0m&amp#27;[32m user is logged in&amp#27;[0m                                  &amp#27;[90m# starter.stepdefinitions.userManagement.AuthorizationStepsDefinition.deliveryUserIsLoggedIn(net.serenitybdd.screenplay.Actor)&amp#27;[0m
  &amp#27;[32mWhen &amp#27;[0m&amp#27;[32m&amp#27;[0m&amp#27;[32m&amp#27;[1mEmployee&amp#27;[0m&amp#27;[32m tries to access &amp#27;[0m&amp#27;[32m&amp#27;[1m"/mealCategories/add"&amp#27;[0m               &amp#27;[90m# starter.stepdefinitions.userManagement.AuthorizationStepsDefinition.openUrls(net.serenitybdd.screenplay.Actor,java.lang.String)&amp#27;[0m
  &amp#27;[32mThen &amp#27;[0m&amp#27;[32mInformation about unauthorized access should be shown&amp#27;[0m        &amp#27;[90m# starter.stepdefinitions.userManagement.AuthorizationStepsDefinition.unauthorizedAccessShouldBeShown()&amp#27;[0m
]]></system-out>
    <system-err><![CDATA[Starting ChromeDriver 93.0.4577.63 (ff5c0da2ec0adeaed5550e6c7e98417dac77d98a-refs/branch-heads/4577@{#1135}) on port 7593
Only local connections are allowed.
Please see https://chromedriver.chromium.org/security-considerations for suggestions on keeping ChromeDriver safe.
ChromeDriver was started successfully.
Sep 15, 2021 8:48:05 PM org.openqa.selenium.remote.ProtocolHandshake createSession
INFO: Detected dialect: W3C
]]></system-err>
  </testcase>
  <testcase name="User with role EMPLOYEE, accesses different pages #2" classname="Users with different roles should see different pages" time="3.032">
    <system-out><![CDATA[
Scenario Outline: User with role EMPLOYEE, accesses different pages &amp#27;[90m# src/test/resources/features/userManagement/010authorization.feature:56&amp#27;[0m
  &amp#27;[32mGiven &amp#27;[0m&amp#27;[32m&amp#27;[0m&amp#27;[32m&amp#27;[1mEmployee&amp#27;[0m&amp#27;[32m user is logged in&amp#27;[0m                                  &amp#27;[90m# starter.stepdefinitions.userManagement.AuthorizationStepsDefinition.deliveryUserIsLoggedIn(net.serenitybdd.screenplay.Actor)&amp#27;[0m
  &amp#27;[32mWhen &amp#27;[0m&amp#27;[32m&amp#27;[0m&amp#27;[32m&amp#27;[1mEmployee&amp#27;[0m&amp#27;[32m tries to access &amp#27;[0m&amp#27;[32m&amp#27;[1m"/mealCategories/edit/5"&amp#27;[0m            &amp#27;[90m# starter.stepdefinitions.userManagement.AuthorizationStepsDefinition.openUrls(net.serenitybdd.screenplay.Actor,java.lang.String)&amp#27;[0m
  &amp#27;[32mThen &amp#27;[0m&amp#27;[32mInformation about unauthorized access should be shown&amp#27;[0m        &amp#27;[90m# starter.stepdefinitions.userManagement.AuthorizationStepsDefinition.unauthorizedAccessShouldBeShown()&amp#27;[0m
]]></system-out>
    <system-err><![CDATA[Starting ChromeDriver 93.0.4577.63 (ff5c0da2ec0adeaed5550e6c7e98417dac77d98a-refs/branch-heads/4577@{#1135}) on port 19796
Only local connections are allowed.
Please see https://chromedriver.chromium.org/security-considerations for suggestions on keeping ChromeDriver safe.
ChromeDriver was started successfully.
Sep 15, 2021 8:48:09 PM org.openqa.selenium.remote.ProtocolHandshake createSession
INFO: Detected dialect: W3C
]]></system-err>
  </testcase>
  <testcase name="User with role EMPLOYEE, accesses different pages #3" classname="Users with different roles should see different pages" time="3.354">
    <system-out><![CDATA[
Scenario Outline: User with role EMPLOYEE, accesses different pages &amp#27;[90m# src/test/resources/features/userManagement/010authorization.feature:57&amp#27;[0m
  &amp#27;[32mGiven &amp#27;[0m&amp#27;[32m&amp#27;[0m&amp#27;[32m&amp#27;[1mEmployee&amp#27;[0m&amp#27;[32m user is logged in&amp#27;[0m                                  &amp#27;[90m# starter.stepdefinitions.userManagement.AuthorizationStepsDefinition.deliveryUserIsLoggedIn(net.serenitybdd.screenplay.Actor)&amp#27;[0m
  &amp#27;[32mWhen &amp#27;[0m&amp#27;[32m&amp#27;[0m&amp#27;[32m&amp#27;[1mEmployee&amp#27;[0m&amp#27;[32m tries to access &amp#27;[0m&amp#27;[32m&amp#27;[1m"/mealCategories"&amp#27;[0m                   &amp#27;[90m# starter.stepdefinitions.userManagement.AuthorizationStepsDefinition.openUrls(net.serenitybdd.screenplay.Actor,java.lang.String)&amp#27;[0m
  &amp#27;[32mThen &amp#27;[0m&amp#27;[32mInformation about unauthorized access should be shown&amp#27;[0m        &amp#27;[90m# starter.stepdefinitions.userManagement.AuthorizationStepsDefinition.unauthorizedAccessShouldBeShown()&amp#27;[0m
]]></system-out>
    <system-err><![CDATA[Starting ChromeDriver 93.0.4577.63 (ff5c0da2ec0adeaed5550e6c7e98417dac77d98a-refs/branch-heads/4577@{#1135}) on port 42409
Only local connections are allowed.
Please see https://chromedriver.chromium.org/security-considerations for suggestions on keeping ChromeDriver safe.
ChromeDriver was started successfully.
Sep 15, 2021 8:48:12 PM org.openqa.selenium.remote.ProtocolHandshake createSession
INFO: Detected dialect: W3C
]]></system-err>
  </testcase>
  <testcase name="User with role EMPLOYEE, accesses different pages #4" classname="Users with different roles should see different pages" time="3.031">
    <system-out><![CDATA[
Scenario Outline: User with role EMPLOYEE, accesses different pages &amp#27;[90m# src/test/resources/features/userManagement/010authorization.feature:58&amp#27;[0m
  &amp#27;[32mGiven &amp#27;[0m&amp#27;[32m&amp#27;[0m&amp#27;[32m&amp#27;[1mEmployee&amp#27;[0m&amp#27;[32m user is logged in&amp#27;[0m                                  &amp#27;[90m# starter.stepdefinitions.userManagement.AuthorizationStepsDefinition.deliveryUserIsLoggedIn(net.serenitybdd.screenplay.Actor)&amp#27;[0m
  &amp#27;[32mWhen &amp#27;[0m&amp#27;[32m&amp#27;[0m&amp#27;[32m&amp#27;[1mEmployee&amp#27;[0m&amp#27;[32m tries to access &amp#27;[0m&amp#27;[32m&amp#27;[1m"/ingredients/add"&amp#27;[0m                  &amp#27;[90m# starter.stepdefinitions.userManagement.AuthorizationStepsDefinition.openUrls(net.serenitybdd.screenplay.Actor,java.lang.String)&amp#27;[0m
  &amp#27;[32mThen &amp#27;[0m&amp#27;[32mInformation about unauthorized access should be shown&amp#27;[0m        &amp#27;[90m# starter.stepdefinitions.userManagement.AuthorizationStepsDefinition.unauthorizedAccessShouldBeShown()&amp#27;[0m
]]></system-out>
    <system-err><![CDATA[Starting ChromeDriver 93.0.4577.63 (ff5c0da2ec0adeaed5550e6c7e98417dac77d98a-refs/branch-heads/4577@{#1135}) on port 10215
Only local connections are allowed.
Please see https://chromedriver.chromium.org/security-considerations for suggestions on keeping ChromeDriver safe.
ChromeDriver was started successfully.
Sep 15, 2021 8:48:15 PM org.openqa.selenium.remote.ProtocolHandshake createSession
INFO: Detected dialect: W3C
]]></system-err>
  </testcase>
  <testcase name="User with role EMPLOYEE, accesses different pages #5" classname="Users with different roles should see different pages" time="3.371">
    <system-out><![CDATA[
Scenario Outline: User with role EMPLOYEE, accesses different pages &amp#27;[90m# src/test/resources/features/userManagement/010authorization.feature:59&amp#27;[0m
  &amp#27;[32mGiven &amp#27;[0m&amp#27;[32m&amp#27;[0m&amp#27;[32m&amp#27;[1mEmployee&amp#27;[0m&amp#27;[32m user is logged in&amp#27;[0m                                  &amp#27;[90m# starter.stepdefinitions.userManagement.AuthorizationStepsDefinition.deliveryUserIsLoggedIn(net.serenitybdd.screenplay.Actor)&amp#27;[0m
  &amp#27;[32mWhen &amp#27;[0m&amp#27;[32m&amp#27;[0m&amp#27;[32m&amp#27;[1mEmployee&amp#27;[0m&amp#27;[32m tries to access &amp#27;[0m&amp#27;[32m&amp#27;[1m"/ingredients/edit/5"&amp#27;[0m               &amp#27;[90m# starter.stepdefinitions.userManagement.AuthorizationStepsDefinition.openUrls(net.serenitybdd.screenplay.Actor,java.lang.String)&amp#27;[0m
  &amp#27;[32mThen &amp#27;[0m&amp#27;[32mInformation about unauthorized access should be shown&amp#27;[0m        &amp#27;[90m# starter.stepdefinitions.userManagement.AuthorizationStepsDefinition.unauthorizedAccessShouldBeShown()&amp#27;[0m
]]></system-out>
    <system-err><![CDATA[Starting ChromeDriver 93.0.4577.63 (ff5c0da2ec0adeaed5550e6c7e98417dac77d98a-refs/branch-heads/4577@{#1135}) on port 22259
Only local connections are allowed.
Please see https://chromedriver.chromium.org/security-considerations for suggestions on keeping ChromeDriver safe.
ChromeDriver was started successfully.
Sep 15, 2021 8:48:18 PM org.openqa.selenium.remote.ProtocolHandshake createSession
INFO: Detected dialect: W3C
]]></system-err>
  </testcase>
  <testcase name="User with role EMPLOYEE, accesses different pages #6" classname="Users with different roles should see different pages" time="3.029">
    <system-out><![CDATA[
Scenario Outline: User with role EMPLOYEE, accesses different pages &amp#27;[90m# src/test/resources/features/userManagement/010authorization.feature:60&amp#27;[0m
  &amp#27;[32mGiven &amp#27;[0m&amp#27;[32m&amp#27;[0m&amp#27;[32m&amp#27;[1mEmployee&amp#27;[0m&amp#27;[32m user is logged in&amp#27;[0m                                  &amp#27;[90m# starter.stepdefinitions.userManagement.AuthorizationStepsDefinition.deliveryUserIsLoggedIn(net.serenitybdd.screenplay.Actor)&amp#27;[0m
  &amp#27;[32mWhen &amp#27;[0m&amp#27;[32m&amp#27;[0m&amp#27;[32m&amp#27;[1mEmployee&amp#27;[0m&amp#27;[32m tries to access &amp#27;[0m&amp#27;[32m&amp#27;[1m"/ingredients"&amp#27;[0m                      &amp#27;[90m# starter.stepdefinitions.userManagement.AuthorizationStepsDefinition.openUrls(net.serenitybdd.screenplay.Actor,java.lang.String)&amp#27;[0m
  &amp#27;[32mThen &amp#27;[0m&amp#27;[32mInformation about unauthorized access should be shown&amp#27;[0m        &amp#27;[90m# starter.stepdefinitions.userManagement.AuthorizationStepsDefinition.unauthorizedAccessShouldBeShown()&amp#27;[0m
]]></system-out>
    <system-err><![CDATA[Starting ChromeDriver 93.0.4577.63 (ff5c0da2ec0adeaed5550e6c7e98417dac77d98a-refs/branch-heads/4577@{#1135}) on port 47720
Only local connections are allowed.
Please see https://chromedriver.chromium.org/security-considerations for suggestions on keeping ChromeDriver safe.
ChromeDriver was started successfully.
Sep 15, 2021 8:48:21 PM org.openqa.selenium.remote.ProtocolHandshake createSession
INFO: Detected dialect: W3C
]]></system-err>
  </testcase>
  <testcase name="User with role EMPLOYEE, accesses different pages #7" classname="Users with different roles should see different pages" time="3.04">
    <system-out><![CDATA[
Scenario Outline: User with role EMPLOYEE, accesses different pages &amp#27;[90m# src/test/resources/features/userManagement/010authorization.feature:61&amp#27;[0m
  &amp#27;[32mGiven &amp#27;[0m&amp#27;[32m&amp#27;[0m&amp#27;[32m&amp#27;[1mEmployee&amp#27;[0m&amp#27;[32m user is logged in&amp#27;[0m                                  &amp#27;[90m# starter.stepdefinitions.userManagement.AuthorizationStepsDefinition.deliveryUserIsLoggedIn(net.serenitybdd.screenplay.Actor)&amp#27;[0m
  &amp#27;[32mWhen &amp#27;[0m&amp#27;[32m&amp#27;[0m&amp#27;[32m&amp#27;[1mEmployee&amp#27;[0m&amp#27;[32m tries to access &amp#27;[0m&amp#27;[32m&amp#27;[1m"/meal/add"&amp#27;[0m                         &amp#27;[90m# starter.stepdefinitions.userManagement.AuthorizationStepsDefinition.openUrls(net.serenitybdd.screenplay.Actor,java.lang.String)&amp#27;[0m
  &amp#27;[32mThen &amp#27;[0m&amp#27;[32mInformation about unauthorized access should be shown&amp#27;[0m        &amp#27;[90m# starter.stepdefinitions.userManagement.AuthorizationStepsDefinition.unauthorizedAccessShouldBeShown()&amp#27;[0m
]]></system-out>
    <system-err><![CDATA[Starting ChromeDriver 93.0.4577.63 (ff5c0da2ec0adeaed5550e6c7e98417dac77d98a-refs/branch-heads/4577@{#1135}) on port 6447
Only local connections are allowed.
Please see https://chromedriver.chromium.org/security-considerations for suggestions on keeping ChromeDriver safe.
ChromeDriver was started successfully.
Sep 15, 2021 8:48:24 PM org.openqa.selenium.remote.ProtocolHandshake createSession
INFO: Detected dialect: W3C
]]></system-err>
  </testcase>
  <testcase name="User with role EMPLOYEE, accesses different pages #8" classname="Users with different roles should see different pages" time="3.058">
    <system-out><![CDATA[
Scenario Outline: User with role EMPLOYEE, accesses different pages &amp#27;[90m# src/test/resources/features/userManagement/010authorization.feature:62&amp#27;[0m
  &amp#27;[32mGiven &amp#27;[0m&amp#27;[32m&amp#27;[0m&amp#27;[32m&amp#27;[1mEmployee&amp#27;[0m&amp#27;[32m user is logged in&amp#27;[0m                                  &amp#27;[90m# starter.stepdefinitions.userManagement.AuthorizationStepsDefinition.deliveryUserIsLoggedIn(net.serenitybdd.screenplay.Actor)&amp#27;[0m
  &amp#27;[32mWhen &amp#27;[0m&amp#27;[32m&amp#27;[0m&amp#27;[32m&amp#27;[1mEmployee&amp#27;[0m&amp#27;[32m tries to access &amp#27;[0m&amp#27;[32m&amp#27;[1m"/meal/edit/5"&amp#27;[0m                      &amp#27;[90m# starter.stepdefinitions.userManagement.AuthorizationStepsDefinition.openUrls(net.serenitybdd.screenplay.Actor,java.lang.String)&amp#27;[0m
  &amp#27;[32mThen &amp#27;[0m&amp#27;[32mInformation about unauthorized access should be shown&amp#27;[0m        &amp#27;[90m# starter.stepdefinitions.userManagement.AuthorizationStepsDefinition.unauthorizedAccessShouldBeShown()&amp#27;[0m
]]></system-out>
    <system-err><![CDATA[Starting ChromeDriver 93.0.4577.63 (ff5c0da2ec0adeaed5550e6c7e98417dac77d98a-refs/branch-heads/4577@{#1135}) on port 14495
Only local connections are allowed.
Please see https://chromedriver.chromium.org/security-considerations for suggestions on keeping ChromeDriver safe.
ChromeDriver was started successfully.
Sep 15, 2021 8:48:27 PM org.openqa.selenium.remote.ProtocolHandshake createSession
INFO: Detected dialect: W3C
]]></system-err>
  </testcase>
  <testcase name="User with role EMPLOYEE, accesses different pages #9" classname="Users with different roles should see different pages" time="3.062">
    <system-out><![CDATA[
Scenario Outline: User with role EMPLOYEE, accesses different pages &amp#27;[90m# src/test/resources/features/userManagement/010authorization.feature:63&amp#27;[0m
  &amp#27;[32mGiven &amp#27;[0m&amp#27;[32m&amp#27;[0m&amp#27;[32m&amp#27;[1mEmployee&amp#27;[0m&amp#27;[32m user is logged in&amp#27;[0m                                  &amp#27;[90m# starter.stepdefinitions.userManagement.AuthorizationStepsDefinition.deliveryUserIsLoggedIn(net.serenitybdd.screenplay.Actor)&amp#27;[0m
  &amp#27;[32mWhen &amp#27;[0m&amp#27;[32m&amp#27;[0m&amp#27;[32m&amp#27;[1mEmployee&amp#27;[0m&amp#27;[32m tries to access &amp#27;[0m&amp#27;[32m&amp#27;[1m"/deliveries"&amp#27;[0m                       &amp#27;[90m# starter.stepdefinitions.userManagement.AuthorizationStepsDefinition.openUrls(net.serenitybdd.screenplay.Actor,java.lang.String)&amp#27;[0m
  &amp#27;[32mThen &amp#27;[0m&amp#27;[32mInformation about unauthorized access should be shown&amp#27;[0m        &amp#27;[90m# starter.stepdefinitions.userManagement.AuthorizationStepsDefinition.unauthorizedAccessShouldBeShown()&amp#27;[0m
]]></system-out>
    <system-err><![CDATA[Starting ChromeDriver 93.0.4577.63 (ff5c0da2ec0adeaed5550e6c7e98417dac77d98a-refs/branch-heads/4577@{#1135}) on port 30110
Only local connections are allowed.
Please see https://chromedriver.chromium.org/security-considerations for suggestions on keeping ChromeDriver safe.
ChromeDriver was started successfully.
Sep 15, 2021 8:48:30 PM org.openqa.selenium.remote.ProtocolHandshake createSession
INFO: Detected dialect: W3C
]]></system-err>
  </testcase>
  <testcase name="Logged in employee - shown buttons" classname="Users with different roles should see different pages" time="6.714">
    <system-out><![CDATA[
Scenario: Logged in employee - shown buttons     &amp#27;[90m# src/test/resources/features/userManagement/010authorization.feature:65&amp#27;[0m
  &amp#27;[32mGiven &amp#27;[0m&amp#27;[32m&amp#27;[0m&amp#27;[32m&amp#27;[1mEmployee&amp#27;[0m&amp#27;[32m user is logged in&amp#27;[0m               &amp#27;[90m# starter.stepdefinitions.userManagement.AuthorizationStepsDefinition.deliveryUserIsLoggedIn(net.serenitybdd.screenplay.Actor)&amp#27;[0m
  &amp#27;[32mWhen &amp#27;[0m&amp#27;[32m&amp#27;[0m&amp#27;[32m&amp#27;[1mHe&amp#27;[0m&amp#27;[32m opens home page&amp#27;[0m                        &amp#27;[90m# starter.stepdefinitions.userManagement.AuthorizationStepsDefinition.UnauthorizedUserOpensHomePage(net.serenitybdd.screenplay.Actor)&amp#27;[0m
  &amp#27;[32mThen &amp#27;[0m&amp#27;[32mDeliveries button should not be displayed&amp#27;[0m &amp#27;[90m# starter.stepdefinitions.userManagement.AuthorizationStepsDefinition.employeeUserShownButtons()&amp#27;[0m
]]></system-out>
    <system-err><![CDATA[Starting ChromeDriver 93.0.4577.63 (ff5c0da2ec0adeaed5550e6c7e98417dac77d98a-refs/branch-heads/4577@{#1135}) on port 27958
Only local connections are allowed.
Please see https://chromedriver.chromium.org/security-considerations for suggestions on keeping ChromeDriver safe.
ChromeDriver was started successfully.
Sep 15, 2021 8:48:34 PM org.openqa.selenium.remote.ProtocolHandshake createSession
INFO: Detected dialect: W3C
Starting ChromeDriver 93.0.4577.63 (ff5c0da2ec0adeaed5550e6c7e98417dac77d98a-refs/branch-heads/4577@{#1135}) on port 40078
Only local connections are allowed.
Please see https://chromedriver.chromium.org/security-considerations for suggestions on keeping ChromeDriver safe.
ChromeDriver was started successfully.
Sep 15, 2021 8:48:36 PM org.openqa.selenium.remote.ProtocolHandshake createSession
INFO: Detected dialect: W3C
]]></system-err>
  </testcase>
  <testcase name="User with role CUSTOMER, accesses different pages #1" classname="Users with different roles should see different pages" time="3.329">
    <system-out><![CDATA[
Scenario Outline: User with role CUSTOMER, accesses different pages &amp#27;[90m# src/test/resources/features/userManagement/010authorization.feature:76&amp#27;[0m
  &amp#27;[32mGiven &amp#27;[0m&amp#27;[32m&amp#27;[0m&amp#27;[32m&amp#27;[1mCustomer&amp#27;[0m&amp#27;[32m user is logged in&amp#27;[0m                                  &amp#27;[90m# starter.stepdefinitions.userManagement.AuthorizationStepsDefinition.deliveryUserIsLoggedIn(net.serenitybdd.screenplay.Actor)&amp#27;[0m
  &amp#27;[32mWhen &amp#27;[0m&amp#27;[32m&amp#27;[0m&amp#27;[32m&amp#27;[1mCustomer&amp#27;[0m&amp#27;[32m tries to access &amp#27;[0m&amp#27;[32m&amp#27;[1m"/mealCategories/add"&amp#27;[0m               &amp#27;[90m# starter.stepdefinitions.userManagement.AuthorizationStepsDefinition.openUrls(net.serenitybdd.screenplay.Actor,java.lang.String)&amp#27;[0m
  &amp#27;[32mThen &amp#27;[0m&amp#27;[32mInformation about unauthorized access should be shown&amp#27;[0m        &amp#27;[90m# starter.stepdefinitions.userManagement.AuthorizationStepsDefinition.unauthorizedAccessShouldBeShown()&amp#27;[0m
]]></system-out>
    <system-err><![CDATA[Starting ChromeDriver 93.0.4577.63 (ff5c0da2ec0adeaed5550e6c7e98417dac77d98a-refs/branch-heads/4577@{#1135}) on port 15735
Only local connections are allowed.
Please see https://chromedriver.chromium.org/security-considerations for suggestions on keeping ChromeDriver safe.
ChromeDriver was started successfully.
Sep 15, 2021 8:48:40 PM org.openqa.selenium.remote.ProtocolHandshake createSession
INFO: Detected dialect: W3C
]]></system-err>
  </testcase>
  <testcase name="User with role CUSTOMER, accesses different pages #2" classname="Users with different roles should see different pages" time="3.105">
    <system-out><![CDATA[
Scenario Outline: User with role CUSTOMER, accesses different pages &amp#27;[90m# src/test/resources/features/userManagement/010authorization.feature:77&amp#27;[0m
  &amp#27;[32mGiven &amp#27;[0m&amp#27;[32m&amp#27;[0m&amp#27;[32m&amp#27;[1mCustomer&amp#27;[0m&amp#27;[32m user is logged in&amp#27;[0m                                  &amp#27;[90m# starter.stepdefinitions.userManagement.AuthorizationStepsDefinition.deliveryUserIsLoggedIn(net.serenitybdd.screenplay.Actor)&amp#27;[0m
  &amp#27;[32mWhen &amp#27;[0m&amp#27;[32m&amp#27;[0m&amp#27;[32m&amp#27;[1mCustomer&amp#27;[0m&amp#27;[32m tries to access &amp#27;[0m&amp#27;[32m&amp#27;[1m"/mealCategories/edit/5"&amp#27;[0m            &amp#27;[90m# starter.stepdefinitions.userManagement.AuthorizationStepsDefinition.openUrls(net.serenitybdd.screenplay.Actor,java.lang.String)&amp#27;[0m
  &amp#27;[32mThen &amp#27;[0m&amp#27;[32mInformation about unauthorized access should be shown&amp#27;[0m        &amp#27;[90m# starter.stepdefinitions.userManagement.AuthorizationStepsDefinition.unauthorizedAccessShouldBeShown()&amp#27;[0m
]]></system-out>
    <system-err><![CDATA[Starting ChromeDriver 93.0.4577.63 (ff5c0da2ec0adeaed5550e6c7e98417dac77d98a-refs/branch-heads/4577@{#1135}) on port 29645
Only local connections are allowed.
Please see https://chromedriver.chromium.org/security-considerations for suggestions on keeping ChromeDriver safe.
ChromeDriver was started successfully.
Sep 15, 2021 8:48:44 PM org.openqa.selenium.remote.ProtocolHandshake createSession
INFO: Detected dialect: W3C
]]></system-err>
  </testcase>
  <testcase name="User with role CUSTOMER, accesses different pages #3" classname="Users with different roles should see different pages" time="3.007">
    <system-out><![CDATA[
Scenario Outline: User with role CUSTOMER, accesses different pages &amp#27;[90m# src/test/resources/features/userManagement/010authorization.feature:78&amp#27;[0m
  &amp#27;[32mGiven &amp#27;[0m&amp#27;[32m&amp#27;[0m&amp#27;[32m&amp#27;[1mCustomer&amp#27;[0m&amp#27;[32m user is logged in&amp#27;[0m                                  &amp#27;[90m# starter.stepdefinitions.userManagement.AuthorizationStepsDefinition.deliveryUserIsLoggedIn(net.serenitybdd.screenplay.Actor)&amp#27;[0m
  &amp#27;[32mWhen &amp#27;[0m&amp#27;[32m&amp#27;[0m&amp#27;[32m&amp#27;[1mCustomer&amp#27;[0m&amp#27;[32m tries to access &amp#27;[0m&amp#27;[32m&amp#27;[1m"/mealCategories"&amp#27;[0m                   &amp#27;[90m# starter.stepdefinitions.userManagement.AuthorizationStepsDefinition.openUrls(net.serenitybdd.screenplay.Actor,java.lang.String)&amp#27;[0m
  &amp#27;[32mThen &amp#27;[0m&amp#27;[32mInformation about unauthorized access should be shown&amp#27;[0m        &amp#27;[90m# starter.stepdefinitions.userManagement.AuthorizationStepsDefinition.unauthorizedAccessShouldBeShown()&amp#27;[0m
]]></system-out>
    <system-err><![CDATA[Starting ChromeDriver 93.0.4577.63 (ff5c0da2ec0adeaed5550e6c7e98417dac77d98a-refs/branch-heads/4577@{#1135}) on port 41398
Only local connections are allowed.
Please see https://chromedriver.chromium.org/security-considerations for suggestions on keeping ChromeDriver safe.
ChromeDriver was started successfully.
Sep 15, 2021 8:48:47 PM org.openqa.selenium.remote.ProtocolHandshake createSession
INFO: Detected dialect: W3C
]]></system-err>
  </testcase>
  <testcase name="User with role CUSTOMER, accesses different pages #4" classname="Users with different roles should see different pages" time="3.039">
    <system-out><![CDATA[
Scenario Outline: User with role CUSTOMER, accesses different pages &amp#27;[90m# src/test/resources/features/userManagement/010authorization.feature:79&amp#27;[0m
  &amp#27;[32mGiven &amp#27;[0m&amp#27;[32m&amp#27;[0m&amp#27;[32m&amp#27;[1mCustomer&amp#27;[0m&amp#27;[32m user is logged in&amp#27;[0m                                  &amp#27;[90m# starter.stepdefinitions.userManagement.AuthorizationStepsDefinition.deliveryUserIsLoggedIn(net.serenitybdd.screenplay.Actor)&amp#27;[0m
  &amp#27;[32mWhen &amp#27;[0m&amp#27;[32m&amp#27;[0m&amp#27;[32m&amp#27;[1mCustomer&amp#27;[0m&amp#27;[32m tries to access &amp#27;[0m&amp#27;[32m&amp#27;[1m"/ingredients/add"&amp#27;[0m                  &amp#27;[90m# starter.stepdefinitions.userManagement.AuthorizationStepsDefinition.openUrls(net.serenitybdd.screenplay.Actor,java.lang.String)&amp#27;[0m
  &amp#27;[32mThen &amp#27;[0m&amp#27;[32mInformation about unauthorized access should be shown&amp#27;[0m        &amp#27;[90m# starter.stepdefinitions.userManagement.AuthorizationStepsDefinition.unauthorizedAccessShouldBeShown()&amp#27;[0m
]]></system-out>
    <system-err><![CDATA[Starting ChromeDriver 93.0.4577.63 (ff5c0da2ec0adeaed5550e6c7e98417dac77d98a-refs/branch-heads/4577@{#1135}) on port 40206
Only local connections are allowed.
Please see https://chromedriver.chromium.org/security-considerations for suggestions on keeping ChromeDriver safe.
ChromeDriver was started successfully.
Sep 15, 2021 8:48:50 PM org.openqa.selenium.remote.ProtocolHandshake createSession
INFO: Detected dialect: W3C
]]></system-err>
  </testcase>
  <testcase name="User with role CUSTOMER, accesses different pages #5" classname="Users with different roles should see different pages" time="3.043">
    <system-out><![CDATA[
Scenario Outline: User with role CUSTOMER, accesses different pages &amp#27;[90m# src/test/resources/features/userManagement/010authorization.feature:80&amp#27;[0m
  &amp#27;[32mGiven &amp#27;[0m&amp#27;[32m&amp#27;[0m&amp#27;[32m&amp#27;[1mCustomer&amp#27;[0m&amp#27;[32m user is logged in&amp#27;[0m                                  &amp#27;[90m# starter.stepdefinitions.userManagement.AuthorizationStepsDefinition.deliveryUserIsLoggedIn(net.serenitybdd.screenplay.Actor)&amp#27;[0m
  &amp#27;[32mWhen &amp#27;[0m&amp#27;[32m&amp#27;[0m&amp#27;[32m&amp#27;[1mCustomer&amp#27;[0m&amp#27;[32m tries to access &amp#27;[0m&amp#27;[32m&amp#27;[1m"/ingredients/edit/5"&amp#27;[0m               &amp#27;[90m# starter.stepdefinitions.userManagement.AuthorizationStepsDefinition.openUrls(net.serenitybdd.screenplay.Actor,java.lang.String)&amp#27;[0m
  &amp#27;[32mThen &amp#27;[0m&amp#27;[32mInformation about unauthorized access should be shown&amp#27;[0m        &amp#27;[90m# starter.stepdefinitions.userManagement.AuthorizationStepsDefinition.unauthorizedAccessShouldBeShown()&amp#27;[0m
]]></system-out>
    <system-err><![CDATA[Starting ChromeDriver 93.0.4577.63 (ff5c0da2ec0adeaed5550e6c7e98417dac77d98a-refs/branch-heads/4577@{#1135}) on port 27137
Only local connections are allowed.
Please see https://chromedriver.chromium.org/security-considerations for suggestions on keeping ChromeDriver safe.
ChromeDriver was started successfully.
Sep 15, 2021 8:48:53 PM org.openqa.selenium.remote.ProtocolHandshake createSession
INFO: Detected dialect: W3C
]]></system-err>
  </testcase>
  <testcase name="User with role CUSTOMER, accesses different pages #6" classname="Users with different roles should see different pages" time="3.042">
    <system-out><![CDATA[
Scenario Outline: User with role CUSTOMER, accesses different pages &amp#27;[90m# src/test/resources/features/userManagement/010authorization.feature:81&amp#27;[0m
  &amp#27;[32mGiven &amp#27;[0m&amp#27;[32m&amp#27;[0m&amp#27;[32m&amp#27;[1mCustomer&amp#27;[0m&amp#27;[32m user is logged in&amp#27;[0m                                  &amp#27;[90m# starter.stepdefinitions.userManagement.AuthorizationStepsDefinition.deliveryUserIsLoggedIn(net.serenitybdd.screenplay.Actor)&amp#27;[0m
  &amp#27;[32mWhen &amp#27;[0m&amp#27;[32m&amp#27;[0m&amp#27;[32m&amp#27;[1mCustomer&amp#27;[0m&amp#27;[32m tries to access &amp#27;[0m&amp#27;[32m&amp#27;[1m"/ingredients"&amp#27;[0m                      &amp#27;[90m# starter.stepdefinitions.userManagement.AuthorizationStepsDefinition.openUrls(net.serenitybdd.screenplay.Actor,java.lang.String)&amp#27;[0m
  &amp#27;[32mThen &amp#27;[0m&amp#27;[32mInformation about unauthorized access should be shown&amp#27;[0m        &amp#27;[90m# starter.stepdefinitions.userManagement.AuthorizationStepsDefinition.unauthorizedAccessShouldBeShown()&amp#27;[0m
]]></system-out>
    <system-err><![CDATA[Starting ChromeDriver 93.0.4577.63 (ff5c0da2ec0adeaed5550e6c7e98417dac77d98a-refs/branch-heads/4577@{#1135}) on port 19045
Only local connections are allowed.
Please see https://chromedriver.chromium.org/security-considerations for suggestions on keeping ChromeDriver safe.
ChromeDriver was started successfully.
Sep 15, 2021 8:48:56 PM org.openqa.selenium.remote.ProtocolHandshake createSession
INFO: Detected dialect: W3C
]]></system-err>
  </testcase>
  <testcase name="User with role CUSTOMER, accesses different pages #7" classname="Users with different roles should see different pages" time="3.011">
    <system-out><![CDATA[
Scenario Outline: User with role CUSTOMER, accesses different pages &amp#27;[90m# src/test/resources/features/userManagement/010authorization.feature:82&amp#27;[0m
  &amp#27;[32mGiven &amp#27;[0m&amp#27;[32m&amp#27;[0m&amp#27;[32m&amp#27;[1mCustomer&amp#27;[0m&amp#27;[32m user is logged in&amp#27;[0m                                  &amp#27;[90m# starter.stepdefinitions.userManagement.AuthorizationStepsDefinition.deliveryUserIsLoggedIn(net.serenitybdd.screenplay.Actor)&amp#27;[0m
  &amp#27;[32mWhen &amp#27;[0m&amp#27;[32m&amp#27;[0m&amp#27;[32m&amp#27;[1mCustomer&amp#27;[0m&amp#27;[32m tries to access &amp#27;[0m&amp#27;[32m&amp#27;[1m"/meal/add"&amp#27;[0m                         &amp#27;[90m# starter.stepdefinitions.userManagement.AuthorizationStepsDefinition.openUrls(net.serenitybdd.screenplay.Actor,java.lang.String)&amp#27;[0m
  &amp#27;[32mThen &amp#27;[0m&amp#27;[32mInformation about unauthorized access should be shown&amp#27;[0m        &amp#27;[90m# starter.stepdefinitions.userManagement.AuthorizationStepsDefinition.unauthorizedAccessShouldBeShown()&amp#27;[0m
]]></system-out>
    <system-err><![CDATA[Starting ChromeDriver 93.0.4577.63 (ff5c0da2ec0adeaed5550e6c7e98417dac77d98a-refs/branch-heads/4577@{#1135}) on port 34003
Only local connections are allowed.
Please see https://chromedriver.chromium.org/security-considerations for suggestions on keeping ChromeDriver safe.
ChromeDriver was started successfully.
Sep 15, 2021 8:48:59 PM org.openqa.selenium.remote.ProtocolHandshake createSession
INFO: Detected dialect: W3C
]]></system-err>
  </testcase>
  <testcase name="User with role CUSTOMER, accesses different pages #8" classname="Users with different roles should see different pages" time="3.058">
    <system-out><![CDATA[
Scenario Outline: User with role CUSTOMER, accesses different pages &amp#27;[90m# src/test/resources/features/userManagement/010authorization.feature:83&amp#27;[0m
  &amp#27;[32mGiven &amp#27;[0m&amp#27;[32m&amp#27;[0m&amp#27;[32m&amp#27;[1mCustomer&amp#27;[0m&amp#27;[32m user is logged in&amp#27;[0m                                  &amp#27;[90m# starter.stepdefinitions.userManagement.AuthorizationStepsDefinition.deliveryUserIsLoggedIn(net.serenitybdd.screenplay.Actor)&amp#27;[0m
  &amp#27;[32mWhen &amp#27;[0m&amp#27;[32m&amp#27;[0m&amp#27;[32m&amp#27;[1mCustomer&amp#27;[0m&amp#27;[32m tries to access &amp#27;[0m&amp#27;[32m&amp#27;[1m"/meal/edit/5"&amp#27;[0m                      &amp#27;[90m# starter.stepdefinitions.userManagement.AuthorizationStepsDefinition.openUrls(net.serenitybdd.screenplay.Actor,java.lang.String)&amp#27;[0m
  &amp#27;[32mThen &amp#27;[0m&amp#27;[32mInformation about unauthorized access should be shown&amp#27;[0m        &amp#27;[90m# starter.stepdefinitions.userManagement.AuthorizationStepsDefinition.unauthorizedAccessShouldBeShown()&amp#27;[0m
]]></system-out>
    <system-err><![CDATA[Starting ChromeDriver 93.0.4577.63 (ff5c0da2ec0adeaed5550e6c7e98417dac77d98a-refs/branch-heads/4577@{#1135}) on port 9982
Only local connections are allowed.
Please see https://chromedriver.chromium.org/security-considerations for suggestions on keeping ChromeDriver safe.
ChromeDriver was started successfully.
Sep 15, 2021 8:49:02 PM org.openqa.selenium.remote.ProtocolHandshake createSession
INFO: Detected dialect: W3C
]]></system-err>
  </testcase>
  <testcase name="User with role CUSTOMER, accesses different pages #9" classname="Users with different roles should see different pages" time="3.072">
    <system-out><![CDATA[
Scenario Outline: User with role CUSTOMER, accesses different pages &amp#27;[90m# src/test/resources/features/userManagement/010authorization.feature:84&amp#27;[0m
  &amp#27;[32mGiven &amp#27;[0m&amp#27;[32m&amp#27;[0m&amp#27;[32m&amp#27;[1mCustomer&amp#27;[0m&amp#27;[32m user is logged in&amp#27;[0m                                  &amp#27;[90m# starter.stepdefinitions.userManagement.AuthorizationStepsDefinition.deliveryUserIsLoggedIn(net.serenitybdd.screenplay.Actor)&amp#27;[0m
  &amp#27;[32mWhen &amp#27;[0m&amp#27;[32m&amp#27;[0m&amp#27;[32m&amp#27;[1mCustomer&amp#27;[0m&amp#27;[32m tries to access &amp#27;[0m&amp#27;[32m&amp#27;[1m"/deliveries"&amp#27;[0m                       &amp#27;[90m# starter.stepdefinitions.userManagement.AuthorizationStepsDefinition.openUrls(net.serenitybdd.screenplay.Actor,java.lang.String)&amp#27;[0m
  &amp#27;[32mThen &amp#27;[0m&amp#27;[32mInformation about unauthorized access should be shown&amp#27;[0m        &amp#27;[90m# starter.stepdefinitions.userManagement.AuthorizationStepsDefinition.unauthorizedAccessShouldBeShown()&amp#27;[0m
]]></system-out>
    <system-err><![CDATA[Starting ChromeDriver 93.0.4577.63 (ff5c0da2ec0adeaed5550e6c7e98417dac77d98a-refs/branch-heads/4577@{#1135}) on port 23017
Only local connections are allowed.
Please see https://chromedriver.chromium.org/security-considerations for suggestions on keeping ChromeDriver safe.
ChromeDriver was started successfully.
Sep 15, 2021 8:49:05 PM org.openqa.selenium.remote.ProtocolHandshake createSession
INFO: Detected dialect: W3C
]]></system-err>
  </testcase>
  <testcase name="User with role CUSTOMER, accesses different pages #10" classname="Users with different roles should see different pages" time="3.103">
    <system-out><![CDATA[
Scenario Outline: User with role CUSTOMER, accesses different pages &amp#27;[90m# src/test/resources/features/userManagement/010authorization.feature:85&amp#27;[0m
  &amp#27;[32mGiven &amp#27;[0m&amp#27;[32m&amp#27;[0m&amp#27;[32m&amp#27;[1mCustomer&amp#27;[0m&amp#27;[32m user is logged in&amp#27;[0m                                  &amp#27;[90m# starter.stepdefinitions.userManagement.AuthorizationStepsDefinition.deliveryUserIsLoggedIn(net.serenitybdd.screenplay.Actor)&amp#27;[0m
  &amp#27;[32mWhen &amp#27;[0m&amp#27;[32m&amp#27;[0m&amp#27;[32m&amp#27;[1mCustomer&amp#27;[0m&amp#27;[32m tries to access &amp#27;[0m&amp#27;[32m&amp#27;[1m"/orders/processing"&amp#27;[0m                &amp#27;[90m# starter.stepdefinitions.userManagement.AuthorizationStepsDefinition.openUrls(net.serenitybdd.screenplay.Actor,java.lang.String)&amp#27;[0m
  &amp#27;[32mThen &amp#27;[0m&amp#27;[32mInformation about unauthorized access should be shown&amp#27;[0m        &amp#27;[90m# starter.stepdefinitions.userManagement.AuthorizationStepsDefinition.unauthorizedAccessShouldBeShown()&amp#27;[0m
]]></system-out>
    <system-err><![CDATA[Starting ChromeDriver 93.0.4577.63 (ff5c0da2ec0adeaed5550e6c7e98417dac77d98a-refs/branch-heads/4577@{#1135}) on port 45570
Only local connections are allowed.
Please see https://chromedriver.chromium.org/security-considerations for suggestions on keeping ChromeDriver safe.
ChromeDriver was started successfully.
Sep 15, 2021 8:49:08 PM org.openqa.selenium.remote.ProtocolHandshake createSession
INFO: Detected dialect: W3C
]]></system-err>
  </testcase>
  <testcase name="Logged in customer - shown buttons" classname="Users with different roles should see different pages" time="6.665">
    <system-out><![CDATA[
Scenario: Logged in customer - shown buttons                       &amp#27;[90m# src/test/resources/features/userManagement/010authorization.feature:87&amp#27;[0m
  &amp#27;[32mGiven &amp#27;[0m&amp#27;[32m&amp#27;[0m&amp#27;[32m&amp#27;[1mCustomer&amp#27;[0m&amp#27;[32m user is logged in&amp#27;[0m                                 &amp#27;[90m# starter.stepdefinitions.userManagement.AuthorizationStepsDefinition.deliveryUserIsLoggedIn(net.serenitybdd.screenplay.Actor)&amp#27;[0m
  &amp#27;[32mWhen &amp#27;[0m&amp#27;[32m&amp#27;[0m&amp#27;[32m&amp#27;[1mUser&amp#27;[0m&amp#27;[32m opens home page&amp#27;[0m                                        &amp#27;[90m# starter.stepdefinitions.userManagement.AuthorizationStepsDefinition.UnauthorizedUserOpensHomePage(net.serenitybdd.screenplay.Actor)&amp#27;[0m
  &amp#27;[32mThen &amp#27;[0m&amp#27;[32mDeliveries,processingOrders buttons should not be displayed&amp#27;[0m &amp#27;[90m# starter.stepdefinitions.userManagement.AuthorizationStepsDefinition.customerUserShownButtons()&amp#27;[0m
]]></system-out>
    <system-err><![CDATA[Starting ChromeDriver 93.0.4577.63 (ff5c0da2ec0adeaed5550e6c7e98417dac77d98a-refs/branch-heads/4577@{#1135}) on port 32502
Only local connections are allowed.
Please see https://chromedriver.chromium.org/security-considerations for suggestions on keeping ChromeDriver safe.
ChromeDriver was started successfully.
Sep 15, 2021 8:49:11 PM org.openqa.selenium.remote.ProtocolHandshake createSession
INFO: Detected dialect: W3C
Starting ChromeDriver 93.0.4577.63 (ff5c0da2ec0adeaed5550e6c7e98417dac77d98a-refs/branch-heads/4577@{#1135}) on port 26042
Only local connections are allowed.
Please see https://chromedriver.chromium.org/security-considerations for suggestions on keeping ChromeDriver safe.
ChromeDriver was started successfully.
Sep 15, 2021 8:49:13 PM org.openqa.selenium.remote.ProtocolHandshake createSession
INFO: Detected dialect: W3C
]]></system-err>
  </testcase>
  <testcase name="Successful login user to the web application" classname="Login user" time="2.898">
    <system-out><![CDATA[
Scenario: Successful login user to the web application &amp#27;[90m# src/test/resources/features/userManagement/011loginUser.feature:5&amp#27;[0m
  &amp#27;[32mGiven &amp#27;[0m&amp#27;[32m&amp#27;[0m&amp#27;[32m&amp#27;[1mAdmin&amp#27;[0m&amp#27;[32m wants to login to web application&amp#27;[0m        &amp#27;[90m# starter.stepdefinitions.userManagement.LoginUserStepsDefinition.userWantsToLogin(net.serenitybdd.screenplay.Actor)&amp#27;[0m
  &amp#27;[32mWhen &amp#27;[0m&amp#27;[32m&amp#27;[0m&amp#27;[32m&amp#27;[1mAdmin&amp#27;[0m&amp#27;[32m enters &amp#27;[0m&amp#27;[32m&amp#27;[1m"admin@admin.com"&amp#27;[0m&amp#27;[32m and &amp#27;[0m&amp#27;[32m&amp#27;[1m"P@assword"&amp#27;[0m  &amp#27;[90m# starter.stepdefinitions.userManagement.LoginUserStepsDefinition.loginUser(net.serenitybdd.screenplay.Actor,java.lang.String,java.lang.String)&amp#27;[0m
  &amp#27;[32mThen &amp#27;[0m&amp#27;[32m&amp#27;[0m&amp#27;[32m&amp#27;[1mAdmin&amp#27;[0m&amp#27;[32m should be redirected to home page&amp#27;[0m         &amp#27;[90m# starter.stepdefinitions.userManagement.LoginUserStepsDefinition.successfulLogin(net.serenitybdd.screenplay.Actor)&amp#27;[0m
]]></system-out>
    <system-err><![CDATA[Starting ChromeDriver 93.0.4577.63 (ff5c0da2ec0adeaed5550e6c7e98417dac77d98a-refs/branch-heads/4577@{#1135}) on port 8178
Only local connections are allowed.
Please see https://chromedriver.chromium.org/security-considerations for suggestions on keeping ChromeDriver safe.
ChromeDriver was started successfully.
Sep 15, 2021 8:49:18 PM org.openqa.selenium.remote.ProtocolHandshake createSession
INFO: Detected dialect: W3C
]]></system-err>
  </testcase>
  <testcase name="Login with empty username" classname="Login user" time="2.895">
    <system-out><![CDATA[
Scenario: Login with empty username            &amp#27;[90m# src/test/resources/features/userManagement/011loginUser.feature:10&amp#27;[0m
  &amp#27;[32mGiven &amp#27;[0m&amp#27;[32m&amp#27;[0m&amp#27;[32m&amp#27;[1mUser&amp#27;[0m&amp#27;[32m wants to login to web application&amp#27;[0m &amp#27;[90m# starter.stepdefinitions.userManagement.LoginUserStepsDefinition.userWantsToLogin(net.serenitybdd.screenplay.Actor)&amp#27;[0m
  &amp#27;[32mWhen &amp#27;[0m&amp#27;[32m&amp#27;[0m&amp#27;[32m&amp#27;[1mUser&amp#27;[0m&amp#27;[32m enters &amp#27;[0m&amp#27;[32m&amp#27;[1m""&amp#27;[0m&amp#27;[32m and &amp#27;[0m&amp#27;[32m&amp#27;[1m"P@assword"&amp#27;[0m          &amp#27;[90m# starter.stepdefinitions.userManagement.LoginUserStepsDefinition.loginUser(net.serenitybdd.screenplay.Actor,java.lang.String,java.lang.String)&amp#27;[0m
  &amp#27;[32mThen &amp#27;[0m&amp#27;[32m&amp#27;[0m&amp#27;[32m&amp#27;[1mUser&amp#27;[0m&amp#27;[32m should see empty username message&amp#27;[0m  &amp#27;[90m# starter.stepdefinitions.userManagement.LoginUserStepsDefinition.emptyUsername(net.serenitybdd.screenplay.Actor)&amp#27;[0m
]]></system-out>
    <system-err><![CDATA[Starting ChromeDriver 93.0.4577.63 (ff5c0da2ec0adeaed5550e6c7e98417dac77d98a-refs/branch-heads/4577@{#1135}) on port 24867
Only local connections are allowed.
Please see https://chromedriver.chromium.org/security-considerations for suggestions on keeping ChromeDriver safe.
ChromeDriver was started successfully.
Sep 15, 2021 8:49:21 PM org.openqa.selenium.remote.ProtocolHandshake createSession
INFO: Detected dialect: W3C
]]></system-err>
  </testcase>
  <testcase name="Login with empty password" classname="Login user" time="2.853">
    <system-out><![CDATA[
Scenario: Login with empty password            &amp#27;[90m# src/test/resources/features/userManagement/011loginUser.feature:15&amp#27;[0m
  &amp#27;[32mGiven &amp#27;[0m&amp#27;[32m&amp#27;[0m&amp#27;[32m&amp#27;[1mUser&amp#27;[0m&amp#27;[32m wants to login to web application&amp#27;[0m &amp#27;[90m# starter.stepdefinitions.userManagement.LoginUserStepsDefinition.userWantsToLogin(net.serenitybdd.screenplay.Actor)&amp#27;[0m
  &amp#27;[32mWhen &amp#27;[0m&amp#27;[32m&amp#27;[0m&amp#27;[32m&amp#27;[1mUser&amp#27;[0m&amp#27;[32m enters &amp#27;[0m&amp#27;[32m&amp#27;[1m"admin@admin.com"&amp#27;[0m&amp#27;[32m and &amp#27;[0m&amp#27;[32m&amp#27;[1m""&amp#27;[0m    &amp#27;[90m# starter.stepdefinitions.userManagement.LoginUserStepsDefinition.loginUser(net.serenitybdd.screenplay.Actor,java.lang.String,java.lang.String)&amp#27;[0m
  &amp#27;[32mThen &amp#27;[0m&amp#27;[32m&amp#27;[0m&amp#27;[32m&amp#27;[1mUser&amp#27;[0m&amp#27;[32m should see empty password message&amp#27;[0m  &amp#27;[90m# starter.stepdefinitions.userManagement.LoginUserStepsDefinition.emptyPassword(net.serenitybdd.screenplay.Actor)&amp#27;[0m
]]></system-out>
    <system-err><![CDATA[Starting ChromeDriver 93.0.4577.63 (ff5c0da2ec0adeaed5550e6c7e98417dac77d98a-refs/branch-heads/4577@{#1135}) on port 25221
Only local connections are allowed.
Please see https://chromedriver.chromium.org/security-considerations for suggestions on keeping ChromeDriver safe.
ChromeDriver was started successfully.
Sep 15, 2021 8:49:23 PM org.openqa.selenium.remote.ProtocolHandshake createSession
INFO: Detected dialect: W3C
]]></system-err>
  </testcase>
  <testcase name="Login with invalid username or password" classname="Login user" time="2.878">
    <system-out><![CDATA[
Scenario: Login with invalid username or password        &amp#27;[90m# src/test/resources/features/userManagement/011loginUser.feature:20&amp#27;[0m
  &amp#27;[32mGiven &amp#27;[0m&amp#27;[32m&amp#27;[0m&amp#27;[32m&amp#27;[1mUser&amp#27;[0m&amp#27;[32m wants to login to web application&amp#27;[0m           &amp#27;[90m# starter.stepdefinitions.userManagement.LoginUserStepsDefinition.userWantsToLogin(net.serenitybdd.screenplay.Actor)&amp#27;[0m
  &amp#27;[32mWhen &amp#27;[0m&amp#27;[32m&amp#27;[0m&amp#27;[32m&amp#27;[1mUser&amp#27;[0m&amp#27;[32m enters &amp#27;[0m&amp#27;[32m&amp#27;[1m"test@test.com"&amp#27;[0m&amp#27;[32m and &amp#27;[0m&amp#27;[32m&amp#27;[1m"P@assword"&amp#27;[0m       &amp#27;[90m# starter.stepdefinitions.userManagement.LoginUserStepsDefinition.loginUser(net.serenitybdd.screenplay.Actor,java.lang.String,java.lang.String)&amp#27;[0m
  &amp#27;[32mThen &amp#27;[0m&amp#27;[32m&amp#27;[0m&amp#27;[32m&amp#27;[1mUser&amp#27;[0m&amp#27;[32m should see message about invalid credentials&amp#27;[0m &amp#27;[90m# starter.stepdefinitions.userManagement.LoginUserStepsDefinition.invalidCredentials(net.serenitybdd.screenplay.Actor)&amp#27;[0m
]]></system-out>
    <system-err><![CDATA[Starting ChromeDriver 93.0.4577.63 (ff5c0da2ec0adeaed5550e6c7e98417dac77d98a-refs/branch-heads/4577@{#1135}) on port 27507
Only local connections are allowed.
Please see https://chromedriver.chromium.org/security-considerations for suggestions on keeping ChromeDriver safe.
ChromeDriver was started successfully.
Sep 15, 2021 8:49:26 PM org.openqa.selenium.remote.ProtocolHandshake createSession
INFO: Detected dialect: W3C
]]></system-err>
  </testcase>
  <testcase name="Logout user" classname="Login user" time="4.744">
    <system-out><![CDATA[
Scenario: Logout user                                                                           &amp#27;[90m# src/test/resources/features/userManagement/011loginUser.feature:25&amp#27;[0m
  &amp#27;[32mGiven &amp#27;[0m&amp#27;[32m&amp#27;[0m&amp#27;[32m&amp#27;[1mAdmin&amp#27;[0m&amp#27;[32m user is logged in&amp#27;[0m                                                                 &amp#27;[90m# starter.stepdefinitions.userManagement.AuthorizationStepsDefinition.deliveryUserIsLoggedIn(net.serenitybdd.screenplay.Actor)&amp#27;[0m
  &amp#27;[32mWhen &amp#27;[0m&amp#27;[32m&amp#27;[0m&amp#27;[32m&amp#27;[1mAdmin&amp#27;[0m&amp#27;[32m clicks logout button&amp#27;[0m                                                               &amp#27;[90m# starter.stepdefinitions.userManagement.LoginUserStepsDefinition.logOutButtonClick(net.serenitybdd.screenplay.Actor)&amp#27;[0m
  &amp#27;[32mThen &amp#27;[0m&amp#27;[32mShopping cart,deliveries,processingOrders,profile,logout buttons should not be displayed&amp#27;[0m &amp#27;[90m# starter.stepdefinitions.userManagement.AuthorizationStepsDefinition.UnauthorizedUserButtons()&amp#27;[0m
]]></system-out>
    <system-err><![CDATA[Starting ChromeDriver 93.0.4577.63 (ff5c0da2ec0adeaed5550e6c7e98417dac77d98a-refs/branch-heads/4577@{#1135}) on port 38507
Only local connections are allowed.
Please see https://chromedriver.chromium.org/security-considerations for suggestions on keeping ChromeDriver safe.
ChromeDriver was started successfully.
Sep 15, 2021 8:49:29 PM org.openqa.selenium.remote.ProtocolHandshake createSession
INFO: Detected dialect: W3C
]]></system-err>
  </testcase>
  <testcase name="Admin user clicks on profile button #1" classname="User views his profile page" time="3.462">
    <system-out><![CDATA[
Scenario: Admin user clicks on profile button          &amp#27;[90m# src/test/resources/features/userManagement/012profile.feature:3&amp#27;[0m
  &amp#27;[32mGiven &amp#27;[0m&amp#27;[32m&amp#27;[0m&amp#27;[32m&amp#27;[1mAdmin&amp#27;[0m&amp#27;[32m user, ROLE_ADMIN, tries to login&amp#27;[0m         &amp#27;[90m# starter.stepdefinitions.ingredients.IngredientsStepDefinition.loginAdminUser(net.serenitybdd.screenplay.Actor)&amp#27;[0m
  &amp#27;[32mWhen &amp#27;[0m&amp#27;[32m&amp#27;[0m&amp#27;[32m&amp#27;[1mAdmin&amp#27;[0m&amp#27;[32m user clicks on profile button&amp#27;[0m             &amp#27;[90m# starter.stepdefinitions.userManagement.ProfileStepsDefinition.userClicksOnProfileButton(net.serenitybdd.screenplay.Actor)&amp#27;[0m
  &amp#27;[32mThen &amp#27;[0m&amp#27;[32m&amp#27;[0m&amp#27;[32m&amp#27;[1mAdmin&amp#27;[0m&amp#27;[32m user should be redirected to profile page&amp#27;[0m &amp#27;[90m# starter.stepdefinitions.userManagement.ProfileStepsDefinition.userIsRedirectedToProfilePage(net.serenitybdd.screenplay.Actor)&amp#27;[0m
]]></system-out>
    <system-err><![CDATA[Starting ChromeDriver 93.0.4577.63 (ff5c0da2ec0adeaed5550e6c7e98417dac77d98a-refs/branch-heads/4577@{#1135}) on port 10864
Only local connections are allowed.
Please see https://chromedriver.chromium.org/security-considerations for suggestions on keeping ChromeDriver safe.
ChromeDriver was started successfully.
Sep 15, 2021 8:49:34 PM org.openqa.selenium.remote.ProtocolHandshake createSession
INFO: Detected dialect: W3C
]]></system-err>
  </testcase>
  <testcase name="Admin user clicks on profile button #2" classname="User views his profile page" time="3.539">
    <system-out><![CDATA[
Scenario: Admin user clicks on profile button                       &amp#27;[90m# src/test/resources/features/userManagement/012profile.feature:8&amp#27;[0m
  &amp#27;[32mGiven &amp#27;[0m&amp#27;[32m&amp#27;[0m&amp#27;[32m&amp#27;[1mAdmin&amp#27;[0m&amp#27;[32m user, ROLE_ADMIN, tries to login&amp#27;[0m                      &amp#27;[90m# starter.stepdefinitions.ingredients.IngredientsStepDefinition.loginAdminUser(net.serenitybdd.screenplay.Actor)&amp#27;[0m
  &amp#27;[32mWhen &amp#27;[0m&amp#27;[32m&amp#27;[0m&amp#27;[32m&amp#27;[1mAdmin&amp#27;[0m&amp#27;[32m user is on profile page&amp#27;[0m                                &amp#27;[90m# starter.stepdefinitions.userManagement.ProfileStepsDefinition.userIsOnProfilePage(net.serenitybdd.screenplay.Actor)&amp#27;[0m
  &amp#27;[32mThen &amp#27;[0m&amp#27;[32m&amp#27;[0m&amp#27;[32m&amp#27;[1mAdmin&amp#27;[0m&amp#27;[32m user should see mealCategories and ingredients buttons&amp#27;[0m &amp#27;[90m# starter.stepdefinitions.userManagement.ProfileStepsDefinition.adminShouldSeeButtons(net.serenitybdd.screenplay.Actor)&amp#27;[0m
]]></system-out>
    <system-err><![CDATA[Starting ChromeDriver 93.0.4577.63 (ff5c0da2ec0adeaed5550e6c7e98417dac77d98a-refs/branch-heads/4577@{#1135}) on port 27027
Only local connections are allowed.
Please see https://chromedriver.chromium.org/security-considerations for suggestions on keeping ChromeDriver safe.
ChromeDriver was started successfully.
Sep 15, 2021 8:49:37 PM org.openqa.selenium.remote.ProtocolHandshake createSession
INFO: Detected dialect: W3C
]]></system-err>
  </testcase>
  <testcase name="Customer user clicks on profile button" classname="User views his profile page" time="7.413">
    <system-out><![CDATA[
Scenario: Customer user clicks on profile button                            &amp#27;[90m# src/test/resources/features/userManagement/012profile.feature:13&amp#27;[0m
  &amp#27;[32mGiven &amp#27;[0m&amp#27;[32m&amp#27;[0m&amp#27;[32m&amp#27;[1mCustomer2&amp#27;[0m&amp#27;[32m user, ROLE_CUSTOMER, tries to login&amp#27;[0m                       &amp#27;[90m# starter.stepdefinitions.menu.MealStepDefinitions.customer2UserTriesToLogin(net.serenitybdd.screenplay.Actor)&amp#27;[0m
  &amp#27;[32mWhen &amp#27;[0m&amp#27;[32m&amp#27;[0m&amp#27;[32m&amp#27;[1mCustomer2&amp#27;[0m&amp#27;[32m user is on profile page&amp#27;[0m                                    &amp#27;[90m# starter.stepdefinitions.userManagement.ProfileStepsDefinition.userIsOnProfilePage(net.serenitybdd.screenplay.Actor)&amp#27;[0m
  &amp#27;[32mThen &amp#27;[0m&amp#27;[32m&amp#27;[0m&amp#27;[32m&amp#27;[1mCustomer2&amp#27;[0m&amp#27;[32m user should not see mealCategories and ingredients buttons&amp#27;[0m &amp#27;[90m# starter.stepdefinitions.userManagement.ProfileStepsDefinition.nonAdminUsersShouldNotSeeButtons(net.serenitybdd.screenplay.Actor)&amp#27;[0m
]]></system-out>
    <system-err><![CDATA[Starting ChromeDriver 93.0.4577.63 (ff5c0da2ec0adeaed5550e6c7e98417dac77d98a-refs/branch-heads/4577@{#1135}) on port 9326
Only local connections are allowed.
Please see https://chromedriver.chromium.org/security-considerations for suggestions on keeping ChromeDriver safe.
ChromeDriver was started successfully.
Sep 15, 2021 8:49:41 PM org.openqa.selenium.remote.ProtocolHandshake createSession
INFO: Detected dialect: W3C
]]></system-err>
  </testcase>
  <testcase name="Delivery user clicks on profile button" classname="User views his profile page" time="7.455">
    <system-out><![CDATA[
Scenario: Delivery user clicks on profile button                           &amp#27;[90m# src/test/resources/features/userManagement/012profile.feature:18&amp#27;[0m
  &amp#27;[32mGiven &amp#27;[0m&amp#27;[32m&amp#27;[0m&amp#27;[32m&amp#27;[1mDelivery&amp#27;[0m&amp#27;[32m user tries to log in&amp#27;[0m                                      &amp#27;[90m# starter.stepdefinitions.delivery.DeliveriesStepDefinition.checkIfLoggedIn(net.serenitybdd.screenplay.Actor)&amp#27;[0m
  &amp#27;[32mWhen &amp#27;[0m&amp#27;[32m&amp#27;[0m&amp#27;[32m&amp#27;[1mDelivery&amp#27;[0m&amp#27;[32m user is on profile page&amp#27;[0m                                    &amp#27;[90m# starter.stepdefinitions.userManagement.ProfileStepsDefinition.userIsOnProfilePage(net.serenitybdd.screenplay.Actor)&amp#27;[0m
  &amp#27;[32mThen &amp#27;[0m&amp#27;[32m&amp#27;[0m&amp#27;[32m&amp#27;[1mDelivery&amp#27;[0m&amp#27;[32m user should not see mealCategories and ingredients buttons&amp#27;[0m &amp#27;[90m# starter.stepdefinitions.userManagement.ProfileStepsDefinition.nonAdminUsersShouldNotSeeButtons(net.serenitybdd.screenplay.Actor)&amp#27;[0m
]]></system-out>
    <system-err><![CDATA[Starting ChromeDriver 93.0.4577.63 (ff5c0da2ec0adeaed5550e6c7e98417dac77d98a-refs/branch-heads/4577@{#1135}) on port 32641
Only local connections are allowed.
Please see https://chromedriver.chromium.org/security-considerations for suggestions on keeping ChromeDriver safe.
ChromeDriver was started successfully.
Sep 15, 2021 8:49:48 PM org.openqa.selenium.remote.ProtocolHandshake createSession
INFO: Detected dialect: W3C
]]></system-err>
  </testcase>
  <testcase name="Employee user clicks on profile button" classname="User views his profile page" time="7.458">
    <system-out><![CDATA[
Scenario: Employee user clicks on profile button                           &amp#27;[90m# src/test/resources/features/userManagement/012profile.feature:23&amp#27;[0m
  &amp#27;[32mGiven &amp#27;[0m&amp#27;[32m&amp#27;[0m&amp#27;[32m&amp#27;[1mEmployee&amp#27;[0m&amp#27;[32m user, ROLE_EMPLOYEE, tries to login&amp#27;[0m                       &amp#27;[90m# starter.stepdefinitions.orders.OrdersStepDefinition.employeeUserTriesToLogin(net.serenitybdd.screenplay.Actor)&amp#27;[0m
  &amp#27;[32mWhen &amp#27;[0m&amp#27;[32m&amp#27;[0m&amp#27;[32m&amp#27;[1mEmployee&amp#27;[0m&amp#27;[32m user is on profile page&amp#27;[0m                                    &amp#27;[90m# starter.stepdefinitions.userManagement.ProfileStepsDefinition.userIsOnProfilePage(net.serenitybdd.screenplay.Actor)&amp#27;[0m
  &amp#27;[32mThen &amp#27;[0m&amp#27;[32m&amp#27;[0m&amp#27;[32m&amp#27;[1mEmployee&amp#27;[0m&amp#27;[32m user should not see mealCategories and ingredients buttons&amp#27;[0m &amp#27;[90m# starter.stepdefinitions.userManagement.ProfileStepsDefinition.nonAdminUsersShouldNotSeeButtons(net.serenitybdd.screenplay.Actor)&amp#27;[0m
]]></system-out>
    <system-err><![CDATA[Starting ChromeDriver 93.0.4577.63 (ff5c0da2ec0adeaed5550e6c7e98417dac77d98a-refs/branch-heads/4577@{#1135}) on port 41747
Only local connections are allowed.
Please see https://chromedriver.chromium.org/security-considerations for suggestions on keeping ChromeDriver safe.
ChromeDriver was started successfully.
Sep 15, 2021 8:49:56 PM org.openqa.selenium.remote.ProtocolHandshake createSession
INFO: Detected dialect: W3C
]]></system-err>
  </testcase>
  <testcase name="Customer should see his private information" classname="User views his profile page" time="3.399">
    <system-out><![CDATA[
Scenario: Customer should see his private information                                             &amp#27;[90m# src/test/resources/features/userManagement/012profile.feature:28&amp#27;[0m
  &amp#27;[32mGiven &amp#27;[0m&amp#27;[32m&amp#27;[0m&amp#27;[32m&amp#27;[1mCustomer2&amp#27;[0m&amp#27;[32m user, ROLE_CUSTOMER, tries to login&amp#27;[0m                                             &amp#27;[90m# starter.stepdefinitions.menu.MealStepDefinitions.customer2UserTriesToLogin(net.serenitybdd.screenplay.Actor)&amp#27;[0m
  &amp#27;[32mWhen &amp#27;[0m&amp#27;[32m&amp#27;[0m&amp#27;[32m&amp#27;[1mCustomer2&amp#27;[0m&amp#27;[32m user is on profile page&amp#27;[0m                                                          &amp#27;[90m# starter.stepdefinitions.userManagement.ProfileStepsDefinition.userIsOnProfilePage(net.serenitybdd.screenplay.Actor)&amp#27;[0m
  &amp#27;[32mThen &amp#27;[0m&amp#27;[32m&amp#27;[0m&amp#27;[32m&amp#27;[1mCustomer2&amp#27;[0m&amp#27;[32m user should see his private information, name, surname,address, telephone number&amp#27;[0m &amp#27;[90m# starter.stepdefinitions.userManagement.ProfileStepsDefinition.customerShouldSeeHisPrivateInformation(net.serenitybdd.screenplay.Actor)&amp#27;[0m
]]></system-out>
    <system-err><![CDATA[Starting ChromeDriver 93.0.4577.63 (ff5c0da2ec0adeaed5550e6c7e98417dac77d98a-refs/branch-heads/4577@{#1135}) on port 27905
Only local connections are allowed.
Please see https://chromedriver.chromium.org/security-considerations for suggestions on keeping ChromeDriver safe.
ChromeDriver was started successfully.
Sep 15, 2021 8:50:03 PM org.openqa.selenium.remote.ProtocolHandshake createSession
INFO: Detected dialect: W3C
]]></system-err>
  </testcase>
  <testcase name="Customer user leaves a review" classname="User views his profile page" time="3.676">
    <system-out><![CDATA[
Scenario: Customer user leaves a review                                                          &amp#27;[90m# src/test/resources/features/userManagement/012profile.feature:33&amp#27;[0m
  &amp#27;[32mGiven &amp#27;[0m&amp#27;[32m&amp#27;[0m&amp#27;[32m&amp#27;[1mCustomer2&amp#27;[0m&amp#27;[32m user, ROLE_CUSTOMER, tries to login&amp#27;[0m                                            &amp#27;[90m# starter.stepdefinitions.menu.MealStepDefinitions.customer2UserTriesToLogin(net.serenitybdd.screenplay.Actor)&amp#27;[0m
  &amp#27;[32mAnd &amp#27;[0m&amp#27;[32m&amp#27;[0m&amp#27;[32m&amp#27;[1mCustomer2&amp#27;[0m&amp#27;[32m user is on profile page&amp#27;[0m                                                          &amp#27;[90m# starter.stepdefinitions.userManagement.ProfileStepsDefinition.userIsOnProfilePage(net.serenitybdd.screenplay.Actor)&amp#27;[0m
  &amp#27;[32mWhen &amp#27;[0m&amp#27;[32m&amp#27;[0m&amp#27;[32m&amp#27;[1mCustomer2&amp#27;[0m&amp#27;[32m user clicks on 5 star button and writes &amp#27;[0m&amp#27;[32m&amp#27;[1m"Good service"&amp#27;[0m&amp#27;[32m in the description field&amp#27;[0m &amp#27;[90m# starter.stepdefinitions.userManagement.ProfileStepsDefinition.customerSelectsStarsForReview(net.serenitybdd.screenplay.Actor,java.lang.String)&amp#27;[0m
  &amp#27;[32mThen &amp#27;[0m&amp#27;[32m&amp#27;[0m&amp#27;[32m&amp#27;[1mCustomer2&amp#27;[0m&amp#27;[32m user should see information about successful leaving a review&amp#27;[0m                   &amp#27;[90m# starter.stepdefinitions.userManagement.ProfileStepsDefinition.customerShouldSeeInfoAboutLeavingReview(net.serenitybdd.screenplay.Actor)&amp#27;[0m
]]></system-out>
    <system-err><![CDATA[Starting ChromeDriver 93.0.4577.63 (ff5c0da2ec0adeaed5550e6c7e98417dac77d98a-refs/branch-heads/4577@{#1135}) on port 15247
Only local connections are allowed.
Please see https://chromedriver.chromium.org/security-considerations for suggestions on keeping ChromeDriver safe.
ChromeDriver was started successfully.
Sep 15, 2021 8:50:07 PM org.openqa.selenium.remote.ProtocolHandshake createSession
INFO: Detected dialect: W3C
]]></system-err>
  </testcase>
  <testcase name="Successful register" classname="Register user" time="3.466">
    <system-out><![CDATA[
Scenario: Successful register                                                                                    &amp#27;[90m# src/test/resources/features/userManagement/013register.feature:3&amp#27;[0m
  &amp#27;[32mGiven &amp#27;[0m&amp#27;[32m&amp#27;[0m&amp#27;[32m&amp#27;[1mUser&amp#27;[0m&amp#27;[32m wants to register to web app&amp#27;[0m                                                                        &amp#27;[90m# starter.stepdefinitions.userManagement.RegisterStepsDefinition.userWantsToRegister(net.serenitybdd.screenplay.Actor)&amp#27;[0m
  &amp#27;[32mWhen &amp#27;[0m&amp#27;[32m&amp#27;[0m&amp#27;[32m&amp#27;[1mUser&amp#27;[0m&amp#27;[32m enters &amp#27;[0m&amp#27;[32m&amp#27;[1m"user@user.com"&amp#27;[0m&amp#27;[32m &amp#27;[0m&amp#27;[32m&amp#27;[1m"P@assword"&amp#27;[0m&amp#27;[32m &amp#27;[0m&amp#27;[32m&amp#27;[1m"P@assword"&amp#27;[0m&amp#27;[32m &amp#27;[0m&amp#27;[32m&amp#27;[1m"User name"&amp#27;[0m&amp#27;[32m &amp#27;[0m&amp#27;[32m&amp#27;[1m"User surname"&amp#27;[0m&amp#27;[32m &amp#27;[0m&amp#27;[32m&amp#27;[1m"070123456"&amp#27;[0m&amp#27;[32m &amp#27;[0m&amp#27;[32m&amp#27;[1m"User address"&amp#27;[0m &amp#27;[90m# starter.stepdefinitions.userManagement.RegisterStepsDefinition.userEntersData(net.serenitybdd.screenplay.Actor,java.lang.String,java.lang.String,java.lang.String,java.lang.String,java.lang.String,java.lang.String,java.lang.String)&amp#27;[0m
  &amp#27;[32mThen &amp#27;[0m&amp#27;[32m&amp#27;[0m&amp#27;[32m&amp#27;[1mUser&amp#27;[0m&amp#27;[32m should be redirected to login page&amp#27;[0m                                                                   &amp#27;[90m# starter.stepdefinitions.userManagement.RegisterStepsDefinition.redirectToLoginPage(net.serenitybdd.screenplay.Actor)&amp#27;[0m
]]></system-out>
    <system-err><![CDATA[Starting ChromeDriver 93.0.4577.63 (ff5c0da2ec0adeaed5550e6c7e98417dac77d98a-refs/branch-heads/4577@{#1135}) on port 48961
Only local connections are allowed.
Please see https://chromedriver.chromium.org/security-considerations for suggestions on keeping ChromeDriver safe.
ChromeDriver was started successfully.
Sep 15, 2021 8:50:10 PM org.openqa.selenium.remote.ProtocolHandshake createSession
INFO: Detected dialect: W3C
]]></system-err>
  </testcase>
  <testcase name="User registers where passwords do not match" classname="Register user" time="3.771">
    <system-out><![CDATA[
Scenario: User registers where passwords do not match                                                           &amp#27;[90m# src/test/resources/features/userManagement/013register.feature:8&amp#27;[0m
  &amp#27;[32mGiven &amp#27;[0m&amp#27;[32m&amp#27;[0m&amp#27;[32m&amp#27;[1mUser&amp#27;[0m&amp#27;[32m wants to register to web app&amp#27;[0m                                                                       &amp#27;[90m# starter.stepdefinitions.userManagement.RegisterStepsDefinition.userWantsToRegister(net.serenitybdd.screenplay.Actor)&amp#27;[0m
  &amp#27;[32mWhen &amp#27;[0m&amp#27;[32m&amp#27;[0m&amp#27;[32m&amp#27;[1mUser&amp#27;[0m&amp#27;[32m enters &amp#27;[0m&amp#27;[32m&amp#27;[1m"user@user.com"&amp#27;[0m&amp#27;[32m &amp#27;[0m&amp#27;[32m&amp#27;[1m"P@assword"&amp#27;[0m&amp#27;[32m &amp#27;[0m&amp#27;[32m&amp#27;[1m"password"&amp#27;[0m&amp#27;[32m &amp#27;[0m&amp#27;[32m&amp#27;[1m"User name"&amp#27;[0m&amp#27;[32m &amp#27;[0m&amp#27;[32m&amp#27;[1m"User surname"&amp#27;[0m&amp#27;[32m &amp#27;[0m&amp#27;[32m&amp#27;[1m"070123456"&amp#27;[0m&amp#27;[32m &amp#27;[0m&amp#27;[32m&amp#27;[1m"User address"&amp#27;[0m &amp#27;[90m# starter.stepdefinitions.userManagement.RegisterStepsDefinition.userEntersData(net.serenitybdd.screenplay.Actor,java.lang.String,java.lang.String,java.lang.String,java.lang.String,java.lang.String,java.lang.String,java.lang.String)&amp#27;[0m
  &amp#27;[32mThen &amp#27;[0m&amp#27;[32m&amp#27;[0m&amp#27;[32m&amp#27;[1mUser&amp#27;[0m&amp#27;[32m should see message that passwords do not match&amp#27;[0m                                                      &amp#27;[90m# starter.stepdefinitions.userManagement.RegisterStepsDefinition.displayPasswordsDoNotMatch(net.serenitybdd.screenplay.Actor)&amp#27;[0m
]]></system-out>
    <system-err><![CDATA[Starting ChromeDriver 93.0.4577.63 (ff5c0da2ec0adeaed5550e6c7e98417dac77d98a-refs/branch-heads/4577@{#1135}) on port 33344
Only local connections are allowed.
Please see https://chromedriver.chromium.org/security-considerations for suggestions on keeping ChromeDriver safe.
ChromeDriver was started successfully.
Sep 15, 2021 8:50:14 PM org.openqa.selenium.remote.ProtocolHandshake createSession
INFO: Detected dialect: W3C
]]></system-err>
  </testcase>
  <testcase name="User registers where email address already exists" classname="Register user" time="3.739">
    <system-out><![CDATA[
Scenario: User registers where email address already exists                                                        &amp#27;[90m# src/test/resources/features/userManagement/013register.feature:13&amp#27;[0m
  &amp#27;[32mGiven &amp#27;[0m&amp#27;[32m&amp#27;[0m&amp#27;[32m&amp#27;[1mUser&amp#27;[0m&amp#27;[32m wants to register to web app&amp#27;[0m                                                                          &amp#27;[90m# starter.stepdefinitions.userManagement.RegisterStepsDefinition.userWantsToRegister(net.serenitybdd.screenplay.Actor)&amp#27;[0m
  &amp#27;[32mWhen &amp#27;[0m&amp#27;[32m&amp#27;[0m&amp#27;[32m&amp#27;[1mUser&amp#27;[0m&amp#27;[32m enters &amp#27;[0m&amp#27;[32m&amp#27;[1m"admin@admin.com"&amp#27;[0m&amp#27;[32m &amp#27;[0m&amp#27;[32m&amp#27;[1m"P@assword"&amp#27;[0m&amp#27;[32m &amp#27;[0m&amp#27;[32m&amp#27;[1m"P@assword"&amp#27;[0m&amp#27;[32m &amp#27;[0m&amp#27;[32m&amp#27;[1m"User name"&amp#27;[0m&amp#27;[32m &amp#27;[0m&amp#27;[32m&amp#27;[1m"User surname"&amp#27;[0m&amp#27;[32m &amp#27;[0m&amp#27;[32m&amp#27;[1m"070123456"&amp#27;[0m&amp#27;[32m &amp#27;[0m&amp#27;[32m&amp#27;[1m"User address"&amp#27;[0m &amp#27;[90m# starter.stepdefinitions.userManagement.RegisterStepsDefinition.userEntersData(net.serenitybdd.screenplay.Actor,java.lang.String,java.lang.String,java.lang.String,java.lang.String,java.lang.String,java.lang.String,java.lang.String)&amp#27;[0m
  &amp#27;[32mThen &amp#27;[0m&amp#27;[32m&amp#27;[0m&amp#27;[32m&amp#27;[1mUser&amp#27;[0m&amp#27;[32m should see message that username already exists&amp#27;[0m                                                        &amp#27;[90m# starter.stepdefinitions.userManagement.RegisterStepsDefinition.displayUsernameAlreadyExists(net.serenitybdd.screenplay.Actor)&amp#27;[0m
]]></system-out>
    <system-err><![CDATA[Starting ChromeDriver 93.0.4577.63 (ff5c0da2ec0adeaed5550e6c7e98417dac77d98a-refs/branch-heads/4577@{#1135}) on port 43836
Only local connections are allowed.
Please see https://chromedriver.chromium.org/security-considerations for suggestions on keeping ChromeDriver safe.
ChromeDriver was started successfully.
Sep 15, 2021 8:50:18 PM org.openqa.selenium.remote.ProtocolHandshake createSession
INFO: Detected dialect: W3C
]]></system-err>
  </testcase>
  <testcase name="User registers with empty username" classname="Register user" time="3.42">
    <system-out><![CDATA[
Scenario: User registers with empty username                                                        &amp#27;[90m# src/test/resources/features/userManagement/013register.feature:18&amp#27;[0m
  &amp#27;[32mGiven &amp#27;[0m&amp#27;[32m&amp#27;[0m&amp#27;[32m&amp#27;[1mUser&amp#27;[0m&amp#27;[32m wants to register to web app&amp#27;[0m                                                           &amp#27;[90m# starter.stepdefinitions.userManagement.RegisterStepsDefinition.userWantsToRegister(net.serenitybdd.screenplay.Actor)&amp#27;[0m
  &amp#27;[32mWhen &amp#27;[0m&amp#27;[32m&amp#27;[0m&amp#27;[32m&amp#27;[1mUser&amp#27;[0m&amp#27;[32m enters &amp#27;[0m&amp#27;[32m&amp#27;[1m""&amp#27;[0m&amp#27;[32m &amp#27;[0m&amp#27;[32m&amp#27;[1m"P@assword"&amp#27;[0m&amp#27;[32m &amp#27;[0m&amp#27;[32m&amp#27;[1m"P@assword"&amp#27;[0m&amp#27;[32m &amp#27;[0m&amp#27;[32m&amp#27;[1m"User name"&amp#27;[0m&amp#27;[32m &amp#27;[0m&amp#27;[32m&amp#27;[1m"User surname"&amp#27;[0m&amp#27;[32m &amp#27;[0m&amp#27;[32m&amp#27;[1m"070123456"&amp#27;[0m&amp#27;[32m &amp#27;[0m&amp#27;[32m&amp#27;[1m"User address"&amp#27;[0m &amp#27;[90m# starter.stepdefinitions.userManagement.RegisterStepsDefinition.userEntersData(net.serenitybdd.screenplay.Actor,java.lang.String,java.lang.String,java.lang.String,java.lang.String,java.lang.String,java.lang.String,java.lang.String)&amp#27;[0m
  &amp#27;[32mThen &amp#27;[0m&amp#27;[32m&amp#27;[0m&amp#27;[32m&amp#27;[1mUser&amp#27;[0m&amp#27;[32m should see empty email message&amp#27;[0m                                                          &amp#27;[90m# starter.stepdefinitions.userManagement.RegisterStepsDefinition.displayEmptyEmail(net.serenitybdd.screenplay.Actor)&amp#27;[0m
]]></system-out>
    <system-err><![CDATA[Starting ChromeDriver 93.0.4577.63 (ff5c0da2ec0adeaed5550e6c7e98417dac77d98a-refs/branch-heads/4577@{#1135}) on port 1403
Only local connections are allowed.
Please see https://chromedriver.chromium.org/security-considerations for suggestions on keeping ChromeDriver safe.
ChromeDriver was started successfully.
Sep 15, 2021 8:50:21 PM org.openqa.selenium.remote.ProtocolHandshake createSession
INFO: Detected dialect: W3C
]]></system-err>
  </testcase>
  <testcase name="User registers with empty password" classname="Register user" time="3.491">
    <system-out><![CDATA[
Scenario: User registers with empty password                                                            &amp#27;[90m# src/test/resources/features/userManagement/013register.feature:23&amp#27;[0m
  &amp#27;[32mGiven &amp#27;[0m&amp#27;[32m&amp#27;[0m&amp#27;[32m&amp#27;[1mUser&amp#27;[0m&amp#27;[32m wants to register to web app&amp#27;[0m                                                               &amp#27;[90m# starter.stepdefinitions.userManagement.RegisterStepsDefinition.userWantsToRegister(net.serenitybdd.screenplay.Actor)&amp#27;[0m
  &amp#27;[32mWhen &amp#27;[0m&amp#27;[32m&amp#27;[0m&amp#27;[32m&amp#27;[1mUser&amp#27;[0m&amp#27;[32m enters &amp#27;[0m&amp#27;[32m&amp#27;[1m"user@user.com"&amp#27;[0m&amp#27;[32m &amp#27;[0m&amp#27;[32m&amp#27;[1m""&amp#27;[0m&amp#27;[32m &amp#27;[0m&amp#27;[32m&amp#27;[1m"P@assword"&amp#27;[0m&amp#27;[32m &amp#27;[0m&amp#27;[32m&amp#27;[1m"User name"&amp#27;[0m&amp#27;[32m &amp#27;[0m&amp#27;[32m&amp#27;[1m"User surname"&amp#27;[0m&amp#27;[32m &amp#27;[0m&amp#27;[32m&amp#27;[1m"070123456"&amp#27;[0m&amp#27;[32m &amp#27;[0m&amp#27;[32m&amp#27;[1m"User address"&amp#27;[0m &amp#27;[90m# starter.stepdefinitions.userManagement.RegisterStepsDefinition.userEntersData(net.serenitybdd.screenplay.Actor,java.lang.String,java.lang.String,java.lang.String,java.lang.String,java.lang.String,java.lang.String,java.lang.String)&amp#27;[0m
  &amp#27;[32mThen &amp#27;[0m&amp#27;[32m&amp#27;[0m&amp#27;[32m&amp#27;[1mUser&amp#27;[0m&amp#27;[32m should see empty password1 message&amp#27;[0m                                                          &amp#27;[90m# starter.stepdefinitions.userManagement.RegisterStepsDefinition.displayEmptyPassword1(net.serenitybdd.screenplay.Actor)&amp#27;[0m
]]></system-out>
    <system-err><![CDATA[Starting ChromeDriver 93.0.4577.63 (ff5c0da2ec0adeaed5550e6c7e98417dac77d98a-refs/branch-heads/4577@{#1135}) on port 37979
Only local connections are allowed.
Please see https://chromedriver.chromium.org/security-considerations for suggestions on keeping ChromeDriver safe.
ChromeDriver was started successfully.
Sep 15, 2021 8:50:25 PM org.openqa.selenium.remote.ProtocolHandshake createSession
INFO: Detected dialect: W3C
]]></system-err>
  </testcase>
  <testcase name="User registers with empty repeatedPassword" classname="Register user" time="3.519">
    <system-out><![CDATA[
Scenario: User registers with empty repeatedPassword                                                    &amp#27;[90m# src/test/resources/features/userManagement/013register.feature:28&amp#27;[0m
  &amp#27;[32mGiven &amp#27;[0m&amp#27;[32m&amp#27;[0m&amp#27;[32m&amp#27;[1mUser&amp#27;[0m&amp#27;[32m wants to register to web app&amp#27;[0m                                                               &amp#27;[90m# starter.stepdefinitions.userManagement.RegisterStepsDefinition.userWantsToRegister(net.serenitybdd.screenplay.Actor)&amp#27;[0m
  &amp#27;[32mWhen &amp#27;[0m&amp#27;[32m&amp#27;[0m&amp#27;[32m&amp#27;[1mUser&amp#27;[0m&amp#27;[32m enters &amp#27;[0m&amp#27;[32m&amp#27;[1m"user@user.com"&amp#27;[0m&amp#27;[32m &amp#27;[0m&amp#27;[32m&amp#27;[1m"P@assword"&amp#27;[0m&amp#27;[32m &amp#27;[0m&amp#27;[32m&amp#27;[1m""&amp#27;[0m&amp#27;[32m &amp#27;[0m&amp#27;[32m&amp#27;[1m"User name"&amp#27;[0m&amp#27;[32m &amp#27;[0m&amp#27;[32m&amp#27;[1m"User surname"&amp#27;[0m&amp#27;[32m &amp#27;[0m&amp#27;[32m&amp#27;[1m"070123456"&amp#27;[0m&amp#27;[32m &amp#27;[0m&amp#27;[32m&amp#27;[1m"User address"&amp#27;[0m &amp#27;[90m# starter.stepdefinitions.userManagement.RegisterStepsDefinition.userEntersData(net.serenitybdd.screenplay.Actor,java.lang.String,java.lang.String,java.lang.String,java.lang.String,java.lang.String,java.lang.String,java.lang.String)&amp#27;[0m
  &amp#27;[32mThen &amp#27;[0m&amp#27;[32m&amp#27;[0m&amp#27;[32m&amp#27;[1mUser&amp#27;[0m&amp#27;[32m should see empty repeatedPassword message&amp#27;[0m                                                   &amp#27;[90m# starter.stepdefinitions.userManagement.RegisterStepsDefinition.displayEmptyRepeatedPassword(net.serenitybdd.screenplay.Actor)&amp#27;[0m
]]></system-out>
    <system-err><![CDATA[Starting ChromeDriver 93.0.4577.63 (ff5c0da2ec0adeaed5550e6c7e98417dac77d98a-refs/branch-heads/4577@{#1135}) on port 18365
Only local connections are allowed.
Please see https://chromedriver.chromium.org/security-considerations for suggestions on keeping ChromeDriver safe.
ChromeDriver was started successfully.
Sep 15, 2021 8:50:28 PM org.openqa.selenium.remote.ProtocolHandshake createSession
INFO: Detected dialect: W3C
]]></system-err>
  </testcase>
  <testcase name="User registers with empty name" classname="Register user" time="3.482">
    <system-out><![CDATA[
Scenario: User registers with empty name                                                                &amp#27;[90m# src/test/resources/features/userManagement/013register.feature:33&amp#27;[0m
  &amp#27;[32mGiven &amp#27;[0m&amp#27;[32m&amp#27;[0m&amp#27;[32m&amp#27;[1mUser&amp#27;[0m&amp#27;[32m wants to register to web app&amp#27;[0m                                                               &amp#27;[90m# starter.stepdefinitions.userManagement.RegisterStepsDefinition.userWantsToRegister(net.serenitybdd.screenplay.Actor)&amp#27;[0m
  &amp#27;[32mWhen &amp#27;[0m&amp#27;[32m&amp#27;[0m&amp#27;[32m&amp#27;[1mUser&amp#27;[0m&amp#27;[32m enters &amp#27;[0m&amp#27;[32m&amp#27;[1m"user@user.com"&amp#27;[0m&amp#27;[32m &amp#27;[0m&amp#27;[32m&amp#27;[1m"P@assword"&amp#27;[0m&amp#27;[32m &amp#27;[0m&amp#27;[32m&amp#27;[1m"P@assword"&amp#27;[0m&amp#27;[32m &amp#27;[0m&amp#27;[32m&amp#27;[1m""&amp#27;[0m&amp#27;[32m &amp#27;[0m&amp#27;[32m&amp#27;[1m"User surname"&amp#27;[0m&amp#27;[32m &amp#27;[0m&amp#27;[32m&amp#27;[1m"070123456"&amp#27;[0m&amp#27;[32m &amp#27;[0m&amp#27;[32m&amp#27;[1m"User address"&amp#27;[0m &amp#27;[90m# starter.stepdefinitions.userManagement.RegisterStepsDefinition.userEntersData(net.serenitybdd.screenplay.Actor,java.lang.String,java.lang.String,java.lang.String,java.lang.String,java.lang.String,java.lang.String,java.lang.String)&amp#27;[0m
  &amp#27;[32mThen &amp#27;[0m&amp#27;[32m&amp#27;[0m&amp#27;[32m&amp#27;[1mUser&amp#27;[0m&amp#27;[32m should see empty name message&amp#27;[0m                                                               &amp#27;[90m# starter.stepdefinitions.userManagement.RegisterStepsDefinition.displayEmptyName(net.serenitybdd.screenplay.Actor)&amp#27;[0m
]]></system-out>
    <system-err><![CDATA[Starting ChromeDriver 93.0.4577.63 (ff5c0da2ec0adeaed5550e6c7e98417dac77d98a-refs/branch-heads/4577@{#1135}) on port 18028
Only local connections are allowed.
Please see https://chromedriver.chromium.org/security-considerations for suggestions on keeping ChromeDriver safe.
ChromeDriver was started successfully.
Sep 15, 2021 8:50:32 PM org.openqa.selenium.remote.ProtocolHandshake createSession
INFO: Detected dialect: W3C
]]></system-err>
  </testcase>
  <testcase name="User registers with empty surname" classname="Register user" time="3.494">
    <system-out><![CDATA[
Scenario: User registers with empty surname                                                          &amp#27;[90m# src/test/resources/features/userManagement/013register.feature:38&amp#27;[0m
  &amp#27;[32mGiven &amp#27;[0m&amp#27;[32m&amp#27;[0m&amp#27;[32m&amp#27;[1mUser&amp#27;[0m&amp#27;[32m wants to register to web app&amp#27;[0m                                                            &amp#27;[90m# starter.stepdefinitions.userManagement.RegisterStepsDefinition.userWantsToRegister(net.serenitybdd.screenplay.Actor)&amp#27;[0m
  &amp#27;[32mWhen &amp#27;[0m&amp#27;[32m&amp#27;[0m&amp#27;[32m&amp#27;[1mUser&amp#27;[0m&amp#27;[32m enters &amp#27;[0m&amp#27;[32m&amp#27;[1m"user@user.com"&amp#27;[0m&amp#27;[32m &amp#27;[0m&amp#27;[32m&amp#27;[1m"P@assword"&amp#27;[0m&amp#27;[32m &amp#27;[0m&amp#27;[32m&amp#27;[1m"P@assword"&amp#27;[0m&amp#27;[32m &amp#27;[0m&amp#27;[32m&amp#27;[1m"User name"&amp#27;[0m&amp#27;[32m &amp#27;[0m&amp#27;[32m&amp#27;[1m""&amp#27;[0m&amp#27;[32m &amp#27;[0m&amp#27;[32m&amp#27;[1m"070123456"&amp#27;[0m&amp#27;[32m &amp#27;[0m&amp#27;[32m&amp#27;[1m"User address"&amp#27;[0m &amp#27;[90m# starter.stepdefinitions.userManagement.RegisterStepsDefinition.userEntersData(net.serenitybdd.screenplay.Actor,java.lang.String,java.lang.String,java.lang.String,java.lang.String,java.lang.String,java.lang.String,java.lang.String)&amp#27;[0m
  &amp#27;[32mThen &amp#27;[0m&amp#27;[32m&amp#27;[0m&amp#27;[32m&amp#27;[1mUser&amp#27;[0m&amp#27;[32m should see empty surname message&amp#27;[0m                                                         &amp#27;[90m# starter.stepdefinitions.userManagement.RegisterStepsDefinition.displayEmptySurname(net.serenitybdd.screenplay.Actor)&amp#27;[0m
]]></system-out>
    <system-err><![CDATA[Starting ChromeDriver 93.0.4577.63 (ff5c0da2ec0adeaed5550e6c7e98417dac77d98a-refs/branch-heads/4577@{#1135}) on port 31190
Only local connections are allowed.
Please see https://chromedriver.chromium.org/security-considerations for suggestions on keeping ChromeDriver safe.
ChromeDriver was started successfully.
Sep 15, 2021 8:50:35 PM org.openqa.selenium.remote.ProtocolHandshake createSession
INFO: Detected dialect: W3C
]]></system-err>
  </testcase>
  <testcase name="User registers with empty phoneNumber" classname="Register user" time="3.496">
    <system-out><![CDATA[
Scenario: User registers with empty phoneNumber                                                         &amp#27;[90m# src/test/resources/features/userManagement/013register.feature:43&amp#27;[0m
  &amp#27;[32mGiven &amp#27;[0m&amp#27;[32m&amp#27;[0m&amp#27;[32m&amp#27;[1mUser&amp#27;[0m&amp#27;[32m wants to register to web app&amp#27;[0m                                                               &amp#27;[90m# starter.stepdefinitions.userManagement.RegisterStepsDefinition.userWantsToRegister(net.serenitybdd.screenplay.Actor)&amp#27;[0m
  &amp#27;[32mWhen &amp#27;[0m&amp#27;[32m&amp#27;[0m&amp#27;[32m&amp#27;[1mUser&amp#27;[0m&amp#27;[32m enters &amp#27;[0m&amp#27;[32m&amp#27;[1m"user@user.com"&amp#27;[0m&amp#27;[32m &amp#27;[0m&amp#27;[32m&amp#27;[1m"P@assword"&amp#27;[0m&amp#27;[32m &amp#27;[0m&amp#27;[32m&amp#27;[1m"P@assword"&amp#27;[0m&amp#27;[32m &amp#27;[0m&amp#27;[32m&amp#27;[1m"User name"&amp#27;[0m&amp#27;[32m &amp#27;[0m&amp#27;[32m&amp#27;[1m"User surname"&amp#27;[0m&amp#27;[32m &amp#27;[0m&amp#27;[32m&amp#27;[1m""&amp#27;[0m&amp#27;[32m &amp#27;[0m&amp#27;[32m&amp#27;[1m"User address"&amp#27;[0m &amp#27;[90m# starter.stepdefinitions.userManagement.RegisterStepsDefinition.userEntersData(net.serenitybdd.screenplay.Actor,java.lang.String,java.lang.String,java.lang.String,java.lang.String,java.lang.String,java.lang.String,java.lang.String)&amp#27;[0m
  &amp#27;[32mThen &amp#27;[0m&amp#27;[32m&amp#27;[0m&amp#27;[32m&amp#27;[1mUser&amp#27;[0m&amp#27;[32m should see empty phoneNumber message&amp#27;[0m                                                        &amp#27;[90m# starter.stepdefinitions.userManagement.RegisterStepsDefinition.displayEmptyPhoneNumber(net.serenitybdd.screenplay.Actor)&amp#27;[0m
]]></system-out>
    <system-err><![CDATA[Starting ChromeDriver 93.0.4577.63 (ff5c0da2ec0adeaed5550e6c7e98417dac77d98a-refs/branch-heads/4577@{#1135}) on port 21780
Only local connections are allowed.
Please see https://chromedriver.chromium.org/security-considerations for suggestions on keeping ChromeDriver safe.
ChromeDriver was started successfully.
Sep 15, 2021 8:50:39 PM org.openqa.selenium.remote.ProtocolHandshake createSession
INFO: Detected dialect: W3C
]]></system-err>
  </testcase>
  <testcase name="User registers with empty address" classname="Register user" time="3.488">
    <system-out><![CDATA[
Scenario: User registers with empty address                                                          &amp#27;[90m# src/test/resources/features/userManagement/013register.feature:48&amp#27;[0m
  &amp#27;[32mGiven &amp#27;[0m&amp#27;[32m&amp#27;[0m&amp#27;[32m&amp#27;[1mUser&amp#27;[0m&amp#27;[32m wants to register to web app&amp#27;[0m                                                            &amp#27;[90m# starter.stepdefinitions.userManagement.RegisterStepsDefinition.userWantsToRegister(net.serenitybdd.screenplay.Actor)&amp#27;[0m
  &amp#27;[32mWhen &amp#27;[0m&amp#27;[32m&amp#27;[0m&amp#27;[32m&amp#27;[1mUser&amp#27;[0m&amp#27;[32m enters &amp#27;[0m&amp#27;[32m&amp#27;[1m"user@user.com"&amp#27;[0m&amp#27;[32m &amp#27;[0m&amp#27;[32m&amp#27;[1m"P@assword"&amp#27;[0m&amp#27;[32m &amp#27;[0m&amp#27;[32m&amp#27;[1m"P@assword"&amp#27;[0m&amp#27;[32m &amp#27;[0m&amp#27;[32m&amp#27;[1m"User name"&amp#27;[0m&amp#27;[32m &amp#27;[0m&amp#27;[32m&amp#27;[1m"User surname"&amp#27;[0m&amp#27;[32m &amp#27;[0m&amp#27;[32m&amp#27;[1m"070123456"&amp#27;[0m&amp#27;[32m &amp#27;[0m&amp#27;[32m&amp#27;[1m""&amp#27;[0m &amp#27;[90m# starter.stepdefinitions.userManagement.RegisterStepsDefinition.userEntersData(net.serenitybdd.screenplay.Actor,java.lang.String,java.lang.String,java.lang.String,java.lang.String,java.lang.String,java.lang.String,java.lang.String)&amp#27;[0m
  &amp#27;[32mThen &amp#27;[0m&amp#27;[32m&amp#27;[0m&amp#27;[32m&amp#27;[1mUser&amp#27;[0m&amp#27;[32m should see empty address message&amp#27;[0m                                                         &amp#27;[90m# starter.stepdefinitions.userManagement.RegisterStepsDefinition.displayEmptyAddress(net.serenitybdd.screenplay.Actor)&amp#27;[0m
]]></system-out>
    <system-err><![CDATA[Starting ChromeDriver 93.0.4577.63 (ff5c0da2ec0adeaed5550e6c7e98417dac77d98a-refs/branch-heads/4577@{#1135}) on port 45179
Only local connections are allowed.
Please see https://chromedriver.chromium.org/security-considerations for suggestions on keeping ChromeDriver safe.
ChromeDriver was started successfully.
Sep 15, 2021 8:50:42 PM org.openqa.selenium.remote.ProtocolHandshake createSession
INFO: Detected dialect: W3C
]]></system-err>
  </testcase>
</testsuite>